
 Performance counter stats for 'mpirun -n 2 ./mandelbrot_ompi_noio -0.188 -0.012 0.554 0.754 4096' (15 runs):

          38732.71 msec task-clock:u              #    1.984 CPUs utilized            ( +-  0.05% )
                 0      context-switches:u        #    0.000 K/sec                  
                 0      cpu-migrations:u          #    0.000 K/sec                  
            219070      page-faults:u             #    0.006 M/sec                    ( +-  0.00% )
      163055116597      cycles:u                  #    4.210 GHz                      ( +-  0.03% )  (83.33%)
          25580859      stalled-cycles-frontend:u #    0.02% frontend cycles idle     ( +-  4.15% )  (83.34%)
      111491523265      stalled-cycles-backend:u  #   68.38% backend cycles idle      ( +-  0.05% )  (83.34%)
      317180491831      instructions:u            #    1.95  insn per cycle         
                                                  #    0.35  stalled cycles per insn  ( +-  0.03% )  (83.33%)
       56962639091      branches:u                # 1470.660 M/sec                    ( +-  0.03% )  (83.33%)
          17375254      branch-misses:u           #    0.03% of all branches          ( +-  0.09% )  (83.33%)

           19.5227 +- 0.0136 seconds time elapsed  ( +-  0.07% )


 Performance counter stats for 'mpirun -n 3 ./mandelbrot_ompi_noio -0.188 -0.012 0.554 0.754 4096' (15 runs):

          31974.08 msec task-clock:u              #    2.945 CPUs utilized            ( +-  0.21% )
                 0      context-switches:u        #    0.000 K/sec                  
                 0      cpu-migrations:u          #    0.000 K/sec                  
            220228      page-faults:u             #    0.007 M/sec                    ( +-  0.00% )
      133211699129      cycles:u                  #    4.166 GHz                      ( +-  0.08% )  (83.32%)
          25718759      stalled-cycles-frontend:u #    0.02% frontend cycles idle     ( +-  2.02% )  (83.34%)
       96623076597      stalled-cycles-backend:u  #   72.53% backend cycles idle      ( +-  0.08% )  (83.34%)
      233443507197      instructions:u            #    1.75  insn per cycle         
                                                  #    0.41  stalled cycles per insn  ( +-  0.06% )  (83.34%)
       38595709641      branches:u                # 1207.094 M/sec                    ( +-  0.07% )  (83.33%)
          17583831      branch-misses:u           #    0.05% of all branches          ( +-  0.10% )  (83.33%)

           10.8583 +- 0.0242 seconds time elapsed  ( +-  0.22% )


 Performance counter stats for 'mpirun -n 4 ./mandelbrot_ompi_noio -0.188 -0.012 0.554 0.754 4096' (15 runs):

          30101.44 msec task-clock:u              #    3.890 CPUs utilized            ( +-  0.17% )
                 0      context-switches:u        #    0.000 K/sec                  
                 0      cpu-migrations:u          #    0.000 K/sec                  
            221376      page-faults:u             #    0.007 M/sec                    ( +-  0.00% )
      123856714052      cycles:u                  #    4.115 GHz                      ( +-  0.08% )  (83.32%)
          42985893      stalled-cycles-frontend:u #    0.03% frontend cycles idle     ( +- 19.99% )  (83.33%)
       91876176151      stalled-cycles-backend:u  #   74.18% backend cycles idle      ( +-  0.09% )  (83.33%)
      206920193105      instructions:u            #    1.67  insn per cycle         
                                                  #    0.44  stalled cycles per insn  ( +-  0.13% )  (83.34%)
       32779156568      branches:u                # 1088.956 M/sec                    ( +-  0.18% )  (83.34%)
          17819920      branch-misses:u           #    0.05% of all branches          ( +-  0.10% )  (83.33%)

            7.7377 +- 0.0159 seconds time elapsed  ( +-  0.21% )


 Performance counter stats for 'mpirun -n 5 ./mandelbrot_ompi_noio -0.188 -0.012 0.554 0.754 4096' (15 runs):

          29077.53 msec task-clock:u              #    4.820 CPUs utilized            ( +-  0.19% )
                 0      context-switches:u        #    0.000 K/sec                  
                 0      cpu-migrations:u          #    0.000 K/sec                  
            222536      page-faults:u             #    0.008 M/sec                    ( +-  0.00% )
      118795168859      cycles:u                  #    4.085 GHz                      ( +-  0.15% )  (83.32%)
          32527900      stalled-cycles-frontend:u #    0.03% frontend cycles idle     ( +-  4.85% )  (83.33%)
       89353759446      stalled-cycles-backend:u  #   75.22% backend cycles idle      ( +-  0.28% )  (83.34%)
      191831527799      instructions:u            #    1.61  insn per cycle         
                                                  #    0.47  stalled cycles per insn  ( +-  0.38% )  (83.35%)
       29465030517      branches:u                # 1013.326 M/sec                    ( +-  0.54% )  (83.34%)
          18040903      branch-misses:u           #    0.06% of all branches          ( +-  0.09% )  (83.32%)

            6.0324 +- 0.0148 seconds time elapsed  ( +-  0.25% )


 Performance counter stats for 'mpirun -n 6 ./mandelbrot_ompi_noio -0.188 -0.012 0.554 0.754 4096' (15 runs):

          28782.57 msec task-clock:u              #    5.727 CPUs utilized            ( +-  0.17% )
                 0      context-switches:u        #    0.000 K/sec                  
                 0      cpu-migrations:u          #    0.000 K/sec                  
            223705      page-faults:u             #    0.008 M/sec                    ( +-  0.00% )
      116534793240      cycles:u                  #    4.049 GHz                      ( +-  0.13% )  (83.33%)
          45573702      stalled-cycles-frontend:u #    0.04% frontend cycles idle     ( +- 14.52% )  (83.34%)
       88073754564      stalled-cycles-backend:u  #   75.58% backend cycles idle      ( +-  0.15% )  (83.34%)
      186014608915      instructions:u            #    1.60  insn per cycle         
                                                  #    0.47  stalled cycles per insn  ( +-  0.19% )  (83.34%)
       28195864158      branches:u                #  979.616 M/sec                    ( +-  0.28% )  (83.33%)
          18275049      branch-misses:u           #    0.06% of all branches          ( +-  0.25% )  (83.32%)

            5.0257 +- 0.0161 seconds time elapsed  ( +-  0.32% )


 Performance counter stats for 'mpirun -n 2 ./mandelbrot_ompi_noio -0.188 -0.012 0.554 0.754 4096' (15 runs):

          38811.61 msec task-clock:u              #    1.984 CPUs utilized            ( +-  0.07% )
                 0      context-switches:u        #    0.000 K/sec                  
                 0      cpu-migrations:u          #    0.000 K/sec                  
            219072      page-faults:u             #    0.006 M/sec                    ( +-  0.00% )
      163128416827      cycles:u                  #    4.203 GHz                      ( +-  0.05% )  (83.33%)
          26637547      stalled-cycles-frontend:u #    0.02% frontend cycles idle     ( +-  4.03% )  (83.33%)
      111764786902      stalled-cycles-backend:u  #   68.51% backend cycles idle      ( +-  0.17% )  (83.34%)
      316069667928      instructions:u            #    1.94  insn per cycle         
                                                  #    0.35  stalled cycles per insn  ( +-  0.36% )  (83.33%)
       56720166533      branches:u                # 1461.423 M/sec                    ( +-  0.44% )  (83.33%)
          17404110      branch-misses:u           #    0.03% of all branches          ( +-  0.08% )  (83.33%)

           19.5621 +- 0.0214 seconds time elapsed  ( +-  0.11% )


 Performance counter stats for 'mpirun -n 3 ./mandelbrot_ompi_noio -0.188 -0.012 0.554 0.754 4096' (15 runs):

          32003.34 msec task-clock:u              #    2.944 CPUs utilized            ( +-  0.17% )
                 0      context-switches:u        #    0.000 K/sec                  
                 0      cpu-migrations:u          #    0.000 K/sec                  
            220229      page-faults:u             #    0.007 M/sec                    ( +-  0.00% )
      133284044093      cycles:u                  #    4.165 GHz                      ( +-  0.06% )  (83.33%)
          28487490      stalled-cycles-frontend:u #    0.02% frontend cycles idle     ( +-  6.71% )  (83.34%)
       96762272748      stalled-cycles-backend:u  #   72.60% backend cycles idle      ( +-  0.12% )  (83.34%)
      233102893583      instructions:u            #    1.75  insn per cycle         
                                                  #    0.42  stalled cycles per insn  ( +-  0.20% )  (83.33%)
       38520290693      branches:u                # 1203.633 M/sec                    ( +-  0.26% )  (83.33%)
          17594181      branch-misses:u           #    0.05% of all branches          ( +-  0.11% )  (83.33%)

           10.8716 +- 0.0217 seconds time elapsed  ( +-  0.20% )


 Performance counter stats for 'mpirun -n 4 ./mandelbrot_ompi_noio -0.188 -0.012 0.554 0.754 4096' (15 runs):

          30060.04 msec task-clock:u              #    3.894 CPUs utilized            ( +-  0.24% )
                 0      context-switches:u        #    0.000 K/sec                  
                 0      cpu-migrations:u          #    0.000 K/sec                  
            221377      page-faults:u             #    0.007 M/sec                    ( +-  0.00% )
      123990256980      cycles:u                  #    4.125 GHz                      ( +-  0.13% )  (83.33%)
          28838216      stalled-cycles-frontend:u #    0.02% frontend cycles idle     ( +-  2.61% )  (83.33%)
       91970904252      stalled-cycles-backend:u  #   74.18% backend cycles idle      ( +-  0.13% )  (83.34%)
      207316076216      instructions:u            #    1.67  insn per cycle         
                                                  #    0.44  stalled cycles per insn  ( +-  0.15% )  (83.34%)
       32861999139      branches:u                # 1093.212 M/sec                    ( +-  0.21% )  (83.34%)
          17794003      branch-misses:u           #    0.05% of all branches          ( +-  0.18% )  (83.33%)

            7.7204 +- 0.0239 seconds time elapsed  ( +-  0.31% )


 Performance counter stats for 'mpirun -n 5 ./mandelbrot_ompi_noio -0.188 -0.012 0.554 0.754 4096' (15 runs):

          29013.30 msec task-clock:u              #    4.825 CPUs utilized            ( +-  0.19% )
                 0      context-switches:u        #    0.000 K/sec                  
                 0      cpu-migrations:u          #    0.000 K/sec                  
            222535      page-faults:u             #    0.008 M/sec                    ( +-  0.00% )
      118504491157      cycles:u                  #    4.084 GHz                      ( +-  0.11% )  (83.33%)
          32232317      stalled-cycles-frontend:u #    0.03% frontend cycles idle     ( +-  2.80% )  (83.33%)
       89057880127      stalled-cycles-backend:u  #   75.15% backend cycles idle      ( +-  0.08% )  (83.34%)
      191937624368      instructions:u            #    1.62  insn per cycle         
                                                  #    0.46  stalled cycles per insn  ( +-  0.14% )  (83.35%)
       29494454047      branches:u                # 1016.584 M/sec                    ( +-  0.19% )  (83.34%)
          18010125      branch-misses:u           #    0.06% of all branches          ( +-  0.11% )  (83.32%)

            6.0134 +- 0.0143 seconds time elapsed  ( +-  0.24% )


 Performance counter stats for 'mpirun -n 6 ./mandelbrot_ompi_noio -0.188 -0.012 0.554 0.754 4096' (15 runs):

          28778.72 msec task-clock:u              #    5.716 CPUs utilized            ( +-  0.22% )
                 0      context-switches:u        #    0.000 K/sec                  
                 0      cpu-migrations:u          #    0.000 K/sec                  
            223701      page-faults:u             #    0.008 M/sec                    ( +-  0.00% )
      116861516314      cycles:u                  #    4.061 GHz                      ( +-  0.17% )  (83.32%)
          47757187      stalled-cycles-frontend:u #    0.04% frontend cycles idle     ( +- 15.09% )  (83.33%)
       88209764188      stalled-cycles-backend:u  #   75.48% backend cycles idle      ( +-  0.11% )  (83.35%)
      186560637909      instructions:u            #    1.60  insn per cycle         
                                                  #    0.47  stalled cycles per insn  ( +-  0.25% )  (83.35%)
       28313294502      branches:u                #  983.827 M/sec                    ( +-  0.36% )  (83.34%)
          18306708      branch-misses:u           #    0.06% of all branches          ( +-  0.13% )  (83.32%)

            5.0351 +- 0.0166 seconds time elapsed  ( +-  0.33% )


 Performance counter stats for 'mpirun -n 2 ./mandelbrot_ompi_noio -0.188 -0.012 0.554 0.754 4096' (15 runs):

          38776.40 msec task-clock:u              #    1.984 CPUs utilized            ( +-  0.08% )
                 0      context-switches:u        #    0.000 K/sec                  
                 0      cpu-migrations:u          #    0.000 K/sec                  
            219071      page-faults:u             #    0.006 M/sec                    ( +-  0.00% )
      163089740079      cycles:u                  #    4.206 GHz                      ( +-  0.04% )  (83.33%)
          23455397      stalled-cycles-frontend:u #    0.01% frontend cycles idle     ( +-  1.91% )  (83.34%)
      111612599053      stalled-cycles-backend:u  #   68.44% backend cycles idle      ( +-  0.05% )  (83.34%)
      317283362198      instructions:u            #    1.95  insn per cycle         
                                                  #    0.35  stalled cycles per insn  ( +-  0.03% )  (83.33%)
       56983489643      branches:u                # 1469.541 M/sec                    ( +-  0.04% )  (83.33%)
          17393561      branch-misses:u           #    0.03% of all branches          ( +-  0.05% )  (83.33%)

           19.5428 +- 0.0187 seconds time elapsed  ( +-  0.10% )


 Performance counter stats for 'mpirun -n 3 ./mandelbrot_ompi_noio -0.188 -0.012 0.554 0.754 4096' (15 runs):

          31899.74 msec task-clock:u              #    2.945 CPUs utilized            ( +-  0.22% )
                 0      context-switches:u        #    0.000 K/sec                  
                 0      cpu-migrations:u          #    0.000 K/sec                  
            220226      page-faults:u             #    0.007 M/sec                    ( +-  0.00% )
      133079059569      cycles:u                  #    4.172 GHz                      ( +-  0.08% )  (83.33%)
          27009827      stalled-cycles-frontend:u #    0.02% frontend cycles idle     ( +-  2.81% )  (83.34%)
       96564428448      stalled-cycles-backend:u  #   72.56% backend cycles idle      ( +-  0.07% )  (83.33%)
      233226673341      instructions:u            #    1.75  insn per cycle         
                                                  #    0.41  stalled cycles per insn  ( +-  0.06% )  (83.33%)
       38545122841      branches:u                # 1208.321 M/sec                    ( +-  0.08% )  (83.33%)
          17566580      branch-misses:u           #    0.05% of all branches          ( +-  0.10% )  (83.33%)

           10.8322 +- 0.0265 seconds time elapsed  ( +-  0.24% )


 Performance counter stats for 'mpirun -n 4 ./mandelbrot_ompi_noio -0.188 -0.012 0.554 0.754 4096' (15 runs):

          29973.98 msec task-clock:u              #    3.895 CPUs utilized            ( +-  0.26% )
                 0      context-switches:u        #    0.000 K/sec                  
                 0      cpu-migrations:u          #    0.000 K/sec                  
            221374      page-faults:u             #    0.007 M/sec                    ( +-  0.00% )
      123851376775      cycles:u                  #    4.132 GHz                      ( +-  0.11% )  (83.32%)
          39207224      stalled-cycles-frontend:u #    0.03% frontend cycles idle     ( +- 28.27% )  (83.33%)
       92011005412      stalled-cycles-backend:u  #   74.29% backend cycles idle      ( +-  0.19% )  (83.34%)
      206243226822      instructions:u            #    1.67  insn per cycle         
                                                  #    0.45  stalled cycles per insn  ( +-  0.42% )  (83.34%)
       32625918339      branches:u                # 1088.475 M/sec                    ( +-  0.58% )  (83.34%)
          17816540      branch-misses:u           #    0.05% of all branches          ( +-  0.09% )  (83.33%)

            7.6955 +- 0.0266 seconds time elapsed  ( +-  0.35% )


 Performance counter stats for 'mpirun -n 5 ./mandelbrot_ompi_noio -0.188 -0.012 0.554 0.754 4096' (15 runs):

          28966.04 msec task-clock:u              #    4.818 CPUs utilized            ( +-  0.19% )
                 0      context-switches:u        #    0.000 K/sec                  
                 0      cpu-migrations:u          #    0.000 K/sec                  
            222536      page-faults:u             #    0.008 M/sec                    ( +-  0.00% )
      118516858378      cycles:u                  #    4.092 GHz                      ( +-  0.16% )  (83.32%)
          36460796      stalled-cycles-frontend:u #    0.03% frontend cycles idle     ( +- 11.61% )  (83.33%)
       89122469450      stalled-cycles-backend:u  #   75.20% backend cycles idle      ( +-  0.12% )  (83.34%)
      192150103153      instructions:u            #    1.62  insn per cycle         
                                                  #    0.46  stalled cycles per insn  ( +-  0.20% )  (83.34%)
       29540270979      branches:u                # 1019.824 M/sec                    ( +-  0.28% )  (83.34%)
          18022072      branch-misses:u           #    0.06% of all branches          ( +-  0.15% )  (83.32%)

            6.0123 +- 0.0166 seconds time elapsed  ( +-  0.28% )


 Performance counter stats for 'mpirun -n 6 ./mandelbrot_ompi_noio -0.188 -0.012 0.554 0.754 4096' (15 runs):

          28719.63 msec task-clock:u              #    5.726 CPUs utilized            ( +-  0.24% )
                 0      context-switches:u        #    0.000 K/sec                  
                 0      cpu-migrations:u          #    0.000 K/sec                  
            223694      page-faults:u             #    0.008 M/sec                    ( +-  0.00% )
      116793495265      cycles:u                  #    4.067 GHz                      ( +-  0.20% )  (83.33%)
          34042208      stalled-cycles-frontend:u #    0.03% frontend cycles idle     ( +-  2.60% )  (83.35%)
       88342059245      stalled-cycles-backend:u  #   75.64% backend cycles idle      ( +-  0.15% )  (83.34%)
      186615341829      instructions:u            #    1.60  insn per cycle         
                                                  #    0.47  stalled cycles per insn  ( +-  0.27% )  (83.33%)
       28321913067      branches:u                #  986.152 M/sec                    ( +-  0.39% )  (83.33%)
          18251316      branch-misses:u           #    0.06% of all branches          ( +-  0.13% )  (83.32%)

            5.0153 +- 0.0177 seconds time elapsed  ( +-  0.35% )


 Performance counter stats for 'mpirun -n 2 ./mandelbrot_ompi_noio -0.188 -0.012 0.554 0.754 4096' (15 runs):

          38743.58 msec task-clock:u              #    1.983 CPUs utilized            ( +-  0.09% )
                 0      context-switches:u        #    0.000 K/sec                  
                 0      cpu-migrations:u          #    0.000 K/sec                  
            219074      page-faults:u             #    0.006 M/sec                    ( +-  0.00% )
      163063435729      cycles:u                  #    4.209 GHz                      ( +-  0.04% )  (83.33%)
          25881608      stalled-cycles-frontend:u #    0.02% frontend cycles idle     ( +-  2.99% )  (83.33%)
      111945748552      stalled-cycles-backend:u  #   68.65% backend cycles idle      ( +-  0.38% )  (83.33%)
      314909808106      instructions:u            #    1.93  insn per cycle         
                                                  #    0.36  stalled cycles per insn  ( +-  0.73% )  (83.34%)
       56466760196      branches:u                # 1457.448 M/sec                    ( +-  0.90% )  (83.33%)
          17428726      branch-misses:u           #    0.03% of all branches          ( +-  0.08% )  (83.33%)

           19.5356 +- 0.0218 seconds time elapsed  ( +-  0.11% )


 Performance counter stats for 'mpirun -n 3 ./mandelbrot_ompi_noio -0.188 -0.012 0.554 0.754 4096' (15 runs):

          31984.34 msec task-clock:u              #    2.945 CPUs utilized            ( +-  0.13% )
                 0      context-switches:u        #    0.000 K/sec                  
                 0      cpu-migrations:u          #    0.000 K/sec                  
            220231      page-faults:u             #    0.007 M/sec                    ( +-  0.00% )
      133194040313      cycles:u                  #    4.164 GHz                      ( +-  0.05% )  (83.33%)
          41851932      stalled-cycles-frontend:u #    0.03% frontend cycles idle     ( +- 27.61% )  (83.33%)
       96850153151      stalled-cycles-backend:u  #   72.71% backend cycles idle      ( +-  0.17% )  (83.34%)
      232143373627      instructions:u            #    1.74  insn per cycle         
                                                  #    0.42  stalled cycles per insn  ( +-  0.30% )  (83.34%)
       38308778014      branches:u                # 1197.736 M/sec                    ( +-  0.40% )  (83.34%)
          17609571      branch-misses:u           #    0.05% of all branches          ( +-  0.10% )  (83.33%)

           10.8605 +- 0.0141 seconds time elapsed  ( +-  0.13% )


 Performance counter stats for 'mpirun -n 4 ./mandelbrot_ompi_noio -0.188 -0.012 0.554 0.754 4096' (15 runs):

          29970.71 msec task-clock:u              #    3.892 CPUs utilized            ( +-  0.16% )
                 0      context-switches:u        #    0.000 K/sec                  
                 0      cpu-migrations:u          #    0.000 K/sec                  
            221382      page-faults:u             #    0.007 M/sec                    ( +-  0.00% )
      123956571473      cycles:u                  #    4.136 GHz                      ( +-  0.07% )  (83.32%)
          29784981      stalled-cycles-frontend:u #    0.02% frontend cycles idle     ( +-  4.50% )  (83.33%)
       91926770288      stalled-cycles-backend:u  #   74.16% backend cycles idle      ( +-  0.07% )  (83.35%)
      207448284453      instructions:u            #    1.67  insn per cycle         
                                                  #    0.44  stalled cycles per insn  ( +-  0.07% )  (83.34%)
       32897614908      branches:u                # 1097.659 M/sec                    ( +-  0.10% )  (83.33%)
          17785451      branch-misses:u           #    0.05% of all branches          ( +-  0.10% )  (83.32%)

            7.7002 +- 0.0137 seconds time elapsed  ( +-  0.18% )


 Performance counter stats for 'mpirun -n 5 ./mandelbrot_ompi_noio -0.188 -0.012 0.554 0.754 4096' (15 runs):

          28892.67 msec task-clock:u              #    4.839 CPUs utilized            ( +-  0.15% )
                 0      context-switches:u        #    0.000 K/sec                  
                 0      cpu-migrations:u          #    0.000 K/sec                  
            222544      page-faults:u             #    0.008 M/sec                    ( +-  0.00% )
      118365186403      cycles:u                  #    4.097 GHz                      ( +-  0.09% )  (83.32%)
          32202497      stalled-cycles-frontend:u #    0.03% frontend cycles idle     ( +-  4.11% )  (83.33%)
       89018067981      stalled-cycles-backend:u  #   75.21% backend cycles idle      ( +-  0.09% )  (83.34%)
      191812913741      instructions:u            #    1.62  insn per cycle         
                                                  #    0.46  stalled cycles per insn  ( +-  0.10% )  (83.35%)
       29465523809      branches:u                # 1019.827 M/sec                    ( +-  0.14% )  (83.33%)
          18019988      branch-misses:u           #    0.06% of all branches          ( +-  0.11% )  (83.32%)

            5.9711 +- 0.0133 seconds time elapsed  ( +-  0.22% )


 Performance counter stats for 'mpirun -n 6 ./mandelbrot_ompi_noio -0.188 -0.012 0.554 0.754 4096' (15 runs):

          28803.05 msec task-clock:u              #    5.714 CPUs utilized            ( +-  0.17% )
                 0      context-switches:u        #    0.000 K/sec                  
                 0      cpu-migrations:u          #    0.000 K/sec                  
            223701      page-faults:u             #    0.008 M/sec                    ( +-  0.00% )
      116944479716      cycles:u                  #    4.060 GHz                      ( +-  0.16% )  (83.32%)
          33785651      stalled-cycles-frontend:u #    0.03% frontend cycles idle     ( +-  3.84% )  (83.34%)
       88390431042      stalled-cycles-backend:u  #   75.58% backend cycles idle      ( +-  0.13% )  (83.35%)
      187072448851      instructions:u            #    1.60  insn per cycle         
                                                  #    0.47  stalled cycles per insn  ( +-  0.18% )  (83.35%)
       28428984977      branches:u                #  987.013 M/sec                    ( +-  0.27% )  (83.33%)
          18251680      branch-misses:u           #    0.06% of all branches          ( +-  0.13% )  (83.32%)

            5.0407 +- 0.0131 seconds time elapsed  ( +-  0.26% )


 Performance counter stats for 'mpirun -n 2 ./mandelbrot_ompi_noio -0.188 -0.012 0.554 0.754 4096' (15 runs):

          38748.35 msec task-clock:u              #    1.984 CPUs utilized            ( +-  0.05% )
                 0      context-switches:u        #    0.000 K/sec                  
                 0      cpu-migrations:u          #    0.000 K/sec                  
            219073      page-faults:u             #    0.006 M/sec                    ( +-  0.00% )
      163106291840      cycles:u                  #    4.209 GHz                      ( +-  0.03% )  (83.33%)
          22784814      stalled-cycles-frontend:u #    0.01% frontend cycles idle     ( +-  2.02% )  (83.34%)
      111640588741      stalled-cycles-backend:u  #   68.45% backend cycles idle      ( +-  0.05% )  (83.33%)
      317353909043      instructions:u            #    1.95  insn per cycle         
                                                  #    0.35  stalled cycles per insn  ( +-  0.02% )  (83.33%)
       56998154060      branches:u                # 1470.983 M/sec                    ( +-  0.02% )  (83.33%)
          17370194      branch-misses:u           #    0.03% of all branches          ( +-  0.08% )  (83.33%)

           19.5330 +- 0.0102 seconds time elapsed  ( +-  0.05% )


 Performance counter stats for 'mpirun -n 3 ./mandelbrot_ompi_noio -0.188 -0.012 0.554 0.754 4096' (15 runs):

          31898.21 msec task-clock:u              #    2.944 CPUs utilized            ( +-  0.13% )
                 0      context-switches:u        #    0.000 K/sec                  
                 0      cpu-migrations:u          #    0.000 K/sec                  
            220227      page-faults:u             #    0.007 M/sec                    ( +-  0.00% )
      133225511484      cycles:u                  #    4.177 GHz                      ( +-  0.07% )  (83.33%)
          29753894      stalled-cycles-frontend:u #    0.02% frontend cycles idle     ( +- 10.51% )  (83.34%)
       96956182918      stalled-cycles-backend:u  #   72.78% backend cycles idle      ( +-  0.29% )  (83.34%)
      231633203068      instructions:u            #    1.74  insn per cycle         
                                                  #    0.42  stalled cycles per insn  ( +-  0.69% )  (83.33%)
       38197187896      branches:u                # 1197.471 M/sec                    ( +-  0.92% )  (83.33%)
          17587610      branch-misses:u           #    0.05% of all branches          ( +-  0.13% )  (83.33%)

           10.8340 +- 0.0160 seconds time elapsed  ( +-  0.15% )


 Performance counter stats for 'mpirun -n 4 ./mandelbrot_ompi_noio -0.188 -0.012 0.554 0.754 4096' (15 runs):

          29996.18 msec task-clock:u              #    3.889 CPUs utilized            ( +-  0.15% )
                 0      context-switches:u        #    0.000 K/sec                  
                 0      cpu-migrations:u          #    0.000 K/sec                  
            221377      page-faults:u             #    0.007 M/sec                    ( +-  0.00% )
      123964717559      cycles:u                  #    4.133 GHz                      ( +-  0.09% )  (83.33%)
          31722134      stalled-cycles-frontend:u #    0.03% frontend cycles idle     ( +-  4.89% )  (83.34%)
       91939322433      stalled-cycles-backend:u  #   74.17% backend cycles idle      ( +-  0.11% )  (83.34%)
      207281535410      instructions:u            #    1.67  insn per cycle         
                                                  #    0.44  stalled cycles per insn  ( +-  0.07% )  (83.33%)
       32854006061      branches:u                # 1095.273 M/sec                    ( +-  0.09% )  (83.33%)
          17779467      branch-misses:u           #    0.05% of all branches          ( +-  0.06% )  (83.32%)

            7.7134 +- 0.0163 seconds time elapsed  ( +-  0.21% )


 Performance counter stats for 'mpirun -n 5 ./mandelbrot_ompi_noio -0.188 -0.012 0.554 0.754 4096' (15 runs):

          29064.14 msec task-clock:u              #    4.821 CPUs utilized            ( +-  0.22% )
                 0      context-switches:u        #    0.000 K/sec                  
                 0      cpu-migrations:u          #    0.000 K/sec                  
            222538      page-faults:u             #    0.008 M/sec                    ( +-  0.00% )
      118641538253      cycles:u                  #    4.082 GHz                      ( +-  0.14% )  (83.32%)
          41839642      stalled-cycles-frontend:u #    0.04% frontend cycles idle     ( +- 16.48% )  (83.33%)
       89166376146      stalled-cycles-backend:u  #   75.16% backend cycles idle      ( +-  0.13% )  (83.34%)
      192556630791      instructions:u            #    1.62  insn per cycle         
                                                  #    0.46  stalled cycles per insn  ( +-  0.16% )  (83.35%)
       29621350711      branches:u                # 1019.172 M/sec                    ( +-  0.23% )  (83.34%)
          18057037      branch-misses:u           #    0.06% of all branches          ( +-  0.25% )  (83.33%)

            6.0284 +- 0.0159 seconds time elapsed  ( +-  0.26% )


 Performance counter stats for 'mpirun -n 6 ./mandelbrot_ompi_noio -0.188 -0.012 0.554 0.754 4096' (15 runs):

          28691.79 msec task-clock:u              #    5.735 CPUs utilized            ( +-  0.25% )
                 0      context-switches:u        #    0.000 K/sec                  
                 0      cpu-migrations:u          #    0.000 K/sec                  
            223687      page-faults:u             #    0.008 M/sec                    ( +-  0.00% )
      116452127480      cycles:u                  #    4.059 GHz                      ( +-  0.19% )  (83.32%)
          33752330      stalled-cycles-frontend:u #    0.03% frontend cycles idle     ( +-  3.06% )  (83.33%)
       88090177579      stalled-cycles-backend:u  #   75.64% backend cycles idle      ( +-  0.16% )  (83.34%)
      186034006267      instructions:u            #    1.60  insn per cycle         
                                                  #    0.47  stalled cycles per insn  ( +-  0.24% )  (83.34%)
       28195638630      branches:u                #  982.708 M/sec                    ( +-  0.36% )  (83.34%)
          18359740      branch-misses:u           #    0.07% of all branches          ( +-  0.35% )  (83.33%)

            5.0030 +- 0.0175 seconds time elapsed  ( +-  0.35% )


 Performance counter stats for 'mpirun -n 2 ./mandelbrot_ompi_noio -0.188 -0.012 0.554 0.754 4096' (15 runs):

          38750.08 msec task-clock:u              #    1.984 CPUs utilized            ( +-  0.07% )
                 0      context-switches:u        #    0.000 K/sec                  
                 0      cpu-migrations:u          #    0.000 K/sec                  
            219077      page-faults:u             #    0.006 M/sec                    ( +-  0.00% )
      163111368420      cycles:u                  #    4.209 GHz                      ( +-  0.04% )  (83.33%)
          25090741      stalled-cycles-frontend:u #    0.02% frontend cycles idle     ( +-  3.27% )  (83.34%)
      111644195708      stalled-cycles-backend:u  #   68.45% backend cycles idle      ( +-  0.07% )  (83.33%)
      317173728915      instructions:u            #    1.94  insn per cycle         
                                                  #    0.35  stalled cycles per insn  ( +-  0.03% )  (83.33%)
       56961761834      branches:u                # 1469.978 M/sec                    ( +-  0.04% )  (83.33%)
          17404219      branch-misses:u           #    0.03% of all branches          ( +-  0.09% )  (83.33%)

           19.5335 +- 0.0183 seconds time elapsed  ( +-  0.09% )


 Performance counter stats for 'mpirun -n 3 ./mandelbrot_ompi_noio -0.188 -0.012 0.554 0.754 4096' (15 runs):

          31951.53 msec task-clock:u              #    2.941 CPUs utilized            ( +-  0.16% )
                 0      context-switches:u        #    0.000 K/sec                  
                 0      cpu-migrations:u          #    0.000 K/sec                  
            220226      page-faults:u             #    0.007 M/sec                    ( +-  0.00% )
      133424167354      cycles:u                  #    4.176 GHz                      ( +-  0.07% )  (83.33%)
          27425395      stalled-cycles-frontend:u #    0.02% frontend cycles idle     ( +-  4.06% )  (83.33%)
       96882566909      stalled-cycles-backend:u  #   72.61% backend cycles idle      ( +-  0.11% )  (83.34%)
      232568650393      instructions:u            #    1.74  insn per cycle         
                                                  #    0.42  stalled cycles per insn  ( +-  0.20% )  (83.34%)
       38400439232      branches:u                # 1201.834 M/sec                    ( +-  0.27% )  (83.34%)
          17570248      branch-misses:u           #    0.05% of all branches          ( +-  0.09% )  (83.33%)

           10.8635 +- 0.0208 seconds time elapsed  ( +-  0.19% )


 Performance counter stats for 'mpirun -n 4 ./mandelbrot_ompi_noio -0.188 -0.012 0.554 0.754 4096' (15 runs):

          30082.47 msec task-clock:u              #    3.889 CPUs utilized            ( +-  0.21% )
                 0      context-switches:u        #    0.000 K/sec                  
                 0      cpu-migrations:u          #    0.000 K/sec                  
            221380      page-faults:u             #    0.007 M/sec                    ( +-  0.00% )
      123989695246      cycles:u                  #    4.122 GHz                      ( +-  0.07% )  (83.33%)
          34040250      stalled-cycles-frontend:u #    0.03% frontend cycles idle     ( +- 15.44% )  (83.34%)
       92063246392      stalled-cycles-backend:u  #   74.25% backend cycles idle      ( +-  0.06% )  (83.34%)
      206771262824      instructions:u            #    1.67  insn per cycle         
                                                  #    0.45  stalled cycles per insn  ( +-  0.15% )  (83.34%)
       32742978134      branches:u                # 1088.440 M/sec                    ( +-  0.21% )  (83.33%)
          17794606      branch-misses:u           #    0.05% of all branches          ( +-  0.14% )  (83.32%)

            7.7344 +- 0.0207 seconds time elapsed  ( +-  0.27% )


 Performance counter stats for 'mpirun -n 5 ./mandelbrot_ompi_noio -0.188 -0.012 0.554 0.754 4096' (15 runs):

          29065.95 msec task-clock:u              #    4.823 CPUs utilized            ( +-  0.12% )
                 0      context-switches:u        #    0.000 K/sec                  
                 0      cpu-migrations:u          #    0.000 K/sec                  
            222540      page-faults:u             #    0.008 M/sec                    ( +-  0.00% )
      118681563827      cycles:u                  #    4.083 GHz                      ( +-  0.12% )  (83.32%)
          31514677      stalled-cycles-frontend:u #    0.03% frontend cycles idle     ( +-  4.11% )  (83.33%)
       89183489632      stalled-cycles-backend:u  #   75.15% backend cycles idle      ( +-  0.09% )  (83.35%)
      192514000344      instructions:u            #    1.62  insn per cycle         
                                                  #    0.46  stalled cycles per insn  ( +-  0.12% )  (83.35%)
       29615272623      branches:u                # 1018.899 M/sec                    ( +-  0.17% )  (83.34%)
          18022339      branch-misses:u           #    0.06% of all branches          ( +-  0.19% )  (83.31%)

           6.02635 +- 0.00894 seconds time elapsed  ( +-  0.15% )


 Performance counter stats for 'mpirun -n 6 ./mandelbrot_ompi_noio -0.188 -0.012 0.554 0.754 4096' (15 runs):

          28823.10 msec task-clock:u              #    5.721 CPUs utilized            ( +-  0.23% )
                 0      context-switches:u        #    0.000 K/sec                  
                 0      cpu-migrations:u          #    0.000 K/sec                  
            223704      page-faults:u             #    0.008 M/sec                    ( +-  0.00% )
      116921346472      cycles:u                  #    4.057 GHz                      ( +-  0.15% )  (83.32%)
          35923688      stalled-cycles-frontend:u #    0.03% frontend cycles idle     ( +-  3.76% )  (83.33%)
       88434479433      stalled-cycles-backend:u  #   75.64% backend cycles idle      ( +-  0.14% )  (83.33%)
      186477207582      instructions:u            #    1.59  insn per cycle         
                                                  #    0.47  stalled cycles per insn  ( +-  0.26% )  (83.35%)
       28296669472      branches:u                #  981.736 M/sec                    ( +-  0.38% )  (83.34%)
          18337085      branch-misses:u           #    0.06% of all branches          ( +-  0.21% )  (83.33%)

            5.0384 +- 0.0133 seconds time elapsed  ( +-  0.26% )


 Performance counter stats for 'mpirun -n 2 ./mandelbrot_ompi_noio -0.188 -0.012 0.554 0.754 4096' (15 runs):

          38765.78 msec task-clock:u              #    1.982 CPUs utilized            ( +-  0.05% )
                 0      context-switches:u        #    0.000 K/sec                  
                 0      cpu-migrations:u          #    0.000 K/sec                  
            219076      page-faults:u             #    0.006 M/sec                    ( +-  0.00% )
      163118860296      cycles:u                  #    4.208 GHz                      ( +-  0.04% )  (83.33%)
          27325274      stalled-cycles-frontend:u #    0.02% frontend cycles idle     ( +-  5.38% )  (83.34%)
      111715707881      stalled-cycles-backend:u  #   68.49% backend cycles idle      ( +-  0.14% )  (83.34%)
      316241961354      instructions:u            #    1.94  insn per cycle         
                                                  #    0.35  stalled cycles per insn  ( +-  0.24% )  (83.33%)
       56757986474      branches:u                # 1464.126 M/sec                    ( +-  0.30% )  (83.33%)
          17398350      branch-misses:u           #    0.03% of all branches          ( +-  0.05% )  (83.33%)

           19.5559 +- 0.0141 seconds time elapsed  ( +-  0.07% )


 Performance counter stats for 'mpirun -n 3 ./mandelbrot_ompi_noio -0.188 -0.012 0.554 0.754 4096' (15 runs):

          31868.19 msec task-clock:u              #    2.949 CPUs utilized            ( +-  0.17% )
                 0      context-switches:u        #    0.000 K/sec                  
                 0      cpu-migrations:u          #    0.000 K/sec                  
            220228      page-faults:u             #    0.007 M/sec                    ( +-  0.00% )
      133129531636      cycles:u                  #    4.178 GHz                      ( +-  0.09% )  (83.33%)
          30795908      stalled-cycles-frontend:u #    0.02% frontend cycles idle     ( +- 12.95% )  (83.33%)
       96577987078      stalled-cycles-backend:u  #   72.54% backend cycles idle      ( +-  0.10% )  (83.34%)
      233135275958      instructions:u            #    1.75  insn per cycle         
                                                  #    0.41  stalled cycles per insn  ( +-  0.09% )  (83.33%)
       38525217192      branches:u                # 1208.892 M/sec                    ( +-  0.13% )  (83.33%)
          17587460      branch-misses:u           #    0.05% of all branches          ( +-  0.08% )  (83.33%)

           10.8081 +- 0.0208 seconds time elapsed  ( +-  0.19% )


 Performance counter stats for 'mpirun -n 4 ./mandelbrot_ompi_noio -0.188 -0.012 0.554 0.754 4096' (15 runs):

          29998.19 msec task-clock:u              #    3.888 CPUs utilized            ( +-  0.17% )
                 0      context-switches:u        #    0.000 K/sec                  
                 0      cpu-migrations:u          #    0.000 K/sec                  
            221375      page-faults:u             #    0.007 M/sec                    ( +-  0.00% )
      123885293993      cycles:u                  #    4.130 GHz                      ( +-  0.07% )  (83.33%)
          35358199      stalled-cycles-frontend:u #    0.03% frontend cycles idle     ( +- 12.11% )  (83.33%)
       91910932377      stalled-cycles-backend:u  #   74.19% backend cycles idle      ( +-  0.08% )  (83.34%)
      207357834311      instructions:u            #    1.67  insn per cycle         
                                                  #    0.44  stalled cycles per insn  ( +-  0.07% )  (83.33%)
       32866230784      branches:u                # 1095.607 M/sec                    ( +-  0.09% )  (83.34%)
          17793486      branch-misses:u           #    0.05% of all branches          ( +-  0.08% )  (83.33%)

            7.7164 +- 0.0163 seconds time elapsed  ( +-  0.21% )


 Performance counter stats for 'mpirun -n 5 ./mandelbrot_ompi_noio -0.188 -0.012 0.554 0.754 4096' (15 runs):

          29004.35 msec task-clock:u              #    4.828 CPUs utilized            ( +-  0.17% )
                 0      context-switches:u        #    0.000 K/sec                  
                 0      cpu-migrations:u          #    0.000 K/sec                  
            222541      page-faults:u             #    0.008 M/sec                    ( +-  0.00% )
      118238969473      cycles:u                  #    4.077 GHz                      ( +-  0.11% )  (83.33%)
          35355242      stalled-cycles-frontend:u #    0.03% frontend cycles idle     ( +-  8.53% )  (83.33%)
       89049554199      stalled-cycles-backend:u  #   75.31% backend cycles idle      ( +-  0.10% )  (83.34%)
      191435669921      instructions:u            #    1.62  insn per cycle         
                                                  #    0.47  stalled cycles per insn  ( +-  0.23% )  (83.35%)
       29378485056      branches:u                # 1012.899 M/sec                    ( +-  0.34% )  (83.33%)
          17978830      branch-misses:u           #    0.06% of all branches          ( +-  0.10% )  (83.32%)

            6.0070 +- 0.0157 seconds time elapsed  ( +-  0.26% )


 Performance counter stats for 'mpirun -n 6 ./mandelbrot_ompi_noio -0.188 -0.012 0.554 0.754 4096' (15 runs):

          28718.89 msec task-clock:u              #    5.727 CPUs utilized            ( +-  0.18% )
                 0      context-switches:u        #    0.000 K/sec                  
                 0      cpu-migrations:u          #    0.000 K/sec                  
            223695      page-faults:u             #    0.008 M/sec                    ( +-  0.00% )
      116823695996      cycles:u                  #    4.068 GHz                      ( +-  0.12% )  (83.32%)
          44068447      stalled-cycles-frontend:u #    0.04% frontend cycles idle     ( +- 13.94% )  (83.32%)
       88287320614      stalled-cycles-backend:u  #   75.57% backend cycles idle      ( +-  0.13% )  (83.34%)
      186430892430      instructions:u            #    1.60  insn per cycle         
                                                  #    0.47  stalled cycles per insn  ( +-  0.23% )  (83.35%)
       28287555792      branches:u                #  984.981 M/sec                    ( +-  0.33% )  (83.34%)
          18382658      branch-misses:u           #    0.06% of all branches          ( +-  0.33% )  (83.33%)

            5.0147 +- 0.0141 seconds time elapsed  ( +-  0.28% )


 Performance counter stats for 'mpirun -n 2 ./mandelbrot_ompi_noio -0.188 -0.012 0.554 0.754 4096' (15 runs):

          38756.35 msec task-clock:u              #    1.984 CPUs utilized            ( +-  0.07% )
                 0      context-switches:u        #    0.000 K/sec                  
                 0      cpu-migrations:u          #    0.000 K/sec                  
            219073      page-faults:u             #    0.006 M/sec                    ( +-  0.00% )
      163054353373      cycles:u                  #    4.207 GHz                      ( +-  0.03% )  (83.33%)
          23461829      stalled-cycles-frontend:u #    0.01% frontend cycles idle     ( +-  2.28% )  (83.33%)
      111604976084      stalled-cycles-backend:u  #   68.45% backend cycles idle      ( +-  0.05% )  (83.34%)
      317088786107      instructions:u            #    1.94  insn per cycle         
                                                  #    0.35  stalled cycles per insn  ( +-  0.04% )  (83.33%)
       56942476816      branches:u                # 1469.242 M/sec                    ( +-  0.05% )  (83.33%)
          17383512      branch-misses:u           #    0.03% of all branches          ( +-  0.07% )  (83.33%)

           19.5331 +- 0.0172 seconds time elapsed  ( +-  0.09% )


 Performance counter stats for 'mpirun -n 3 ./mandelbrot_ompi_noio -0.188 -0.012 0.554 0.754 4096' (15 runs):

          31882.99 msec task-clock:u              #    2.941 CPUs utilized            ( +-  0.21% )
                 0      context-switches:u        #    0.000 K/sec                  
                 0      cpu-migrations:u          #    0.000 K/sec                  
            220226      page-faults:u             #    0.007 M/sec                    ( +-  0.00% )
      133435681934      cycles:u                  #    4.185 GHz                      ( +-  0.07% )  (83.33%)
          27935011      stalled-cycles-frontend:u #    0.02% frontend cycles idle     ( +-  6.46% )  (83.34%)
       96834422429      stalled-cycles-backend:u  #   72.57% backend cycles idle      ( +-  0.07% )  (83.34%)
      233632499186      instructions:u            #    1.75  insn per cycle         
                                                  #    0.41  stalled cycles per insn  ( +-  0.06% )  (83.34%)
       38638655675      branches:u                # 1211.889 M/sec                    ( +-  0.09% )  (83.33%)
          17557764      branch-misses:u           #    0.05% of all branches          ( +-  0.08% )  (83.32%)

           10.8397 +- 0.0241 seconds time elapsed  ( +-  0.22% )


 Performance counter stats for 'mpirun -n 4 ./mandelbrot_ompi_noio -0.188 -0.012 0.554 0.754 4096' (15 runs):

          30066.50 msec task-clock:u              #    3.887 CPUs utilized            ( +-  0.19% )
                 0      context-switches:u        #    0.000 K/sec                  
                 0      cpu-migrations:u          #    0.000 K/sec                  
            221377      page-faults:u             #    0.007 M/sec                    ( +-  0.00% )
      124006745020      cycles:u                  #    4.124 GHz                      ( +-  0.09% )  (83.33%)
          29608476      stalled-cycles-frontend:u #    0.02% frontend cycles idle     ( +-  4.01% )  (83.34%)
       92054334257      stalled-cycles-backend:u  #   74.23% backend cycles idle      ( +-  0.12% )  (83.34%)
      206981464985      instructions:u            #    1.67  insn per cycle         
                                                  #    0.44  stalled cycles per insn  ( +-  0.11% )  (83.33%)
       32786424789      branches:u                # 1090.464 M/sec                    ( +-  0.15% )  (83.33%)
          17788815      branch-misses:u           #    0.05% of all branches          ( +-  0.10% )  (83.33%)

            7.7357 +- 0.0173 seconds time elapsed  ( +-  0.22% )


 Performance counter stats for 'mpirun -n 5 ./mandelbrot_ompi_noio -0.188 -0.012 0.554 0.754 4096' (15 runs):

          29316.98 msec task-clock:u              #    4.830 CPUs utilized            ( +-  1.17% )
                 0      context-switches:u        #    0.000 K/sec                  
                 0      cpu-migrations:u          #    0.000 K/sec                  
            222537      page-faults:u             #    0.008 M/sec                    ( +-  0.00% )
      119853934842      cycles:u                  #    4.088 GHz                      ( +-  1.17% )  (83.33%)
         176862060      stalled-cycles-frontend:u #    0.15% frontend cycles idle     ( +- 80.63% )  (83.33%)
       89560370278      stalled-cycles-backend:u  #   74.72% backend cycles idle      ( +-  0.52% )  (83.34%)
      194816679001      instructions:u            #    1.63  insn per cycle         
                                                  #    0.46  stalled cycles per insn  ( +-  1.65% )  (83.34%)
       30121090697      branches:u                # 1027.428 M/sec                    ( +-  2.33% )  (83.34%)
          25202200      branch-misses:u           #    0.08% of all branches          ( +- 28.17% )  (83.32%)

            6.0700 +- 0.0680 seconds time elapsed  ( +-  1.12% )


 Performance counter stats for 'mpirun -n 6 ./mandelbrot_ompi_noio -0.188 -0.012 0.554 0.754 4096' (15 runs):

          28698.75 msec task-clock:u              #    5.725 CPUs utilized            ( +-  0.23% )
                 0      context-switches:u        #    0.000 K/sec                  
                 0      cpu-migrations:u          #    0.000 K/sec                  
            223700      page-faults:u             #    0.008 M/sec                    ( +-  0.00% )
      116504279565      cycles:u                  #    4.060 GHz                      ( +-  0.17% )  (83.32%)
          38811882      stalled-cycles-frontend:u #    0.03% frontend cycles idle     ( +- 15.19% )  (83.32%)
       88062056935      stalled-cycles-backend:u  #   75.59% backend cycles idle      ( +-  0.15% )  (83.34%)
      186080132904      instructions:u            #    1.60  insn per cycle         
                                                  #    0.47  stalled cycles per insn  ( +-  0.25% )  (83.36%)
       28209963063      branches:u                #  982.968 M/sec                    ( +-  0.36% )  (83.34%)
          18243136      branch-misses:u           #    0.06% of all branches          ( +-  0.11% )  (83.32%)

            5.0131 +- 0.0182 seconds time elapsed  ( +-  0.36% )

