
 Performance counter stats for './mandelbrot_pth 0.175 0.375 -0.1 0.1 16 1' (10 runs):

          1.018647      task-clock (msec)         #    0.690 CPUs utilized            ( +-  1.12% )
                 0      context-switches          #    0.000 K/sec                  
                 0      cpu-migrations            #    0.000 K/sec                  
                63      page-faults               #    0.062 M/sec                    ( +-  0.42% )
   <not supported>      cycles                                                      
   <not supported>      instructions                                                
   <not supported>      branches                                                    
   <not supported>      branch-misses                                               

       0.001475675 seconds time elapsed                                          ( +-  4.13% )


 Performance counter stats for './mandelbrot_pth 0.175 0.375 -0.1 0.1 16 2' (10 runs):

          1.448377      task-clock (msec)         #    1.037 CPUs utilized            ( +-  1.29% )
                 2      context-switches          #    0.001 M/sec                    ( +-  4.76% )
                 0      cpu-migrations            #    0.000 K/sec                  
                77      page-faults               #    0.053 M/sec                    ( +-  0.51% )
   <not supported>      cycles                                                      
   <not supported>      instructions                                                
   <not supported>      branches                                                    
   <not supported>      branch-misses                                               

       0.001396737 seconds time elapsed                                          ( +-  1.53% )


 Performance counter stats for './mandelbrot_pth 0.175 0.375 -0.1 0.1 16 3' (10 runs):

          1.626429      task-clock (msec)         #    1.173 CPUs utilized            ( +-  1.84% )
                 4      context-switches          #    0.002 M/sec                    ( +-  4.54% )
                 0      cpu-migrations            #    0.123 K/sec                    ( +-100.00% )
                81      page-faults               #    0.050 M/sec                    ( +-  0.33% )
   <not supported>      cycles                                                      
   <not supported>      instructions                                                
   <not supported>      branches                                                    
   <not supported>      branch-misses                                               

       0.001387043 seconds time elapsed                                          ( +-  1.30% )


 Performance counter stats for './mandelbrot_pth 0.175 0.375 -0.1 0.1 16 4' (10 runs):

          1.776523      task-clock (msec)         #    1.280 CPUs utilized            ( +-  1.11% )
                 5      context-switches          #    0.003 M/sec                    ( +-  6.05% )
                 1      cpu-migrations            #    0.675 K/sec                    ( +- 29.92% )
                83      page-faults               #    0.047 M/sec                    ( +-  0.63% )
   <not supported>      cycles                                                      
   <not supported>      instructions                                                
   <not supported>      branches                                                    
   <not supported>      branch-misses                                               

       0.001387703 seconds time elapsed                                          ( +-  0.77% )


 Performance counter stats for './mandelbrot_pth 0.175 0.375 -0.1 0.1 16 5' (10 runs):

          1.890130      task-clock (msec)         #    1.309 CPUs utilized            ( +-  1.42% )
                 7      context-switches          #    0.004 M/sec                    ( +-  3.89% )
                 1      cpu-migrations            #    0.635 K/sec                    ( +- 32.39% )
                85      page-faults               #    0.045 M/sec                    ( +-  0.56% )
   <not supported>      cycles                                                      
   <not supported>      instructions                                                
   <not supported>      branches                                                    
   <not supported>      branch-misses                                               

       0.001443654 seconds time elapsed                                          ( +-  1.34% )


 Performance counter stats for './mandelbrot_pth 0.175 0.375 -0.1 0.1 16 6' (10 runs):

          2.087273      task-clock (msec)         #    1.333 CPUs utilized            ( +-  0.91% )
                 8      context-switches          #    0.004 M/sec                    ( +-  4.02% )
                 1      cpu-migrations            #    0.623 K/sec                    ( +- 34.50% )
                86      page-faults               #    0.041 M/sec                    ( +-  0.43% )
   <not supported>      cycles                                                      
   <not supported>      instructions                                                
   <not supported>      branches                                                    
   <not supported>      branch-misses                                               

       0.001565670 seconds time elapsed                                          ( +-  0.98% )


 Performance counter stats for './mandelbrot_pth 0.175 0.375 -0.1 0.1 16 7' (10 runs):

          2.286509      task-clock (msec)         #    1.357 CPUs utilized            ( +-  1.78% )
                13      context-switches          #    0.006 M/sec                    ( +-  5.70% )
                 2      cpu-migrations            #    0.875 K/sec                    ( +- 19.72% )
                89      page-faults               #    0.039 M/sec                    ( +-  0.59% )
   <not supported>      cycles                                                      
   <not supported>      instructions                                                
   <not supported>      branches                                                    
   <not supported>      branch-misses                                               

       0.001685577 seconds time elapsed                                          ( +-  1.92% )


 Performance counter stats for './mandelbrot_pth 0.175 0.375 -0.1 0.1 16 8' (10 runs):

          2.343345      task-clock (msec)         #    1.394 CPUs utilized            ( +-  1.27% )
                11      context-switches          #    0.005 M/sec                    ( +-  7.01% )
                 4      cpu-migrations            #    0.001 M/sec                    ( +-  8.78% )
                90      page-faults               #    0.038 M/sec                    ( +-  0.31% )
   <not supported>      cycles                                                      
   <not supported>      instructions                                                
   <not supported>      branches                                                    
   <not supported>      branch-misses                                               

       0.001680694 seconds time elapsed                                          ( +-  1.53% )


 Performance counter stats for './mandelbrot_pth 0.175 0.375 -0.1 0.1 32 1' (10 runs):

          2.296955      task-clock (msec)         #    0.886 CPUs utilized            ( +-  0.46% )
                 0      context-switches          #    0.044 K/sec                    ( +-100.00% )
                 0      cpu-migrations            #    0.000 K/sec                  
                71      page-faults               #    0.031 M/sec                    ( +-  0.57% )
   <not supported>      cycles                                                      
   <not supported>      instructions                                                
   <not supported>      branches                                                    
   <not supported>      branch-misses                                               

       0.002592905 seconds time elapsed                                          ( +-  0.48% )


 Performance counter stats for './mandelbrot_pth 0.175 0.375 -0.1 0.1 32 2' (10 runs):

          2.997290      task-clock (msec)         #    1.365 CPUs utilized            ( +-  0.69% )
                 2      context-switches          #    0.767 K/sec                    ( +-  6.64% )
                 0      cpu-migrations            #    0.067 K/sec                    ( +-100.00% )
                86      page-faults               #    0.029 M/sec                    ( +-  0.39% )
   <not supported>      cycles                                                      
   <not supported>      instructions                                                
   <not supported>      branches                                                    
   <not supported>      branch-misses                                               

       0.002196330 seconds time elapsed                                          ( +-  0.48% )


 Performance counter stats for './mandelbrot_pth 0.175 0.375 -0.1 0.1 32 3' (10 runs):

          3.285087      task-clock (msec)         #    1.564 CPUs utilized            ( +-  1.10% )
                 4      context-switches          #    0.001 M/sec                    ( +-  5.94% )
                 1      cpu-migrations            #    0.213 K/sec                    ( +- 37.19% )
                87      page-faults               #    0.027 M/sec                    ( +-  0.48% )
   <not supported>      cycles                                                      
   <not supported>      instructions                                                
   <not supported>      branches                                                    
   <not supported>      branch-misses                                               

       0.002100524 seconds time elapsed                                          ( +-  2.44% )


 Performance counter stats for './mandelbrot_pth 0.175 0.375 -0.1 0.1 32 4' (10 runs):

          3.424465      task-clock (msec)         #    1.798 CPUs utilized            ( +-  1.09% )
                 6      context-switches          #    0.002 M/sec                    ( +-  9.87% )
                 1      cpu-migrations            #    0.350 K/sec                    ( +- 32.39% )
                90      page-faults               #    0.026 M/sec                    ( +-  0.41% )
   <not supported>      cycles                                                      
   <not supported>      instructions                                                
   <not supported>      branches                                                    
   <not supported>      branch-misses                                               

       0.001904758 seconds time elapsed                                          ( +-  1.67% )


 Performance counter stats for './mandelbrot_pth 0.175 0.375 -0.1 0.1 32 5' (10 runs):

          3.626928      task-clock (msec)         #    1.871 CPUs utilized            ( +-  0.90% )
                 9      context-switches          #    0.003 M/sec                    ( +-  8.12% )
                 1      cpu-migrations            #    0.386 K/sec                    ( +- 26.51% )
                92      page-faults               #    0.025 M/sec                    ( +-  0.47% )
   <not supported>      cycles                                                      
   <not supported>      instructions                                                
   <not supported>      branches                                                    
   <not supported>      branch-misses                                               

       0.001938505 seconds time elapsed                                          ( +-  1.38% )


 Performance counter stats for './mandelbrot_pth 0.175 0.375 -0.1 0.1 32 6' (10 runs):

          3.770960      task-clock (msec)         #    1.906 CPUs utilized            ( +-  0.88% )
                10      context-switches          #    0.003 M/sec                    ( +-  9.09% )
                 2      cpu-migrations            #    0.583 K/sec                    ( +- 26.07% )
                93      page-faults               #    0.025 M/sec                    ( +-  0.50% )
   <not supported>      cycles                                                      
   <not supported>      instructions                                                
   <not supported>      branches                                                    
   <not supported>      branch-misses                                               

       0.001978034 seconds time elapsed                                          ( +-  0.90% )


 Performance counter stats for './mandelbrot_pth 0.175 0.375 -0.1 0.1 32 7' (10 runs):

          3.958763      task-clock (msec)         #    1.883 CPUs utilized            ( +-  0.99% )
                14      context-switches          #    0.003 M/sec                    ( +-  8.57% )
                 3      cpu-migrations            #    0.657 K/sec                    ( +- 17.39% )
                94      page-faults               #    0.024 M/sec                    ( +-  0.33% )
   <not supported>      cycles                                                      
   <not supported>      instructions                                                
   <not supported>      branches                                                    
   <not supported>      branch-misses                                               

       0.002102195 seconds time elapsed                                          ( +-  1.30% )


 Performance counter stats for './mandelbrot_pth 0.175 0.375 -0.1 0.1 32 8' (10 runs):

          3.980864      task-clock (msec)         #    1.877 CPUs utilized            ( +-  0.97% )
                13      context-switches          #    0.003 M/sec                    ( +-  7.61% )
                 3      cpu-migrations            #    0.854 K/sec                    ( +- 14.00% )
                98      page-faults               #    0.025 M/sec                    ( +-  0.43% )
   <not supported>      cycles                                                      
   <not supported>      instructions                                                
   <not supported>      branches                                                    
   <not supported>      branch-misses                                               

       0.002120552 seconds time elapsed                                          ( +-  0.84% )


 Performance counter stats for './mandelbrot_pth 0.175 0.375 -0.1 0.1 64 1' (10 runs):

          7.714342      task-clock (msec)         #    0.964 CPUs utilized            ( +-  0.47% )
                 0      context-switches          #    0.000 K/sec                  
                 0      cpu-migrations            #    0.000 K/sec                  
               101      page-faults               #    0.013 M/sec                    ( +-  0.23% )
   <not supported>      cycles                                                      
   <not supported>      instructions                                                
   <not supported>      branches                                                    
   <not supported>      branch-misses                                               

       0.008006029 seconds time elapsed                                          ( +-  0.55% )


 Performance counter stats for './mandelbrot_pth 0.175 0.375 -0.1 0.1 64 2' (10 runs):

          8.895518      task-clock (msec)         #    1.680 CPUs utilized            ( +-  0.99% )
                 4      context-switches          #    0.405 K/sec                    ( +- 13.86% )
                 0      cpu-migrations            #    0.000 K/sec                  
               115      page-faults               #    0.013 M/sec                    ( +-  0.41% )
   <not supported>      cycles                                                      
   <not supported>      instructions                                                
   <not supported>      branches                                                    
   <not supported>      branch-misses                                               

       0.005296484 seconds time elapsed                                          ( +-  0.96% )


 Performance counter stats for './mandelbrot_pth 0.175 0.375 -0.1 0.1 64 3' (10 runs):

          9.392408      task-clock (msec)         #    2.200 CPUs utilized            ( +-  0.79% )
                 6      context-switches          #    0.586 K/sec                    ( +- 10.58% )
                 0      cpu-migrations            #    0.021 K/sec                    ( +-100.00% )
               117      page-faults               #    0.012 M/sec                    ( +-  0.38% )
   <not supported>      cycles                                                      
   <not supported>      instructions                                                
   <not supported>      branches                                                    
   <not supported>      branch-misses                                               

       0.004268343 seconds time elapsed                                          ( +-  2.30% )


 Performance counter stats for './mandelbrot_pth 0.175 0.375 -0.1 0.1 64 4' (10 runs):

          9.970142      task-clock (msec)         #    2.640 CPUs utilized            ( +-  0.46% )
                10      context-switches          #    0.001 M/sec                    ( +-  8.26% )
                 1      cpu-migrations            #    0.110 K/sec                    ( +- 25.17% )
               120      page-faults               #    0.012 M/sec                    ( +-  0.37% )
   <not supported>      cycles                                                      
   <not supported>      instructions                                                
   <not supported>      branches                                                    
   <not supported>      branch-misses                                               

       0.003776435 seconds time elapsed                                          ( +-  1.21% )


 Performance counter stats for './mandelbrot_pth 0.175 0.375 -0.1 0.1 64 5' (10 runs):

         10.208448      task-clock (msec)         #    2.615 CPUs utilized            ( +-  0.36% )
                13      context-switches          #    0.001 M/sec                    ( +-  8.27% )
                 2      cpu-migrations            #    0.167 K/sec                    ( +- 24.88% )
               121      page-faults               #    0.012 M/sec                    ( +-  0.31% )
   <not supported>      cycles                                                      
   <not supported>      instructions                                                
   <not supported>      branches                                                    
   <not supported>      branch-misses                                               

       0.003903498 seconds time elapsed                                          ( +-  1.11% )


 Performance counter stats for './mandelbrot_pth 0.175 0.375 -0.1 0.1 64 6' (10 runs):

         10.249108      task-clock (msec)         #    2.623 CPUs utilized            ( +-  0.54% )
                15      context-switches          #    0.001 M/sec                    ( +-  7.03% )
                 2      cpu-migrations            #    0.224 K/sec                    ( +- 21.55% )
               123      page-faults               #    0.012 M/sec                    ( +-  0.30% )
   <not supported>      cycles                                                      
   <not supported>      instructions                                                
   <not supported>      branches                                                    
   <not supported>      branch-misses                                               

       0.003908086 seconds time elapsed                                          ( +-  1.27% )


 Performance counter stats for './mandelbrot_pth 0.175 0.375 -0.1 0.1 64 7' (10 runs):

         10.650928      task-clock (msec)         #    2.602 CPUs utilized            ( +-  0.66% )
                21      context-switches          #    0.002 M/sec                    ( +-  8.97% )
                 4      cpu-migrations            #    0.357 K/sec                    ( +- 15.09% )
               125      page-faults               #    0.012 M/sec                    ( +-  0.24% )
   <not supported>      cycles                                                      
   <not supported>      instructions                                                
   <not supported>      branches                                                    
   <not supported>      branch-misses                                               

       0.004092910 seconds time elapsed                                          ( +-  1.01% )


 Performance counter stats for './mandelbrot_pth 0.175 0.375 -0.1 0.1 64 8' (10 runs):

         10.833822      task-clock (msec)         #    2.571 CPUs utilized            ( +-  0.60% )
                20      context-switches          #    0.002 M/sec                    ( +-  6.29% )
                 5      cpu-migrations            #    0.452 K/sec                    ( +- 14.09% )
               127      page-faults               #    0.012 M/sec                    ( +-  0.21% )
   <not supported>      cycles                                                      
   <not supported>      instructions                                                
   <not supported>      branches                                                    
   <not supported>      branch-misses                                               

       0.004214405 seconds time elapsed                                          ( +-  1.01% )


 Performance counter stats for './mandelbrot_pth 0.175 0.375 -0.1 0.1 128 1' (10 runs):

         29.313188      task-clock (msec)         #    0.989 CPUs utilized            ( +-  0.19% )
                 0      context-switches          #    0.000 K/sec                  
                 0      cpu-migrations            #    0.000 K/sec                  
               221      page-faults               #    0.008 M/sec                    ( +-  0.09% )
   <not supported>      cycles                                                      
   <not supported>      instructions                                                
   <not supported>      branches                                                    
   <not supported>      branch-misses                                               

       0.029624681 seconds time elapsed                                          ( +-  0.22% )


 Performance counter stats for './mandelbrot_pth 0.175 0.375 -0.1 0.1 128 2' (10 runs):

         32.692443      task-clock (msec)         #    1.835 CPUs utilized            ( +-  0.87% )
                 7      context-switches          #    0.217 K/sec                    ( +- 21.25% )
                 0      cpu-migrations            #    0.000 K/sec                  
               236      page-faults               #    0.007 M/sec                    ( +-  0.18% )
   <not supported>      cycles                                                      
   <not supported>      instructions                                                
   <not supported>      branches                                                    
   <not supported>      branch-misses                                               

       0.017812105 seconds time elapsed                                          ( +-  0.91% )


 Performance counter stats for './mandelbrot_pth 0.175 0.375 -0.1 0.1 128 3' (10 runs):

         34.333721      task-clock (msec)         #    2.584 CPUs utilized            ( +-  0.15% )
                16      context-switches          #    0.475 K/sec                    ( +-  7.65% )
                 0      cpu-migrations            #    0.009 K/sec                    ( +- 71.15% )
               238      page-faults               #    0.007 M/sec                    ( +-  0.14% )
   <not supported>      cycles                                                      
   <not supported>      instructions                                                
   <not supported>      branches                                                    
   <not supported>      branch-misses                                               

       0.013286326 seconds time elapsed                                          ( +-  0.20% )


 Performance counter stats for './mandelbrot_pth 0.175 0.375 -0.1 0.1 128 4' (10 runs):

         35.832763      task-clock (msec)         #    3.090 CPUs utilized            ( +-  0.33% )
                27      context-switches          #    0.756 K/sec                    ( +-  2.83% )
                 1      cpu-migrations            #    0.039 K/sec                    ( +- 11.66% )
               240      page-faults               #    0.007 M/sec                    ( +-  0.12% )
   <not supported>      cycles                                                      
   <not supported>      instructions                                                
   <not supported>      branches                                                    
   <not supported>      branch-misses                                               

       0.011594747 seconds time elapsed                                          ( +-  1.69% )


 Performance counter stats for './mandelbrot_pth 0.175 0.375 -0.1 0.1 128 5' (10 runs):

         36.051083      task-clock (msec)         #    3.233 CPUs utilized            ( +-  0.42% )
                36      context-switches          #    0.001 M/sec                    ( +-  9.46% )
                 3      cpu-migrations            #    0.078 K/sec                    ( +- 19.78% )
               241      page-faults               #    0.007 M/sec                    ( +-  0.14% )
   <not supported>      cycles                                                      
   <not supported>      instructions                                                
   <not supported>      branches                                                    
   <not supported>      branch-misses                                               

       0.011149959 seconds time elapsed                                          ( +-  0.69% )


 Performance counter stats for './mandelbrot_pth 0.175 0.375 -0.1 0.1 128 6' (10 runs):

         36.464579      task-clock (msec)         #    3.225 CPUs utilized            ( +-  0.23% )
                39      context-switches          #    0.001 M/sec                    ( +-  4.90% )
                 5      cpu-migrations            #    0.126 K/sec                    ( +- 12.21% )
               244      page-faults               #    0.007 M/sec                    ( +-  0.18% )
   <not supported>      cycles                                                      
   <not supported>      instructions                                                
   <not supported>      branches                                                    
   <not supported>      branch-misses                                               

       0.011306737 seconds time elapsed                                          ( +-  0.46% )


 Performance counter stats for './mandelbrot_pth 0.175 0.375 -0.1 0.1 128 7' (10 runs):

         36.678570      task-clock (msec)         #    3.226 CPUs utilized            ( +-  0.27% )
                44      context-switches          #    0.001 M/sec                    ( +-  5.22% )
                 6      cpu-migrations            #    0.153 K/sec                    ( +-  9.30% )
               245      page-faults               #    0.007 M/sec                    ( +-  0.18% )
   <not supported>      cycles                                                      
   <not supported>      instructions                                                
   <not supported>      branches                                                    
   <not supported>      branch-misses                                               

       0.011370703 seconds time elapsed                                          ( +-  0.67% )


 Performance counter stats for './mandelbrot_pth 0.175 0.375 -0.1 0.1 128 8' (10 runs):

         36.670825      task-clock (msec)         #    3.251 CPUs utilized            ( +-  0.49% )
                50      context-switches          #    0.001 M/sec                    ( +-  7.83% )
                 5      cpu-migrations            #    0.131 K/sec                    ( +- 13.47% )
               248      page-faults               #    0.007 M/sec                    ( +-  0.13% )
   <not supported>      cycles                                                      
   <not supported>      instructions                                                
   <not supported>      branches                                                    
   <not supported>      branch-misses                                               

       0.011279681 seconds time elapsed                                          ( +-  0.50% )


 Performance counter stats for './mandelbrot_pth 0.175 0.375 -0.1 0.1 256 1' (10 runs):

        115.413146      task-clock (msec)         #    0.997 CPUs utilized            ( +-  0.09% )
                 0      context-switches          #    0.003 K/sec                    ( +- 50.92% )
                 0      cpu-migrations            #    0.000 K/sec                  
               702      page-faults               #    0.006 M/sec                    ( +-  0.03% )
   <not supported>      cycles                                                      
   <not supported>      instructions                                                
   <not supported>      branches                                                    
   <not supported>      branch-misses                                               

       0.115754107 seconds time elapsed                                          ( +-  0.10% )


 Performance counter stats for './mandelbrot_pth 0.175 0.375 -0.1 0.1 256 2' (10 runs):

        126.140183      task-clock (msec)         #    1.896 CPUs utilized            ( +-  0.50% )
                16      context-switches          #    0.130 K/sec                    ( +- 17.56% )
                 1      cpu-migrations            #    0.007 K/sec                    ( +- 25.93% )
               717      page-faults               #    0.006 M/sec                    ( +-  0.07% )
   <not supported>      cycles                                                      
   <not supported>      instructions                                                
   <not supported>      branches                                                    
   <not supported>      branch-misses                                               

       0.066524720 seconds time elapsed                                          ( +-  0.57% )


 Performance counter stats for './mandelbrot_pth 0.175 0.375 -0.1 0.1 256 3' (10 runs):

        134.286630      task-clock (msec)         #    2.682 CPUs utilized            ( +-  0.14% )
                68      context-switches          #    0.504 K/sec                    ( +-  6.26% )
                 0      cpu-migrations            #    0.004 K/sec                    ( +- 68.31% )
               718      page-faults               #    0.005 M/sec                    ( +-  0.03% )
   <not supported>      cycles                                                      
   <not supported>      instructions                                                
   <not supported>      branches                                                    
   <not supported>      branch-misses                                               

       0.050073567 seconds time elapsed                                          ( +-  0.25% )


 Performance counter stats for './mandelbrot_pth 0.175 0.375 -0.1 0.1 256 4' (10 runs):

        141.026255      task-clock (msec)         #    3.397 CPUs utilized            ( +-  0.18% )
               140      context-switches          #    0.989 K/sec                    ( +-  4.13% )
                 2      cpu-migrations            #    0.011 K/sec                    ( +- 11.11% )
               721      page-faults               #    0.005 M/sec                    ( +-  0.06% )
   <not supported>      cycles                                                      
   <not supported>      instructions                                                
   <not supported>      branches                                                    
   <not supported>      branch-misses                                               

       0.041512331 seconds time elapsed                                          ( +-  0.51% )


 Performance counter stats for './mandelbrot_pth 0.175 0.375 -0.1 0.1 256 5' (10 runs):

        142.000782      task-clock (msec)         #    3.438 CPUs utilized            ( +-  0.21% )
               153      context-switches          #    0.001 M/sec                    ( +-  3.70% )
                 5      cpu-migrations            #    0.037 K/sec                    ( +- 19.40% )
               722      page-faults               #    0.005 M/sec                    ( +-  0.07% )
   <not supported>      cycles                                                      
   <not supported>      instructions                                                
   <not supported>      branches                                                    
   <not supported>      branch-misses                                               

       0.041302044 seconds time elapsed                                          ( +-  0.32% )


 Performance counter stats for './mandelbrot_pth 0.175 0.375 -0.1 0.1 256 6' (10 runs):

        142.573633      task-clock (msec)         #    3.429 CPUs utilized            ( +-  0.25% )
               175      context-switches          #    0.001 M/sec                    ( +-  3.53% )
                 8      cpu-migrations            #    0.056 K/sec                    ( +- 21.25% )
               725      page-faults               #    0.005 M/sec                    ( +-  0.06% )
   <not supported>      cycles                                                      
   <not supported>      instructions                                                
   <not supported>      branches                                                    
   <not supported>      branch-misses                                               

       0.041575618 seconds time elapsed                                          ( +-  0.30% )


 Performance counter stats for './mandelbrot_pth 0.175 0.375 -0.1 0.1 256 7' (10 runs):

        141.892818      task-clock (msec)         #    3.457 CPUs utilized            ( +-  0.24% )
               173      context-switches          #    0.001 M/sec                    ( +-  4.73% )
                 8      cpu-migrations            #    0.060 K/sec                    ( +- 17.47% )
               727      page-faults               #    0.005 M/sec                    ( +-  0.05% )
   <not supported>      cycles                                                      
   <not supported>      instructions                                                
   <not supported>      branches                                                    
   <not supported>      branch-misses                                               

       0.041045407 seconds time elapsed                                          ( +-  0.39% )


 Performance counter stats for './mandelbrot_pth 0.175 0.375 -0.1 0.1 256 8' (10 runs):

        141.765396      task-clock (msec)         #    3.453 CPUs utilized            ( +-  0.22% )
               179      context-switches          #    0.001 M/sec                    ( +-  5.51% )
                 9      cpu-migrations            #    0.061 K/sec                    ( +- 10.84% )
               729      page-faults               #    0.005 M/sec                    ( +-  0.05% )
   <not supported>      cycles                                                      
   <not supported>      instructions                                                
   <not supported>      branches                                                    
   <not supported>      branch-misses                                               

       0.041050904 seconds time elapsed                                          ( +-  0.28% )


 Performance counter stats for './mandelbrot_pth 0.175 0.375 -0.1 0.1 512 1' (10 runs):

        457.580883      task-clock (msec)         #    0.999 CPUs utilized            ( +-  0.07% )
                 1      context-switches          #    0.002 K/sec                    ( +- 25.93% )
                 0      cpu-migrations            #    0.000 K/sec                  
              2622      page-faults               #    0.006 M/sec                    ( +-  0.01% )
   <not supported>      cycles                                                      
   <not supported>      instructions                                                
   <not supported>      branches                                                    
   <not supported>      branch-misses                                               

       0.457922997 seconds time elapsed                                          ( +-  0.08% )


 Performance counter stats for './mandelbrot_pth 0.175 0.375 -0.1 0.1 512 2' (10 runs):

        507.427706      task-clock (msec)         #    1.916 CPUs utilized            ( +-  0.24% )
                95      context-switches          #    0.188 K/sec                    ( +-  4.83% )
                 2      cpu-migrations            #    0.003 K/sec                    ( +- 14.91% )
              2637      page-faults               #    0.005 M/sec                    ( +-  0.02% )
   <not supported>      cycles                                                      
   <not supported>      instructions                                                
   <not supported>      branches                                                    
   <not supported>      branch-misses                                               

       0.264809296 seconds time elapsed                                          ( +-  0.28% )


 Performance counter stats for './mandelbrot_pth 0.175 0.375 -0.1 0.1 512 3' (10 runs):

        529.627396      task-clock (msec)         #    2.745 CPUs utilized            ( +-  0.15% )
               353      context-switches          #    0.666 K/sec                    ( +-  3.30% )
                 1      cpu-migrations            #    0.002 K/sec                    ( +- 21.21% )
              2639      page-faults               #    0.005 M/sec                    ( +-  0.02% )
   <not supported>      cycles                                                      
   <not supported>      instructions                                                
   <not supported>      branches                                                    
   <not supported>      branch-misses                                               

       0.192947971 seconds time elapsed                                          ( +-  0.26% )


 Performance counter stats for './mandelbrot_pth 0.175 0.375 -0.1 0.1 512 4' (10 runs):

        557.040473      task-clock (msec)         #    3.505 CPUs utilized            ( +-  0.16% )
               683      context-switches          #    0.001 M/sec                    ( +-  4.07% )
                 2      cpu-migrations            #    0.004 K/sec                    ( +- 13.19% )
              2640      page-faults               #    0.005 M/sec                    ( +-  0.01% )
   <not supported>      cycles                                                      
   <not supported>      instructions                                                
   <not supported>      branches                                                    
   <not supported>      branch-misses                                               

       0.158931856 seconds time elapsed                                          ( +-  0.30% )


 Performance counter stats for './mandelbrot_pth 0.175 0.375 -0.1 0.1 512 5' (10 runs):

        559.538673      task-clock (msec)         #    3.523 CPUs utilized            ( +-  0.12% )
               746      context-switches          #    0.001 M/sec                    ( +-  2.79% )
                23      cpu-migrations            #    0.042 K/sec                    ( +- 10.22% )
              2643      page-faults               #    0.005 M/sec                    ( +-  0.01% )
   <not supported>      cycles                                                      
   <not supported>      instructions                                                
   <not supported>      branches                                                    
   <not supported>      branch-misses                                               

       0.158841947 seconds time elapsed                                          ( +-  0.18% )


 Performance counter stats for './mandelbrot_pth 0.175 0.375 -0.1 0.1 512 6' (10 runs):

        560.359008      task-clock (msec)         #    3.542 CPUs utilized            ( +-  0.09% )
               780      context-switches          #    0.001 M/sec                    ( +-  3.36% )
                27      cpu-migrations            #    0.047 K/sec                    ( +-  7.63% )
              2645      page-faults               #    0.005 M/sec                    ( +-  0.01% )
   <not supported>      cycles                                                      
   <not supported>      instructions                                                
   <not supported>      branches                                                    
   <not supported>      branch-misses                                               

       0.158217136 seconds time elapsed                                          ( +-  0.19% )


 Performance counter stats for './mandelbrot_pth 0.175 0.375 -0.1 0.1 512 7' (10 runs):

        561.152799      task-clock (msec)         #    3.566 CPUs utilized            ( +-  0.21% )
               838      context-switches          #    0.001 M/sec                    ( +-  4.05% )
                26      cpu-migrations            #    0.047 K/sec                    ( +- 12.05% )
              2646      page-faults               #    0.005 M/sec                    ( +-  0.01% )
   <not supported>      cycles                                                      
   <not supported>      instructions                                                
   <not supported>      branches                                                    
   <not supported>      branch-misses                                               

       0.157364332 seconds time elapsed                                          ( +-  0.45% )


 Performance counter stats for './mandelbrot_pth 0.175 0.375 -0.1 0.1 512 8' (10 runs):

        563.220956      task-clock (msec)         #    3.570 CPUs utilized            ( +-  0.17% )
               936      context-switches          #    0.002 M/sec                    ( +-  1.08% )
                11      cpu-migrations            #    0.020 K/sec                    ( +- 12.09% )
              2649      page-faults               #    0.005 M/sec                    ( +-  0.02% )
   <not supported>      cycles                                                      
   <not supported>      instructions                                                
   <not supported>      branches                                                    
   <not supported>      branch-misses                                               

       0.157752911 seconds time elapsed                                          ( +-  0.40% )


 Performance counter stats for './mandelbrot_pth 0.175 0.375 -0.1 0.1 1024 1' (10 runs):

       1832.636377      task-clock (msec)         #    0.997 CPUs utilized            ( +-  0.13% )
                 5      context-switches          #    0.003 K/sec                    ( +-  3.02% )
                 0      cpu-migrations            #    0.000 K/sec                    ( +- 40.82% )
             10302      page-faults               #    0.006 M/sec                    ( +-  0.00% )
   <not supported>      cycles                                                      
   <not supported>      instructions                                                
   <not supported>      branches                                                    
   <not supported>      branch-misses                                               

       1.838458197 seconds time elapsed                                          ( +-  0.16% )


 Performance counter stats for './mandelbrot_pth 0.175 0.375 -0.1 0.1 1024 2' (10 runs):

       1903.067814      task-clock (msec)         #    1.917 CPUs utilized            ( +-  0.11% )
                32      context-switches          #    0.017 K/sec                    ( +-  3.43% )
                 2      cpu-migrations            #    0.001 K/sec                    ( +- 12.56% )
             10316      page-faults               #    0.005 M/sec                    ( +-  0.00% )
   <not supported>      cycles                                                      
   <not supported>      instructions                                                
   <not supported>      branches                                                    
   <not supported>      branch-misses                                               

       0.992832627 seconds time elapsed                                          ( +-  0.16% )


 Performance counter stats for './mandelbrot_pth 0.175 0.375 -0.1 0.1 1024 3' (10 runs):

       1964.822640      task-clock (msec)         #    2.760 CPUs utilized            ( +-  0.08% )
               838      context-switches          #    0.427 K/sec                    ( +-  2.20% )
                 2      cpu-migrations            #    0.001 K/sec                    ( +- 21.57% )
             10318      page-faults               #    0.005 M/sec                    ( +-  0.00% )
   <not supported>      cycles                                                      
   <not supported>      instructions                                                
   <not supported>      branches                                                    
   <not supported>      branch-misses                                               

       0.711848392 seconds time elapsed                                          ( +-  0.21% )


 Performance counter stats for './mandelbrot_pth 0.175 0.375 -0.1 0.1 1024 4' (10 runs):

       2004.035824      task-clock (msec)         #    3.541 CPUs utilized            ( +-  0.11% )
              1855      context-switches          #    0.926 K/sec                    ( +-  1.75% )
                 2      cpu-migrations            #    0.001 K/sec                    ( +- 12.28% )
             10322      page-faults               #    0.005 M/sec                    ( +-  0.00% )
   <not supported>      cycles                                                      
   <not supported>      instructions                                                
   <not supported>      branches                                                    
   <not supported>      branch-misses                                               

       0.566025411 seconds time elapsed                                          ( +-  0.30% )


 Performance counter stats for './mandelbrot_pth 0.175 0.375 -0.1 0.1 1024 5' (10 runs):

       2009.332188      task-clock (msec)         #    3.547 CPUs utilized            ( +-  0.08% )
              2097      context-switches          #    0.001 M/sec                    ( +-  2.13% )
                55      cpu-migrations            #    0.027 K/sec                    ( +-  8.83% )
             10323      page-faults               #    0.005 M/sec                    ( +-  0.00% )
   <not supported>      cycles                                                      
   <not supported>      instructions                                                
   <not supported>      branches                                                    
   <not supported>      branch-misses                                               

       0.566556519 seconds time elapsed                                          ( +-  0.27% )


 Performance counter stats for './mandelbrot_pth 0.175 0.375 -0.1 0.1 1024 6' (10 runs):

       2016.622854      task-clock (msec)         #    3.536 CPUs utilized            ( +-  0.13% )
              2382      context-switches          #    0.001 M/sec                    ( +-  1.60% )
                62      cpu-migrations            #    0.031 K/sec                    ( +-  8.38% )
             10325      page-faults               #    0.005 M/sec                    ( +-  0.00% )
   <not supported>      cycles                                                      
   <not supported>      instructions                                                
   <not supported>      branches                                                    
   <not supported>      branch-misses                                               

       0.570242951 seconds time elapsed                                          ( +-  0.37% )


 Performance counter stats for './mandelbrot_pth 0.175 0.375 -0.1 0.1 1024 7' (10 runs):

       2019.445485      task-clock (msec)         #    3.563 CPUs utilized            ( +-  0.12% )
              2712      context-switches          #    0.001 M/sec                    ( +-  1.83% )
                49      cpu-migrations            #    0.024 K/sec                    ( +- 14.91% )
             10326      page-faults               #    0.005 M/sec                    ( +-  0.00% )
   <not supported>      cycles                                                      
   <not supported>      instructions                                                
   <not supported>      branches                                                    
   <not supported>      branch-misses                                               

       0.566717818 seconds time elapsed                                          ( +-  0.31% )


 Performance counter stats for './mandelbrot_pth 0.175 0.375 -0.1 0.1 1024 8' (10 runs):

       2027.833149      task-clock (msec)         #    3.554 CPUs utilized            ( +-  0.14% )
              2940      context-switches          #    0.001 M/sec                    ( +-  2.90% )
                15      cpu-migrations            #    0.007 K/sec                    ( +- 14.34% )
             10328      page-faults               #    0.005 M/sec                    ( +-  0.00% )
   <not supported>      cycles                                                      
   <not supported>      instructions                                                
   <not supported>      branches                                                    
   <not supported>      branch-misses                                               

       0.570593573 seconds time elapsed                                          ( +-  0.51% )


 Performance counter stats for './mandelbrot_pth 0.175 0.375 -0.1 0.1 2048 1' (10 runs):

       7290.295134      task-clock (msec)         #    0.996 CPUs utilized            ( +-  0.07% )
                25      context-switches          #    0.003 K/sec                    ( +-  1.32% )
                 0      cpu-migrations            #    0.000 K/sec                    ( +- 66.67% )
             41022      page-faults               #    0.006 M/sec                    ( +-  0.00% )
   <not supported>      cycles                                                      
   <not supported>      instructions                                                
   <not supported>      branches                                                    
   <not supported>      branch-misses                                               

       7.317457902 seconds time elapsed                                          ( +-  0.07% )


 Performance counter stats for './mandelbrot_pth 0.175 0.375 -0.1 0.1 2048 2' (10 runs):

       8337.183919      task-clock (msec)         #    1.917 CPUs utilized            ( +-  0.20% )
              2638      context-switches          #    0.316 K/sec                    ( +-  7.28% )
                 2      cpu-migrations            #    0.000 K/sec                    ( +- 20.49% )
             41036      page-faults               #    0.005 M/sec                    ( +-  0.00% )
   <not supported>      cycles                                                      
   <not supported>      instructions                                                
   <not supported>      branches                                                    
   <not supported>      branch-misses                                               

       4.349025600 seconds time elapsed                                          ( +-  0.22% )


 Performance counter stats for './mandelbrot_pth 0.175 0.375 -0.1 0.1 2048 3' (10 runs):

       8505.926358      task-clock (msec)         #    2.756 CPUs utilized            ( +-  0.18% )
              9328      context-switches          #    0.001 M/sec                    ( +-  3.22% )
                 2      cpu-migrations            #    0.000 K/sec                    ( +- 19.71% )
             41038      page-faults               #    0.005 M/sec                    ( +-  0.00% )
   <not supported>      cycles                                                      
   <not supported>      instructions                                                
   <not supported>      branches                                                    
   <not supported>      branch-misses                                               

       3.086617587 seconds time elapsed                                          ( +-  0.23% )


 Performance counter stats for './mandelbrot_pth 0.175 0.375 -0.1 0.1 2048 4' (10 runs):

       8934.842414      task-clock (msec)         #    3.521 CPUs utilized            ( +-  0.15% )
             17361      context-switches          #    0.002 M/sec                    ( +-  3.96% )
                 2      cpu-migrations            #    0.000 K/sec                    ( +- 14.91% )
             41041      page-faults               #    0.005 M/sec                    ( +-  0.00% )
   <not supported>      cycles                                                      
   <not supported>      instructions                                                
   <not supported>      branches                                                    
   <not supported>      branch-misses                                               

       2.537258662 seconds time elapsed                                          ( +-  0.31% )


 Performance counter stats for './mandelbrot_pth 0.175 0.375 -0.1 0.1 2048 5' (10 runs):

       8973.505070      task-clock (msec)         #    3.542 CPUs utilized            ( +-  0.11% )
             19196      context-switches          #    0.002 M/sec                    ( +-  3.89% )
               347      cpu-migrations            #    0.039 K/sec                    ( +-  4.98% )
             41044      page-faults               #    0.005 M/sec                    ( +-  0.00% )
   <not supported>      cycles                                                      
   <not supported>      instructions                                                
   <not supported>      branches                                                    
   <not supported>      branch-misses                                               

       2.533136307 seconds time elapsed                                          ( +-  0.25% )


 Performance counter stats for './mandelbrot_pth 0.175 0.375 -0.1 0.1 2048 6' (10 runs):

       9005.633123      task-clock (msec)         #    3.576 CPUs utilized            ( +-  0.11% )
             21066      context-switches          #    0.002 M/sec                    ( +-  2.83% )
               406      cpu-migrations            #    0.045 K/sec                    ( +-  4.59% )
             41045      page-faults               #    0.005 M/sec                    ( +-  0.00% )
   <not supported>      cycles                                                      
   <not supported>      instructions                                                
   <not supported>      branches                                                    
   <not supported>      branch-misses                                               

       2.518175675 seconds time elapsed                                          ( +-  0.23% )


 Performance counter stats for './mandelbrot_pth 0.175 0.375 -0.1 0.1 2048 7' (10 runs):

       9074.312285      task-clock (msec)         #    3.594 CPUs utilized            ( +-  0.08% )
             23510      context-switches          #    0.003 M/sec                    ( +-  2.69% )
               407      cpu-migrations            #    0.045 K/sec                    ( +-  5.37% )
             41047      page-faults               #    0.005 M/sec                    ( +-  0.00% )
   <not supported>      cycles                                                      
   <not supported>      instructions                                                
   <not supported>      branches                                                    
   <not supported>      branch-misses                                               

       2.525067204 seconds time elapsed                                          ( +-  0.20% )


 Performance counter stats for './mandelbrot_pth 0.175 0.375 -0.1 0.1 2048 8' (10 runs):

       9115.128933      task-clock (msec)         #    3.628 CPUs utilized            ( +-  0.07% )
             24653      context-switches          #    0.003 M/sec                    ( +-  4.67% )
                45      cpu-migrations            #    0.005 K/sec                    ( +- 14.91% )
             41049      page-faults               #    0.005 M/sec                    ( +-  0.00% )
   <not supported>      cycles                                                      
   <not supported>      instructions                                                
   <not supported>      branches                                                    
   <not supported>      branch-misses                                               

       2.512667341 seconds time elapsed                                          ( +-  0.16% )


 Performance counter stats for './mandelbrot_pth 0.175 0.375 -0.1 0.1 4096 1' (10 runs):

      30206.183556      task-clock (msec)         #    0.997 CPUs utilized            ( +-  3.60% )
               108      context-switches          #    0.004 K/sec                    ( +-  3.07% )
                 0      cpu-migrations            #    0.000 K/sec                    ( +- 61.46% )
            163902      page-faults               #    0.005 M/sec                    ( +-  0.00% )
   <not supported>      cycles                                                      
   <not supported>      instructions                                                
   <not supported>      branches                                                    
   <not supported>      branch-misses                                               

      30.301202083 seconds time elapsed                                          ( +-  3.59% )


 Performance counter stats for './mandelbrot_pth 0.175 0.375 -0.1 0.1 4096 2' (10 runs):

      30580.619190      task-clock (msec)         #    1.922 CPUs utilized            ( +-  0.05% )
               855      context-switches          #    0.028 K/sec                    ( +-  1.82% )
                 1      cpu-migrations            #    0.000 K/sec                    ( +- 15.79% )
            163917      page-faults               #    0.005 M/sec                    ( +-  0.00% )
   <not supported>      cycles                                                      
   <not supported>      instructions                                                
   <not supported>      branches                                                    
   <not supported>      branch-misses                                               

      15.908805149 seconds time elapsed                                          ( +-  0.09% )


 Performance counter stats for './mandelbrot_pth 0.175 0.375 -0.1 0.1 4096 3' (10 runs):

      31600.732093      task-clock (msec)         #    2.764 CPUs utilized            ( +-  0.13% )
             21949      context-switches          #    0.695 K/sec                    ( +-  1.46% )
                 2      cpu-migrations            #    0.000 K/sec                    ( +- 22.51% )
            163919      page-faults               #    0.005 M/sec                    ( +-  0.00% )
   <not supported>      cycles                                                      
   <not supported>      instructions                                                
   <not supported>      branches                                                    
   <not supported>      branch-misses                                               

      11.431485689 seconds time elapsed                                          ( +-  0.27% )


 Performance counter stats for './mandelbrot_pth 0.175 0.375 -0.1 0.1 4096 4' (10 runs):

      32267.844771      task-clock (msec)         #    3.543 CPUs utilized            ( +-  0.11% )
             48100      context-switches          #    0.001 M/sec                    ( +-  1.32% )
                 6      cpu-migrations            #    0.000 K/sec                    ( +- 44.94% )
            163921      page-faults               #    0.005 M/sec                    ( +-  0.00% )
   <not supported>      cycles                                                      
   <not supported>      instructions                                                
   <not supported>      branches                                                    
   <not supported>      branch-misses                                               

       9.108162237 seconds time elapsed                                          ( +-  0.27% )


 Performance counter stats for './mandelbrot_pth 0.175 0.375 -0.1 0.1 4096 5' (10 runs):

      32355.638509      task-clock (msec)         #    3.553 CPUs utilized            ( +-  0.11% )
             52832      context-switches          #    0.002 M/sec                    ( +-  1.93% )
               392      cpu-migrations            #    0.012 K/sec                    ( +-  2.32% )
            163922      page-faults               #    0.005 M/sec                    ( +-  0.00% )
   <not supported>      cycles                                                      
   <not supported>      instructions                                                
   <not supported>      branches                                                    
   <not supported>      branch-misses                                               

       9.105642466 seconds time elapsed                                          ( +-  0.29% )


 Performance counter stats for './mandelbrot_pth 0.175 0.375 -0.1 0.1 4096 6' (10 runs):

      32456.319223      task-clock (msec)         #    3.560 CPUs utilized            ( +-  0.18% )
             63304      context-switches          #    0.002 M/sec                    ( +-  1.01% )
               528      cpu-migrations            #    0.016 K/sec                    ( +-  3.90% )
            163925      page-faults               #    0.005 M/sec                    ( +-  0.00% )
   <not supported>      cycles                                                      
   <not supported>      instructions                                                
   <not supported>      branches                                                    
   <not supported>      branch-misses                                               

       9.117575723 seconds time elapsed                                          ( +-  0.35% )


 Performance counter stats for './mandelbrot_pth 0.175 0.375 -0.1 0.1 4096 7' (10 runs):

      32640.261256      task-clock (msec)         #    3.582 CPUs utilized            ( +-  0.10% )
             68040      context-switches          #    0.002 M/sec                    ( +-  2.18% )
               452      cpu-migrations            #    0.014 K/sec                    ( +-  3.18% )
            163927      page-faults               #    0.005 M/sec                    ( +-  0.00% )
   <not supported>      cycles                                                      
   <not supported>      instructions                                                
   <not supported>      branches                                                    
   <not supported>      branch-misses                                               

       9.112282040 seconds time elapsed                                          ( +-  0.26% )


 Performance counter stats for './mandelbrot_pth 0.175 0.375 -0.1 0.1 4096 8' (10 runs):

      32714.160392      task-clock (msec)         #    3.603 CPUs utilized            ( +-  0.17% )
             80700      context-switches          #    0.002 M/sec                    ( +-  2.00% )
                63      cpu-migrations            #    0.002 K/sec                    ( +-  8.91% )
            163929      page-faults               #    0.005 M/sec                    ( +-  0.00% )
   <not supported>      cycles                                                      
   <not supported>      instructions                                                
   <not supported>      branches                                                    
   <not supported>      branch-misses                                               

       9.079214093 seconds time elapsed                                          ( +-  0.30% )


 Performance counter stats for './mandelbrot_pth 0.175 0.375 -0.1 0.1 8192 1' (10 runs):

     116325.910453      task-clock (msec)         #    0.996 CPUs utilized            ( +-  0.07% )
               347      context-switches          #    0.003 K/sec                    ( +-  4.30% )
                 1      cpu-migrations            #    0.000 K/sec                    ( +- 44.72% )
            655422      page-faults               #    0.006 M/sec                    ( +-  0.00% )
   <not supported>      cycles                                                      
   <not supported>      instructions                                                
   <not supported>      branches                                                    
   <not supported>      branch-misses                                               

     116.788795553 seconds time elapsed                                          ( +-  0.07% )


 Performance counter stats for './mandelbrot_pth 0.175 0.375 -0.1 0.1 8192 2' (10 runs):

     130474.181317      task-clock (msec)         #    1.919 CPUs utilized            ( +-  1.39% )
             31546      context-switches          #    0.242 K/sec                    ( +- 22.19% )
                 3      cpu-migrations            #    0.000 K/sec                    ( +- 21.75% )
            655437      page-faults               #    0.005 M/sec                    ( +-  0.00% )
   <not supported>      cycles                                                      
   <not supported>      instructions                                                
   <not supported>      branches                                                    
   <not supported>      branch-misses                                               

      67.976596438 seconds time elapsed                                          ( +-  1.41% )


 Performance counter stats for './mandelbrot_pth 0.175 0.375 -0.1 0.1 8192 3' (10 runs):

     135693.068865      task-clock (msec)         #    2.765 CPUs utilized            ( +-  0.82% )
            164805      context-switches          #    0.001 M/sec                    ( +-  5.25% )
                 5      cpu-migrations            #    0.000 K/sec                    ( +- 14.50% )
            655438      page-faults               #    0.005 M/sec                    ( +-  0.00% )
   <not supported>      cycles                                                      
   <not supported>      instructions                                                
   <not supported>      branches                                                    
   <not supported>      branch-misses                                               

      49.081657018 seconds time elapsed                                          ( +-  0.84% )


 Performance counter stats for './mandelbrot_pth 0.175 0.375 -0.1 0.1 8192 4' (10 runs):

     141560.570065      task-clock (msec)         #    3.536 CPUs utilized            ( +-  1.00% )
            291733      context-switches          #    0.002 M/sec                    ( +-  5.02% )
                 6      cpu-migrations            #    0.000 K/sec                    ( +-  8.21% )
            655441      page-faults               #    0.005 M/sec                    ( +-  0.00% )
   <not supported>      cycles                                                      
   <not supported>      instructions                                                
   <not supported>      branches                                                    
   <not supported>      branch-misses                                               

      40.035726688 seconds time elapsed                                          ( +-  1.03% )


 Performance counter stats for './mandelbrot_pth 0.175 0.375 -0.1 0.1 8192 5' (10 runs):

     144132.124806      task-clock (msec)         #    3.563 CPUs utilized            ( +-  0.12% )
            353185      context-switches          #    0.002 M/sec                    ( +-  3.57% )
              5918      cpu-migrations            #    0.041 K/sec                    ( +-  6.95% )
            655442      page-faults               #    0.005 M/sec                    ( +-  0.00% )
   <not supported>      cycles                                                      
   <not supported>      instructions                                                
   <not supported>      branches                                                    
   <not supported>      branch-misses                                               

      40.455020552 seconds time elapsed                                          ( +-  0.21% )


 Performance counter stats for './mandelbrot_pth 0.175 0.375 -0.1 0.1 8192 6' (10 runs):

     141702.144300      task-clock (msec)         #    3.588 CPUs utilized            ( +-  1.42% )
            375182      context-switches          #    0.003 M/sec                    ( +-  5.73% )
              5623      cpu-migrations            #    0.040 K/sec                    ( +- 11.70% )
            655444      page-faults               #    0.005 M/sec                    ( +-  0.00% )
   <not supported>      cycles                                                      
   <not supported>      instructions                                                
   <not supported>      branches                                                    
   <not supported>      branch-misses                                               

      39.489138951 seconds time elapsed                                          ( +-  1.41% )


 Performance counter stats for './mandelbrot_pth 0.175 0.375 -0.1 0.1 8192 7' (10 runs):

     136538.157186      task-clock (msec)         #    3.591 CPUs utilized            ( +-  1.82% )
            348234      context-switches          #    0.003 M/sec                    ( +-  7.38% )
              3276      cpu-migrations            #    0.024 K/sec                    ( +- 22.91% )
            655446      page-faults               #    0.005 M/sec                    ( +-  0.00% )
   <not supported>      cycles                                                      
   <not supported>      instructions                                                
   <not supported>      branches                                                    
   <not supported>      branch-misses                                               

      38.017457817 seconds time elapsed                                          ( +-  1.62% )


 Performance counter stats for './mandelbrot_pth 0.175 0.375 -0.1 0.1 8192 8' (10 runs):

     143549.226984      task-clock (msec)         #    3.637 CPUs utilized            ( +-  1.51% )
            454953      context-switches          #    0.003 M/sec                    ( +-  5.81% )
               589      cpu-migrations            #    0.004 K/sec                    ( +-  9.47% )
            655448      page-faults               #    0.005 M/sec                    ( +-  0.00% )
   <not supported>      cycles                                                      
   <not supported>      instructions                                                
   <not supported>      branches                                                    
   <not supported>      branch-misses                                               

      39.467981690 seconds time elapsed                                          ( +-  1.42% )

