
 Performance counter stats for './mandelbrot_cuda_noio -0.188 -0.012 0.554 0.754 4096' (15 runs):

            588.96 msec task-clock:u              #    0.881 CPUs utilized            ( +-  1.12% )
                 0      context-switches:u        #    0.000 K/sec                  
                 0      cpu-migrations:u          #    0.000 K/sec                  
             29683      page-faults:u             #    0.050 M/sec                    ( +-  0.00% )
        1156571195      cycles:u                  #    1.964 GHz                      ( +-  2.21% )  (83.25%)
           6772702      stalled-cycles-frontend:u #    0.59% frontend cycles idle     ( +- 11.55% )  (83.18%)
         230779878      stalled-cycles-backend:u  #   19.95% backend cycles idle      ( +-  3.15% )  (83.19%)
        2277096177      instructions:u            #    1.97  insn per cycle         
                                                  #    0.10  stalled cycles per insn  ( +-  1.93% )  (83.48%)
         560045299      branches:u                #  950.904 M/sec                    ( +-  2.04% )  (83.50%)
            219510      branch-misses:u           #    0.04% of all branches          ( +-  3.15% )  (83.41%)

           0.66880 +- 0.00695 seconds time elapsed  ( +-  1.04% )


 Performance counter stats for './mandelbrot_cuda_noio -0.188 -0.012 0.554 0.754 4096' (15 runs):

            591.82 msec task-clock:u              #    0.870 CPUs utilized            ( +-  0.77% )
                 0      context-switches:u        #    0.000 K/sec                  
                 0      cpu-migrations:u          #    0.000 K/sec                  
             29683      page-faults:u             #    0.050 M/sec                    ( +-  0.00% )
        1166126367      cycles:u                  #    1.970 GHz                      ( +-  1.30% )  (83.22%)
           7916834      stalled-cycles-frontend:u #    0.68% frontend cycles idle     ( +-  8.37% )  (83.20%)
         231686155      stalled-cycles-backend:u  #   19.87% backend cycles idle      ( +-  2.50% )  (83.27%)
        2297448765      instructions:u            #    1.97  insn per cycle         
                                                  #    0.10  stalled cycles per insn  ( +-  1.31% )  (83.48%)
         567112787      branches:u                #  958.249 M/sec                    ( +-  1.36% )  (83.57%)
            207890      branch-misses:u           #    0.04% of all branches          ( +-  3.14% )  (83.27%)

           0.68002 +- 0.00905 seconds time elapsed  ( +-  1.33% )


 Performance counter stats for './mandelbrot_cuda_noio -0.188 -0.012 0.554 0.754 4096' (15 runs):

            585.80 msec task-clock:u              #    0.885 CPUs utilized            ( +-  0.51% )
                 0      context-switches:u        #    0.000 K/sec                  
                 0      cpu-migrations:u          #    0.000 K/sec                  
             29681      page-faults:u             #    0.051 M/sec                    ( +-  0.00% )
        1099364981      cycles:u                  #    1.877 GHz                      ( +-  0.76% )  (83.21%)
           7343705      stalled-cycles-frontend:u #    0.67% frontend cycles idle     ( +-  7.23% )  (83.34%)
         238060505      stalled-cycles-backend:u  #   21.65% backend cycles idle      ( +-  2.51% )  (83.24%)
        2191787846      instructions:u            #    1.99  insn per cycle         
                                                  #    0.11  stalled cycles per insn  ( +-  0.93% )  (83.40%)
         539142186      branches:u                #  920.346 M/sec                    ( +-  0.94% )  (83.42%)
            223240      branch-misses:u           #    0.04% of all branches          ( +-  1.98% )  (83.39%)

           0.66197 +- 0.00362 seconds time elapsed  ( +-  0.55% )


 Performance counter stats for './mandelbrot_cuda_noio -0.188 -0.012 0.554 0.754 4096' (15 runs):

            580.29 msec task-clock:u              #    0.885 CPUs utilized            ( +-  0.60% )
                 0      context-switches:u        #    0.000 K/sec                  
                 0      cpu-migrations:u          #    0.000 K/sec                  
             29682      page-faults:u             #    0.051 M/sec                    ( +-  0.00% )
        1090943631      cycles:u                  #    1.880 GHz                      ( +-  0.61% )  (83.08%)
           7093304      stalled-cycles-frontend:u #    0.65% frontend cycles idle     ( +-  8.98% )  (83.33%)
         229537598      stalled-cycles-backend:u  #   21.04% backend cycles idle      ( +-  1.76% )  (83.35%)
        2158219300      instructions:u            #    1.98  insn per cycle         
                                                  #    0.11  stalled cycles per insn  ( +-  0.69% )  (83.55%)
         533149576      branches:u                #  918.771 M/sec                    ( +-  0.70% )  (83.43%)
            224982      branch-misses:u           #    0.04% of all branches          ( +-  2.03% )  (83.26%)

           0.65553 +- 0.00686 seconds time elapsed  ( +-  1.05% )


 Performance counter stats for './mandelbrot_cuda_noio -0.188 -0.012 0.554 0.754 4096' (15 runs):

            583.43 msec task-clock:u              #    0.884 CPUs utilized            ( +-  0.69% )
                 0      context-switches:u        #    0.000 K/sec                  
                 0      cpu-migrations:u          #    0.000 K/sec                  
             29682      page-faults:u             #    0.051 M/sec                    ( +-  0.00% )
        1070574643      cycles:u                  #    1.835 GHz                      ( +-  0.20% )  (83.05%)
           5674847      stalled-cycles-frontend:u #    0.53% frontend cycles idle     ( +-  8.15% )  (83.22%)
         231010482      stalled-cycles-backend:u  #   21.58% backend cycles idle      ( +-  2.87% )  (83.35%)
        2129578585      instructions:u            #    1.99  insn per cycle         
                                                  #    0.11  stalled cycles per insn  ( +-  0.53% )  (83.46%)
         524251803      branches:u                #  898.567 M/sec                    ( +-  0.44% )  (83.50%)
            219369      branch-misses:u           #    0.04% of all branches          ( +-  3.20% )  (83.40%)

           0.65982 +- 0.00719 seconds time elapsed  ( +-  1.09% )


 Performance counter stats for './mandelbrot_cuda_noio -0.188 -0.012 0.554 0.754 4096' (15 runs):

            581.69 msec task-clock:u              #    0.889 CPUs utilized            ( +-  0.44% )
                 0      context-switches:u        #    0.000 K/sec                  
                 0      cpu-migrations:u          #    0.000 K/sec                  
             29683      page-faults:u             #    0.051 M/sec                    ( +-  0.00% )
        1070014598      cycles:u                  #    1.839 GHz                      ( +-  0.21% )  (83.30%)
           6341148      stalled-cycles-frontend:u #    0.59% frontend cycles idle     ( +-  7.27% )  (83.17%)
         226639864      stalled-cycles-backend:u  #   21.18% backend cycles idle      ( +-  2.70% )  (83.49%)
        2138998514      instructions:u            #    2.00  insn per cycle         
                                                  #    0.11  stalled cycles per insn  ( +-  0.60% )  (83.34%)
         523190973      branches:u                #  899.426 M/sec                    ( +-  0.57% )  (83.43%)
            210124      branch-misses:u           #    0.04% of all branches          ( +-  3.58% )  (83.27%)

           0.65462 +- 0.00654 seconds time elapsed  ( +-  1.00% )


 Performance counter stats for './mandelbrot_cuda_noio -0.188 -0.012 0.554 0.754 4096' (15 runs):

            585.41 msec task-clock:u              #    0.894 CPUs utilized            ( +-  0.54% )
                 0      context-switches:u        #    0.000 K/sec                  
                 0      cpu-migrations:u          #    0.000 K/sec                  
             29681      page-faults:u             #    0.051 M/sec                    ( +-  0.00% )
        1069764809      cycles:u                  #    1.827 GHz                      ( +-  0.29% )  (83.13%)
           7920525      stalled-cycles-frontend:u #    0.74% frontend cycles idle     ( +-  5.51% )  (83.12%)
         227382814      stalled-cycles-backend:u  #   21.26% backend cycles idle      ( +-  2.31% )  (83.39%)
        2110148543      instructions:u            #    1.97  insn per cycle         
                                                  #    0.11  stalled cycles per insn  ( +-  0.50% )  (83.44%)
         518885209      branches:u                #  886.356 M/sec                    ( +-  0.48% )  (83.57%)
            208535      branch-misses:u           #    0.04% of all branches          ( +-  4.18% )  (83.34%)

           0.65498 +- 0.00633 seconds time elapsed  ( +-  0.97% )


 Performance counter stats for './mandelbrot_cuda_noio -0.188 -0.012 0.554 0.754 4096' (15 runs):

            581.03 msec task-clock:u              #    0.866 CPUs utilized            ( +-  0.47% )
                 0      context-switches:u        #    0.000 K/sec                  
                 0      cpu-migrations:u          #    0.000 K/sec                  
             29683      page-faults:u             #    0.051 M/sec                    ( +-  0.00% )
        1126543442      cycles:u                  #    1.939 GHz                      ( +-  1.25% )  (83.06%)
           6372909      stalled-cycles-frontend:u #    0.57% frontend cycles idle     ( +-  4.97% )  (83.33%)
         235001510      stalled-cycles-backend:u  #   20.86% backend cycles idle      ( +-  1.80% )  (83.35%)
        2219000632      instructions:u            #    1.97  insn per cycle         
                                                  #    0.11  stalled cycles per insn  ( +-  1.38% )  (83.55%)
         548096411      branches:u                #  943.312 M/sec                    ( +-  1.34% )  (83.44%)
            222963      branch-misses:u           #    0.04% of all branches          ( +-  2.94% )  (83.27%)

           0.67082 +- 0.00795 seconds time elapsed  ( +-  1.18% )

