
 Performance counter stats for './mandelbrot_cuda_noio -0.188 -0.012 0.554 0.754 4096 1' (15 runs):

            611.96 msec task-clock:u              #    0.899 CPUs utilized            ( +-  1.02% )
                 0      context-switches:u        #    0.000 K/sec                  
                 0      cpu-migrations:u          #    0.000 K/sec                  
             29682      page-faults:u             #    0.049 M/sec                    ( +-  0.00% )
        1166004746      cycles:u                  #    1.905 GHz                      ( +-  1.44% )  (83.13%)
           8769981      stalled-cycles-frontend:u #    0.75% frontend cycles idle     ( +-  7.93% )  (83.35%)
         221707364      stalled-cycles-backend:u  #   19.01% backend cycles idle      ( +-  3.13% )  (83.26%)
        2258351058      instructions:u            #    1.94  insn per cycle         
                                                  #    0.10  stalled cycles per insn  ( +-  1.57% )  (83.42%)
         556065067      branches:u                #  908.669 M/sec                    ( +-  1.75% )  (83.49%)
            208729      branch-misses:u           #    0.04% of all branches          ( +-  3.48% )  (83.34%)

           0.68072 +- 0.00584 seconds time elapsed  ( +-  0.86% )


 Performance counter stats for './mandelbrot_cuda_noio -0.188 -0.012 0.554 0.754 4096 2' (15 runs):

            629.29 msec task-clock:u              #    0.894 CPUs utilized            ( +-  1.06% )
                 0      context-switches:u        #    0.000 K/sec                  
                 0      cpu-migrations:u          #    0.000 K/sec                  
             29682      page-faults:u             #    0.047 M/sec                    ( +-  0.00% )
        1101482898      cycles:u                  #    1.750 GHz                      ( +-  1.14% )  (83.21%)
           8797890      stalled-cycles-frontend:u #    0.80% frontend cycles idle     ( +-  8.30% )  (83.30%)
         218583933      stalled-cycles-backend:u  #   19.84% backend cycles idle      ( +-  2.34% )  (83.35%)
        2171952168      instructions:u            #    1.97  insn per cycle         
                                                  #    0.10  stalled cycles per insn  ( +-  1.08% )  (83.44%)
         534391787      branches:u                #  849.192 M/sec                    ( +-  1.16% )  (83.47%)
            197998      branch-misses:u           #    0.04% of all branches          ( +-  2.98% )  (83.23%)

           0.70393 +- 0.00846 seconds time elapsed  ( +-  1.20% )


 Performance counter stats for './mandelbrot_cuda_noio -0.188 -0.012 0.554 0.754 4096 4' (15 runs):

            649.03 msec task-clock:u              #    0.911 CPUs utilized            ( +-  1.25% )
                 0      context-switches:u        #    0.000 K/sec                  
                 0      cpu-migrations:u          #    0.000 K/sec                  
             29682      page-faults:u             #    0.046 M/sec                    ( +-  0.00% )
        1072298939      cycles:u                  #    1.652 GHz                      ( +-  0.22% )  (83.09%)
           7532223      stalled-cycles-frontend:u #    0.70% frontend cycles idle     ( +- 10.35% )  (83.27%)
         226531463      stalled-cycles-backend:u  #   21.13% backend cycles idle      ( +-  2.71% )  (83.35%)
        2113258882      instructions:u            #    1.97  insn per cycle         
                                                  #    0.11  stalled cycles per insn  ( +-  0.50% )  (83.48%)
         521291640      branches:u                #  803.181 M/sec                    ( +-  0.50% )  (83.50%)
            200364      branch-misses:u           #    0.04% of all branches          ( +-  2.47% )  (83.31%)

           0.71256 +- 0.00740 seconds time elapsed  ( +-  1.04% )


 Performance counter stats for './mandelbrot_cuda_noio -0.188 -0.012 0.554 0.754 4096 8' (15 runs):

            644.95 msec task-clock:u              #    0.893 CPUs utilized            ( +-  1.29% )
                 0      context-switches:u        #    0.000 K/sec                  
                 0      cpu-migrations:u          #    0.000 K/sec                  
             29680      page-faults:u             #    0.046 M/sec                    ( +-  0.00% )
        1083644856      cycles:u                  #    1.680 GHz                      ( +-  0.27% )  (83.14%)
           7751962      stalled-cycles-frontend:u #    0.72% frontend cycles idle     ( +-  8.56% )  (83.40%)
         232066407      stalled-cycles-backend:u  #   21.42% backend cycles idle      ( +-  1.70% )  (83.43%)
        2136752410      instructions:u            #    1.97  insn per cycle         
                                                  #    0.11  stalled cycles per insn  ( +-  0.52% )  (83.29%)
         525906710      branches:u                #  815.423 M/sec                    ( +-  0.42% )  (83.47%)
            189217      branch-misses:u           #    0.04% of all branches          ( +-  4.41% )  (83.27%)

            0.7219 +- 0.0113 seconds time elapsed  ( +-  1.57% )


 Performance counter stats for './mandelbrot_cuda_noio -0.188 -0.012 0.554 0.754 4096 16' (15 runs):

            663.24 msec task-clock:u              #    0.909 CPUs utilized            ( +-  1.30% )
                 0      context-switches:u        #    0.000 K/sec                  
                 0      cpu-migrations:u          #    0.000 K/sec                  
             29682      page-faults:u             #    0.045 M/sec                    ( +-  0.00% )
        1086888700      cycles:u                  #    1.639 GHz                      ( +-  0.11% )  (83.19%)
           8211230      stalled-cycles-frontend:u #    0.76% frontend cycles idle     ( +-  7.03% )  (83.18%)
         233606421      stalled-cycles-backend:u  #   21.49% backend cycles idle      ( +-  2.37% )  (83.32%)
        2150029097      instructions:u            #    1.98  insn per cycle         
                                                  #    0.11  stalled cycles per insn  ( +-  0.48% )  (83.45%)
         528800607      branches:u                #  797.301 M/sec                    ( +-  0.63% )  (83.47%)
            196288      branch-misses:u           #    0.04% of all branches          ( +-  2.42% )  (83.38%)

           0.72992 +- 0.00999 seconds time elapsed  ( +-  1.37% )


 Performance counter stats for './mandelbrot_cuda_noio -0.188 -0.012 0.554 0.754 4096 32' (15 runs):

            651.14 msec task-clock:u              #    0.912 CPUs utilized            ( +-  0.85% )
                 0      context-switches:u        #    0.000 K/sec                  
                 0      cpu-migrations:u          #    0.000 K/sec                  
             29680      page-faults:u             #    0.046 M/sec                    ( +-  0.00% )
        1077716060      cycles:u                  #    1.655 GHz                      ( +-  0.19% )  (83.13%)
           6871214      stalled-cycles-frontend:u #    0.64% frontend cycles idle     ( +- 10.08% )  (83.38%)
         222222369      stalled-cycles-backend:u  #   20.62% backend cycles idle      ( +-  2.39% )  (83.30%)
        2136600968      instructions:u            #    1.98  insn per cycle         
                                                  #    0.10  stalled cycles per insn  ( +-  0.62% )  (83.37%)
         525027828      branches:u                #  806.322 M/sec                    ( +-  0.69% )  (83.46%)
            198796      branch-misses:u           #    0.04% of all branches          ( +-  2.35% )  (83.36%)

           0.71404 +- 0.00549 seconds time elapsed  ( +-  0.77% )


 Performance counter stats for './mandelbrot_cuda_noio -0.188 -0.012 0.554 0.754 4096 1' (15 runs):

            647.99 msec task-clock:u              #    0.911 CPUs utilized            ( +-  1.54% )
                 0      context-switches:u        #    0.000 K/sec                  
                 0      cpu-migrations:u          #    0.000 K/sec                  
             29682      page-faults:u             #    0.046 M/sec                    ( +-  0.00% )
        1077856152      cycles:u                  #    1.663 GHz                      ( +-  0.14% )  (83.22%)
           7434895      stalled-cycles-frontend:u #    0.69% frontend cycles idle     ( +-  9.67% )  (83.33%)
         226218595      stalled-cycles-backend:u  #   20.99% backend cycles idle      ( +-  2.66% )  (83.34%)
        2139089173      instructions:u            #    1.98  insn per cycle         
                                                  #    0.11  stalled cycles per insn  ( +-  0.47% )  (83.41%)
         527662277      branches:u                #  814.309 M/sec                    ( +-  0.53% )  (83.48%)
            195621      branch-misses:u           #    0.04% of all branches          ( +-  2.28% )  (83.22%)

            0.7115 +- 0.0125 seconds time elapsed  ( +-  1.75% )


 Performance counter stats for './mandelbrot_cuda_noio -0.188 -0.012 0.554 0.754 4096 2' (15 runs):

            660.88 msec task-clock:u              #    0.914 CPUs utilized            ( +-  1.37% )
                 0      context-switches:u        #    0.000 K/sec                  
                 0      cpu-migrations:u          #    0.000 K/sec                  
             29682      page-faults:u             #    0.045 M/sec                    ( +-  0.00% )
        1074177211      cycles:u                  #    1.625 GHz                      ( +-  0.14% )  (83.18%)
           6031075      stalled-cycles-frontend:u #    0.56% frontend cycles idle     ( +-  9.82% )  (83.32%)
         219320185      stalled-cycles-backend:u  #   20.42% backend cycles idle      ( +-  2.12% )  (83.29%)
        2134103062      instructions:u            #    1.99  insn per cycle         
                                                  #    0.10  stalled cycles per insn  ( +-  0.43% )  (83.47%)
         525998897      branches:u                #  795.905 M/sec                    ( +-  0.56% )  (83.50%)
            201598      branch-misses:u           #    0.04% of all branches          ( +-  2.87% )  (83.23%)

            0.7230 +- 0.0101 seconds time elapsed  ( +-  1.40% )


 Performance counter stats for './mandelbrot_cuda_noio -0.188 -0.012 0.554 0.754 4096 4' (15 runs):

            641.24 msec task-clock:u              #    0.912 CPUs utilized            ( +-  1.28% )
                 0      context-switches:u        #    0.000 K/sec                  
                 0      cpu-migrations:u          #    0.000 K/sec                  
             29682      page-faults:u             #    0.046 M/sec                    ( +-  0.00% )
        1074579258      cycles:u                  #    1.676 GHz                      ( +-  0.12% )  (83.13%)
           6536238      stalled-cycles-frontend:u #    0.61% frontend cycles idle     ( +- 12.08% )  (83.26%)
         231841571      stalled-cycles-backend:u  #   21.58% backend cycles idle      ( +-  2.83% )  (83.36%)
        2123944870      instructions:u            #    1.98  insn per cycle         
                                                  #    0.11  stalled cycles per insn  ( +-  0.62% )  (83.40%)
         524001626      branches:u                #  817.173 M/sec                    ( +-  0.59% )  (83.49%)
            207077      branch-misses:u           #    0.04% of all branches          ( +-  3.44% )  (83.37%)

            0.7034 +- 0.0102 seconds time elapsed  ( +-  1.45% )


 Performance counter stats for './mandelbrot_cuda_noio -0.188 -0.012 0.554 0.754 4096 8' (15 runs):

            651.49 msec task-clock:u              #    0.913 CPUs utilized            ( +-  0.92% )
                 0      context-switches:u        #    0.000 K/sec                  
                 0      cpu-migrations:u          #    0.000 K/sec                  
             29682      page-faults:u             #    0.046 M/sec                    ( +-  0.00% )
        1075558987      cycles:u                  #    1.651 GHz                      ( +-  0.19% )  (83.11%)
           8166848      stalled-cycles-frontend:u #    0.76% frontend cycles idle     ( +-  7.14% )  (83.29%)
         227076137      stalled-cycles-backend:u  #   21.11% backend cycles idle      ( +-  1.66% )  (83.29%)
        2137064968      instructions:u            #    1.99  insn per cycle         
                                                  #    0.11  stalled cycles per insn  ( +-  0.43% )  (83.40%)
         527619022      branches:u                #  809.869 M/sec                    ( +-  0.49% )  (83.48%)
            210736      branch-misses:u           #    0.04% of all branches          ( +-  2.44% )  (83.44%)

           0.71333 +- 0.00703 seconds time elapsed  ( +-  0.99% )


 Performance counter stats for './mandelbrot_cuda_noio -0.188 -0.012 0.554 0.754 4096 16' (15 runs):

            638.33 msec task-clock:u              #    0.903 CPUs utilized            ( +-  1.14% )
                 0      context-switches:u        #    0.000 K/sec                  
                 0      cpu-migrations:u          #    0.000 K/sec                  
             29682      page-faults:u             #    0.046 M/sec                    ( +-  0.00% )
        1082340451      cycles:u                  #    1.696 GHz                      ( +-  0.16% )  (83.10%)
           6520913      stalled-cycles-frontend:u #    0.60% frontend cycles idle     ( +- 10.05% )  (83.25%)
         237188705      stalled-cycles-backend:u  #   21.91% backend cycles idle      ( +-  2.18% )  (83.34%)
        2147581662      instructions:u            #    1.98  insn per cycle         
                                                  #    0.11  stalled cycles per insn  ( +-  0.53% )  (83.47%)
         528645473      branches:u                #  828.165 M/sec                    ( +-  0.59% )  (83.57%)
            204833      branch-misses:u           #    0.04% of all branches          ( +-  2.59% )  (83.28%)

           0.70702 +- 0.00895 seconds time elapsed  ( +-  1.27% )


 Performance counter stats for './mandelbrot_cuda_noio -0.188 -0.012 0.554 0.754 4096 32' (15 runs):

            638.51 msec task-clock:u              #    0.903 CPUs utilized            ( +-  1.08% )
                 0      context-switches:u        #    0.000 K/sec                  
                 0      cpu-migrations:u          #    0.000 K/sec                  
             29683      page-faults:u             #    0.046 M/sec                    ( +-  0.00% )
        1069272951      cycles:u                  #    1.675 GHz                      ( +-  0.25% )  (83.28%)
           8271204      stalled-cycles-frontend:u #    0.77% frontend cycles idle     ( +-  8.73% )  (83.40%)
         230488623      stalled-cycles-backend:u  #   21.56% backend cycles idle      ( +-  2.54% )  (83.36%)
        2135360182      instructions:u            #    2.00  insn per cycle         
                                                  #    0.11  stalled cycles per insn  ( +-  0.60% )  (83.19%)
         523260865      branches:u                #  819.508 M/sec                    ( +-  0.61% )  (83.53%)
            209793      branch-misses:u           #    0.04% of all branches          ( +-  2.78% )  (83.24%)

           0.70692 +- 0.00683 seconds time elapsed  ( +-  0.97% )


 Performance counter stats for './mandelbrot_cuda_noio -0.188 -0.012 0.554 0.754 4096 1' (15 runs):

            640.06 msec task-clock:u              #    0.908 CPUs utilized            ( +-  0.79% )
                 0      context-switches:u        #    0.000 K/sec                  
                 0      cpu-migrations:u          #    0.000 K/sec                  
             29682      page-faults:u             #    0.046 M/sec                    ( +-  0.00% )
        1069279876      cycles:u                  #    1.671 GHz                      ( +-  0.37% )  (83.18%)
           7205271      stalled-cycles-frontend:u #    0.67% frontend cycles idle     ( +-  8.36% )  (83.21%)
         215747043      stalled-cycles-backend:u  #   20.18% backend cycles idle      ( +-  2.31% )  (83.38%)
        2112063157      instructions:u            #    1.98  insn per cycle         
                                                  #    0.10  stalled cycles per insn  ( +-  0.53% )  (83.39%)
         519271323      branches:u                #  811.292 M/sec                    ( +-  0.55% )  (83.54%)
            200120      branch-misses:u           #    0.04% of all branches          ( +-  3.47% )  (83.30%)

           0.70491 +- 0.00536 seconds time elapsed  ( +-  0.76% )


 Performance counter stats for './mandelbrot_cuda_noio -0.188 -0.012 0.554 0.754 4096 2' (15 runs):

            635.76 msec task-clock:u              #    0.901 CPUs utilized            ( +-  1.05% )
                 0      context-switches:u        #    0.000 K/sec                  
                 0      cpu-migrations:u          #    0.000 K/sec                  
             29682      page-faults:u             #    0.047 M/sec                    ( +-  0.00% )
        1071802304      cycles:u                  #    1.686 GHz                      ( +-  0.34% )  (83.09%)
           8120104      stalled-cycles-frontend:u #    0.76% frontend cycles idle     ( +-  8.54% )  (83.17%)
         223925973      stalled-cycles-backend:u  #   20.89% backend cycles idle      ( +-  2.03% )  (83.41%)
        2125239151      instructions:u            #    1.98  insn per cycle         
                                                  #    0.11  stalled cycles per insn  ( +-  0.59% )  (83.48%)
         524363817      branches:u                #  824.777 M/sec                    ( +-  0.55% )  (83.49%)
            201838      branch-misses:u           #    0.04% of all branches          ( +-  2.05% )  (83.35%)

           0.70533 +- 0.00807 seconds time elapsed  ( +-  1.14% )


 Performance counter stats for './mandelbrot_cuda_noio -0.188 -0.012 0.554 0.754 4096 4' (15 runs):

            659.63 msec task-clock:u              #    0.909 CPUs utilized            ( +-  0.99% )
                 0      context-switches:u        #    0.000 K/sec                  
                 0      cpu-migrations:u          #    0.000 K/sec                  
             29682      page-faults:u             #    0.045 M/sec                    ( +-  0.00% )
        1069196779      cycles:u                  #    1.621 GHz                      ( +-  0.36% )  (83.10%)
           7180411      stalled-cycles-frontend:u #    0.67% frontend cycles idle     ( +-  8.71% )  (83.21%)
         226744837      stalled-cycles-backend:u  #   21.21% backend cycles idle      ( +-  2.05% )  (83.44%)
        2130502024      instructions:u            #    1.99  insn per cycle         
                                                  #    0.11  stalled cycles per insn  ( +-  0.66% )  (83.42%)
         523777064      branches:u                #  794.050 M/sec                    ( +-  0.68% )  (83.50%)
            213227      branch-misses:u           #    0.04% of all branches          ( +-  2.46% )  (83.33%)

           0.72556 +- 0.00677 seconds time elapsed  ( +-  0.93% )


 Performance counter stats for './mandelbrot_cuda_noio -0.188 -0.012 0.554 0.754 4096 8' (15 runs):

            659.03 msec task-clock:u              #    0.909 CPUs utilized            ( +-  0.93% )
                 0      context-switches:u        #    0.000 K/sec                  
                 0      cpu-migrations:u          #    0.000 K/sec                  
             29683      page-faults:u             #    0.045 M/sec                    ( +-  0.00% )
        1066931393      cycles:u                  #    1.619 GHz                      ( +-  0.27% )  (83.17%)
           6284833      stalled-cycles-frontend:u #    0.59% frontend cycles idle     ( +-  7.67% )  (83.30%)
         215459797      stalled-cycles-backend:u  #   20.19% backend cycles idle      ( +-  2.97% )  (83.35%)
        2105615281      instructions:u            #    1.97  insn per cycle         
                                                  #    0.10  stalled cycles per insn  ( +-  0.71% )  (83.42%)
         519440346      branches:u                #  788.192 M/sec                    ( +-  0.77% )  (83.44%)
            199056      branch-misses:u           #    0.04% of all branches          ( +-  2.91% )  (83.31%)

           0.72485 +- 0.00885 seconds time elapsed  ( +-  1.22% )


 Performance counter stats for './mandelbrot_cuda_noio -0.188 -0.012 0.554 0.754 4096 16' (15 runs):

            659.53 msec task-clock:u              #    0.908 CPUs utilized            ( +-  1.10% )
                 0      context-switches:u        #    0.000 K/sec                  
                 0      cpu-migrations:u          #    0.000 K/sec                  
             29682      page-faults:u             #    0.045 M/sec                    ( +-  0.00% )
        1073595889      cycles:u                  #    1.628 GHz                      ( +-  0.21% )  (83.14%)
           6674531      stalled-cycles-frontend:u #    0.62% frontend cycles idle     ( +-  8.80% )  (83.21%)
         228201322      stalled-cycles-backend:u  #   21.26% backend cycles idle      ( +-  2.63% )  (83.33%)
        2132657375      instructions:u            #    1.99  insn per cycle         
                                                  #    0.11  stalled cycles per insn  ( +-  0.48% )  (83.52%)
         525886977      branches:u                #  797.367 M/sec                    ( +-  0.46% )  (83.47%)
            211840      branch-misses:u           #    0.04% of all branches          ( +-  2.73% )  (83.34%)

           0.72637 +- 0.00701 seconds time elapsed  ( +-  0.96% )


 Performance counter stats for './mandelbrot_cuda_noio -0.188 -0.012 0.554 0.754 4096 32' (15 runs):

            661.64 msec task-clock:u              #    0.903 CPUs utilized            ( +-  1.38% )
                 0      context-switches:u        #    0.000 K/sec                  
                 0      cpu-migrations:u          #    0.000 K/sec                  
             29683      page-faults:u             #    0.045 M/sec                    ( +-  0.00% )
        1071690293      cycles:u                  #    1.620 GHz                      ( +-  0.48% )  (83.13%)
           6914638      stalled-cycles-frontend:u #    0.65% frontend cycles idle     ( +-  9.71% )  (83.24%)
         216936847      stalled-cycles-backend:u  #   20.24% backend cycles idle      ( +-  2.24% )  (83.34%)
        2128364322      instructions:u            #    1.99  insn per cycle         
                                                  #    0.10  stalled cycles per insn  ( +-  0.71% )  (83.44%)
         523828664      branches:u                #  791.708 M/sec                    ( +-  0.78% )  (83.46%)
            203163      branch-misses:u           #    0.04% of all branches          ( +-  3.59% )  (83.38%)

           0.73287 +- 0.00904 seconds time elapsed  ( +-  1.23% )


 Performance counter stats for './mandelbrot_cuda_noio -0.188 -0.012 0.554 0.754 4096 1' (15 runs):

            646.74 msec task-clock:u              #    0.907 CPUs utilized            ( +-  0.96% )
                 0      context-switches:u        #    0.000 K/sec                  
                 0      cpu-migrations:u          #    0.000 K/sec                  
             29683      page-faults:u             #    0.046 M/sec                    ( +-  0.00% )
        1076618083      cycles:u                  #    1.665 GHz                      ( +-  0.19% )  (83.17%)
           7515172      stalled-cycles-frontend:u #    0.70% frontend cycles idle     ( +- 10.41% )  (83.22%)
         224441163      stalled-cycles-backend:u  #   20.85% backend cycles idle      ( +-  2.63% )  (83.40%)
        2126924006      instructions:u            #    1.98  insn per cycle         
                                                  #    0.11  stalled cycles per insn  ( +-  0.85% )  (83.41%)
         523821821      branches:u                #  809.939 M/sec                    ( +-  0.84% )  (83.47%)
            200624      branch-misses:u           #    0.04% of all branches          ( +-  2.79% )  (83.33%)

           0.71324 +- 0.00693 seconds time elapsed  ( +-  0.97% )


 Performance counter stats for './mandelbrot_cuda_noio -0.188 -0.012 0.554 0.754 4096 2' (15 runs):

            654.64 msec task-clock:u              #    0.901 CPUs utilized            ( +-  1.42% )
                 0      context-switches:u        #    0.000 K/sec                  
                 0      cpu-migrations:u          #    0.000 K/sec                  
             29682      page-faults:u             #    0.045 M/sec                    ( +-  0.00% )
        1076974664      cycles:u                  #    1.645 GHz                      ( +-  0.26% )  (83.19%)
           6454615      stalled-cycles-frontend:u #    0.60% frontend cycles idle     ( +-  9.50% )  (83.25%)
         222210402      stalled-cycles-backend:u  #   20.63% backend cycles idle      ( +-  1.82% )  (83.34%)
        2137023623      instructions:u            #    1.98  insn per cycle         
                                                  #    0.10  stalled cycles per insn  ( +-  0.56% )  (83.39%)
         526854488      branches:u                #  804.795 M/sec                    ( +-  0.49% )  (83.38%)
            201075      branch-misses:u           #    0.04% of all branches          ( +-  2.87% )  (83.45%)

            0.7263 +- 0.0126 seconds time elapsed  ( +-  1.73% )


 Performance counter stats for './mandelbrot_cuda_noio -0.188 -0.012 0.554 0.754 4096 4' (15 runs):

            630.66 msec task-clock:u              #    0.913 CPUs utilized            ( +-  0.95% )
                 0      context-switches:u        #    0.000 K/sec                  
                 0      cpu-migrations:u          #    0.000 K/sec                  
             29683      page-faults:u             #    0.047 M/sec                    ( +-  0.00% )
        1083201517      cycles:u                  #    1.718 GHz                      ( +-  0.26% )  (83.19%)
           6831789      stalled-cycles-frontend:u #    0.63% frontend cycles idle     ( +- 10.18% )  (83.32%)
         228413408      stalled-cycles-backend:u  #   21.09% backend cycles idle      ( +-  2.42% )  (83.30%)
        2141936806      instructions:u            #    1.98  insn per cycle         
                                                  #    0.11  stalled cycles per insn  ( +-  0.65% )  (83.38%)
         527831941      branches:u                #  836.946 M/sec                    ( +-  0.67% )  (83.62%)
            208167      branch-misses:u           #    0.04% of all branches          ( +-  2.64% )  (83.20%)

           0.69093 +- 0.00605 seconds time elapsed  ( +-  0.88% )


 Performance counter stats for './mandelbrot_cuda_noio -0.188 -0.012 0.554 0.754 4096 8' (15 runs):

            639.70 msec task-clock:u              #    0.909 CPUs utilized            ( +-  0.95% )
                 0      context-switches:u        #    0.000 K/sec                  
                 0      cpu-migrations:u          #    0.000 K/sec                  
             29683      page-faults:u             #    0.046 M/sec                    ( +-  0.00% )
        1078146019      cycles:u                  #    1.685 GHz                      ( +-  0.26% )  (83.14%)
           7357977      stalled-cycles-frontend:u #    0.68% frontend cycles idle     ( +-  8.17% )  (83.36%)
         223276723      stalled-cycles-backend:u  #   20.71% backend cycles idle      ( +-  1.60% )  (83.35%)
        2155669997      instructions:u            #    2.00  insn per cycle         
                                                  #    0.10  stalled cycles per insn  ( +-  0.57% )  (83.32%)
         529090657      branches:u                #  827.087 M/sec                    ( +-  0.47% )  (83.45%)
            197405      branch-misses:u           #    0.04% of all branches          ( +-  2.92% )  (83.37%)

           0.70341 +- 0.00578 seconds time elapsed  ( +-  0.82% )


 Performance counter stats for './mandelbrot_cuda_noio -0.188 -0.012 0.554 0.754 4096 16' (15 runs):

            655.64 msec task-clock:u              #    0.906 CPUs utilized            ( +-  1.43% )
                 0      context-switches:u        #    0.000 K/sec                  
                 0      cpu-migrations:u          #    0.000 K/sec                  
             29682      page-faults:u             #    0.045 M/sec                    ( +-  0.00% )
        1073261821      cycles:u                  #    1.637 GHz                      ( +-  0.37% )  (83.16%)
           7631550      stalled-cycles-frontend:u #    0.71% frontend cycles idle     ( +-  9.48% )  (83.24%)
         227124919      stalled-cycles-backend:u  #   21.16% backend cycles idle      ( +-  2.11% )  (83.32%)
        2124136674      instructions:u            #    1.98  insn per cycle         
                                                  #    0.11  stalled cycles per insn  ( +-  0.56% )  (83.41%)
         522893279      branches:u                #  797.529 M/sec                    ( +-  0.55% )  (83.51%)
            203394      branch-misses:u           #    0.04% of all branches          ( +-  3.87% )  (83.36%)

            0.7238 +- 0.0121 seconds time elapsed  ( +-  1.67% )


 Performance counter stats for './mandelbrot_cuda_noio -0.188 -0.012 0.554 0.754 4096 32' (15 runs):

            649.84 msec task-clock:u              #    0.905 CPUs utilized            ( +-  1.12% )
                 0      context-switches:u        #    0.000 K/sec                  
                 0      cpu-migrations:u          #    0.000 K/sec                  
             29682      page-faults:u             #    0.046 M/sec                    ( +-  0.00% )
        1076676748      cycles:u                  #    1.657 GHz                      ( +-  0.41% )  (83.11%)
           7374931      stalled-cycles-frontend:u #    0.68% frontend cycles idle     ( +-  9.25% )  (83.26%)
         207917275      stalled-cycles-backend:u  #   19.31% backend cycles idle      ( +-  2.24% )  (83.37%)
        2109240099      instructions:u            #    1.96  insn per cycle         
                                                  #    0.10  stalled cycles per insn  ( +-  0.63% )  (83.48%)
         519849751      branches:u                #  799.967 M/sec                    ( +-  0.67% )  (83.45%)
            205621      branch-misses:u           #    0.04% of all branches          ( +-  3.73% )  (83.33%)

           0.71768 +- 0.00777 seconds time elapsed  ( +-  1.08% )


 Performance counter stats for './mandelbrot_cuda_noio -0.188 -0.012 0.554 0.754 4096 1' (15 runs):

            626.54 msec task-clock:u              #    0.909 CPUs utilized            ( +-  1.05% )
                 0      context-switches:u        #    0.000 K/sec                  
                 0      cpu-migrations:u          #    0.000 K/sec                  
             29682      page-faults:u             #    0.047 M/sec                    ( +-  0.00% )
        1073869725      cycles:u                  #    1.714 GHz                      ( +-  0.34% )  (83.12%)
           7938938      stalled-cycles-frontend:u #    0.74% frontend cycles idle     ( +-  7.89% )  (83.25%)
         219932320      stalled-cycles-backend:u  #   20.48% backend cycles idle      ( +-  2.01% )  (83.32%)
        2122990777      instructions:u            #    1.98  insn per cycle         
                                                  #    0.10  stalled cycles per insn  ( +-  0.54% )  (83.41%)
         522607959      branches:u                #  834.116 M/sec                    ( +-  0.59% )  (83.46%)
            211126      branch-misses:u           #    0.04% of all branches          ( +-  3.21% )  (83.45%)

           0.68907 +- 0.00631 seconds time elapsed  ( +-  0.92% )


 Performance counter stats for './mandelbrot_cuda_noio -0.188 -0.012 0.554 0.754 4096 2' (15 runs):

            630.66 msec task-clock:u              #    0.905 CPUs utilized            ( +-  0.74% )
                 0      context-switches:u        #    0.000 K/sec                  
                 0      cpu-migrations:u          #    0.000 K/sec                  
             29681      page-faults:u             #    0.047 M/sec                    ( +-  0.00% )
        1078522405      cycles:u                  #    1.710 GHz                      ( +-  0.42% )  (83.09%)
           7317118      stalled-cycles-frontend:u #    0.68% frontend cycles idle     ( +-  6.80% )  (83.29%)
         216400438      stalled-cycles-backend:u  #   20.06% backend cycles idle      ( +-  2.51% )  (83.34%)
        2141346603      instructions:u            #    1.99  insn per cycle         
                                                  #    0.10  stalled cycles per insn  ( +-  0.58% )  (83.47%)
         527029918      branches:u                #  835.678 M/sec                    ( +-  0.66% )  (83.48%)
            202184      branch-misses:u           #    0.04% of all branches          ( +-  3.46% )  (83.34%)

           0.69720 +- 0.00498 seconds time elapsed  ( +-  0.71% )


 Performance counter stats for './mandelbrot_cuda_noio -0.188 -0.012 0.554 0.754 4096 4' (15 runs):

            662.91 msec task-clock:u              #    0.914 CPUs utilized            ( +-  1.13% )
                 0      context-switches:u        #    0.000 K/sec                  
                 0      cpu-migrations:u          #    0.000 K/sec                  
             29683      page-faults:u             #    0.045 M/sec                    ( +-  0.00% )
        1070787519      cycles:u                  #    1.615 GHz                      ( +-  0.28% )  (83.19%)
           8183031      stalled-cycles-frontend:u #    0.76% frontend cycles idle     ( +-  8.27% )  (83.23%)
         219245600      stalled-cycles-backend:u  #   20.48% backend cycles idle      ( +-  2.01% )  (83.31%)
        2121606201      instructions:u            #    1.98  insn per cycle         
                                                  #    0.10  stalled cycles per insn  ( +-  0.71% )  (83.40%)
         522520678      branches:u                #  788.221 M/sec                    ( +-  0.68% )  (83.49%)
            212708      branch-misses:u           #    0.04% of all branches          ( +-  2.57% )  (83.39%)

           0.72546 +- 0.00691 seconds time elapsed  ( +-  0.95% )


 Performance counter stats for './mandelbrot_cuda_noio -0.188 -0.012 0.554 0.754 4096 8' (15 runs):

            653.99 msec task-clock:u              #    0.910 CPUs utilized            ( +-  0.84% )
                 0      context-switches:u        #    0.000 K/sec                  
                 0      cpu-migrations:u          #    0.000 K/sec                  
             29682      page-faults:u             #    0.045 M/sec                    ( +-  0.00% )
        1079400595      cycles:u                  #    1.650 GHz                      ( +-  0.31% )  (83.05%)
           6892386      stalled-cycles-frontend:u #    0.64% frontend cycles idle     ( +-  8.74% )  (83.37%)
         224228803      stalled-cycles-backend:u  #   20.77% backend cycles idle      ( +-  2.55% )  (83.37%)
        2138862515      instructions:u            #    1.98  insn per cycle         
                                                  #    0.10  stalled cycles per insn  ( +-  0.68% )  (83.35%)
         525700593      branches:u                #  803.839 M/sec                    ( +-  0.59% )  (83.50%)
            220008      branch-misses:u           #    0.04% of all branches          ( +-  2.50% )  (83.36%)

           0.71848 +- 0.00577 seconds time elapsed  ( +-  0.80% )


 Performance counter stats for './mandelbrot_cuda_noio -0.188 -0.012 0.554 0.754 4096 16' (15 runs):

            647.32 msec task-clock:u              #    0.912 CPUs utilized            ( +-  1.29% )
                 0      context-switches:u        #    0.000 K/sec                  
                 0      cpu-migrations:u          #    0.000 K/sec                  
             29683      page-faults:u             #    0.046 M/sec                    ( +-  0.00% )
        1081600496      cycles:u                  #    1.671 GHz                      ( +-  0.33% )  (83.10%)
           8620937      stalled-cycles-frontend:u #    0.80% frontend cycles idle     ( +-  6.80% )  (83.32%)
         222015956      stalled-cycles-backend:u  #   20.53% backend cycles idle      ( +-  2.30% )  (83.41%)
        2132894286      instructions:u            #    1.97  insn per cycle         
                                                  #    0.10  stalled cycles per insn  ( +-  0.46% )  (83.44%)
         526155546      branches:u                #  812.825 M/sec                    ( +-  0.55% )  (83.47%)
            194076      branch-misses:u           #    0.04% of all branches          ( +-  3.61% )  (83.26%)

           0.70963 +- 0.00809 seconds time elapsed  ( +-  1.14% )


 Performance counter stats for './mandelbrot_cuda_noio -0.188 -0.012 0.554 0.754 4096 32' (15 runs):

            652.70 msec task-clock:u              #    0.908 CPUs utilized            ( +-  0.91% )
                 0      context-switches:u        #    0.000 K/sec                  
                 0      cpu-migrations:u          #    0.000 K/sec                  
             29681      page-faults:u             #    0.045 M/sec                    ( +-  0.00% )
        1080178403      cycles:u                  #    1.655 GHz                      ( +-  0.27% )  (83.15%)
           6823548      stalled-cycles-frontend:u #    0.63% frontend cycles idle     ( +-  9.99% )  (83.25%)
         225259781      stalled-cycles-backend:u  #   20.85% backend cycles idle      ( +-  1.67% )  (83.30%)
        2128253040      instructions:u            #    1.97  insn per cycle         
                                                  #    0.11  stalled cycles per insn  ( +-  0.41% )  (83.40%)
         524054336      branches:u                #  802.908 M/sec                    ( +-  0.49% )  (83.53%)
            204342      branch-misses:u           #    0.04% of all branches          ( +-  2.99% )  (83.37%)

           0.71854 +- 0.00511 seconds time elapsed  ( +-  0.71% )


 Performance counter stats for './mandelbrot_cuda_noio -0.188 -0.012 0.554 0.754 4096 1' (15 runs):

            646.43 msec task-clock:u              #    0.910 CPUs utilized            ( +-  1.07% )
                 0      context-switches:u        #    0.000 K/sec                  
                 0      cpu-migrations:u          #    0.000 K/sec                  
             29683      page-faults:u             #    0.046 M/sec                    ( +-  0.00% )
        1079992813      cycles:u                  #    1.671 GHz                      ( +-  0.21% )  (83.17%)
           8474417      stalled-cycles-frontend:u #    0.78% frontend cycles idle     ( +-  7.47% )  (83.25%)
         219054059      stalled-cycles-backend:u  #   20.28% backend cycles idle      ( +-  2.67% )  (83.44%)
        2120931811      instructions:u            #    1.96  insn per cycle         
                                                  #    0.10  stalled cycles per insn  ( +-  0.64% )  (83.48%)
         523907351      branches:u                #  810.465 M/sec                    ( +-  0.66% )  (83.42%)
            209604      branch-misses:u           #    0.04% of all branches          ( +-  2.93% )  (83.24%)

           0.71054 +- 0.00586 seconds time elapsed  ( +-  0.82% )


 Performance counter stats for './mandelbrot_cuda_noio -0.188 -0.012 0.554 0.754 4096 2' (15 runs):

            645.62 msec task-clock:u              #    0.895 CPUs utilized            ( +-  1.02% )
                 0      context-switches:u        #    0.000 K/sec                  
                 0      cpu-migrations:u          #    0.000 K/sec                  
             29682      page-faults:u             #    0.046 M/sec                    ( +-  0.00% )
        1077665687      cycles:u                  #    1.669 GHz                      ( +-  0.36% )  (83.05%)
           7531280      stalled-cycles-frontend:u #    0.70% frontend cycles idle     ( +-  9.89% )  (83.37%)
         227518803      stalled-cycles-backend:u  #   21.11% backend cycles idle      ( +-  1.35% )  (83.44%)
        2148711561      instructions:u            #    1.99  insn per cycle         
                                                  #    0.11  stalled cycles per insn  ( +-  0.51% )  (83.44%)
         528630295      branches:u                #  818.793 M/sec                    ( +-  0.55% )  (83.45%)
            201413      branch-misses:u           #    0.04% of all branches          ( +-  3.55% )  (83.23%)

           0.72114 +- 0.00648 seconds time elapsed  ( +-  0.90% )


 Performance counter stats for './mandelbrot_cuda_noio -0.188 -0.012 0.554 0.754 4096 4' (15 runs):

            661.90 msec task-clock:u              #    0.906 CPUs utilized            ( +-  1.26% )
                 0      context-switches:u        #    0.000 K/sec                  
                 0      cpu-migrations:u          #    0.000 K/sec                  
             29683      page-faults:u             #    0.045 M/sec                    ( +-  0.00% )
        1079180238      cycles:u                  #    1.630 GHz                      ( +-  0.19% )  (83.09%)
           7130750      stalled-cycles-frontend:u #    0.66% frontend cycles idle     ( +-  8.99% )  (83.32%)
         218652352      stalled-cycles-backend:u  #   20.26% backend cycles idle      ( +-  2.23% )  (83.41%)
        2126145954      instructions:u            #    1.97  insn per cycle         
                                                  #    0.10  stalled cycles per insn  ( +-  0.37% )  (83.33%)
         522232661      branches:u                #  788.984 M/sec                    ( +-  0.41% )  (83.49%)
            213322      branch-misses:u           #    0.04% of all branches          ( +-  2.56% )  (83.35%)

            0.7310 +- 0.0112 seconds time elapsed  ( +-  1.53% )


 Performance counter stats for './mandelbrot_cuda_noio -0.188 -0.012 0.554 0.754 4096 8' (15 runs):

            650.85 msec task-clock:u              #    0.911 CPUs utilized            ( +-  1.47% )
                 0      context-switches:u        #    0.000 K/sec                  
                 0      cpu-migrations:u          #    0.000 K/sec                  
             29681      page-faults:u             #    0.046 M/sec                    ( +-  0.00% )
        1078675707      cycles:u                  #    1.657 GHz                      ( +-  0.28% )  (83.10%)
           6436960      stalled-cycles-frontend:u #    0.60% frontend cycles idle     ( +- 10.15% )  (83.26%)
         226148036      stalled-cycles-backend:u  #   20.97% backend cycles idle      ( +-  1.41% )  (83.28%)
        2136916979      instructions:u            #    1.98  insn per cycle         
                                                  #    0.11  stalled cycles per insn  ( +-  0.41% )  (83.43%)
         525501795      branches:u                #  807.411 M/sec                    ( +-  0.47% )  (83.60%)
            206980      branch-misses:u           #    0.04% of all branches          ( +-  1.77% )  (83.33%)

            0.7141 +- 0.0100 seconds time elapsed  ( +-  1.40% )


 Performance counter stats for './mandelbrot_cuda_noio -0.188 -0.012 0.554 0.754 4096 16' (15 runs):

            651.35 msec task-clock:u              #    0.911 CPUs utilized            ( +-  1.29% )
                 0      context-switches:u        #    0.000 K/sec                  
                 0      cpu-migrations:u          #    0.000 K/sec                  
             29681      page-faults:u             #    0.046 M/sec                    ( +-  0.00% )
        1078990973      cycles:u                  #    1.657 GHz                      ( +-  0.38% )  (83.06%)
           7500744      stalled-cycles-frontend:u #    0.70% frontend cycles idle     ( +-  7.69% )  (83.30%)
         229970980      stalled-cycles-backend:u  #   21.31% backend cycles idle      ( +-  2.27% )  (83.34%)
        2143853673      instructions:u            #    1.99  insn per cycle         
                                                  #    0.11  stalled cycles per insn  ( +-  0.64% )  (83.40%)
         527343650      branches:u                #  809.614 M/sec                    ( +-  0.58% )  (83.51%)
            204781      branch-misses:u           #    0.04% of all branches          ( +-  3.72% )  (83.39%)

           0.71492 +- 0.00936 seconds time elapsed  ( +-  1.31% )


 Performance counter stats for './mandelbrot_cuda_noio -0.188 -0.012 0.554 0.754 4096 32' (15 runs):

            662.55 msec task-clock:u              #    0.903 CPUs utilized            ( +-  1.04% )
                 0      context-switches:u        #    0.000 K/sec                  
                 0      cpu-migrations:u          #    0.000 K/sec                  
             29681      page-faults:u             #    0.045 M/sec                    ( +-  0.00% )
        1079224782      cycles:u                  #    1.629 GHz                      ( +-  0.15% )  (83.18%)
           6470767      stalled-cycles-frontend:u #    0.60% frontend cycles idle     ( +- 10.58% )  (83.27%)
         226038512      stalled-cycles-backend:u  #   20.94% backend cycles idle      ( +-  2.46% )  (83.43%)
        2145216227      instructions:u            #    1.99  insn per cycle         
                                                  #    0.11  stalled cycles per insn  ( +-  0.46% )  (83.45%)
         527266469      branches:u                #  795.820 M/sec                    ( +-  0.49% )  (83.40%)
            206912      branch-misses:u           #    0.04% of all branches          ( +-  3.24% )  (83.27%)

           0.73351 +- 0.00732 seconds time elapsed  ( +-  1.00% )


 Performance counter stats for './mandelbrot_cuda_noio -0.188 -0.012 0.554 0.754 4096 1' (15 runs):

            653.36 msec task-clock:u              #    0.911 CPUs utilized            ( +-  0.99% )
                 0      context-switches:u        #    0.000 K/sec                  
                 0      cpu-migrations:u          #    0.000 K/sec                  
             29681      page-faults:u             #    0.045 M/sec                    ( +-  0.00% )
        1083156609      cycles:u                  #    1.658 GHz                      ( +-  0.24% )  (83.14%)
           6340341      stalled-cycles-frontend:u #    0.59% frontend cycles idle     ( +- 11.44% )  (83.17%)
         228846017      stalled-cycles-backend:u  #   21.13% backend cycles idle      ( +-  2.29% )  (83.33%)
        2136942049      instructions:u            #    1.97  insn per cycle         
                                                  #    0.11  stalled cycles per insn  ( +-  0.68% )  (83.50%)
         528932886      branches:u                #  809.556 M/sec                    ( +-  0.61% )  (83.44%)
            210044      branch-misses:u           #    0.04% of all branches          ( +-  2.65% )  (83.42%)

           0.71754 +- 0.00711 seconds time elapsed  ( +-  0.99% )


 Performance counter stats for './mandelbrot_cuda_noio -0.188 -0.012 0.554 0.754 4096 2' (15 runs):

            658.54 msec task-clock:u              #    0.898 CPUs utilized            ( +-  1.25% )
                 0      context-switches:u        #    0.000 K/sec                  
                 0      cpu-migrations:u          #    0.000 K/sec                  
             29682      page-faults:u             #    0.045 M/sec                    ( +-  0.00% )
        1083078698      cycles:u                  #    1.645 GHz                      ( +-  0.22% )  (83.13%)
           6492437      stalled-cycles-frontend:u #    0.60% frontend cycles idle     ( +-  7.64% )  (83.28%)
         229790677      stalled-cycles-backend:u  #   21.22% backend cycles idle      ( +-  1.90% )  (83.43%)
        2159344063      instructions:u            #    1.99  insn per cycle         
                                                  #    0.11  stalled cycles per insn  ( +-  0.56% )  (83.48%)
         531795573      branches:u                #  807.533 M/sec                    ( +-  0.53% )  (83.41%)
            189891      branch-misses:u           #    0.04% of all branches          ( +-  3.06% )  (83.26%)

           0.73358 +- 0.00928 seconds time elapsed  ( +-  1.26% )


 Performance counter stats for './mandelbrot_cuda_noio -0.188 -0.012 0.554 0.754 4096 4' (15 runs):

            678.97 msec task-clock:u              #    0.911 CPUs utilized            ( +-  1.45% )
                 0      context-switches:u        #    0.000 K/sec                  
                 0      cpu-migrations:u          #    0.000 K/sec                  
             29681      page-faults:u             #    0.044 M/sec                    ( +-  0.00% )
        1067102878      cycles:u                  #    1.572 GHz                      ( +-  0.31% )  (83.14%)
           6103888      stalled-cycles-frontend:u #    0.57% frontend cycles idle     ( +-  7.05% )  (83.26%)
         225925222      stalled-cycles-backend:u  #   21.17% backend cycles idle      ( +-  2.28% )  (83.37%)
        2130677484      instructions:u            #    2.00  insn per cycle         
                                                  #    0.11  stalled cycles per insn  ( +-  0.52% )  (83.37%)
         525597815      branches:u                #  774.115 M/sec                    ( +-  0.58% )  (83.41%)
            212173      branch-misses:u           #    0.04% of all branches          ( +-  2.63% )  (83.44%)

            0.7451 +- 0.0105 seconds time elapsed  ( +-  1.41% )


 Performance counter stats for './mandelbrot_cuda_noio -0.188 -0.012 0.554 0.754 4096 8' (15 runs):

            667.91 msec task-clock:u              #    0.918 CPUs utilized            ( +-  1.15% )
                 0      context-switches:u        #    0.000 K/sec                  
                 0      cpu-migrations:u          #    0.000 K/sec                  
             29681      page-faults:u             #    0.044 M/sec                    ( +-  0.00% )
        1065188488      cycles:u                  #    1.595 GHz                      ( +-  0.28% )  (83.15%)
           6453932      stalled-cycles-frontend:u #    0.61% frontend cycles idle     ( +-  7.72% )  (83.26%)
         219576182      stalled-cycles-backend:u  #   20.61% backend cycles idle      ( +-  2.95% )  (83.42%)
        2112814876      instructions:u            #    1.98  insn per cycle         
                                                  #    0.10  stalled cycles per insn  ( +-  0.59% )  (83.35%)
         520293325      branches:u                #  778.984 M/sec                    ( +-  0.60% )  (83.42%)
            201974      branch-misses:u           #    0.04% of all branches          ( +-  3.48% )  (83.40%)

           0.72739 +- 0.00701 seconds time elapsed  ( +-  0.96% )


 Performance counter stats for './mandelbrot_cuda_noio -0.188 -0.012 0.554 0.754 4096 16' (15 runs):

            659.87 msec task-clock:u              #    0.912 CPUs utilized            ( +-  1.05% )
                 0      context-switches:u        #    0.000 K/sec                  
                 0      cpu-migrations:u          #    0.000 K/sec                  
             29682      page-faults:u             #    0.045 M/sec                    ( +-  0.00% )
        1065955759      cycles:u                  #    1.615 GHz                      ( +-  0.40% )  (83.20%)
           8383381      stalled-cycles-frontend:u #    0.79% frontend cycles idle     ( +-  8.02% )  (83.34%)
         220282139      stalled-cycles-backend:u  #   20.67% backend cycles idle      ( +-  2.40% )  (83.32%)
        2098356689      instructions:u            #    1.97  insn per cycle         
                                                  #    0.10  stalled cycles per insn  ( +-  0.50% )  (83.46%)
         518070313      branches:u                #  785.115 M/sec                    ( +-  0.54% )  (83.47%)
            192858      branch-misses:u           #    0.04% of all branches          ( +-  3.13% )  (83.21%)

           0.72375 +- 0.00858 seconds time elapsed  ( +-  1.19% )


 Performance counter stats for './mandelbrot_cuda_noio -0.188 -0.012 0.554 0.754 4096 32' (15 runs):

            656.46 msec task-clock:u              #    0.908 CPUs utilized            ( +-  1.35% )
                 0      context-switches:u        #    0.000 K/sec                  
                 0      cpu-migrations:u          #    0.000 K/sec                  
             29681      page-faults:u             #    0.045 M/sec                    ( +-  0.00% )
        1063765677      cycles:u                  #    1.620 GHz                      ( +-  0.26% )  (83.22%)
           8283964      stalled-cycles-frontend:u #    0.78% frontend cycles idle     ( +-  5.42% )  (83.30%)
         220986038      stalled-cycles-backend:u  #   20.77% backend cycles idle      ( +-  2.79% )  (83.32%)
        2100236530      instructions:u            #    1.97  insn per cycle         
                                                  #    0.11  stalled cycles per insn  ( +-  0.54% )  (83.31%)
         517089127      branches:u                #  787.693 M/sec                    ( +-  0.50% )  (83.55%)
            209512      branch-misses:u           #    0.04% of all branches          ( +-  2.81% )  (83.29%)

           0.72334 +- 0.00986 seconds time elapsed  ( +-  1.36% )


 Performance counter stats for './mandelbrot_cuda_noio -0.188 -0.012 0.554 0.754 4096 1' (15 runs):

            668.74 msec task-clock:u              #    0.910 CPUs utilized            ( +-  1.45% )
                 0      context-switches:u        #    0.000 K/sec                  
                 0      cpu-migrations:u          #    0.000 K/sec                  
             29683      page-faults:u             #    0.044 M/sec                    ( +-  0.00% )
        1064356055      cycles:u                  #    1.592 GHz                      ( +-  0.33% )  (83.15%)
           6301850      stalled-cycles-frontend:u #    0.59% frontend cycles idle     ( +-  9.37% )  (83.17%)
         227904714      stalled-cycles-backend:u  #   21.41% backend cycles idle      ( +-  2.01% )  (83.38%)
        2133070690      instructions:u            #    2.00  insn per cycle         
                                                  #    0.11  stalled cycles per insn  ( +-  0.40% )  (83.51%)
         524270406      branches:u                #  783.964 M/sec                    ( +-  0.41% )  (83.43%)
            208123      branch-misses:u           #    0.04% of all branches          ( +-  2.55% )  (83.35%)

           0.73485 +- 0.00892 seconds time elapsed  ( +-  1.21% )


 Performance counter stats for './mandelbrot_cuda_noio -0.188 -0.012 0.554 0.754 4096 2' (15 runs):

            668.05 msec task-clock:u              #    0.911 CPUs utilized            ( +-  0.92% )
                 0      context-switches:u        #    0.000 K/sec                  
                 0      cpu-migrations:u          #    0.000 K/sec                  
             29682      page-faults:u             #    0.044 M/sec                    ( +-  0.00% )
        1057364112      cycles:u                  #    1.583 GHz                      ( +-  0.18% )  (83.15%)
           7646493      stalled-cycles-frontend:u #    0.72% frontend cycles idle     ( +- 11.12% )  (83.29%)
         227933418      stalled-cycles-backend:u  #   21.56% backend cycles idle      ( +-  1.86% )  (83.30%)
        2113709091      instructions:u            #    2.00  insn per cycle         
                                                  #    0.11  stalled cycles per insn  ( +-  0.40% )  (83.36%)
         518179634      branches:u                #  775.661 M/sec                    ( +-  0.27% )  (83.51%)
            215293      branch-misses:u           #    0.04% of all branches          ( +-  3.36% )  (83.40%)

           0.73369 +- 0.00675 seconds time elapsed  ( +-  0.92% )


 Performance counter stats for './mandelbrot_cuda_noio -0.188 -0.012 0.554 0.754 4096 4' (15 runs):

            653.10 msec task-clock:u              #    0.918 CPUs utilized            ( +-  1.52% )
                 0      context-switches:u        #    0.000 K/sec                  
                 0      cpu-migrations:u          #    0.000 K/sec                  
             29682      page-faults:u             #    0.045 M/sec                    ( +-  0.00% )
        1067290101      cycles:u                  #    1.634 GHz                      ( +-  0.41% )  (83.11%)
           7753069      stalled-cycles-frontend:u #    0.73% frontend cycles idle     ( +-  8.30% )  (83.31%)
         230655316      stalled-cycles-backend:u  #   21.61% backend cycles idle      ( +-  1.64% )  (83.29%)
        2111262323      instructions:u            #    1.98  insn per cycle         
                                                  #    0.11  stalled cycles per insn  ( +-  0.42% )  (83.49%)
         520946157      branches:u                #  797.651 M/sec                    ( +-  0.42% )  (83.51%)
            196598      branch-misses:u           #    0.04% of all branches          ( +-  2.76% )  (83.30%)

           0.71133 +- 0.00976 seconds time elapsed  ( +-  1.37% )


 Performance counter stats for './mandelbrot_cuda_noio -0.188 -0.012 0.554 0.754 4096 8' (15 runs):

            672.23 msec task-clock:u              #    0.914 CPUs utilized            ( +-  1.38% )
                 0      context-switches:u        #    0.000 K/sec                  
                 0      cpu-migrations:u          #    0.000 K/sec                  
             29682      page-faults:u             #    0.044 M/sec                    ( +-  0.00% )
        1079110496      cycles:u                  #    1.605 GHz                      ( +-  0.15% )  (83.19%)
           6601273      stalled-cycles-frontend:u #    0.61% frontend cycles idle     ( +- 10.51% )  (83.22%)
         218351412      stalled-cycles-backend:u  #   20.23% backend cycles idle      ( +-  2.12% )  (83.33%)
        2137116969      instructions:u            #    1.98  insn per cycle         
                                                  #    0.10  stalled cycles per insn  ( +-  0.34% )  (83.50%)
         526576102      branches:u                #  783.333 M/sec                    ( +-  0.39% )  (83.52%)
            202481      branch-misses:u           #    0.04% of all branches          ( +-  2.36% )  (83.24%)

            0.7354 +- 0.0102 seconds time elapsed  ( +-  1.39% )


 Performance counter stats for './mandelbrot_cuda_noio -0.188 -0.012 0.554 0.754 4096 16' (15 runs):

            652.13 msec task-clock:u              #    0.913 CPUs utilized            ( +-  1.52% )
                 0      context-switches:u        #    0.000 K/sec                  
                 0      cpu-migrations:u          #    0.000 K/sec                  
             29683      page-faults:u             #    0.046 M/sec                    ( +-  0.00% )
        1080965257      cycles:u                  #    1.658 GHz                      ( +-  0.23% )  (83.23%)
           7810523      stalled-cycles-frontend:u #    0.72% frontend cycles idle     ( +-  7.30% )  (83.22%)
         224260008      stalled-cycles-backend:u  #   20.75% backend cycles idle      ( +-  3.19% )  (83.35%)
        2125534538      instructions:u            #    1.97  insn per cycle         
                                                  #    0.11  stalled cycles per insn  ( +-  0.54% )  (83.41%)
         523446202      branches:u                #  802.675 M/sec                    ( +-  0.57% )  (83.51%)
            191413      branch-misses:u           #    0.04% of all branches          ( +-  2.89% )  (83.27%)

            0.7141 +- 0.0102 seconds time elapsed  ( +-  1.43% )


 Performance counter stats for './mandelbrot_cuda_noio -0.188 -0.012 0.554 0.754 4096 32' (15 runs):

            666.04 msec task-clock:u              #    0.907 CPUs utilized            ( +-  1.01% )
                 0      context-switches:u        #    0.000 K/sec                  
                 0      cpu-migrations:u          #    0.000 K/sec                  
             29681      page-faults:u             #    0.045 M/sec                    ( +-  0.00% )
        1078339076      cycles:u                  #    1.619 GHz                      ( +-  0.14% )  (83.20%)
           8559181      stalled-cycles-frontend:u #    0.79% frontend cycles idle     ( +-  5.37% )  (83.16%)
         225500396      stalled-cycles-backend:u  #   20.91% backend cycles idle      ( +-  2.64% )  (83.39%)
        2137460638      instructions:u            #    1.98  insn per cycle         
                                                  #    0.11  stalled cycles per insn  ( +-  0.54% )  (83.41%)
         525004627      branches:u                #  788.243 M/sec                    ( +-  0.58% )  (83.53%)
            202351      branch-misses:u           #    0.04% of all branches          ( +-  3.26% )  (83.32%)

           0.73448 +- 0.00615 seconds time elapsed  ( +-  0.84% )

