
 Performance counter stats for './mandelbrot_pth_noio 0.175 0.375 -0.1 0.1 16 2' (10 runs):

              0.95 msec task-clock:u              #    1.073 CPUs utilized            ( +-  3.59% )
                 0      context-switches:u        #    0.000 K/sec                  
                 0      cpu-migrations:u          #    0.000 K/sec                  
                80      page-faults:u             #    0.084 M/sec                    ( +-  0.65% )
           1397273      cycles:u                  #    1.478 GHz                      ( +-  4.26% )  (95.94%)
             38044      stalled-cycles-frontend:u #    2.72% frontend cycles idle     ( +-  1.61% )
            954101      stalled-cycles-backend:u  #   68.28% backend cycles idle      ( +-  2.95% )
           1462925      instructions:u            #    1.05  insn per cycle         
                                                  #    0.65  stalled cycles per insn  ( +-  0.00% )
            156181      branches:u                #  165.179 M/sec                    ( +-  0.00% )
     <not counted>      branch-misses:u                                               ( +-100.00% )  (4.06%)

         0.0008815 +- 0.0000212 seconds time elapsed  ( +-  2.41% )

Some events weren't counted. Try disabling the NMI watchdog:
	echo 0 > /proc/sys/kernel/nmi_watchdog
	perf stat ...
	echo 1 > /proc/sys/kernel/nmi_watchdog

 Performance counter stats for './mandelbrot_pth_noio 0.175 0.375 -0.1 0.1 16 4' (10 runs):

              0.76 msec task-clock:u              #    1.274 CPUs utilized            ( +-  4.06% )
                 0      context-switches:u        #    0.000 K/sec                  
                 0      cpu-migrations:u          #    0.000 K/sec                  
                83      page-faults:u             #    0.109 M/sec                    ( +-  0.53% )
           1295725      cycles:u                  #    1.699 GHz                      ( +- 12.83% )  (79.83%)
             52778      stalled-cycles-frontend:u #    4.07% frontend cycles idle     ( +-  2.94% )
            982378      stalled-cycles-backend:u  #   75.82% backend cycles idle      ( +-  3.54% )
           1489401      instructions:u            #    1.15  insn per cycle         
                                                  #    0.66  stalled cycles per insn  ( +-  0.04% )
            161683      branches:u                #  211.960 M/sec                    ( +-  0.06% )
     <not counted>      branch-misses:u                                               ( +- 66.78% )  (20.17%)

         0.0005988 +- 0.0000362 seconds time elapsed  ( +-  6.04% )

Some events weren't counted. Try disabling the NMI watchdog:
	echo 0 > /proc/sys/kernel/nmi_watchdog
	perf stat ...
	echo 1 > /proc/sys/kernel/nmi_watchdog

 Performance counter stats for './mandelbrot_pth_noio 0.175 0.375 -0.1 0.1 16 6' (10 runs):

              0.91 msec task-clock:u              #    1.599 CPUs utilized            ( +-  1.95% )
                 0      context-switches:u        #    0.000 K/sec                  
                 0      cpu-migrations:u          #    0.000 K/sec                  
                87      page-faults:u             #    0.096 M/sec                    ( +-  0.64% )
           1536634      cycles:u                  #    1.697 GHz                      ( +-  2.04% )  (91.45%)
             58800      stalled-cycles-frontend:u #    3.83% frontend cycles idle     ( +-  0.85% )
           1054158      stalled-cycles-backend:u  #   68.60% backend cycles idle      ( +-  0.13% )
           1517680      instructions:u            #    0.99  insn per cycle         
                                                  #    0.69  stalled cycles per insn  ( +-  0.04% )
            167593      branches:u                #  185.085 M/sec                    ( +-  0.06% )
     <not counted>      branch-misses:u                                               ( +-100.00% )  (8.55%)

         0.0005662 +- 0.0000131 seconds time elapsed  ( +-  2.31% )

Some events weren't counted. Try disabling the NMI watchdog:
	echo 0 > /proc/sys/kernel/nmi_watchdog
	perf stat ...
	echo 1 > /proc/sys/kernel/nmi_watchdog

 Performance counter stats for './mandelbrot_pth_noio 0.175 0.375 -0.1 0.1 16 8' (10 runs):

              1.16 msec task-clock:u              #    1.470 CPUs utilized            ( +-  2.85% )
                 0      context-switches:u        #    0.000 K/sec                  
                 0      cpu-migrations:u          #    0.000 K/sec                  
                91      page-faults:u             #    0.078 M/sec                    ( +-  0.56% )
           1528477      cycles:u                  #    1.315 GHz                      ( +-  7.74% )  (88.11%)
             68518      stalled-cycles-frontend:u #    4.48% frontend cycles idle     ( +-  2.40% )
           1057821      stalled-cycles-backend:u  #   69.21% backend cycles idle      ( +-  0.45% )
           1541610      instructions:u            #    1.01  insn per cycle         
                                                  #    0.69  stalled cycles per insn  ( +-  0.09% )
            172762      branches:u                #  148.662 M/sec                    ( +-  0.14% )
     <not counted>      branch-misses:u                                               ( +- 67.10% )  (11.89%)

         0.0007904 +- 0.0000411 seconds time elapsed  ( +-  5.19% )

Some events weren't counted. Try disabling the NMI watchdog:
	echo 0 > /proc/sys/kernel/nmi_watchdog
	perf stat ...
	echo 1 > /proc/sys/kernel/nmi_watchdog

 Performance counter stats for './mandelbrot_pth_noio 0.175 0.375 -0.1 0.1 16 10' (10 runs):

              1.52 msec task-clock:u              #    1.589 CPUs utilized            ( +-  3.09% )
                 0      context-switches:u        #    0.000 K/sec                  
                 0      cpu-migrations:u          #    0.000 K/sec                  
                96      page-faults:u             #    0.063 M/sec                    ( +-  0.72% )
           1541264      cycles:u                  #    1.013 GHz                      ( +-  7.05% )  (88.93%)
             68758      stalled-cycles-frontend:u #    4.46% frontend cycles idle     ( +-  2.20% )
           1038097      stalled-cycles-backend:u  #   67.35% backend cycles idle      ( +-  1.86% )
           1563516      instructions:u            #    1.01  insn per cycle         
                                                  #    0.66  stalled cycles per insn  ( +-  0.06% )
            177578      branches:u                #  116.660 M/sec                    ( +-  0.08% )
              2801      branch-misses:u           #    1.58% of all branches          ( +- 57.08% )  (11.07%)

         0.0009581 +- 0.0000170 seconds time elapsed  ( +-  1.78% )


 Performance counter stats for './mandelbrot_pth_noio 0.175 0.375 -0.1 0.1 16 12' (10 runs):

              1.50 msec task-clock:u              #    1.826 CPUs utilized            ( +-  5.19% )
                 0      context-switches:u        #    0.000 K/sec                  
                 0      cpu-migrations:u          #    0.000 K/sec                  
               101      page-faults:u             #    0.067 M/sec                    ( +-  0.38% )
           1699479      cycles:u                  #    1.134 GHz                      ( +-  0.96% )  (98.92%)
             79122      stalled-cycles-frontend:u #    4.66% frontend cycles idle     ( +-  2.08% )
            977526      stalled-cycles-backend:u  #   57.52% backend cycles idle      ( +-  2.07% )
           1596478      instructions:u            #    0.94  insn per cycle         
                                                  #    0.61  stalled cycles per insn  ( +-  0.13% )
            184303      branches:u                #  123.014 M/sec                    ( +-  0.19% )
     <not counted>      branch-misses:u                                               ( +-100.00% )  (1.08%)

         0.0008203 +- 0.0000635 seconds time elapsed  ( +-  7.74% )

Some events weren't counted. Try disabling the NMI watchdog:
	echo 0 > /proc/sys/kernel/nmi_watchdog
	perf stat ...
	echo 1 > /proc/sys/kernel/nmi_watchdog

 Performance counter stats for './mandelbrot_pth_noio 0.175 0.375 -0.1 0.1 32 2' (10 runs):

              2.33 msec task-clock:u              #    1.605 CPUs utilized            ( +-  0.58% )
                 0      context-switches:u        #    0.000 K/sec                  
                 0      cpu-migrations:u          #    0.000 K/sec                  
                80      page-faults:u             #    0.034 M/sec                    ( +-  0.42% )
           4492612      cycles:u                  #    1.928 GHz                      ( +-  0.67% )  (82.15%)
             37630      stalled-cycles-frontend:u #    0.84% frontend cycles idle     ( +-  1.27% )
           3845064      stalled-cycles-backend:u  #   85.59% backend cycles idle      ( +-  0.02% )
           4672793      instructions:u            #    1.04  insn per cycle         
                                                  #    0.82  stalled cycles per insn  ( +-  0.00% )
            395830      branches:u                #  169.886 M/sec                    ( +-  0.00% )
              1692      branch-misses:u           #    0.43% of all branches          ( +- 45.89% )  (17.85%)

         0.0014521 +- 0.0000125 seconds time elapsed  ( +-  0.86% )


 Performance counter stats for './mandelbrot_pth_noio 0.175 0.375 -0.1 0.1 32 4' (10 runs):

              2.10 msec task-clock:u              #    2.291 CPUs utilized            ( +-  0.81% )
                 0      context-switches:u        #    0.000 K/sec                  
                 0      cpu-migrations:u          #    0.000 K/sec                  
                84      page-faults:u             #    0.040 M/sec                    ( +-  0.61% )
           4566443      cycles:u                  #    2.176 GHz                      ( +-  0.95% )  (91.69%)
             50572      stalled-cycles-frontend:u #    1.11% frontend cycles idle     ( +-  2.02% )
           3860865      stalled-cycles-backend:u  #   84.55% backend cycles idle      ( +-  0.07% )
           4700108      instructions:u            #    1.03  insn per cycle         
                                                  #    0.82  stalled cycles per insn  ( +-  0.00% )
            401473      branches:u                #  191.301 M/sec                    ( +-  0.00% )
     <not counted>      branch-misses:u                                               ( +- 67.95% )  (8.31%)

         0.0009159 +- 0.0000161 seconds time elapsed  ( +-  1.76% )

Some events weren't counted. Try disabling the NMI watchdog:
	echo 0 > /proc/sys/kernel/nmi_watchdog
	perf stat ...
	echo 1 > /proc/sys/kernel/nmi_watchdog

 Performance counter stats for './mandelbrot_pth_noio 0.175 0.375 -0.1 0.1 32 6' (10 runs):

              2.15 msec task-clock:u              #    2.642 CPUs utilized            ( +-  2.31% )
                 0      context-switches:u        #    0.000 K/sec                  
                 0      cpu-migrations:u          #    0.000 K/sec                  
                88      page-faults:u             #    0.041 M/sec                    ( +-  0.51% )
           4419360      cycles:u                  #    2.054 GHz                      ( +-  5.03% )  (90.11%)
             58688      stalled-cycles-frontend:u #    1.33% frontend cycles idle     ( +-  1.63% )
           3774462      stalled-cycles-backend:u  #   85.41% backend cycles idle      ( +-  1.99% )
           4725438      instructions:u            #    1.07  insn per cycle         
                                                  #    0.80  stalled cycles per insn  ( +-  0.03% )
            406882      branches:u                #  189.081 M/sec                    ( +-  0.05% )
     <not counted>      branch-misses:u                                               ( +-100.00% )  (9.89%)

         0.0008146 +- 0.0000522 seconds time elapsed  ( +-  6.41% )

Some events weren't counted. Try disabling the NMI watchdog:
	echo 0 > /proc/sys/kernel/nmi_watchdog
	perf stat ...
	echo 1 > /proc/sys/kernel/nmi_watchdog

 Performance counter stats for './mandelbrot_pth_noio 0.175 0.375 -0.1 0.1 32 8' (10 runs):

              2.46 msec task-clock:u              #    2.238 CPUs utilized            ( +-  1.83% )
                 0      context-switches:u        #    0.000 K/sec                  
                 0      cpu-migrations:u          #    0.000 K/sec                  
                92      page-faults:u             #    0.037 M/sec                    ( +-  0.41% )
           3911912      cycles:u                  #    1.591 GHz                      ( +- 13.84% )  (81.75%)
             66111      stalled-cycles-frontend:u #    1.69% frontend cycles idle     ( +-  1.63% )
           2983796      stalled-cycles-backend:u  #   76.27% backend cycles idle      ( +-  0.94% )
           4756182      instructions:u            #    1.22  insn per cycle         
                                                  #    0.63  stalled cycles per insn  ( +-  0.01% )
            413210      branches:u                #  168.011 M/sec                    ( +-  0.02% )
     <not counted>      branch-misses:u                                               ( +- 67.06% )  (18.25%)

         0.0010991 +- 0.0000273 seconds time elapsed  ( +-  2.48% )

Some events weren't counted. Try disabling the NMI watchdog:
	echo 0 > /proc/sys/kernel/nmi_watchdog
	perf stat ...
	echo 1 > /proc/sys/kernel/nmi_watchdog

 Performance counter stats for './mandelbrot_pth_noio 0.175 0.375 -0.1 0.1 32 10' (10 runs):

              2.23 msec task-clock:u              #    2.837 CPUs utilized            ( +-  0.88% )
                 0      context-switches:u        #    0.000 K/sec                  
                 0      cpu-migrations:u          #    0.000 K/sec                  
                96      page-faults:u             #    0.043 M/sec                    ( +-  0.47% )
           4628459      cycles:u                  #    2.075 GHz                      ( +-  3.73% )  (85.72%)
             78128      stalled-cycles-frontend:u #    1.69% frontend cycles idle     ( +-  1.04% )
           2419228      stalled-cycles-backend:u  #   52.27% backend cycles idle      ( +-  1.82% )
           4784827      instructions:u            #    1.03  insn per cycle         
                                                  #    0.51  stalled cycles per insn  ( +-  0.00% )
            419192      branches:u                #  187.961 M/sec                    ( +-  0.00% )
     <not counted>      branch-misses:u                                               ( +- 63.40% )  (14.28%)

         0.0007861 +- 0.0000417 seconds time elapsed  ( +-  5.30% )

Some events weren't counted. Try disabling the NMI watchdog:
	echo 0 > /proc/sys/kernel/nmi_watchdog
	perf stat ...
	echo 1 > /proc/sys/kernel/nmi_watchdog

 Performance counter stats for './mandelbrot_pth_noio 0.175 0.375 -0.1 0.1 32 12' (10 runs):

              3.03 msec task-clock:u              #    2.540 CPUs utilized            ( +-  3.26% )
                 0      context-switches:u        #    0.000 K/sec                  
                 0      cpu-migrations:u          #    0.000 K/sec                  
               101      page-faults:u             #    0.033 M/sec                    ( +-  0.55% )
           4528283      cycles:u                  #    1.493 GHz                      ( +-  7.96% )  (81.71%)
             82066      stalled-cycles-frontend:u #    1.81% frontend cycles idle     ( +-  1.10% )
           2564836      stalled-cycles-backend:u  #   56.64% backend cycles idle      ( +-  3.94% )
           4812662      instructions:u            #    1.06  insn per cycle         
                                                  #    0.53  stalled cycles per insn  ( +-  0.01% )
            425031      branches:u                #  140.152 M/sec                    ( +-  0.02% )
     <not counted>      branch-misses:u                                               ( +- 68.25% )  (18.29%)

         0.0011942 +- 0.0000413 seconds time elapsed  ( +-  3.46% )

Some events weren't counted. Try disabling the NMI watchdog:
	echo 0 > /proc/sys/kernel/nmi_watchdog
	perf stat ...
	echo 1 > /proc/sys/kernel/nmi_watchdog

 Performance counter stats for './mandelbrot_pth_noio 0.175 0.375 -0.1 0.1 64 2' (10 runs):

              6.76 msec task-clock:u              #    1.799 CPUs utilized            ( +-  6.18% )
                 0      context-switches:u        #    0.000 K/sec                  
                 0      cpu-migrations:u          #    0.000 K/sec                  
                79      page-faults:u             #    0.012 M/sec                    ( +-  0.51% )
          15744217      cycles:u                  #    2.329 GHz                      ( +-  1.49% )  (42.87%)
             41990      stalled-cycles-frontend:u #    0.27% frontend cycles idle     ( +-  3.30% )  (96.34%)
          14914100      stalled-cycles-backend:u  #   94.73% backend cycles idle      ( +-  0.19% )
          17413418      instructions:u            #    1.11  insn per cycle         
                                                  #    0.86  stalled cycles per insn  ( +-  0.00% )
           1347103      branches:u                #  199.284 M/sec                    ( +-  0.01% )
              7192      branch-misses:u           #    0.53% of all branches          ( +-  5.34% )  (60.79%)

          0.003758 +- 0.000210 seconds time elapsed  ( +-  5.60% )


 Performance counter stats for './mandelbrot_pth_noio 0.175 0.375 -0.1 0.1 64 4' (10 runs):

              6.80 msec task-clock:u              #    2.973 CPUs utilized            ( +-  0.79% )
                 0      context-switches:u        #    0.000 K/sec                  
                 0      cpu-migrations:u          #    0.000 K/sec                  
                84      page-faults:u             #    0.012 M/sec                    ( +-  0.81% )
          14461596      cycles:u                  #    2.126 GHz                      ( +-  9.82% )  (62.62%)
             50354      stalled-cycles-frontend:u #    0.35% frontend cycles idle     ( +-  1.20% )
          14966971      stalled-cycles-backend:u  #  103.49% backend cycles idle      ( +-  0.08% )
          17440779      instructions:u            #    1.21  insn per cycle         
                                                  #    0.86  stalled cycles per insn  ( +-  0.00% )
           1352752      branches:u                #  198.828 M/sec                    ( +-  0.01% )
              7761      branch-misses:u           #    0.57% of all branches          ( +- 28.62% )  (37.38%)

         0.0022887 +- 0.0000174 seconds time elapsed  ( +-  0.76% )


 Performance counter stats for './mandelbrot_pth_noio 0.175 0.375 -0.1 0.1 64 6' (10 runs):

              8.32 msec task-clock:u              #    3.823 CPUs utilized            ( +-  1.52% )
                 0      context-switches:u        #    0.000 K/sec                  
                 0      cpu-migrations:u          #    0.000 K/sec                  
                87      page-faults:u             #    0.010 M/sec                    ( +-  0.52% )
          12830964      cycles:u                  #    1.542 GHz                      ( +- 14.07% )  (54.66%)
             61345      stalled-cycles-frontend:u #    0.48% frontend cycles idle     ( +-  0.78% )
          14933874      stalled-cycles-backend:u  #  116.39% backend cycles idle      ( +-  0.18% )
          17469428      instructions:u            #    1.36  insn per cycle         
                                                  #    0.85  stalled cycles per insn  ( +-  0.00% )
           1358728      branches:u                #  163.302 M/sec                    ( +-  0.01% )
             13970      branch-misses:u           #    1.03% of all branches          ( +- 41.99% )  (45.34%)

         0.0021762 +- 0.0000256 seconds time elapsed  ( +-  1.18% )


 Performance counter stats for './mandelbrot_pth_noio 0.175 0.375 -0.1 0.1 64 8' (10 runs):

              5.51 msec task-clock:u              #    4.813 CPUs utilized            ( +-  0.49% )
                 0      context-switches:u        #    0.000 K/sec                  
                 0      cpu-migrations:u          #    0.000 K/sec                  
                91      page-faults:u             #    0.017 M/sec                    ( +-  0.57% )
          14469328      cycles:u                  #    2.627 GHz                      ( +- 12.32% )  (80.15%)
             74520      stalled-cycles-frontend:u #    0.52% frontend cycles idle     ( +-  1.00% )
          10326188      stalled-cycles-backend:u  #   71.37% backend cycles idle      ( +-  0.20% )
          17496381      instructions:u            #    1.21  insn per cycle         
                                                  #    0.59  stalled cycles per insn  ( +-  0.00% )
           1364412      branches:u                #  247.735 M/sec                    ( +-  0.01% )
     <not counted>      branch-misses:u                                               ( +- 52.41% )  (19.85%)

         0.0011442 +- 0.0000112 seconds time elapsed  ( +-  0.98% )

Some events weren't counted. Try disabling the NMI watchdog:
	echo 0 > /proc/sys/kernel/nmi_watchdog
	perf stat ...
	echo 1 > /proc/sys/kernel/nmi_watchdog

 Performance counter stats for './mandelbrot_pth_noio 0.175 0.375 -0.1 0.1 64 10' (10 runs):

              6.54 msec task-clock:u              #    4.298 CPUs utilized            ( +-  2.45% )
                 0      context-switches:u        #    0.000 K/sec                  
                 0      cpu-migrations:u          #    0.000 K/sec                  
                96      page-faults:u             #    0.015 M/sec                    ( +-  0.51% )
          17160736      cycles:u                  #    2.624 GHz                      ( +-  0.47% )  (81.37%)
             83437      stalled-cycles-frontend:u #    0.49% frontend cycles idle     ( +-  1.68% )
           6596345      stalled-cycles-backend:u  #   38.44% backend cycles idle      ( +-  2.75% )
          17525886      instructions:u            #    1.02  insn per cycle         
                                                  #    0.38  stalled cycles per insn  ( +-  0.00% )
           1370532      branches:u                #  209.597 M/sec                    ( +-  0.01% )
     <not counted>      branch-misses:u                                               ( +- 52.51% )  (18.63%)

         0.0015214 +- 0.0000366 seconds time elapsed  ( +-  2.41% )

Some events weren't counted. Try disabling the NMI watchdog:
	echo 0 > /proc/sys/kernel/nmi_watchdog
	perf stat ...
	echo 1 > /proc/sys/kernel/nmi_watchdog

 Performance counter stats for './mandelbrot_pth_noio 0.175 0.375 -0.1 0.1 64 12' (10 runs):

              6.11 msec task-clock:u              #    4.625 CPUs utilized            ( +-  3.70% )
                 0      context-switches:u        #    0.000 K/sec                  
                 0      cpu-migrations:u          #    0.000 K/sec                  
               100      page-faults:u             #    0.016 M/sec                    ( +-  0.47% )
          11707724      cycles:u                  #    1.916 GHz                      ( +- 19.62% )  (57.53%)
             94230      stalled-cycles-frontend:u #    0.80% frontend cycles idle     ( +-  1.08% )
           5929854      stalled-cycles-backend:u  #   50.65% backend cycles idle      ( +-  1.75% )
          17554585      instructions:u            #    1.50  insn per cycle         
                                                  #    0.34  stalled cycles per insn  ( +-  0.00% )
           1376528      branches:u                #  225.225 M/sec                    ( +-  0.01% )
              5341      branch-misses:u           #    0.39% of all branches          ( +- 34.24% )  (42.47%)

         0.0013214 +- 0.0000580 seconds time elapsed  ( +-  4.39% )


 Performance counter stats for './mandelbrot_pth_noio 0.175 0.375 -0.1 0.1 128 2' (10 runs):

             30.18 msec task-clock:u              #    1.953 CPUs utilized            ( +-  1.70% )
                 0      context-switches:u        #    0.000 K/sec                  
                 0      cpu-migrations:u          #    0.000 K/sec                  
                80      page-faults:u             #    0.003 M/sec                    ( +-  0.71% )
          65122457      cycles:u                  #    2.158 GHz                      ( +-  0.18% )  (80.12%)
             62741      stalled-cycles-frontend:u #    0.10% frontend cycles idle     ( +-  1.03% )  (80.12%)
          57912707      stalled-cycles-backend:u  #   88.93% backend cycles idle      ( +-  1.49% )  (80.12%)
          68287267      instructions:u            #    1.05  insn per cycle         
                                                  #    0.85  stalled cycles per insn  ( +-  0.13% )  (80.38%)
           5157060      branches:u                #  170.866 M/sec                    ( +-  0.10% )  (88.88%)
             17366      branch-misses:u           #    0.34% of all branches          ( +-  1.00% )  (90.38%)

          0.015452 +- 0.000267 seconds time elapsed  ( +-  1.73% )


 Performance counter stats for './mandelbrot_pth_noio 0.175 0.375 -0.1 0.1 128 4' (10 runs):

             23.21 msec task-clock:u              #    3.633 CPUs utilized            ( +-  2.98% )
                 0      context-switches:u        #    0.000 K/sec                  
                 0      cpu-migrations:u          #    0.000 K/sec                  
                84      page-faults:u             #    0.004 M/sec                    ( +-  0.43% )
          63528290      cycles:u                  #    2.737 GHz                      ( +-  0.38% )  (48.48%)
             59852      stalled-cycles-frontend:u #    0.09% frontend cycles idle     ( +-  8.23% )  (67.99%)
          59369860      stalled-cycles-backend:u  #   93.45% backend cycles idle      ( +-  0.24% )  (99.18%)
          68361381      instructions:u            #    1.08  insn per cycle         
                                                  #    0.87  stalled cycles per insn  ( +-  0.00% )
           5155145      branches:u                #  222.120 M/sec                    ( +-  0.00% )
             19213      branch-misses:u           #    0.37% of all branches          ( +-  1.59% )  (84.35%)

          0.006388 +- 0.000172 seconds time elapsed  ( +-  2.69% )


 Performance counter stats for './mandelbrot_pth_noio 0.175 0.375 -0.1 0.1 128 6' (10 runs):

             24.37 msec task-clock:u              #    5.185 CPUs utilized            ( +-  1.99% )
                 0      context-switches:u        #    0.000 K/sec                  
                 0      cpu-migrations:u          #    0.000 K/sec                  
                87      page-faults:u             #    0.004 M/sec                    ( +-  0.48% )
          62639990      cycles:u                  #    2.571 GHz                      ( +-  0.91% )  (36.61%)
             64098      stalled-cycles-frontend:u #    0.10% frontend cycles idle     ( +-  5.75% )  (91.36%)
          59286350      stalled-cycles-backend:u  #   94.65% backend cycles idle      ( +-  0.25% )
          68391280      instructions:u            #    1.09  insn per cycle         
                                                  #    0.87  stalled cycles per insn  ( +-  0.00% )
           5161333      branches:u                #  211.832 M/sec                    ( +-  0.00% )
             20470      branch-misses:u           #    0.40% of all branches          ( +-  1.48% )  (72.02%)

         0.0046992 +- 0.0000747 seconds time elapsed  ( +-  1.59% )


 Performance counter stats for './mandelbrot_pth_noio 0.175 0.375 -0.1 0.1 128 8' (10 runs):

             22.89 msec task-clock:u              #    6.443 CPUs utilized            ( +-  2.39% )
                 0      context-switches:u        #    0.000 K/sec                  
                 0      cpu-migrations:u          #    0.000 K/sec                  
                92      page-faults:u             #    0.004 M/sec                    ( +-  0.60% )
          58689436      cycles:u                  #    2.564 GHz                      ( +- 10.71% )  (40.43%)
             87547      stalled-cycles-frontend:u #    0.15% frontend cycles idle     ( +-  1.74% )  (99.87%)
          39218830      stalled-cycles-backend:u  #   66.82% backend cycles idle      ( +-  5.36% )
          68418775      instructions:u            #    1.17  insn per cycle         
                                                  #    0.57  stalled cycles per insn  ( +-  0.00% )
           5167106      branches:u                #  225.745 M/sec                    ( +-  0.00% )
             23243      branch-misses:u           #    0.45% of all branches          ( +-  9.21% )  (59.70%)

         0.0035528 +- 0.0000817 seconds time elapsed  ( +-  2.30% )


 Performance counter stats for './mandelbrot_pth_noio 0.175 0.375 -0.1 0.1 128 10' (10 runs):

             23.68 msec task-clock:u              #    7.053 CPUs utilized            ( +-  1.82% )
                 0      context-switches:u        #    0.000 K/sec                  
                 0      cpu-migrations:u          #    0.000 K/sec                  
                95      page-faults:u             #    0.004 M/sec                    ( +-  0.72% )
          59474832      cycles:u                  #    2.512 GHz                      ( +-  7.56% )  (48.97%)
             97832      stalled-cycles-frontend:u #    0.16% frontend cycles idle     ( +-  1.18% )
          22915462      stalled-cycles-backend:u  #   38.53% backend cycles idle      ( +-  4.40% )
          68446058      instructions:u            #    1.15  insn per cycle         
                                                  #    0.33  stalled cycles per insn  ( +-  0.00% )
           5172853      branches:u                #  218.467 M/sec                    ( +-  0.00% )
             34922      branch-misses:u           #    0.68% of all branches          ( +- 28.12% )  (51.03%)

         0.0033574 +- 0.0000710 seconds time elapsed  ( +-  2.11% )


 Performance counter stats for './mandelbrot_pth_noio 0.175 0.375 -0.1 0.1 128 12' (10 runs):

             21.84 msec task-clock:u              #    8.443 CPUs utilized            ( +-  2.63% )
                 0      context-switches:u        #    0.000 K/sec                  
                 0      cpu-migrations:u          #    0.000 K/sec                  
               100      page-faults:u             #    0.005 M/sec                    ( +-  0.56% )
          66437396      cycles:u                  #    3.042 GHz                      ( +-  0.55% )  (60.83%)
            111917      stalled-cycles-frontend:u #    0.17% frontend cycles idle     ( +-  1.08% )
          18100897      stalled-cycles-backend:u  #   27.25% backend cycles idle      ( +-  0.71% )
          68475792      instructions:u            #    1.03  insn per cycle         
                                                  #    0.26  stalled cycles per insn  ( +-  0.00% )
           5179018      branches:u                #  237.153 M/sec                    ( +-  0.00% )
     <not counted>      branch-misses:u                                               ( +- 51.43% )  (39.17%)

         0.0025867 +- 0.0000929 seconds time elapsed  ( +-  3.59% )

Some events weren't counted. Try disabling the NMI watchdog:
	echo 0 > /proc/sys/kernel/nmi_watchdog
	perf stat ...
	echo 1 > /proc/sys/kernel/nmi_watchdog

 Performance counter stats for './mandelbrot_pth_noio 0.175 0.375 -0.1 0.1 256 2' (10 runs):

             83.95 msec task-clock:u              #    1.977 CPUs utilized            ( +-  2.89% )
                 0      context-switches:u        #    0.000 K/sec                  
                 0      cpu-migrations:u          #    0.000 K/sec                  
                79      page-faults:u             #    0.945 K/sec                    ( +-  0.62% )
         259362910      cycles:u                  #    3.090 GHz                      ( +-  0.20% )  (80.18%)
             99228      stalled-cycles-frontend:u #    0.04% frontend cycles idle     ( +-  3.02% )  (83.07%)
         236861151      stalled-cycles-backend:u  #   91.32% backend cycles idle      ( +-  0.09% )  (84.99%)
         271224968      instructions:u            #    1.05  insn per cycle         
                                                  #    0.87  stalled cycles per insn  ( +-  0.09% )  (84.99%)
          20320705      branches:u                #  242.067 M/sec                    ( +-  0.07% )  (85.09%)
             61083      branch-misses:u           #    0.30% of all branches          ( +-  0.25% )  (81.67%)

           0.04245 +- 0.00120 seconds time elapsed  ( +-  2.83% )


 Performance counter stats for './mandelbrot_pth_noio 0.175 0.375 -0.1 0.1 256 4' (10 runs):

             94.40 msec task-clock:u              #    3.895 CPUs utilized            ( +-  2.58% )
                 0      context-switches:u        #    0.000 K/sec                  
                 0      cpu-migrations:u          #    0.000 K/sec                  
                83      page-faults:u             #    0.879 K/sec                    ( +-  0.65% )
         259826828      cycles:u                  #    2.752 GHz                      ( +-  0.39% )  (76.67%)
            115526      stalled-cycles-frontend:u #    0.04% frontend cycles idle     ( +-  2.60% )  (82.61%)
         235818879      stalled-cycles-backend:u  #   90.76% backend cycles idle      ( +-  0.26% )  (84.78%)
         270649727      instructions:u            #    1.04  insn per cycle         
                                                  #    0.87  stalled cycles per insn  ( +-  0.37% )  (87.29%)
          20303872      branches:u                #  215.072 M/sec                    ( +-  0.26% )  (87.29%)
             64510      branch-misses:u           #    0.32% of all branches          ( +-  0.79% )  (81.37%)

          0.024239 +- 0.000622 seconds time elapsed  ( +-  2.57% )


 Performance counter stats for './mandelbrot_pth_noio 0.175 0.375 -0.1 0.1 256 6' (10 runs):

            106.75 msec task-clock:u              #    5.757 CPUs utilized            ( +-  2.27% )
                 0      context-switches:u        #    0.000 K/sec                  
                 0      cpu-migrations:u          #    0.000 K/sec                  
                87      page-faults:u             #    0.815 K/sec                    ( +-  0.51% )
         259884446      cycles:u                  #    2.435 GHz                      ( +-  0.29% )  (82.54%)
            130577      stalled-cycles-frontend:u #    0.05% frontend cycles idle     ( +-  0.92% )  (83.14%)
         232567480      stalled-cycles-backend:u  #   89.49% backend cycles idle      ( +-  1.31% )  (83.14%)
         270685358      instructions:u            #    1.04  insn per cycle         
                                                  #    0.86  stalled cycles per insn  ( +-  0.28% )  (83.14%)
          20363302      branches:u                #  190.757 M/sec                    ( +-  0.23% )  (83.14%)
             62617      branch-misses:u           #    0.31% of all branches          ( +-  0.74% )  (84.89%)

          0.018544 +- 0.000408 seconds time elapsed  ( +-  2.20% )


 Performance counter stats for './mandelbrot_pth_noio 0.175 0.375 -0.1 0.1 256 8' (10 runs):

             98.95 msec task-clock:u              #    7.532 CPUs utilized            ( +-  2.09% )
                 0      context-switches:u        #    0.000 K/sec                  
                 0      cpu-migrations:u          #    0.000 K/sec                  
                91      page-faults:u             #    0.922 K/sec                    ( +-  0.54% )
         262359452      cycles:u                  #    2.651 GHz                      ( +-  0.32% )  (76.07%)
            165183      stalled-cycles-frontend:u #    0.06% frontend cycles idle     ( +-  1.40% )  (75.75%)
         157243348      stalled-cycles-backend:u  #   59.93% backend cycles idle      ( +-  2.55% )  (75.75%)
         271820962      instructions:u            #    1.04  insn per cycle         
                                                  #    0.58  stalled cycles per insn  ( +-  0.20% )  (81.91%)
          20359354      branches:u                #  205.745 M/sec                    ( +-  0.10% )  (96.85%)
             63755      branch-misses:u           #    0.31% of all branches          ( +-  0.60% )  (93.68%)

          0.013138 +- 0.000265 seconds time elapsed  ( +-  2.02% )


 Performance counter stats for './mandelbrot_pth_noio 0.175 0.375 -0.1 0.1 256 10' (10 runs):

             90.64 msec task-clock:u              #    9.081 CPUs utilized            ( +-  1.69% )
                 0      context-switches:u        #    0.000 K/sec                  
                 0      cpu-migrations:u          #    0.000 K/sec                  
                96      page-faults:u             #    0.001 M/sec                    ( +-  0.58% )
         263957607      cycles:u                  #    2.912 GHz                      ( +-  0.28% )  (66.98%)
            204122      stalled-cycles-frontend:u #    0.08% frontend cycles idle     ( +-  0.90% )  (67.21%)
          97606672      stalled-cycles-backend:u  #   36.98% backend cycles idle      ( +-  2.03% )  (81.62%)
         272090242      instructions:u            #    1.03  insn per cycle         
                                                  #    0.36  stalled cycles per insn  ( +-  0.04% )  (99.57%)
          20371797      branches:u                #  224.753 M/sec                    ( +-  0.00% )
             63181      branch-misses:u           #    0.31% of all branches          ( +-  0.30% )  (84.62%)

          0.009981 +- 0.000227 seconds time elapsed  ( +-  2.27% )


 Performance counter stats for './mandelbrot_pth_noio 0.175 0.375 -0.1 0.1 256 12' (10 runs):

             77.52 msec task-clock:u              #   10.778 CPUs utilized            ( +-  1.26% )
                 0      context-switches:u        #    0.000 K/sec                  
                 0      cpu-migrations:u          #    0.000 K/sec                  
               101      page-faults:u             #    0.001 M/sec                    ( +-  0.64% )
         264960156      cycles:u                  #    3.418 GHz                      ( +-  0.29% )  (53.91%)
            195502      stalled-cycles-frontend:u #    0.07% frontend cycles idle     ( +-  7.27% )  (65.19%)
          67957147      stalled-cycles-backend:u  #   25.65% backend cycles idle      ( +-  0.17% )  (97.98%)
         272011544      instructions:u            #    1.03  insn per cycle         
                                                  #    0.25  stalled cycles per insn  ( +-  0.00% )
          20377865      branches:u                #  262.875 M/sec                    ( +-  0.00% )
             63055      branch-misses:u           #    0.31% of all branches          ( +-  0.54% )  (82.92%)

          0.007192 +- 0.000109 seconds time elapsed  ( +-  1.52% )


 Performance counter stats for './mandelbrot_pth_noio 0.175 0.375 -0.1 0.1 512 2' (10 runs):

            251.60 msec task-clock:u              #    1.987 CPUs utilized            ( +-  1.66% )
                 0      context-switches:u        #    0.000 K/sec                  
                 0      cpu-migrations:u          #    0.000 K/sec                  
                79      page-faults:u             #    0.316 K/sec                    ( +-  0.50% )
        1032939415      cycles:u                  #    4.106 GHz                      ( +-  0.02% )  (82.62%)
            281247      stalled-cycles-frontend:u #    0.03% frontend cycles idle     ( +-  0.80% )  (82.64%)
         946703144      stalled-cycles-backend:u  #   91.65% backend cycles idle      ( +-  0.07% )  (83.02%)
        1084871027      instructions:u            #    1.05  insn per cycle         
                                                  #    0.87  stalled cycles per insn  ( +-  0.05% )  (83.27%)
          80959533      branches:u                #  321.782 M/sec                    ( +-  0.05% )  (84.54%)
            233604      branch-misses:u           #    0.29% of all branches          ( +-  0.17% )  (83.91%)

           0.12664 +- 0.00212 seconds time elapsed  ( +-  1.68% )


 Performance counter stats for './mandelbrot_pth_noio 0.175 0.375 -0.1 0.1 512 4' (10 runs):

            258.55 msec task-clock:u              #    3.960 CPUs utilized            ( +-  2.52% )
                 0      context-switches:u        #    0.000 K/sec                  
                 0      cpu-migrations:u          #    0.000 K/sec                  
                84      page-faults:u             #    0.324 K/sec                    ( +-  0.51% )
        1032249860      cycles:u                  #    3.992 GHz                      ( +-  0.10% )  (81.01%)
            281172      stalled-cycles-frontend:u #    0.03% frontend cycles idle     ( +-  1.67% )  (81.69%)
         946113632      stalled-cycles-backend:u  #   91.66% backend cycles idle      ( +-  0.10% )  (84.26%)
        1084690498      instructions:u            #    1.05  insn per cycle         
                                                  #    0.87  stalled cycles per insn  ( +-  0.10% )  (84.74%)
          81041450      branches:u                #  313.443 M/sec                    ( +-  0.05% )  (85.06%)
            235729      branch-misses:u           #    0.29% of all branches          ( +-  0.21% )  (83.24%)

           0.06529 +- 0.00164 seconds time elapsed  ( +-  2.51% )


 Performance counter stats for './mandelbrot_pth_noio 0.175 0.375 -0.1 0.1 512 6' (10 runs):

            266.78 msec task-clock:u              #    5.941 CPUs utilized            ( +-  1.47% )
                 0      context-switches:u        #    0.000 K/sec                  
                 0      cpu-migrations:u          #    0.000 K/sec                  
                88      page-faults:u             #    0.331 K/sec                    ( +-  0.53% )
        1033151832      cycles:u                  #    3.873 GHz                      ( +-  0.07% )  (79.76%)
            310389      stalled-cycles-frontend:u #    0.03% frontend cycles idle     ( +-  1.96% )  (80.92%)
         926751438      stalled-cycles-backend:u  #   89.70% backend cycles idle      ( +-  1.32% )  (83.50%)
        1084539559      instructions:u            #    1.05  insn per cycle         
                                                  #    0.85  stalled cycles per insn  ( +-  0.06% )  (85.83%)
          81079487      branches:u                #  303.919 M/sec                    ( +-  0.04% )  (86.42%)
            237713      branch-misses:u           #    0.29% of all branches          ( +-  0.12% )  (83.57%)

          0.044905 +- 0.000661 seconds time elapsed  ( +-  1.47% )


 Performance counter stats for './mandelbrot_pth_noio 0.175 0.375 -0.1 0.1 512 8' (10 runs):

            286.86 msec task-clock:u              #    7.863 CPUs utilized            ( +-  1.59% )
                 0      context-switches:u        #    0.000 K/sec                  
                 0      cpu-migrations:u          #    0.000 K/sec                  
                90      page-faults:u             #    0.315 K/sec                    ( +-  0.38% )
        1045191511      cycles:u                  #    3.644 GHz                      ( +-  0.10% )  (82.53%)
            394915      stalled-cycles-frontend:u #    0.04% frontend cycles idle     ( +-  0.52% )  (83.27%)
         618461570      stalled-cycles-backend:u  #   59.17% backend cycles idle      ( +-  1.66% )  (83.27%)
        1085062665      instructions:u            #    1.04  insn per cycle         
                                                  #    0.57  stalled cycles per insn  ( +-  0.06% )  (83.27%)
          81137884      branches:u                #  282.846 M/sec                    ( +-  0.07% )  (83.41%)
            230275      branch-misses:u           #    0.28% of all branches          ( +-  0.21% )  (84.26%)

          0.036482 +- 0.000584 seconds time elapsed  ( +-  1.60% )


 Performance counter stats for './mandelbrot_pth_noio 0.175 0.375 -0.1 0.1 512 10' (10 runs):

            342.81 msec task-clock:u              #    9.780 CPUs utilized            ( +-  0.75% )
                 0      context-switches:u        #    0.000 K/sec                  
                 0      cpu-migrations:u          #    0.000 K/sec                  
                95      page-faults:u             #    0.277 K/sec                    ( +-  0.37% )
        1054698914      cycles:u                  #    3.077 GHz                      ( +-  0.04% )  (82.59%)
            455264      stalled-cycles-frontend:u #    0.04% frontend cycles idle     ( +-  0.28% )  (82.52%)
         388051682      stalled-cycles-backend:u  #   36.79% backend cycles idle      ( +-  0.74% )  (82.50%)
        1083856373      instructions:u            #    1.03  insn per cycle         
                                                  #    0.36  stalled cycles per insn  ( +-  0.07% )  (82.50%)
          81072706      branches:u                #  236.495 M/sec                    ( +-  0.08% )  (84.39%)
            230688      branch-misses:u           #    0.28% of all branches          ( +-  0.21% )  (85.49%)

          0.035052 +- 0.000284 seconds time elapsed  ( +-  0.81% )


 Performance counter stats for './mandelbrot_pth_noio 0.175 0.375 -0.1 0.1 512 12' (10 runs):

            269.09 msec task-clock:u              #   11.627 CPUs utilized            ( +-  1.04% )
                 0      context-switches:u        #    0.000 K/sec                  
                 0      cpu-migrations:u          #    0.000 K/sec                  
               101      page-faults:u             #    0.375 K/sec                    ( +-  0.42% )
        1059789239      cycles:u                  #    3.938 GHz                      ( +-  0.06% )  (74.95%)
            477394      stalled-cycles-frontend:u #    0.05% frontend cycles idle     ( +-  1.65% )  (85.61%)
         266684205      stalled-cycles-backend:u  #   25.16% backend cycles idle      ( +-  0.10% )  (86.63%)
        1084675624      instructions:u            #    1.02  insn per cycle         
                                                  #    0.25  stalled cycles per insn  ( +-  0.03% )  (86.63%)
          81087218      branches:u                #  301.333 M/sec                    ( +-  0.01% )  (86.63%)
            229721      branch-misses:u           #    0.28% of all branches          ( +-  0.14% )  (79.57%)

          0.023144 +- 0.000245 seconds time elapsed  ( +-  1.06% )


 Performance counter stats for './mandelbrot_pth_noio 0.175 0.375 -0.1 0.1 1024 2' (10 runs):

            979.36 msec task-clock:u              #    1.998 CPUs utilized            ( +-  0.75% )
                 0      context-switches:u        #    0.000 K/sec                  
                 0      cpu-migrations:u          #    0.000 K/sec                  
                80      page-faults:u             #    0.082 K/sec                    ( +-  0.76% )
        4130397317      cycles:u                  #    4.217 GHz                      ( +-  0.02% )  (83.21%)
            963564      stalled-cycles-frontend:u #    0.02% frontend cycles idle     ( +-  0.17% )  (83.22%)
        3782453278      stalled-cycles-backend:u  #   91.58% backend cycles idle      ( +-  0.08% )  (83.26%)
        4336635382      instructions:u            #    1.05  insn per cycle         
                                                  #    0.87  stalled cycles per insn  ( +-  0.01% )  (83.29%)
         323786867      branches:u                #  330.610 M/sec                    ( +-  0.02% )  (83.58%)
            909372      branch-misses:u           #    0.28% of all branches          ( +-  0.11% )  (83.44%)

           0.49026 +- 0.00370 seconds time elapsed  ( +-  0.75% )


 Performance counter stats for './mandelbrot_pth_noio 0.175 0.375 -0.1 0.1 1024 4' (10 runs):

            996.90 msec task-clock:u              #    3.988 CPUs utilized            ( +-  0.72% )
                 0      context-switches:u        #    0.000 K/sec                  
                 0      cpu-migrations:u          #    0.000 K/sec                  
                84      page-faults:u             #    0.084 K/sec                    ( +-  0.67% )
        4130718608      cycles:u                  #    4.144 GHz                      ( +-  0.05% )  (83.01%)
            999273      stalled-cycles-frontend:u #    0.02% frontend cycles idle     ( +-  0.86% )  (83.02%)
        3736810121      stalled-cycles-backend:u  #   90.46% backend cycles idle      ( +-  0.95% )  (83.06%)
        4336192535      instructions:u            #    1.05  insn per cycle         
                                                  #    0.86  stalled cycles per insn  ( +-  0.01% )  (83.46%)
         323694024      branches:u                #  324.701 M/sec                    ( +-  0.03% )  (83.87%)
            913236      branch-misses:u           #    0.28% of all branches          ( +-  0.11% )  (83.59%)

           0.24998 +- 0.00178 seconds time elapsed  ( +-  0.71% )


 Performance counter stats for './mandelbrot_pth_noio 0.175 0.375 -0.1 0.1 1024 6' (10 runs):

            999.82 msec task-clock:u              #    5.983 CPUs utilized            ( +-  0.78% )
                 0      context-switches:u        #    0.000 K/sec                  
                 0      cpu-migrations:u          #    0.000 K/sec                  
                87      page-faults:u             #    0.087 K/sec                    ( +-  0.72% )
        4129390073      cycles:u                  #    4.130 GHz                      ( +-  0.03% )  (82.55%)
            998918      stalled-cycles-frontend:u #    0.02% frontend cycles idle     ( +-  0.36% )  (83.60%)
        3770054700      stalled-cycles-backend:u  #   91.30% backend cycles idle      ( +-  0.13% )  (83.62%)
        4336318441      instructions:u            #    1.05  insn per cycle         
                                                  #    0.87  stalled cycles per insn  ( +-  0.01% )  (83.62%)
         323782266      branches:u                #  323.842 M/sec                    ( +-  0.05% )  (83.62%)
            919654      branch-misses:u           #    0.28% of all branches          ( +-  0.10% )  (83.00%)

           0.16712 +- 0.00130 seconds time elapsed  ( +-  0.78% )


 Performance counter stats for './mandelbrot_pth_noio 0.175 0.375 -0.1 0.1 1024 8' (10 runs):

           1035.97 msec task-clock:u              #    7.968 CPUs utilized            ( +-  1.02% )
                 0      context-switches:u        #    0.000 K/sec                  
                 0      cpu-migrations:u          #    0.000 K/sec                  
                91      page-faults:u             #    0.088 K/sec                    ( +-  0.36% )
        4184228462      cycles:u                  #    4.039 GHz                      ( +-  0.04% )  (83.21%)
           1321186      stalled-cycles-frontend:u #    0.03% frontend cycles idle     ( +-  0.24% )  (83.53%)
        2423283821      stalled-cycles-backend:u  #   57.91% backend cycles idle      ( +-  0.73% )  (83.56%)
        4335730287      instructions:u            #    1.04  insn per cycle         
                                                  #    0.56  stalled cycles per insn  ( +-  0.03% )  (83.58%)
         323825143      branches:u                #  312.583 M/sec                    ( +-  0.02% )  (83.74%)
            897552      branch-misses:u           #    0.28% of all branches          ( +-  0.05% )  (82.39%)

           0.13002 +- 0.00133 seconds time elapsed  ( +-  1.02% )


 Performance counter stats for './mandelbrot_pth_noio 0.175 0.375 -0.1 0.1 1024 10' (10 runs):

           1042.73 msec task-clock:u              #    9.947 CPUs utilized            ( +-  1.09% )
                 0      context-switches:u        #    0.000 K/sec                  
                 0      cpu-migrations:u          #    0.000 K/sec                  
                95      page-faults:u             #    0.091 K/sec                    ( +-  0.46% )
        4215873766      cycles:u                  #    4.043 GHz                      ( +-  0.04% )  (82.50%)
           1513936      stalled-cycles-frontend:u #    0.04% frontend cycles idle     ( +-  0.26% )  (82.59%)
        1609542748      stalled-cycles-backend:u  #   38.18% backend cycles idle      ( +-  0.17% )  (82.74%)
        4336201778      instructions:u            #    1.03  insn per cycle         
                                                  #    0.37  stalled cycles per insn  ( +-  0.02% )  (82.91%)
         323783905      branches:u                #  310.517 M/sec                    ( +-  0.03% )  (84.89%)
            889110      branch-misses:u           #    0.27% of all branches          ( +-  0.09% )  (84.37%)

           0.10483 +- 0.00115 seconds time elapsed  ( +-  1.10% )


 Performance counter stats for './mandelbrot_pth_noio 0.175 0.375 -0.1 0.1 1024 12' (10 runs):

           1048.13 msec task-clock:u              #   11.865 CPUs utilized            ( +-  0.51% )
                 0      context-switches:u        #    0.000 K/sec                  
                 0      cpu-migrations:u          #    0.000 K/sec                  
               101      page-faults:u             #    0.096 K/sec                    ( +-  0.57% )
        4236497103      cycles:u                  #    4.042 GHz                      ( +-  0.01% )  (82.88%)
           1677812      stalled-cycles-frontend:u #    0.04% frontend cycles idle     ( +-  0.57% )  (82.86%)
        1059527953      stalled-cycles-backend:u  #   25.01% backend cycles idle      ( +-  0.03% )  (82.90%)
        4335589823      instructions:u            #    1.02  insn per cycle         
                                                  #    0.24  stalled cycles per insn  ( +-  0.01% )  (82.93%)
         323846895      branches:u                #  308.975 M/sec                    ( +-  0.03% )  (84.06%)
            882347      branch-misses:u           #    0.27% of all branches          ( +-  0.09% )  (84.37%)

          0.088337 +- 0.000497 seconds time elapsed  ( +-  0.56% )


 Performance counter stats for './mandelbrot_pth_noio 0.175 0.375 -0.1 0.1 2048 2' (10 runs):

           3829.02 msec task-clock:u              #    1.999 CPUs utilized            ( +-  0.15% )
                 0      context-switches:u        #    0.000 K/sec                  
                 0      cpu-migrations:u          #    0.000 K/sec                  
                80      page-faults:u             #    0.021 K/sec                    ( +-  0.58% )
       16520822709      cycles:u                  #    4.315 GHz                      ( +-  0.03% )  (83.29%)
           3659494      stalled-cycles-frontend:u #    0.02% frontend cycles idle     ( +-  0.12% )  (83.32%)
       15161345700      stalled-cycles-backend:u  #   91.77% backend cycles idle      ( +-  0.02% )  (83.34%)
       17341058908      instructions:u            #    1.05  insn per cycle         
                                                  #    0.87  stalled cycles per insn  ( +-  0.00% )  (83.36%)
        1294864930      branches:u                #  338.172 M/sec                    ( +-  0.00% )  (83.36%)
           3589295      branch-misses:u           #    0.28% of all branches          ( +-  0.05% )  (83.33%)

           1.91519 +- 0.00278 seconds time elapsed  ( +-  0.15% )


 Performance counter stats for './mandelbrot_pth_noio 0.175 0.375 -0.1 0.1 2048 4' (10 runs):

           3907.17 msec task-clock:u              #    3.996 CPUs utilized            ( +-  0.24% )
                 0      context-switches:u        #    0.000 K/sec                  
                 0      cpu-migrations:u          #    0.000 K/sec                  
                83      page-faults:u             #    0.021 K/sec                    ( +-  0.66% )
       16511259162      cycles:u                  #    4.226 GHz                      ( +-  0.02% )  (83.21%)
           3694036      stalled-cycles-frontend:u #    0.02% frontend cycles idle     ( +-  0.25% )  (83.28%)
       15089909288      stalled-cycles-backend:u  #   91.39% backend cycles idle      ( +-  0.19% )  (83.32%)
       17340982746      instructions:u            #    1.05  insn per cycle         
                                                  #    0.87  stalled cycles per insn  ( +-  0.01% )  (83.40%)
        1294825175      branches:u                #  331.397 M/sec                    ( +-  0.01% )  (83.47%)
           3604363      branch-misses:u           #    0.28% of all branches          ( +-  0.03% )  (83.32%)

           0.97769 +- 0.00238 seconds time elapsed  ( +-  0.24% )


 Performance counter stats for './mandelbrot_pth_noio 0.175 0.375 -0.1 0.1 2048 6' (10 runs):

           3963.19 msec task-clock:u              #    5.994 CPUs utilized            ( +-  0.11% )
                 0      context-switches:u        #    0.000 K/sec                  
                 0      cpu-migrations:u          #    0.000 K/sec                  
                88      page-faults:u             #    0.022 K/sec                    ( +-  0.58% )
       16517997363      cycles:u                  #    4.168 GHz                      ( +-  0.02% )  (83.19%)
           3723808      stalled-cycles-frontend:u #    0.02% frontend cycles idle     ( +-  0.21% )  (83.20%)
       15089593842      stalled-cycles-backend:u  #   91.35% backend cycles idle      ( +-  0.20% )  (83.24%)
       17342804772      instructions:u            #    1.05  insn per cycle         
                                                  #    0.87  stalled cycles per insn  ( +-  0.00% )  (83.38%)
        1294963870      branches:u                #  326.748 M/sec                    ( +-  0.01% )  (83.57%)
           3614964      branch-misses:u           #    0.28% of all branches          ( +-  0.05% )  (83.42%)

          0.661142 +- 0.000731 seconds time elapsed  ( +-  0.11% )


 Performance counter stats for './mandelbrot_pth_noio 0.175 0.375 -0.1 0.1 2048 8' (10 runs):

           4077.95 msec task-clock:u              #    7.990 CPUs utilized            ( +-  0.13% )
                 0      context-switches:u        #    0.000 K/sec                  
                 0      cpu-migrations:u          #    0.000 K/sec                  
                92      page-faults:u             #    0.022 K/sec                    ( +-  0.47% )
       16724829056      cycles:u                  #    4.101 GHz                      ( +-  0.02% )  (82.96%)
           4928932      stalled-cycles-frontend:u #    0.03% frontend cycles idle     ( +-  0.29% )  (83.29%)
        9690561980      stalled-cycles-backend:u  #   57.94% backend cycles idle      ( +-  0.30% )  (83.45%)
       17341735838      instructions:u            #    1.04  insn per cycle         
                                                  #    0.56  stalled cycles per insn  ( +-  0.00% )  (83.52%)
        1294958219      branches:u                #  317.551 M/sec                    ( +-  0.00% )  (83.52%)
           3522218      branch-misses:u           #    0.27% of all branches          ( +-  0.02% )  (83.27%)

          0.510374 +- 0.000699 seconds time elapsed  ( +-  0.14% )


 Performance counter stats for './mandelbrot_pth_noio 0.175 0.375 -0.1 0.1 2048 10' (10 runs):

           4136.98 msec task-clock:u              #    9.982 CPUs utilized            ( +-  0.09% )
                 0      context-switches:u        #    0.000 K/sec                  
                 0      cpu-migrations:u          #    0.000 K/sec                  
                96      page-faults:u             #    0.023 K/sec                    ( +-  0.17% )
       16850086474      cycles:u                  #    4.073 GHz                      ( +-  0.01% )  (83.25%)
           5732724      stalled-cycles-frontend:u #    0.03% frontend cycles idle     ( +-  0.24% )  (83.32%)
        6385233680      stalled-cycles-backend:u  #   37.89% backend cycles idle      ( +-  0.51% )  (83.32%)
       17341679976      instructions:u            #    1.03  insn per cycle         
                                                  #    0.37  stalled cycles per insn  ( +-  0.00% )  (83.32%)
        1294946478      branches:u                #  313.017 M/sec                    ( +-  0.00% )  (83.33%)
           3484709      branch-misses:u           #    0.27% of all branches          ( +-  0.04% )  (83.45%)

          0.414424 +- 0.000411 seconds time elapsed  ( +-  0.10% )


 Performance counter stats for './mandelbrot_pth_noio 0.175 0.375 -0.1 0.1 2048 12' (10 runs):

           4172.38 msec task-clock:u              #   11.895 CPUs utilized            ( +-  0.25% )
                 0      context-switches:u        #    0.000 K/sec                  
                 0      cpu-migrations:u          #    0.000 K/sec                  
               101      page-faults:u             #    0.024 K/sec                    ( +-  0.53% )
       16935807385      cycles:u                  #    4.059 GHz                      ( +-  0.01% )  (82.88%)
           6272740      stalled-cycles-frontend:u #    0.04% frontend cycles idle     ( +-  0.35% )  (83.24%)
        4234967784      stalled-cycles-backend:u  #   25.01% backend cycles idle      ( +-  0.04% )  (83.41%)
       17339854130      instructions:u            #    1.02  insn per cycle         
                                                  #    0.24  stalled cycles per insn  ( +-  0.00% )  (83.51%)
        1294921752      branches:u                #  310.356 M/sec                    ( +-  0.01% )  (83.65%)
           3472833      branch-misses:u           #    0.27% of all branches          ( +-  0.03% )  (83.32%)

           0.35075 +- 0.00132 seconds time elapsed  ( +-  0.38% )


 Performance counter stats for './mandelbrot_pth_noio 0.175 0.375 -0.1 0.1 4096 2' (10 runs):

          15313.09 msec task-clock:u              #    2.000 CPUs utilized            ( +-  0.10% )
                 0      context-switches:u        #    0.000 K/sec                  
                 0      cpu-migrations:u          #    0.000 K/sec                  
                79      page-faults:u             #    0.005 K/sec                    ( +-  0.60% )
       66069087553      cycles:u                  #    4.315 GHz                      ( +-  0.03% )  (83.32%)
          14353375      stalled-cycles-frontend:u #    0.02% frontend cycles idle     ( +-  0.07% )  (83.33%)
       60534214519      stalled-cycles-backend:u  #   91.62% backend cycles idle      ( +-  0.04% )  (83.33%)
       69350046833      instructions:u            #    1.05  insn per cycle         
                                                  #    0.87  stalled cycles per insn  ( +-  0.00% )  (83.34%)
        5178628219      branches:u                #  338.183 M/sec                    ( +-  0.00% )  (83.35%)
          14207923      branch-misses:u           #    0.27% of all branches          ( +-  0.03% )  (83.33%)

           7.65717 +- 0.00753 seconds time elapsed  ( +-  0.10% )


 Performance counter stats for './mandelbrot_pth_noio 0.175 0.375 -0.1 0.1 4096 4' (10 runs):

          15628.48 msec task-clock:u              #    3.999 CPUs utilized            ( +-  0.05% )
                 0      context-switches:u        #    0.000 K/sec                  
                 0      cpu-migrations:u          #    0.000 K/sec                  
                84      page-faults:u             #    0.005 K/sec                    ( +-  0.54% )
       66068121165      cycles:u                  #    4.227 GHz                      ( +-  0.02% )  (83.31%)
          14432249      stalled-cycles-frontend:u #    0.02% frontend cycles idle     ( +-  0.04% )  (83.32%)
       60556018070      stalled-cycles-backend:u  #   91.66% backend cycles idle      ( +-  0.04% )  (83.33%)
       69350968484      instructions:u            #    1.05  insn per cycle         
                                                  #    0.87  stalled cycles per insn  ( +-  0.00% )  (83.34%)
        5178821669      branches:u                #  331.371 M/sec                    ( +-  0.00% )  (83.35%)
          14260267      branch-misses:u           #    0.28% of all branches          ( +-  0.03% )  (83.35%)

           3.90821 +- 0.00219 seconds time elapsed  ( +-  0.06% )


 Performance counter stats for './mandelbrot_pth_noio 0.175 0.375 -0.1 0.1 4096 6' (10 runs):

          15864.26 msec task-clock:u              #    5.999 CPUs utilized            ( +-  0.04% )
                 0      context-switches:u        #    0.000 K/sec                  
                 0      cpu-migrations:u          #    0.000 K/sec                  
                88      page-faults:u             #    0.006 K/sec                    ( +-  0.47% )
       66066694988      cycles:u                  #    4.164 GHz                      ( +-  0.03% )  (83.32%)
          14500892      stalled-cycles-frontend:u #    0.02% frontend cycles idle     ( +-  0.09% )  (83.32%)
       60421778476      stalled-cycles-backend:u  #   91.46% backend cycles idle      ( +-  0.10% )  (83.32%)
       69349600380      instructions:u            #    1.05  insn per cycle         
                                                  #    0.87  stalled cycles per insn  ( +-  0.00% )  (83.33%)
        5178567724      branches:u                #  326.430 M/sec                    ( +-  0.00% )  (83.37%)
          14294271      branch-misses:u           #    0.28% of all branches          ( +-  0.02% )  (83.34%)

          2.644693 +- 0.000960 seconds time elapsed  ( +-  0.04% )


 Performance counter stats for './mandelbrot_pth_noio 0.175 0.375 -0.1 0.1 4096 8' (10 runs):

          16376.73 msec task-clock:u              #    7.997 CPUs utilized            ( +-  0.07% )
                 0      context-switches:u        #    0.000 K/sec                  
                 0      cpu-migrations:u          #    0.000 K/sec                  
                93      page-faults:u             #    0.006 K/sec                    ( +-  0.45% )
       66859496636      cycles:u                  #    4.083 GHz                      ( +-  0.01% )  (83.30%)
          19345591      stalled-cycles-frontend:u #    0.03% frontend cycles idle     ( +-  0.15% )  (83.31%)
       38867537064      stalled-cycles-backend:u  #   58.13% backend cycles idle      ( +-  0.07% )  (83.30%)
       69352339263      instructions:u            #    1.04  insn per cycle         
                                                  #    0.56  stalled cycles per insn  ( +-  0.00% )  (83.33%)
        5178747339      branches:u                #  316.226 M/sec                    ( +-  0.00% )  (83.38%)
          13940876      branch-misses:u           #    0.27% of all branches          ( +-  0.01% )  (83.38%)

           2.04791 +- 0.00143 seconds time elapsed  ( +-  0.07% )


 Performance counter stats for './mandelbrot_pth_noio 0.175 0.375 -0.1 0.1 4096 10' (10 runs):

          16546.77 msec task-clock:u              #    9.994 CPUs utilized            ( +-  0.08% )
                 0      context-switches:u        #    0.000 K/sec                  
                 0      cpu-migrations:u          #    0.000 K/sec                  
                96      page-faults:u             #    0.006 K/sec                    ( +-  0.54% )
       67372950763      cycles:u                  #    4.072 GHz                      ( +-  0.01% )  (83.29%)
          22433671      stalled-cycles-frontend:u #    0.03% frontend cycles idle     ( +-  0.12% )  (83.30%)
       25697063112      stalled-cycles-backend:u  #   38.14% backend cycles idle      ( +-  0.16% )  (83.32%)
       69349485258      instructions:u            #    1.03  insn per cycle         
                                                  #    0.37  stalled cycles per insn  ( +-  0.00% )  (83.32%)
        5178580135      branches:u                #  312.966 M/sec                    ( +-  0.00% )  (83.37%)
          13799044      branch-misses:u           #    0.27% of all branches          ( +-  0.01% )  (83.39%)

           1.65566 +- 0.00128 seconds time elapsed  ( +-  0.08% )


 Performance counter stats for './mandelbrot_pth_noio 0.175 0.375 -0.1 0.1 4096 12' (10 runs):

          16633.56 msec task-clock:u              #   11.957 CPUs utilized            ( +-  0.02% )
                 0      context-switches:u        #    0.000 K/sec                  
                 0      cpu-migrations:u          #    0.000 K/sec                  
               101      page-faults:u             #    0.006 K/sec                    ( +-  0.38% )
       67706957159      cycles:u                  #    4.071 GHz                      ( +-  0.00% )  (83.25%)
          24605785      stalled-cycles-frontend:u #    0.04% frontend cycles idle     ( +-  0.19% )  (83.33%)
       16942871331      stalled-cycles-backend:u  #   25.02% backend cycles idle      ( +-  0.07% )  (83.36%)
       69351319476      instructions:u            #    1.02  insn per cycle         
                                                  #    0.24  stalled cycles per insn  ( +-  0.00% )  (83.37%)
        5178826006      branches:u                #  311.348 M/sec                    ( +-  0.00% )  (83.38%)
          13734638      branch-misses:u           #    0.27% of all branches          ( +-  0.02% )  (83.31%)

          1.391096 +- 0.000782 seconds time elapsed  ( +-  0.06% )


 Performance counter stats for './mandelbrot_pth_noio 0.175 0.375 -0.1 0.1 8192 2' (10 runs):

          61363.48 msec task-clock:u              #    2.000 CPUs utilized            ( +-  0.13% )
                 0      context-switches:u        #    0.000 K/sec                  
                 0      cpu-migrations:u          #    0.000 K/sec                  
                79      page-faults:u             #    0.001 K/sec                    ( +-  0.59% )
      264572363190      cycles:u                  #    4.312 GHz                      ( +-  0.04% )  (83.33%)
          56835932      stalled-cycles-frontend:u #    0.02% frontend cycles idle     ( +-  0.11% )  (83.33%)
      242476711820      stalled-cycles-backend:u  #   91.65% backend cycles idle      ( +-  0.06% )  (83.33%)
      277386422692      instructions:u            #    1.05  insn per cycle         
                                                  #    0.87  stalled cycles per insn  ( +-  0.00% )  (83.33%)
       20713427009      branches:u                #  337.553 M/sec                    ( +-  0.00% )  (83.34%)
          56377085      branch-misses:u           #    0.27% of all branches          ( +-  0.04% )  (83.33%)

           30.6825 +- 0.0407 seconds time elapsed  ( +-  0.13% )


 Performance counter stats for './mandelbrot_pth_noio 0.175 0.375 -0.1 0.1 8192 4' (10 runs):

          62449.58 msec task-clock:u              #    4.000 CPUs utilized            ( +-  0.05% )
                 0      context-switches:u        #    0.000 K/sec                  
                 0      cpu-migrations:u          #    0.000 K/sec                  
                83      page-faults:u             #    0.001 K/sec                    ( +-  0.59% )
      264500890736      cycles:u                  #    4.235 GHz                      ( +-  0.04% )  (83.33%)
          57011748      stalled-cycles-frontend:u #    0.02% frontend cycles idle     ( +-  0.04% )  (83.33%)
      242378153182      stalled-cycles-backend:u  #   91.64% backend cycles idle      ( +-  0.04% )  (83.33%)
      277372422155      instructions:u            #    1.05  insn per cycle         
                                                  #    0.87  stalled cycles per insn  ( +-  0.00% )  (83.34%)
       20714469181      branches:u                #  331.699 M/sec                    ( +-  0.00% )  (83.34%)
          56630794      branch-misses:u           #    0.27% of all branches          ( +-  0.01% )  (83.34%)

          15.61377 +- 0.00828 seconds time elapsed  ( +-  0.05% )


 Performance counter stats for './mandelbrot_pth_noio 0.175 0.375 -0.1 0.1 8192 6' (10 runs):

          63510.93 msec task-clock:u              #    5.999 CPUs utilized            ( +-  0.02% )
                 0      context-switches:u        #    0.000 K/sec                  
                 0      cpu-migrations:u          #    0.000 K/sec                  
                87      page-faults:u             #    0.001 K/sec                    ( +-  0.55% )
      264211016624      cycles:u                  #    4.160 GHz                      ( +-  0.02% )  (83.33%)
          57256102      stalled-cycles-frontend:u #    0.02% frontend cycles idle     ( +-  0.06% )  (83.33%)
      241949026963      stalled-cycles-backend:u  #   91.57% backend cycles idle      ( +-  0.02% )  (83.33%)
      277389329480      instructions:u            #    1.05  insn per cycle         
                                                  #    0.87  stalled cycles per insn  ( +-  0.00% )  (83.33%)
       20713668956      branches:u                #  326.143 M/sec                    ( +-  0.00% )  (83.34%)
          56723312      branch-misses:u           #    0.27% of all branches          ( +-  0.01% )  (83.33%)

          10.58674 +- 0.00250 seconds time elapsed  ( +-  0.02% )


 Performance counter stats for './mandelbrot_pth_noio 0.175 0.375 -0.1 0.1 8192 8' (10 runs):

          65004.96 msec task-clock:u              #    7.999 CPUs utilized            ( +-  0.03% )
                 0      context-switches:u        #    0.000 K/sec                  
                 0      cpu-migrations:u          #    0.000 K/sec                  
                93      page-faults:u             #    0.001 K/sec                    ( +-  0.48% )
      267427420643      cycles:u                  #    4.114 GHz                      ( +-  0.01% )  (83.32%)
          76306875      stalled-cycles-frontend:u #    0.03% frontend cycles idle     ( +-  0.06% )  (83.33%)
      155672263979      stalled-cycles-backend:u  #   58.21% backend cycles idle      ( +-  0.03% )  (83.34%)
      277388660436      instructions:u            #    1.04  insn per cycle         
                                                  #    0.56  stalled cycles per insn  ( +-  0.00% )  (83.35%)
       20713480354      branches:u                #  318.645 M/sec                    ( +-  0.00% )  (83.35%)
          55573852      branch-misses:u           #    0.27% of all branches          ( +-  0.01% )  (83.33%)

           8.12652 +- 0.00217 seconds time elapsed  ( +-  0.03% )


 Performance counter stats for './mandelbrot_pth_noio 0.175 0.375 -0.1 0.1 8192 10' (10 runs):

          66116.76 msec task-clock:u              #    9.997 CPUs utilized            ( +-  0.02% )
                 0      context-switches:u        #    0.000 K/sec                  
                 0      cpu-migrations:u          #    0.000 K/sec                  
                96      page-faults:u             #    0.001 K/sec                    ( +-  0.84% )
      269451647619      cycles:u                  #    4.075 GHz                      ( +-  0.01% )  (83.32%)
          88916147      stalled-cycles-frontend:u #    0.03% frontend cycles idle     ( +-  0.26% )  (83.33%)
      102960185330      stalled-cycles-backend:u  #   38.21% backend cycles idle      ( +-  0.02% )  (83.34%)
      277384349676      instructions:u            #    1.03  insn per cycle         
                                                  #    0.37  stalled cycles per insn  ( +-  0.00% )  (83.34%)
       20713726909      branches:u                #  313.290 M/sec                    ( +-  0.00% )  (83.35%)
          54821637      branch-misses:u           #    0.26% of all branches          ( +-  0.02% )  (83.33%)

           6.61356 +- 0.00148 seconds time elapsed  ( +-  0.02% )


 Performance counter stats for './mandelbrot_pth_noio 0.175 0.375 -0.1 0.1 8192 12' (10 runs):

          66794.79 msec task-clock:u              #   11.942 CPUs utilized            ( +-  0.02% )
                 0      context-switches:u        #    0.000 K/sec                  
                 0      cpu-migrations:u          #    0.000 K/sec                  
               101      page-faults:u             #    0.002 K/sec                    ( +-  0.48% )
      270739900610      cycles:u                  #    4.053 GHz                      ( +-  0.00% )  (83.31%)
          98030696      stalled-cycles-frontend:u #    0.04% frontend cycles idle     ( +-  0.56% )  (83.32%)
       67894014090      stalled-cycles-backend:u  #   25.08% backend cycles idle      ( +-  0.08% )  (83.33%)
      277389171139      instructions:u            #    1.02  insn per cycle         
                                                  #    0.24  stalled cycles per insn  ( +-  0.00% )  (83.33%)
       20714114509      branches:u                #  310.116 M/sec                    ( +-  0.00% )  (83.36%)
          54528314      branch-misses:u           #    0.26% of all branches          ( +-  0.04% )  (83.35%)

           5.59327 +- 0.00792 seconds time elapsed  ( +-  0.14% )

