
 Performance counter stats for './mandelbrot_pth_noio -0.8 -0.7 0.05 0.15 16 2' (10 runs):

              0.86 msec task-clock:u              #    1.046 CPUs utilized            ( +-  5.05% )
                 0      context-switches:u        #    0.000 K/sec                  
                 0      cpu-migrations:u          #    0.000 K/sec                  
                80      page-faults:u             #    0.092 M/sec                    ( +-  0.63% )
           1379535      cycles:u                  #    1.595 GHz                      ( +-  8.19% )  (87.53%)
             38440      stalled-cycles-frontend:u #    2.79% frontend cycles idle     ( +-  2.46% )
           1057803      stalled-cycles-backend:u  #   76.68% backend cycles idle      ( +-  0.27% )
           1484718      instructions:u            #    1.08  insn per cycle         
                                                  #    0.71  stalled cycles per insn  ( +-  0.00% )
            157754      branches:u                #  182.422 M/sec                    ( +-  0.00% )
     <not counted>      branch-misses:u                                               ( +- 68.08% )  (12.47%)

         0.0008269 +- 0.0000391 seconds time elapsed  ( +-  4.73% )

Some events weren't counted. Try disabling the NMI watchdog:
	echo 0 > /proc/sys/kernel/nmi_watchdog
	perf stat ...
	echo 1 > /proc/sys/kernel/nmi_watchdog

 Performance counter stats for './mandelbrot_pth_noio -0.8 -0.7 0.05 0.15 16 4' (10 runs):

              0.69 msec task-clock:u              #    1.372 CPUs utilized            ( +-  0.99% )
                 0      context-switches:u        #    0.000 K/sec                  
                 0      cpu-migrations:u          #    0.000 K/sec                  
                84      page-faults:u             #    0.121 M/sec                    ( +-  0.71% )
           1543564      cycles:u                  #    2.225 GHz                      ( +-  1.12% )  (94.11%)
             52729      stalled-cycles-frontend:u #    3.42% frontend cycles idle     ( +-  1.78% )
           1041818      stalled-cycles-backend:u  #   67.49% backend cycles idle      ( +-  1.64% )
           1512291      instructions:u            #    0.98  insn per cycle         
                                                  #    0.69  stalled cycles per insn  ( +-  0.01% )
            163436      branches:u                #  235.560 M/sec                    ( +-  0.01% )
     <not counted>      branch-misses:u                                               ( +- 72.31% )  (5.89%)

        0.00050565 +- 0.00000573 seconds time elapsed  ( +-  1.13% )

Some events weren't counted. Try disabling the NMI watchdog:
	echo 0 > /proc/sys/kernel/nmi_watchdog
	perf stat ...
	echo 1 > /proc/sys/kernel/nmi_watchdog

 Performance counter stats for './mandelbrot_pth_noio -0.8 -0.7 0.05 0.15 16 6' (10 runs):

              0.86 msec task-clock:u              #    1.406 CPUs utilized            ( +-  1.27% )
                 0      context-switches:u        #    0.000 K/sec                  
                 0      cpu-migrations:u          #    0.000 K/sec                  
                88      page-faults:u             #    0.102 M/sec                    ( +-  0.61% )
           1613666      cycles:u                  #    1.867 GHz                      ( +-  0.55% )  (99.34%)
             61429      stalled-cycles-frontend:u #    3.81% frontend cycles idle     ( +-  1.15% )
           1004023      stalled-cycles-backend:u  #   62.22% backend cycles idle      ( +-  1.37% )
           1540410      instructions:u            #    0.95  insn per cycle         
                                                  #    0.65  stalled cycles per insn  ( +-  0.01% )
            169318      branches:u                #  195.866 M/sec                    ( +-  0.01% )
     <not counted>      branch-misses:u                                               ( +-100.00% )  (0.66%)

        0.00061471 +- 0.00000984 seconds time elapsed  ( +-  1.60% )

Some events weren't counted. Try disabling the NMI watchdog:
	echo 0 > /proc/sys/kernel/nmi_watchdog
	perf stat ...
	echo 1 > /proc/sys/kernel/nmi_watchdog

 Performance counter stats for './mandelbrot_pth_noio -0.8 -0.7 0.05 0.15 16 8' (10 runs):

              1.02 msec task-clock:u              #    1.645 CPUs utilized            ( +-  1.38% )
                 0      context-switches:u        #    0.000 K/sec                  
                 0      cpu-migrations:u          #    0.000 K/sec                  
                92      page-faults:u             #    0.090 M/sec                    ( +-  0.61% )
           1486532      cycles:u                  #    1.460 GHz                      ( +- 11.16% )  (88.97%)
             66238      stalled-cycles-frontend:u #    4.46% frontend cycles idle     ( +-  1.09% )
           1025876      stalled-cycles-backend:u  #   69.01% backend cycles idle      ( +-  1.13% )
           1568547      instructions:u            #    1.06  insn per cycle         
                                                  #    0.65  stalled cycles per insn  ( +-  0.00% )
            175211      branches:u                #  172.044 M/sec                    ( +-  0.01% )
     <not counted>      branch-misses:u                                               ( +- 85.55% )  (11.03%)

         0.0006190 +- 0.0000139 seconds time elapsed  ( +-  2.24% )

Some events weren't counted. Try disabling the NMI watchdog:
	echo 0 > /proc/sys/kernel/nmi_watchdog
	perf stat ...
	echo 1 > /proc/sys/kernel/nmi_watchdog

 Performance counter stats for './mandelbrot_pth_noio -0.8 -0.7 0.05 0.15 16 10' (10 runs):

              1.45 msec task-clock:u              #    1.545 CPUs utilized            ( +-  3.01% )
                 0      context-switches:u        #    0.000 K/sec                  
                 0      cpu-migrations:u          #    0.000 K/sec                  
                96      page-faults:u             #    0.066 M/sec                    ( +-  0.48% )
           1705318      cycles:u                  #    1.177 GHz                      ( +-  2.19% )  (96.31%)
             70389      stalled-cycles-frontend:u #    4.13% frontend cycles idle     ( +-  1.66% )
           1076549      stalled-cycles-backend:u  #   63.13% backend cycles idle      ( +-  0.34% )
           1588062      instructions:u            #    0.93  insn per cycle         
                                                  #    0.68  stalled cycles per insn  ( +-  0.10% )
            179619      branches:u                #  124.021 M/sec                    ( +-  0.15% )
     <not counted>      branch-misses:u                                               ( +- 67.02% )  (3.69%)

         0.0009373 +- 0.0000185 seconds time elapsed  ( +-  1.97% )

Some events weren't counted. Try disabling the NMI watchdog:
	echo 0 > /proc/sys/kernel/nmi_watchdog
	perf stat ...
	echo 1 > /proc/sys/kernel/nmi_watchdog

 Performance counter stats for './mandelbrot_pth_noio -0.8 -0.7 0.05 0.15 16 12' (10 runs):

              1.68 msec task-clock:u              #    1.711 CPUs utilized            ( +-  1.24% )
                 0      context-switches:u        #    0.000 K/sec                  
                 0      cpu-migrations:u          #    0.000 K/sec                  
               100      page-faults:u             #    0.060 M/sec                    ( +-  0.55% )
           1666092      cycles:u                  #    0.990 GHz                      ( +-  1.39% )  (91.61%)
             73736      stalled-cycles-frontend:u #    4.43% frontend cycles idle     ( +-  1.89% )
           1058289      stalled-cycles-backend:u  #   63.52% backend cycles idle      ( +-  2.27% )
           1611070      instructions:u            #    0.97  insn per cycle         
                                                  #    0.66  stalled cycles per insn  ( +-  0.09% )
            184640      branches:u                #  109.721 M/sec                    ( +-  0.13% )
     <not counted>      branch-misses:u                                               ( +-100.00% )  (8.39%)

         0.0009838 +- 0.0000217 seconds time elapsed  ( +-  2.21% )

Some events weren't counted. Try disabling the NMI watchdog:
	echo 0 > /proc/sys/kernel/nmi_watchdog
	perf stat ...
	echo 1 > /proc/sys/kernel/nmi_watchdog

 Performance counter stats for './mandelbrot_pth_noio -0.8 -0.7 0.05 0.15 32 2' (10 runs):

              2.42 msec task-clock:u              #    1.503 CPUs utilized            ( +-  3.86% )
                 0      context-switches:u        #    0.000 K/sec                  
                 0      cpu-migrations:u          #    0.000 K/sec                  
                80      page-faults:u             #    0.033 M/sec                    ( +-  0.61% )
           4246216      cycles:u                  #    1.756 GHz                      ( +- 10.18% )  (81.28%)
             37704      stalled-cycles-frontend:u #    0.89% frontend cycles idle     ( +-  2.64% )
           4003574      stalled-cycles-backend:u  #   94.29% backend cycles idle      ( +-  0.16% )
           4854131      instructions:u            #    1.14  insn per cycle         
                                                  #    0.82  stalled cycles per insn  ( +-  0.00% )
            409219      branches:u                #  169.267 M/sec                    ( +-  0.00% )
     <not counted>      branch-misses:u                                               ( +- 43.77% )  (18.72%)

         0.0016081 +- 0.0000477 seconds time elapsed  ( +-  2.97% )

Some events weren't counted. Try disabling the NMI watchdog:
	echo 0 > /proc/sys/kernel/nmi_watchdog
	perf stat ...
	echo 1 > /proc/sys/kernel/nmi_watchdog

 Performance counter stats for './mandelbrot_pth_noio -0.8 -0.7 0.05 0.15 32 4' (10 runs):

              2.13 msec task-clock:u              #    2.340 CPUs utilized            ( +-  0.38% )
                 0      context-switches:u        #    0.000 K/sec                  
                 0      cpu-migrations:u          #    0.000 K/sec                  
                84      page-faults:u             #    0.039 M/sec                    ( +-  0.73% )
           4366371      cycles:u                  #    2.046 GHz                      ( +-  7.57% )  (83.51%)
             48226      stalled-cycles-frontend:u #    1.10% frontend cycles idle     ( +-  1.01% )
           4025695      stalled-cycles-backend:u  #   92.20% backend cycles idle      ( +-  0.03% )
           4881600      instructions:u            #    1.12  insn per cycle         
                                                  #    0.82  stalled cycles per insn  ( +-  0.00% )
            414885      branches:u                #  194.448 M/sec                    ( +-  0.00% )
              2670      branch-misses:u           #    0.64% of all branches          ( +- 60.77% )  (16.49%)

        0.00091200 +- 0.00000639 seconds time elapsed  ( +-  0.70% )


 Performance counter stats for './mandelbrot_pth_noio -0.8 -0.7 0.05 0.15 32 6' (10 runs):

              2.40 msec task-clock:u              #    2.239 CPUs utilized            ( +-  1.91% )
                 0      context-switches:u        #    0.000 K/sec                  
                 0      cpu-migrations:u          #    0.000 K/sec                  
                87      page-faults:u             #    0.036 M/sec                    ( +-  0.66% )
           4445649      cycles:u                  #    1.856 GHz                      ( +-  8.69% )  (90.64%)
             58790      stalled-cycles-frontend:u #    1.32% frontend cycles idle     ( +-  1.44% )
           4018183      stalled-cycles-backend:u  #   90.38% backend cycles idle      ( +-  0.12% )
           4909680      instructions:u            #    1.10  insn per cycle         
                                                  #    0.82  stalled cycles per insn  ( +-  0.00% )
            420766      branches:u                #  175.633 M/sec                    ( +-  0.00% )
     <not counted>      branch-misses:u                                               ( +- 75.91% )  (9.36%)

         0.0010699 +- 0.0000200 seconds time elapsed  ( +-  1.87% )

Some events weren't counted. Try disabling the NMI watchdog:
	echo 0 > /proc/sys/kernel/nmi_watchdog
	perf stat ...
	echo 1 > /proc/sys/kernel/nmi_watchdog

 Performance counter stats for './mandelbrot_pth_noio -0.8 -0.7 0.05 0.15 32 8' (10 runs):

              2.61 msec task-clock:u              #    2.394 CPUs utilized            ( +-  2.18% )
                 0      context-switches:u        #    0.000 K/sec                  
                 0      cpu-migrations:u          #    0.000 K/sec                  
                92      page-faults:u             #    0.035 M/sec                    ( +-  0.51% )
           4576753      cycles:u                  #    1.753 GHz                      ( +-  7.14% )  (89.76%)
             67409      stalled-cycles-frontend:u #    1.47% frontend cycles idle     ( +-  0.81% )
           3036361      stalled-cycles-backend:u  #   66.34% backend cycles idle      ( +-  1.48% )
           4937940      instructions:u            #    1.08  insn per cycle         
                                                  #    0.61  stalled cycles per insn  ( +-  0.00% )
            426669      branches:u                #  163.456 M/sec                    ( +-  0.00% )
     <not counted>      branch-misses:u                                               ( +-100.00% )  (10.24%)

         0.0010901 +- 0.0000396 seconds time elapsed  ( +-  3.63% )

Some events weren't counted. Try disabling the NMI watchdog:
	echo 0 > /proc/sys/kernel/nmi_watchdog
	perf stat ...
	echo 1 > /proc/sys/kernel/nmi_watchdog

 Performance counter stats for './mandelbrot_pth_noio -0.8 -0.7 0.05 0.15 32 10' (10 runs):

              2.17 msec task-clock:u              #    2.508 CPUs utilized            ( +-  2.22% )
                 0      context-switches:u        #    0.000 K/sec                  
                 0      cpu-migrations:u          #    0.000 K/sec                  
                96      page-faults:u             #    0.044 M/sec                    ( +-  0.64% )
           4980839      cycles:u                  #    2.297 GHz                      ( +-  0.32% )  (95.15%)
             74634      stalled-cycles-frontend:u #    1.50% frontend cycles idle     ( +-  4.63% )
           2312763      stalled-cycles-backend:u  #   46.43% backend cycles idle      ( +-  6.37% )
           4965829      instructions:u            #    1.00  insn per cycle         
                                                  #    0.47  stalled cycles per insn  ( +-  0.01% )
            432519      branches:u                #  199.422 M/sec                    ( +-  0.02% )
     <not counted>      branch-misses:u                                               ( +-100.00% )  (4.85%)

         0.0008648 +- 0.0000475 seconds time elapsed  ( +-  5.49% )

Some events weren't counted. Try disabling the NMI watchdog:
	echo 0 > /proc/sys/kernel/nmi_watchdog
	perf stat ...
	echo 1 > /proc/sys/kernel/nmi_watchdog

 Performance counter stats for './mandelbrot_pth_noio -0.8 -0.7 0.05 0.15 32 12' (10 runs):

              2.27 msec task-clock:u              #    2.646 CPUs utilized            ( +-  1.37% )
                 0      context-switches:u        #    0.000 K/sec                  
                 0      cpu-migrations:u          #    0.000 K/sec                  
               100      page-faults:u             #    0.044 M/sec                    ( +-  0.48% )
           4632285      cycles:u                  #    2.044 GHz                      ( +-  8.93% )  (89.04%)
             86289      stalled-cycles-frontend:u #    1.86% frontend cycles idle     ( +-  0.97% )
           2451413      stalled-cycles-backend:u  #   52.92% backend cycles idle      ( +-  3.88% )
           4994215      instructions:u            #    1.08  insn per cycle         
                                                  #    0.49  stalled cycles per insn  ( +-  0.01% )
            438448      branches:u                #  193.492 M/sec                    ( +-  0.02% )
     <not counted>      branch-misses:u                                               ( +- 54.72% )  (10.96%)

         0.0008564 +- 0.0000366 seconds time elapsed  ( +-  4.27% )

Some events weren't counted. Try disabling the NMI watchdog:
	echo 0 > /proc/sys/kernel/nmi_watchdog
	perf stat ...
	echo 1 > /proc/sys/kernel/nmi_watchdog

 Performance counter stats for './mandelbrot_pth_noio -0.8 -0.7 0.05 0.15 64 2' (10 runs):

              6.03 msec task-clock:u              #    1.787 CPUs utilized            ( +-  3.97% )
                 0      context-switches:u        #    0.000 K/sec                  
                 0      cpu-migrations:u          #    0.000 K/sec                  
                79      page-faults:u             #    0.013 M/sec                    ( +-  0.65% )
          14998281      cycles:u                  #    2.488 GHz                      ( +-  7.40% )  (38.51%)
             40616      stalled-cycles-frontend:u #    0.27% frontend cycles idle     ( +-  2.09% )  (97.29%)
          15780435      stalled-cycles-backend:u  #  105.21% backend cycles idle      ( +-  0.06% )
          18311892      instructions:u            #    1.22  insn per cycle         
                                                  #    0.86  stalled cycles per insn  ( +-  0.00% )
           1413511      branches:u                #  234.512 M/sec                    ( +-  0.01% )
              8732      branch-misses:u           #    0.62% of all branches          ( +- 12.36% )  (64.21%)

          0.003373 +- 0.000140 seconds time elapsed  ( +-  4.16% )


 Performance counter stats for './mandelbrot_pth_noio -0.8 -0.7 0.05 0.15 64 4' (10 runs):

              7.32 msec task-clock:u              #    3.160 CPUs utilized            ( +-  2.75% )
                 0      context-switches:u        #    0.000 K/sec                  
                 0      cpu-migrations:u          #    0.000 K/sec                  
                85      page-faults:u             #    0.012 M/sec                    ( +-  0.53% )
          15430494      cycles:u                  #    2.107 GHz                      ( +-  9.66% )  (55.60%)
             50583      stalled-cycles-frontend:u #    0.33% frontend cycles idle     ( +-  1.49% )
          15799294      stalled-cycles-backend:u  #  102.39% backend cycles idle      ( +-  0.06% )
          18338379      instructions:u            #    1.19  insn per cycle         
                                                  #    0.86  stalled cycles per insn  ( +-  0.01% )
           1419018      branches:u                #  193.803 M/sec                    ( +-  0.01% )
              9734      branch-misses:u           #    0.69% of all branches          ( +- 27.24% )  (44.40%)

         0.0023172 +- 0.0000539 seconds time elapsed  ( +-  2.33% )


 Performance counter stats for './mandelbrot_pth_noio -0.8 -0.7 0.05 0.15 64 6' (10 runs):

              7.80 msec task-clock:u              #    3.891 CPUs utilized            ( +-  0.22% )
                 0      context-switches:u        #    0.000 K/sec                  
                 0      cpu-migrations:u          #    0.000 K/sec                  
                88      page-faults:u             #    0.011 M/sec                    ( +-  0.75% )
          14370068      cycles:u                  #    1.843 GHz                      ( +- 12.39% )  (64.88%)
             60020      stalled-cycles-frontend:u #    0.42% frontend cycles idle     ( +-  1.20% )
          15794270      stalled-cycles-backend:u  #  109.91% backend cycles idle      ( +-  0.06% )
          18368674      instructions:u            #    1.28  insn per cycle         
                                                  #    0.86  stalled cycles per insn  ( +-  0.00% )
           1425270      branches:u                #  182.824 M/sec                    ( +-  0.01% )
              5265      branch-misses:u           #    0.37% of all branches          ( +- 34.94% )  (35.12%)

        0.00200347 +- 0.00000748 seconds time elapsed  ( +-  0.37% )


 Performance counter stats for './mandelbrot_pth_noio -0.8 -0.7 0.05 0.15 64 8' (10 runs):

              5.55 msec task-clock:u              #    3.937 CPUs utilized            ( +-  2.90% )
                 0      context-switches:u        #    0.000 K/sec                  
                 0      cpu-migrations:u          #    0.000 K/sec                  
                92      page-faults:u             #    0.016 M/sec                    ( +-  0.41% )
          16944255      cycles:u                  #    3.055 GHz                      ( +-  5.07% )  (83.34%)
             76862      stalled-cycles-frontend:u #    0.45% frontend cycles idle     ( +-  0.89% )
          10853040      stalled-cycles-backend:u  #   64.05% backend cycles idle      ( +-  1.46% )
          18397514      instructions:u            #    1.09  insn per cycle         
                                                  #    0.59  stalled cycles per insn  ( +-  0.00% )
           1431269      branches:u                #  258.058 M/sec                    ( +-  0.00% )
     <not counted>      branch-misses:u                                               ( +- 65.22% )  (16.66%)

         0.0014089 +- 0.0000349 seconds time elapsed  ( +-  2.48% )

Some events weren't counted. Try disabling the NMI watchdog:
	echo 0 > /proc/sys/kernel/nmi_watchdog
	perf stat ...
	echo 1 > /proc/sys/kernel/nmi_watchdog

 Performance counter stats for './mandelbrot_pth_noio -0.8 -0.7 0.05 0.15 64 10' (10 runs):

              6.43 msec task-clock:u              #    4.568 CPUs utilized            ( +-  2.07% )
                 0      context-switches:u        #    0.000 K/sec                  
                 0      cpu-migrations:u          #    0.000 K/sec                  
                96      page-faults:u             #    0.015 M/sec                    ( +-  0.47% )
          16405009      cycles:u                  #    2.551 GHz                      ( +-  9.28% )  (78.92%)
             83976      stalled-cycles-frontend:u #    0.51% frontend cycles idle     ( +-  1.28% )
           6788917      stalled-cycles-backend:u  #   41.38% backend cycles idle      ( +-  1.53% )
          18425368      instructions:u            #    1.12  insn per cycle         
                                                  #    0.37  stalled cycles per insn  ( +-  0.00% )
           1437121      branches:u                #  223.518 M/sec                    ( +-  0.01% )
              3564      branch-misses:u           #    0.25% of all branches          ( +- 46.24% )  (21.08%)

         0.0014077 +- 0.0000190 seconds time elapsed  ( +-  1.35% )


 Performance counter stats for './mandelbrot_pth_noio -0.8 -0.7 0.05 0.15 64 12' (10 runs):

              6.51 msec task-clock:u              #    5.198 CPUs utilized            ( +-  2.57% )
                 0      context-switches:u        #    0.000 K/sec                  
                 0      cpu-migrations:u          #    0.000 K/sec                  
               101      page-faults:u             #    0.015 M/sec                    ( +-  0.59% )
          18367349      cycles:u                  #    2.820 GHz                      ( +-  0.50% )  (94.65%)
             86413      stalled-cycles-frontend:u #    0.47% frontend cycles idle     ( +-  4.08% )
           5369708      stalled-cycles-backend:u  #   29.24% backend cycles idle      ( +-  2.08% )
          18453059      instructions:u            #    1.00  insn per cycle         
                                                  #    0.29  stalled cycles per insn  ( +-  0.01% )
           1442935      branches:u                #  221.563 M/sec                    ( +-  0.01% )
             18190      branch-misses:u           #    1.26% of all branches          ( +- 39.46% )  (5.35%)

         0.0012528 +- 0.0000253 seconds time elapsed  ( +-  2.02% )


 Performance counter stats for './mandelbrot_pth_noio -0.8 -0.7 0.05 0.15 128 2' (10 runs):

             26.57 msec task-clock:u              #    1.937 CPUs utilized            ( +-  6.51% )
                 0      context-switches:u        #    0.000 K/sec                  
                 0      cpu-migrations:u          #    0.000 K/sec                  
                80      page-faults:u             #    0.003 M/sec                    ( +-  0.87% )
          69036443      cycles:u                  #    2.598 GHz                      ( +-  0.59% )  (77.40%)
             68759      stalled-cycles-frontend:u #    0.10% frontend cycles idle     ( +-  3.47% )  (77.42%)
          61574897      stalled-cycles-backend:u  #   89.19% backend cycles idle      ( +-  0.80% )  (78.72%)
          71826351      instructions:u            #    1.04  insn per cycle         
                                                  #    0.86  stalled cycles per insn  ( +-  0.42% )  (88.28%)
           5430638      branches:u                #  204.387 M/sec                    ( +-  0.09% )  (92.42%)
             19930      branch-misses:u           #    0.37% of all branches          ( +-  1.64% )  (85.76%)

          0.013716 +- 0.000855 seconds time elapsed  ( +-  6.24% )


 Performance counter stats for './mandelbrot_pth_noio -0.8 -0.7 0.05 0.15 128 4' (10 runs):

             26.28 msec task-clock:u              #    3.747 CPUs utilized            ( +-  2.88% )
                 0      context-switches:u        #    0.000 K/sec                  
                 0      cpu-migrations:u          #    0.000 K/sec                  
                85      page-faults:u             #    0.003 M/sec                    ( +-  0.61% )
          67363834      cycles:u                  #    2.564 GHz                      ( +-  1.01% )  (54.47%)
             68248      stalled-cycles-frontend:u #    0.10% frontend cycles idle     ( +-  9.98% )  (69.76%)
          63024854      stalled-cycles-backend:u  #   93.56% backend cycles idle      ( +-  0.28% )  (96.50%)
          72096482      instructions:u            #    1.07  insn per cycle         
                                                  #    0.87  stalled cycles per insn  ( +-  0.00% )
           5431801      branches:u                #  206.716 M/sec                    ( +-  0.00% )
             21669      branch-misses:u           #    0.40% of all branches          ( +-  1.86% )  (79.27%)

          0.007013 +- 0.000188 seconds time elapsed  ( +-  2.68% )


 Performance counter stats for './mandelbrot_pth_noio -0.8 -0.7 0.05 0.15 128 6' (10 runs):

             24.86 msec task-clock:u              #    5.064 CPUs utilized            ( +-  0.37% )
                 0      context-switches:u        #    0.000 K/sec                  
                 0      cpu-migrations:u          #    0.000 K/sec                  
                88      page-faults:u             #    0.004 M/sec                    ( +-  0.54% )
          66152304      cycles:u                  #    2.661 GHz                      ( +-  1.12% )  (34.40%)
             66541      stalled-cycles-frontend:u #    0.10% frontend cycles idle     ( +-  5.35% )  (85.68%)
          62676609      stalled-cycles-backend:u  #   94.75% backend cycles idle      ( +-  0.26% )
          72124554      instructions:u            #    1.09  insn per cycle         
                                                  #    0.87  stalled cycles per insn  ( +-  0.00% )
           5437676      branches:u                #  218.730 M/sec                    ( +-  0.00% )
             23554      branch-misses:u           #    0.43% of all branches          ( +-  2.15% )  (79.92%)

         0.0049089 +- 0.0000191 seconds time elapsed  ( +-  0.39% )


 Performance counter stats for './mandelbrot_pth_noio -0.8 -0.7 0.05 0.15 128 8' (10 runs):

             24.47 msec task-clock:u              #    6.490 CPUs utilized            ( +-  1.01% )
                 0      context-switches:u        #    0.000 K/sec                  
                 0      cpu-migrations:u          #    0.000 K/sec                  
                92      page-faults:u             #    0.004 M/sec                    ( +-  0.64% )
          65506557      cycles:u                  #    2.677 GHz                      ( +-  3.46% )  (48.10%)
             90695      stalled-cycles-frontend:u #    0.14% frontend cycles idle     ( +-  0.75% )  (99.98%)
          40104098      stalled-cycles-backend:u  #   61.22% backend cycles idle      ( +-  1.55% )
          72153622      instructions:u            #    1.10  insn per cycle         
                                                  #    0.56  stalled cycles per insn  ( +-  0.00% )
           5443722      branches:u                #  222.489 M/sec                    ( +-  0.00% )
             27863      branch-misses:u           #    0.51% of all branches          ( +- 10.24% )  (51.92%)

         0.0037702 +- 0.0000475 seconds time elapsed  ( +-  1.26% )


 Performance counter stats for './mandelbrot_pth_noio -0.8 -0.7 0.05 0.15 128 10' (10 runs):

             28.66 msec task-clock:u              #    7.609 CPUs utilized            ( +-  1.35% )
                 0      context-switches:u        #    0.000 K/sec                  
                 0      cpu-migrations:u          #    0.000 K/sec                  
                96      page-faults:u             #    0.003 M/sec                    ( +-  0.36% )
          61190563      cycles:u                  #    2.135 GHz                      ( +-  7.83% )  (31.62%)
             92289      stalled-cycles-frontend:u #    0.15% frontend cycles idle     ( +-  5.63% )  (98.00%)
          26136015      stalled-cycles-backend:u  #   42.71% backend cycles idle      ( +-  0.85% )
          72181935      instructions:u            #    1.18  insn per cycle         
                                                  #    0.36  stalled cycles per insn  ( +-  0.00% )
           5449638      branches:u                #  190.130 M/sec                    ( +-  0.00% )
             23614      branch-misses:u           #    0.43% of all branches          ( +-  2.52% )  (70.38%)

         0.0037672 +- 0.0000507 seconds time elapsed  ( +-  1.35% )


 Performance counter stats for './mandelbrot_pth_noio -0.8 -0.7 0.05 0.15 128 12' (10 runs):

             24.86 msec task-clock:u              #    8.511 CPUs utilized            ( +-  1.85% )
                 0      context-switches:u        #    0.000 K/sec                  
                 0      cpu-migrations:u          #    0.000 K/sec                  
               100      page-faults:u             #    0.004 M/sec                    ( +-  0.50% )
          69689089      cycles:u                  #    2.803 GHz                      ( +-  0.85% )  (62.24%)
            109325      stalled-cycles-frontend:u #    0.16% frontend cycles idle     ( +-  2.90% )
          18585976      stalled-cycles-backend:u  #   26.67% backend cycles idle      ( +-  0.71% )
          72209501      instructions:u            #    1.04  insn per cycle         
                                                  #    0.26  stalled cycles per insn  ( +-  0.00% )
           5455432      branches:u                #  219.454 M/sec                    ( +-  0.00% )
             30325      branch-misses:u           #    0.56% of all branches          ( +- 23.46% )  (37.76%)

          0.002921 +- 0.000115 seconds time elapsed  ( +-  3.95% )


 Performance counter stats for './mandelbrot_pth_noio -0.8 -0.7 0.05 0.15 256 2' (10 runs):

             85.47 msec task-clock:u              #    1.980 CPUs utilized            ( +-  5.54% )
                 0      context-switches:u        #    0.000 K/sec                  
                 0      cpu-migrations:u          #    0.000 K/sec                  
                79      page-faults:u             #    0.929 K/sec                    ( +-  0.71% )
         274238940      cycles:u                  #    3.209 GHz                      ( +-  0.08% )  (80.41%)
            113808      stalled-cycles-frontend:u #    0.04% frontend cycles idle     ( +-  0.58% )  (83.15%)
         251743999      stalled-cycles-backend:u  #   91.80% backend cycles idle      ( +-  0.16% )  (84.34%)
         287192480      instructions:u            #    1.05  insn per cycle         
                                                  #    0.88  stalled cycles per insn  ( +-  0.08% )  (85.26%)
          21456588      branches:u                #  251.036 M/sec                    ( +-  0.08% )  (85.26%)
             69630      branch-misses:u           #    0.32% of all branches          ( +-  0.38% )  (81.58%)

           0.04317 +- 0.00236 seconds time elapsed  ( +-  5.46% )


 Performance counter stats for './mandelbrot_pth_noio -0.8 -0.7 0.05 0.15 256 4' (10 runs):

            106.68 msec task-clock:u              #    3.906 CPUs utilized            ( +-  2.89% )
                 0      context-switches:u        #    0.000 K/sec                  
                 0      cpu-migrations:u          #    0.000 K/sec                  
                84      page-faults:u             #    0.786 K/sec                    ( +-  0.63% )
         275383255      cycles:u                  #    2.581 GHz                      ( +-  0.27% )  (77.58%)
            118844      stalled-cycles-frontend:u #    0.04% frontend cycles idle     ( +-  3.81% )  (78.71%)
         248667974      stalled-cycles-backend:u  #   90.30% backend cycles idle      ( +-  0.91% )  (84.15%)
         286695868      instructions:u            #    1.04  insn per cycle         
                                                  #    0.87  stalled cycles per insn  ( +-  0.20% )  (87.63%)
          21407014      branches:u                #  200.668 M/sec                    ( +-  0.25% )  (88.75%)
             72005      branch-misses:u           #    0.34% of all branches          ( +-  0.45% )  (83.17%)

          0.027310 +- 0.000772 seconds time elapsed  ( +-  2.83% )


 Performance counter stats for './mandelbrot_pth_noio -0.8 -0.7 0.05 0.15 256 6' (10 runs):

             96.85 msec task-clock:u              #    5.754 CPUs utilized            ( +-  1.80% )
                 0      context-switches:u        #    0.000 K/sec                  
                 0      cpu-migrations:u          #    0.000 K/sec                  
                88      page-faults:u             #    0.907 K/sec                    ( +-  0.67% )
         276417191      cycles:u                  #    2.854 GHz                      ( +-  0.29% )  (81.41%)
            145825      stalled-cycles-frontend:u #    0.05% frontend cycles idle     ( +-  2.29% )  (81.42%)
         223753291      stalled-cycles-backend:u  #   80.95% backend cycles idle      ( +-  8.39% )  (81.41%)
         286007775      instructions:u            #    1.03  insn per cycle         
                                                  #    0.78  stalled cycles per insn  ( +-  0.21% )  (81.41%)
          21470748      branches:u                #  221.698 M/sec                    ( +-  0.23% )  (85.86%)
             70730      branch-misses:u           #    0.33% of all branches          ( +-  1.96% )  (88.48%)

          0.016832 +- 0.000295 seconds time elapsed  ( +-  1.75% )


 Performance counter stats for './mandelbrot_pth_noio -0.8 -0.7 0.05 0.15 256 8' (10 runs):

            101.44 msec task-clock:u              #    7.528 CPUs utilized            ( +-  2.62% )
                 0      context-switches:u        #    0.000 K/sec                  
                 0      cpu-migrations:u          #    0.000 K/sec                  
                92      page-faults:u             #    0.910 K/sec                    ( +-  0.46% )
         277273799      cycles:u                  #    2.733 GHz                      ( +-  0.38% )  (76.87%)
            180668      stalled-cycles-frontend:u #    0.07% frontend cycles idle     ( +-  1.07% )  (76.35%)
         161287399      stalled-cycles-backend:u  #   58.17% backend cycles idle      ( +-  2.55% )  (76.34%)
         287235006      instructions:u            #    1.04  insn per cycle         
                                                  #    0.56  stalled cycles per insn  ( +-  0.27% )  (83.44%)
          21522670      branches:u                #  212.173 M/sec                    ( +-  0.05% )  (95.11%)
             70572      branch-misses:u           #    0.33% of all branches          ( +-  0.58% )  (91.89%)

          0.013474 +- 0.000327 seconds time elapsed  ( +-  2.43% )


 Performance counter stats for './mandelbrot_pth_noio -0.8 -0.7 0.05 0.15 256 10' (10 runs):

             96.91 msec task-clock:u              #    9.221 CPUs utilized            ( +-  2.01% )
                 0      context-switches:u        #    0.000 K/sec                  
                 0      cpu-migrations:u          #    0.000 K/sec                  
                95      page-faults:u             #    0.983 K/sec                    ( +-  0.77% )
         278922064      cycles:u                  #    2.878 GHz                      ( +-  0.18% )  (69.03%)
            205081      stalled-cycles-frontend:u #    0.07% frontend cycles idle     ( +-  0.90% )  (69.05%)
         103265727      stalled-cycles-backend:u  #   37.02% backend cycles idle      ( +-  3.77% )  (78.74%)
         287486318      instructions:u            #    1.03  insn per cycle         
                                                  #    0.36  stalled cycles per insn  ( +-  0.03% )  (98.66%)
          21510953      branches:u                #  221.977 M/sec                    ( +-  0.00% )
             68206      branch-misses:u           #    0.32% of all branches          ( +-  0.43% )  (84.51%)

          0.010510 +- 0.000214 seconds time elapsed  ( +-  2.03% )


 Performance counter stats for './mandelbrot_pth_noio -0.8 -0.7 0.05 0.15 256 12' (10 runs):

             83.95 msec task-clock:u              #   10.840 CPUs utilized            ( +-  2.56% )
                 0      context-switches:u        #    0.000 K/sec                  
                 0      cpu-migrations:u          #    0.000 K/sec                  
               101      page-faults:u             #    0.001 M/sec                    ( +-  0.47% )
         278962856      cycles:u                  #    3.323 GHz                      ( +-  0.18% )  (57.50%)
            219171      stalled-cycles-frontend:u #    0.08% frontend cycles idle     ( +-  6.29% )  (62.20%)
          71769336      stalled-cycles-backend:u  #   25.73% backend cycles idle      ( +-  0.24% )  (93.21%)
         287395249      instructions:u            #    1.03  insn per cycle         
                                                  #    0.25  stalled cycles per insn  ( +-  0.00% )
          21517001      branches:u                #  256.300 M/sec                    ( +-  0.00% )
             67160      branch-misses:u           #    0.31% of all branches          ( +-  0.67% )  (87.09%)

          0.007745 +- 0.000225 seconds time elapsed  ( +-  2.90% )


 Performance counter stats for './mandelbrot_pth_noio -0.8 -0.7 0.05 0.15 512 2' (10 runs):

            261.12 msec task-clock:u              #    1.992 CPUs utilized            ( +-  1.17% )
                 0      context-switches:u        #    0.000 K/sec                  
                 0      cpu-migrations:u          #    0.000 K/sec                  
                79      page-faults:u             #    0.302 K/sec                    ( +-  0.55% )
        1098195626      cycles:u                  #    4.206 GHz                      ( +-  0.05% )  (82.69%)
            319905      stalled-cycles-frontend:u #    0.03% frontend cycles idle     ( +-  0.63% )  (83.51%)
        1004036470      stalled-cycles-backend:u  #   91.43% backend cycles idle      ( +-  0.05% )  (83.69%)
        1146588729      instructions:u            #    1.04  insn per cycle         
                                                  #    0.88  stalled cycles per insn  ( +-  0.04% )  (83.69%)
          85600615      branches:u                #  327.818 M/sec                    ( +-  0.08% )  (83.69%)
            270729      branch-misses:u           #    0.32% of all branches          ( +-  0.37% )  (82.73%)

           0.13110 +- 0.00153 seconds time elapsed  ( +-  1.16% )


 Performance counter stats for './mandelbrot_pth_noio -0.8 -0.7 0.05 0.15 512 4' (10 runs):

            286.20 msec task-clock:u              #    3.966 CPUs utilized            ( +-  3.38% )
                 0      context-switches:u        #    0.000 K/sec                  
                 0      cpu-migrations:u          #    0.000 K/sec                  
                84      page-faults:u             #    0.292 K/sec                    ( +-  0.41% )
        1095371830      cycles:u                  #    3.827 GHz                      ( +-  0.08% )  (81.90%)
            332607      stalled-cycles-frontend:u #    0.03% frontend cycles idle     ( +-  0.45% )  (81.99%)
        1005015493      stalled-cycles-backend:u  #   91.75% backend cycles idle      ( +-  0.06% )  (82.18%)
        1149675409      instructions:u            #    1.05  insn per cycle         
                                                  #    0.87  stalled cycles per insn  ( +-  0.08% )  (83.86%)
          85736379      branches:u                #  299.571 M/sec                    ( +-  0.07% )  (85.33%)
            271691      branch-misses:u           #    0.32% of all branches          ( +-  0.40% )  (84.75%)

           0.07217 +- 0.00240 seconds time elapsed  ( +-  3.33% )


 Performance counter stats for './mandelbrot_pth_noio -0.8 -0.7 0.05 0.15 512 6' (10 runs):

            284.34 msec task-clock:u              #    5.944 CPUs utilized            ( +-  3.40% )
                 0      context-switches:u        #    0.000 K/sec                  
                 0      cpu-migrations:u          #    0.000 K/sec                  
                88      page-faults:u             #    0.308 K/sec                    ( +-  0.72% )
        1095965703      cycles:u                  #    3.854 GHz                      ( +-  0.07% )  (80.38%)
            349019      stalled-cycles-frontend:u #    0.03% frontend cycles idle     ( +-  0.85% )  (80.59%)
        1003136036      stalled-cycles-backend:u  #   91.53% backend cycles idle      ( +-  0.29% )  (82.45%)
        1148045415      instructions:u            #    1.05  insn per cycle         
                                                  #    0.87  stalled cycles per insn  ( +-  0.03% )  (85.19%)
          85673364      branches:u                #  301.305 M/sec                    ( +-  0.08% )  (86.71%)
            275432      branch-misses:u           #    0.32% of all branches          ( +-  0.16% )  (84.68%)

           0.04784 +- 0.00162 seconds time elapsed  ( +-  3.39% )


 Performance counter stats for './mandelbrot_pth_noio -0.8 -0.7 0.05 0.15 512 8' (10 runs):

            320.46 msec task-clock:u              #    7.899 CPUs utilized            ( +-  4.76% )
                 0      context-switches:u        #    0.000 K/sec                  
                 0      cpu-migrations:u          #    0.000 K/sec                  
                91      page-faults:u             #    0.283 K/sec                    ( +-  0.37% )
        1108993720      cycles:u                  #    3.461 GHz                      ( +-  0.07% )  (80.72%)
            420263      stalled-cycles-frontend:u #    0.04% frontend cycles idle     ( +-  1.76% )  (82.45%)
         652627410      stalled-cycles-backend:u  #   58.85% backend cycles idle      ( +-  0.67% )  (83.52%)
        1145549414      instructions:u            #    1.03  insn per cycle         
                                                  #    0.57  stalled cycles per insn  ( +-  0.18% )  (83.59%)
          85752415      branches:u                #  267.595 M/sec                    ( +-  0.07% )  (85.78%)
            260921      branch-misses:u           #    0.30% of all branches          ( +-  0.21% )  (83.94%)

           0.04057 +- 0.00192 seconds time elapsed  ( +-  4.73% )


 Performance counter stats for './mandelbrot_pth_noio -0.8 -0.7 0.05 0.15 512 10' (10 runs):

            325.67 msec task-clock:u              #    9.842 CPUs utilized            ( +-  0.94% )
                 0      context-switches:u        #    0.000 K/sec                  
                 0      cpu-migrations:u          #    0.000 K/sec                  
                96      page-faults:u             #    0.295 K/sec                    ( +-  0.80% )
        1116817303      cycles:u                  #    3.429 GHz                      ( +-  0.01% )  (81.58%)
            487435      stalled-cycles-frontend:u #    0.04% frontend cycles idle     ( +-  0.27% )  (81.58%)
         411281353      stalled-cycles-backend:u  #   36.83% backend cycles idle      ( +-  0.22% )  (81.58%)
        1147078469      instructions:u            #    1.03  insn per cycle         
                                                  #    0.36  stalled cycles per insn  ( +-  0.01% )  (81.58%)
          85784453      branches:u                #  263.407 M/sec                    ( +-  0.02% )  (88.74%)
            249687      branch-misses:u           #    0.29% of all branches          ( +-  0.12% )  (84.94%)

          0.033090 +- 0.000309 seconds time elapsed  ( +-  0.93% )


 Performance counter stats for './mandelbrot_pth_noio -0.8 -0.7 0.05 0.15 512 12' (10 runs):

            330.93 msec task-clock:u              #   11.703 CPUs utilized            ( +-  2.17% )
                 0      context-switches:u        #    0.000 K/sec                  
                 0      cpu-migrations:u          #    0.000 K/sec                  
               100      page-faults:u             #    0.304 K/sec                    ( +-  0.50% )
        1123201667      cycles:u                  #    3.394 GHz                      ( +-  0.07% )  (78.27%)
            523572      stalled-cycles-frontend:u #    0.05% frontend cycles idle     ( +-  1.17% )  (78.75%)
         281216168      stalled-cycles-backend:u  #   25.04% backend cycles idle      ( +-  0.15% )  (81.36%)
        1147573731      instructions:u            #    1.02  insn per cycle         
                                                  #    0.25  stalled cycles per insn  ( +-  0.06% )  (87.50%)
          85634342      branches:u                #  258.769 M/sec                    ( +-  0.08% )  (89.13%)
            242960      branch-misses:u           #    0.28% of all branches          ( +-  0.11% )  (85.00%)

          0.028276 +- 0.000585 seconds time elapsed  ( +-  2.07% )


 Performance counter stats for './mandelbrot_pth_noio -0.8 -0.7 0.05 0.15 1024 2' (10 runs):

           1032.12 msec task-clock:u              #    1.998 CPUs utilized            ( +-  0.64% )
                 0      context-switches:u        #    0.000 K/sec                  
                 0      cpu-migrations:u          #    0.000 K/sec                  
                80      page-faults:u             #    0.078 K/sec                    ( +-  0.63% )
        4388272934      cycles:u                  #    4.252 GHz                      ( +-  0.02% )  (82.99%)
           1115510      stalled-cycles-frontend:u #    0.03% frontend cycles idle     ( +-  0.49% )  (83.27%)
        4019567679      stalled-cycles-backend:u  #   91.60% backend cycles idle      ( +-  0.04% )  (83.50%)
        4587144978      instructions:u            #    1.05  insn per cycle         
                                                  #    0.88  stalled cycles per insn  ( +-  0.00% )  (83.49%)
         342368304      branches:u                #  331.715 M/sec                    ( +-  0.01% )  (83.50%)
           1074680      branch-misses:u           #    0.31% of all branches          ( +-  0.37% )  (83.25%)

           0.51666 +- 0.00336 seconds time elapsed  ( +-  0.65% )


 Performance counter stats for './mandelbrot_pth_noio -0.8 -0.7 0.05 0.15 1024 4' (10 runs):

           1051.57 msec task-clock:u              #    3.989 CPUs utilized            ( +-  0.65% )
                 0      context-switches:u        #    0.000 K/sec                  
                 0      cpu-migrations:u          #    0.000 K/sec                  
                84      page-faults:u             #    0.080 K/sec                    ( +-  0.60% )
        4385549873      cycles:u                  #    4.170 GHz                      ( +-  0.01% )  (82.78%)
           1142951      stalled-cycles-frontend:u #    0.03% frontend cycles idle     ( +-  0.22% )  (82.77%)
        4017707037      stalled-cycles-backend:u  #   91.61% backend cycles idle      ( +-  0.07% )  (83.15%)
        4586576255      instructions:u            #    1.05  insn per cycle         
                                                  #    0.88  stalled cycles per insn  ( +-  0.01% )  (83.92%)
         342402598      branches:u                #  325.612 M/sec                    ( +-  0.01% )  (83.91%)
           1075108      branch-misses:u           #    0.31% of all branches          ( +-  0.19% )  (83.47%)

           0.26360 +- 0.00167 seconds time elapsed  ( +-  0.63% )


 Performance counter stats for './mandelbrot_pth_noio -0.8 -0.7 0.05 0.15 1024 6' (10 runs):

           1067.77 msec task-clock:u              #    5.982 CPUs utilized            ( +-  0.84% )
                 0      context-switches:u        #    0.000 K/sec                  
                 0      cpu-migrations:u          #    0.000 K/sec                  
                88      page-faults:u             #    0.082 K/sec                    ( +-  0.46% )
        4388281029      cycles:u                  #    4.110 GHz                      ( +-  0.03% )  (83.00%)
           1171732      stalled-cycles-frontend:u #    0.03% frontend cycles idle     ( +-  0.67% )  (82.98%)
        3974314667      stalled-cycles-backend:u  #   90.57% backend cycles idle      ( +-  0.87% )  (82.98%)
        4587541585      instructions:u            #    1.05  insn per cycle         
                                                  #    0.87  stalled cycles per insn  ( +-  0.02% )  (83.11%)
         342403540      branches:u                #  320.672 M/sec                    ( +-  0.02% )  (84.02%)
           1084832      branch-misses:u           #    0.32% of all branches          ( +-  0.20% )  (83.91%)

           0.17849 +- 0.00152 seconds time elapsed  ( +-  0.85% )


 Performance counter stats for './mandelbrot_pth_noio -0.8 -0.7 0.05 0.15 1024 8' (10 runs):

           1096.98 msec task-clock:u              #    7.970 CPUs utilized            ( +-  1.19% )
                 0      context-switches:u        #    0.000 K/sec                  
                 0      cpu-migrations:u          #    0.000 K/sec                  
                92      page-faults:u             #    0.083 K/sec                    ( +-  0.55% )
        4434188130      cycles:u                  #    4.042 GHz                      ( +-  0.01% )  (82.28%)
           1441231      stalled-cycles-frontend:u #    0.03% frontend cycles idle     ( +-  0.28% )  (82.28%)
        2579310695      stalled-cycles-backend:u  #   58.17% backend cycles idle      ( +-  0.40% )  (82.97%)
        4589348706      instructions:u            #    1.03  insn per cycle         
                                                  #    0.56  stalled cycles per insn  ( +-  0.03% )  (84.22%)
         342402089      branches:u                #  312.131 M/sec                    ( +-  0.05% )  (84.47%)
           1006764      branch-misses:u           #    0.29% of all branches          ( +-  0.12% )  (83.78%)

           0.13764 +- 0.00165 seconds time elapsed  ( +-  1.20% )


 Performance counter stats for './mandelbrot_pth_noio -0.8 -0.7 0.05 0.15 1024 10' (10 runs):

           1109.63 msec task-clock:u              #    9.945 CPUs utilized            ( +-  1.30% )
                 0      context-switches:u        #    0.000 K/sec                  
                 0      cpu-migrations:u          #    0.000 K/sec                  
                95      page-faults:u             #    0.086 K/sec                    ( +-  0.50% )
        4465893718      cycles:u                  #    4.025 GHz                      ( +-  0.02% )  (83.12%)
           1628496      stalled-cycles-frontend:u #    0.04% frontend cycles idle     ( +-  0.18% )  (83.51%)
        1694593845      stalled-cycles-backend:u  #   37.95% backend cycles idle      ( +-  0.34% )  (83.51%)
        4587740160      instructions:u            #    1.03  insn per cycle         
                                                  #    0.37  stalled cycles per insn  ( +-  0.01% )  (83.51%)
         342359257      branches:u                #  308.535 M/sec                    ( +-  0.03% )  (83.49%)
            961836      branch-misses:u           #    0.28% of all branches          ( +-  0.10% )  (82.85%)

           0.11158 +- 0.00147 seconds time elapsed  ( +-  1.32% )


 Performance counter stats for './mandelbrot_pth_noio -0.8 -0.7 0.05 0.15 1024 12' (10 runs):

           1103.95 msec task-clock:u              #   11.867 CPUs utilized            ( +-  0.26% )
                 0      context-switches:u        #    0.000 K/sec                  
                 0      cpu-migrations:u          #    0.000 K/sec                  
               101      page-faults:u             #    0.091 K/sec                    ( +-  0.46% )
        4484486282      cycles:u                  #    4.062 GHz                      ( +-  0.01% )  (82.89%)
           1759865      stalled-cycles-frontend:u #    0.04% frontend cycles idle     ( +-  0.18% )  (83.74%)
        1121443426      stalled-cycles-backend:u  #   25.01% backend cycles idle      ( +-  0.18% )  (83.75%)
        4587130262      instructions:u            #    1.02  insn per cycle         
                                                  #    0.24  stalled cycles per insn  ( +-  0.01% )  (83.77%)
         342421096      branches:u                #  310.177 M/sec                    ( +-  0.01% )  (83.77%)
            934936      branch-misses:u           #    0.27% of all branches          ( +-  0.03% )  (82.08%)

          0.093028 +- 0.000318 seconds time elapsed  ( +-  0.34% )


 Performance counter stats for './mandelbrot_pth_noio -0.8 -0.7 0.05 0.15 2048 2' (10 runs):

           4069.84 msec task-clock:u              #    1.999 CPUs utilized            ( +-  0.21% )
                 0      context-switches:u        #    0.000 K/sec                  
                 0      cpu-migrations:u          #    0.000 K/sec                  
                80      page-faults:u             #    0.020 K/sec                    ( +-  0.76% )
       17556153757      cycles:u                  #    4.314 GHz                      ( +-  0.04% )  (83.29%)
           4346775      stalled-cycles-frontend:u #    0.02% frontend cycles idle     ( +-  0.36% )  (83.30%)
       16074353826      stalled-cycles-backend:u  #   91.56% backend cycles idle      ( +-  0.05% )  (83.31%)
       18345463287      instructions:u            #    1.04  insn per cycle         
                                                  #    0.88  stalled cycles per insn  ( +-  0.01% )  (83.37%)
        1369286043      branches:u                #  336.447 M/sec                    ( +-  0.01% )  (83.40%)
           4266976      branch-misses:u           #    0.31% of all branches          ( +-  0.36% )  (83.33%)

           2.03555 +- 0.00431 seconds time elapsed  ( +-  0.21% )


 Performance counter stats for './mandelbrot_pth_noio -0.8 -0.7 0.05 0.15 2048 4' (10 runs):

           4171.05 msec task-clock:u              #    3.997 CPUs utilized            ( +-  0.21% )
                 0      context-switches:u        #    0.000 K/sec                  
                 0      cpu-migrations:u          #    0.000 K/sec                  
                83      page-faults:u             #    0.020 K/sec                    ( +-  0.44% )
       17546137030      cycles:u                  #    4.207 GHz                      ( +-  0.03% )  (83.24%)
           4371720      stalled-cycles-frontend:u #    0.02% frontend cycles idle     ( +-  0.11% )  (83.27%)
       16065628127      stalled-cycles-backend:u  #   91.56% backend cycles idle      ( +-  0.05% )  (83.30%)
       18348116374      instructions:u            #    1.05  insn per cycle         
                                                  #    0.88  stalled cycles per insn  ( +-  0.00% )  (83.37%)
        1369208838      branches:u                #  328.265 M/sec                    ( +-  0.01% )  (83.44%)
           4278274      branch-misses:u           #    0.31% of all branches          ( +-  0.13% )  (83.39%)

           1.04349 +- 0.00217 seconds time elapsed  ( +-  0.21% )


 Performance counter stats for './mandelbrot_pth_noio -0.8 -0.7 0.05 0.15 2048 6' (10 runs):

           4207.82 msec task-clock:u              #    5.995 CPUs utilized            ( +-  0.15% )
                 0      context-switches:u        #    0.000 K/sec                  
                 0      cpu-migrations:u          #    0.000 K/sec                  
                87      page-faults:u             #    0.021 K/sec                    ( +-  0.60% )
       17549283666      cycles:u                  #    4.171 GHz                      ( +-  0.04% )  (83.28%)
           4412926      stalled-cycles-frontend:u #    0.03% frontend cycles idle     ( +-  0.56% )  (83.28%)
       15923113498      stalled-cycles-backend:u  #   90.73% backend cycles idle      ( +-  0.48% )  (83.28%)
       18347367436      instructions:u            #    1.05  insn per cycle         
                                                  #    0.87  stalled cycles per insn  ( +-  0.00% )  (83.31%)
        1369418799      branches:u                #  325.446 M/sec                    ( +-  0.00% )  (83.40%)
           4277760      branch-misses:u           #    0.31% of all branches          ( +-  0.20% )  (83.45%)

           0.70194 +- 0.00107 seconds time elapsed  ( +-  0.15% )


 Performance counter stats for './mandelbrot_pth_noio -0.8 -0.7 0.05 0.15 2048 8' (10 runs):

           4338.04 msec task-clock:u              #    7.990 CPUs utilized            ( +-  0.25% )
                 0      context-switches:u        #    0.000 K/sec                  
                 0      cpu-migrations:u          #    0.000 K/sec                  
                91      page-faults:u             #    0.021 K/sec                    ( +-  0.49% )
       17743241422      cycles:u                  #    4.090 GHz                      ( +-  0.02% )  (83.13%)
           5525228      stalled-cycles-frontend:u #    0.03% frontend cycles idle     ( +-  0.77% )  (83.29%)
       10272099368      stalled-cycles-backend:u  #   57.89% backend cycles idle      ( +-  0.24% )  (83.35%)
       18346362204      instructions:u            #    1.03  insn per cycle         
                                                  #    0.56  stalled cycles per insn  ( +-  0.01% )  (83.40%)
        1369390177      branches:u                #  315.670 M/sec                    ( +-  0.01% )  (83.46%)
           3979609      branch-misses:u           #    0.29% of all branches          ( +-  0.11% )  (83.37%)

           0.54290 +- 0.00134 seconds time elapsed  ( +-  0.25% )


 Performance counter stats for './mandelbrot_pth_noio -0.8 -0.7 0.05 0.15 2048 10' (10 runs):

           4394.61 msec task-clock:u              #    9.985 CPUs utilized            ( +-  0.27% )
                 0      context-switches:u        #    0.000 K/sec                  
                 0      cpu-migrations:u          #    0.000 K/sec                  
                95      page-faults:u             #    0.022 K/sec                    ( +-  0.58% )
       17858538776      cycles:u                  #    4.064 GHz                      ( +-  0.02% )  (82.97%)
           6110268      stalled-cycles-frontend:u #    0.03% frontend cycles idle     ( +-  0.18% )  (83.18%)
        6799377611      stalled-cycles-backend:u  #   38.07% backend cycles idle      ( +-  0.18% )  (83.47%)
       18345752112      instructions:u            #    1.03  insn per cycle         
                                                  #    0.37  stalled cycles per insn  ( +-  0.01% )  (83.49%)
        1369253240      branches:u                #  311.576 M/sec                    ( +-  0.01% )  (83.56%)
           3799144      branch-misses:u           #    0.28% of all branches          ( +-  0.05% )  (83.34%)

           0.44012 +- 0.00120 seconds time elapsed  ( +-  0.27% )


 Performance counter stats for './mandelbrot_pth_noio -0.8 -0.7 0.05 0.15 2048 12' (10 runs):

           4404.22 msec task-clock:u              #   11.945 CPUs utilized            ( +-  0.11% )
                 0      context-switches:u        #    0.000 K/sec                  
                 0      cpu-migrations:u          #    0.000 K/sec                  
               100      page-faults:u             #    0.023 K/sec                    ( +-  0.63% )
       17926609771      cycles:u                  #    4.070 GHz                      ( +-  0.00% )  (82.88%)
           6614604      stalled-cycles-frontend:u #    0.04% frontend cycles idle     ( +-  0.28% )  (83.04%)
        4474645496      stalled-cycles-backend:u  #   24.96% backend cycles idle      ( +-  0.06% )  (83.47%)
       18346784835      instructions:u            #    1.02  insn per cycle         
                                                  #    0.24  stalled cycles per insn  ( +-  0.00% )  (83.61%)
        1369393533      branches:u                #  310.927 M/sec                    ( +-  0.00% )  (83.68%)
           3684393      branch-misses:u           #    0.27% of all branches          ( +-  0.01% )  (83.31%)

          0.368718 +- 0.000686 seconds time elapsed  ( +-  0.19% )


 Performance counter stats for './mandelbrot_pth_noio -0.8 -0.7 0.05 0.15 4096 2' (10 runs):

          16262.59 msec task-clock:u              #    2.000 CPUs utilized            ( +-  0.15% )
                 0      context-switches:u        #    0.000 K/sec                  
                 0      cpu-migrations:u          #    0.000 K/sec                  
                80      page-faults:u             #    0.005 K/sec                    ( +-  0.68% )
       70278265325      cycles:u                  #    4.321 GHz                      ( +-  0.06% )  (83.32%)
          17152428      stalled-cycles-frontend:u #    0.02% frontend cycles idle     ( +-  0.32% )  (83.33%)
       64425782576      stalled-cycles-backend:u  #   91.67% backend cycles idle      ( +-  0.06% )  (83.34%)
       73383320226      instructions:u            #    1.04  insn per cycle         
                                                  #    0.88  stalled cycles per insn  ( +-  0.00% )  (83.34%)
        5477354010      branches:u                #  336.807 M/sec                    ( +-  0.00% )  (83.34%)
          17005024      branch-misses:u           #    0.31% of all branches          ( +-  0.31% )  (83.33%)

            8.1320 +- 0.0118 seconds time elapsed  ( +-  0.15% )


 Performance counter stats for './mandelbrot_pth_noio -0.8 -0.7 0.05 0.15 4096 4' (10 runs):

          16565.99 msec task-clock:u              #    3.998 CPUs utilized            ( +-  0.09% )
                 0      context-switches:u        #    0.000 K/sec                  
                 0      cpu-migrations:u          #    0.000 K/sec                  
                83      page-faults:u             #    0.005 K/sec                    ( +-  0.59% )
       70240448013      cycles:u                  #    4.240 GHz                      ( +-  0.04% )  (83.30%)
          17135594      stalled-cycles-frontend:u #    0.02% frontend cycles idle     ( +-  0.23% )  (83.32%)
       64281833726      stalled-cycles-backend:u  #   91.52% backend cycles idle      ( +-  0.04% )  (83.34%)
       73386510288      instructions:u            #    1.04  insn per cycle         
                                                  #    0.88  stalled cycles per insn  ( +-  0.00% )  (83.34%)
        5477083855      branches:u                #  330.622 M/sec                    ( +-  0.00% )  (83.36%)
          16975738      branch-misses:u           #    0.31% of all branches          ( +-  0.26% )  (83.34%)

           4.14325 +- 0.00385 seconds time elapsed  ( +-  0.09% )


 Performance counter stats for './mandelbrot_pth_noio -0.8 -0.7 0.05 0.15 4096 6' (10 runs):

          16816.33 msec task-clock:u              #    5.998 CPUs utilized            ( +-  0.06% )
                 0      context-switches:u        #    0.000 K/sec                  
                 0      cpu-migrations:u          #    0.000 K/sec                  
                88      page-faults:u             #    0.005 K/sec                    ( +-  0.59% )
       70158272208      cycles:u                  #    4.172 GHz                      ( +-  0.02% )  (83.29%)
          17296366      stalled-cycles-frontend:u #    0.02% frontend cycles idle     ( +-  0.18% )  (83.30%)
       64134295438      stalled-cycles-backend:u  #   91.41% backend cycles idle      ( +-  0.11% )  (83.33%)
       73381848717      instructions:u            #    1.05  insn per cycle         
                                                  #    0.87  stalled cycles per insn  ( +-  0.00% )  (83.36%)
        5477279632      branches:u                #  325.712 M/sec                    ( +-  0.00% )  (83.38%)
          17008241      branch-misses:u           #    0.31% of all branches          ( +-  0.14% )  (83.34%)

           2.80371 +- 0.00165 seconds time elapsed  ( +-  0.06% )


 Performance counter stats for './mandelbrot_pth_noio -0.8 -0.7 0.05 0.15 4096 8' (10 runs):

          17294.36 msec task-clock:u              #    7.997 CPUs utilized            ( +-  0.20% )
                 0      context-switches:u        #    0.000 K/sec                  
                 0      cpu-migrations:u          #    0.000 K/sec                  
                92      page-faults:u             #    0.005 K/sec                    ( +-  0.70% )
       70940432640      cycles:u                  #    4.102 GHz                      ( +-  0.02% )  (83.28%)
          21413803      stalled-cycles-frontend:u #    0.03% frontend cycles idle     ( +-  0.12% )  (83.28%)
       41208446446      stalled-cycles-backend:u  #   58.09% backend cycles idle      ( +-  0.07% )  (83.29%)
       73383480116      instructions:u            #    1.03  insn per cycle         
                                                  #    0.56  stalled cycles per insn  ( +-  0.00% )  (83.38%)
        5477273155      branches:u                #  316.709 M/sec                    ( +-  0.00% )  (83.41%)
          15772018      branch-misses:u           #    0.29% of all branches          ( +-  0.11% )  (83.36%)

           2.16254 +- 0.00438 seconds time elapsed  ( +-  0.20% )


 Performance counter stats for './mandelbrot_pth_noio -0.8 -0.7 0.05 0.15 4096 10' (10 runs):

          17513.11 msec task-clock:u              #    9.993 CPUs utilized            ( +-  0.03% )
                 0      context-switches:u        #    0.000 K/sec                  
                 0      cpu-migrations:u          #    0.000 K/sec                  
                96      page-faults:u             #    0.005 K/sec                    ( +-  0.53% )
       71390117512      cycles:u                  #    4.076 GHz                      ( +-  0.01% )  (83.22%)
          23980517      stalled-cycles-frontend:u #    0.03% frontend cycles idle     ( +-  0.11% )  (83.30%)
       27196298131      stalled-cycles-backend:u  #   38.10% backend cycles idle      ( +-  0.14% )  (83.37%)
       73383037410      instructions:u            #    1.03  insn per cycle         
                                                  #    0.37  stalled cycles per insn  ( +-  0.00% )  (83.39%)
        5477325907      branches:u                #  312.756 M/sec                    ( +-  0.00% )  (83.39%)
          15037288      branch-misses:u           #    0.27% of all branches          ( +-  0.05% )  (83.33%)

          1.752596 +- 0.000601 seconds time elapsed  ( +-  0.03% )


 Performance counter stats for './mandelbrot_pth_noio -0.8 -0.7 0.05 0.15 4096 12' (10 runs):

          17593.35 msec task-clock:u              #   11.953 CPUs utilized            ( +-  0.01% )
                 0      context-switches:u        #    0.000 K/sec                  
                 0      cpu-migrations:u          #    0.000 K/sec                  
               100      page-faults:u             #    0.006 K/sec                    ( +-  0.41% )
       71694763355      cycles:u                  #    4.075 GHz                      ( +-  0.01% )  (83.25%)
          26005380      stalled-cycles-frontend:u #    0.04% frontend cycles idle     ( +-  0.17% )  (83.28%)
       17912562557      stalled-cycles-backend:u  #   24.98% backend cycles idle      ( +-  0.12% )  (83.31%)
       73383524981      instructions:u            #    1.02  insn per cycle         
                                                  #    0.24  stalled cycles per insn  ( +-  0.00% )  (83.40%)
        5477493176      branches:u                #  311.339 M/sec                    ( +-  0.00% )  (83.43%)
          14590545      branch-misses:u           #    0.27% of all branches          ( +-  0.03% )  (83.33%)

           1.47188 +- 0.00162 seconds time elapsed  ( +-  0.11% )


 Performance counter stats for './mandelbrot_pth_noio -0.8 -0.7 0.05 0.15 8192 2' (10 runs):

          64829.10 msec task-clock:u              #    2.000 CPUs utilized            ( +-  0.07% )
                 0      context-switches:u        #    0.000 K/sec                  
                 0      cpu-migrations:u          #    0.000 K/sec                  
                79      page-faults:u             #    0.001 K/sec                    ( +-  0.56% )
      281053376099      cycles:u                  #    4.335 GHz                      ( +-  0.04% )  (83.33%)
          67482872      stalled-cycles-frontend:u #    0.02% frontend cycles idle     ( +-  0.18% )  (83.33%)
      257691707342      stalled-cycles-backend:u  #   91.69% backend cycles idle      ( +-  0.05% )  (83.33%)
      293527238316      instructions:u            #    1.04  insn per cycle         
                                                  #    0.88  stalled cycles per insn  ( +-  0.00% )  (83.33%)
       21908672022      branches:u                #  337.945 M/sec                    ( +-  0.00% )  (83.34%)
          67065241      branch-misses:u           #    0.31% of all branches          ( +-  0.18% )  (83.33%)

           32.4154 +- 0.0222 seconds time elapsed  ( +-  0.07% )


 Performance counter stats for './mandelbrot_pth_noio -0.8 -0.7 0.05 0.15 8192 4' (10 runs):

          66275.58 msec task-clock:u              #    4.000 CPUs utilized            ( +-  0.11% )
                 0      context-switches:u        #    0.000 K/sec                  
                 0      cpu-migrations:u          #    0.000 K/sec                  
                83      page-faults:u             #    0.001 K/sec                    ( +-  0.69% )
      281183420405      cycles:u                  #    4.243 GHz                      ( +-  0.02% )  (83.33%)
          68514105      stalled-cycles-frontend:u #    0.02% frontend cycles idle     ( +-  0.23% )  (83.33%)
      257082371326      stalled-cycles-backend:u  #   91.43% backend cycles idle      ( +-  0.05% )  (83.33%)
      293528850533      instructions:u            #    1.04  insn per cycle         
                                                  #    0.88  stalled cycles per insn  ( +-  0.00% )  (83.34%)
       21908731742      branches:u                #  330.570 M/sec                    ( +-  0.00% )  (83.34%)
          67951600      branch-misses:u           #    0.31% of all branches          ( +-  0.22% )  (83.34%)

           16.5704 +- 0.0182 seconds time elapsed  ( +-  0.11% )


 Performance counter stats for './mandelbrot_pth_noio -0.8 -0.7 0.05 0.15 8192 6' (10 runs):

          67493.16 msec task-clock:u              #    5.999 CPUs utilized            ( +-  0.03% )
                 0      context-switches:u        #    0.000 K/sec                  
                 0      cpu-migrations:u          #    0.000 K/sec                  
                87      page-faults:u             #    0.001 K/sec                    ( +-  0.64% )
      280980127885      cycles:u                  #    4.163 GHz                      ( +-  0.03% )  (83.32%)
          68354795      stalled-cycles-frontend:u #    0.02% frontend cycles idle     ( +-  0.36% )  (83.33%)
      257072579991      stalled-cycles-backend:u  #   91.49% backend cycles idle      ( +-  0.03% )  (83.33%)
      293525567505      instructions:u            #    1.04  insn per cycle         
                                                  #    0.88  stalled cycles per insn  ( +-  0.00% )  (83.34%)
       21908636728      branches:u                #  324.605 M/sec                    ( +-  0.00% )  (83.34%)
          67699423      branch-misses:u           #    0.31% of all branches          ( +-  0.26% )  (83.33%)

          11.25030 +- 0.00340 seconds time elapsed  ( +-  0.03% )


 Performance counter stats for './mandelbrot_pth_noio -0.8 -0.7 0.05 0.15 8192 8' (10 runs):

          69566.95 msec task-clock:u              #    7.999 CPUs utilized            ( +-  0.02% )
                 0      context-switches:u        #    0.000 K/sec                  
                 0      cpu-migrations:u          #    0.000 K/sec                  
                91      page-faults:u             #    0.001 K/sec                    ( +-  0.59% )
      283868332390      cycles:u                  #    4.081 GHz                      ( +-  0.02% )  (83.33%)
          84925015      stalled-cycles-frontend:u #    0.03% frontend cycles idle     ( +-  0.20% )  (83.33%)
      165179698105      stalled-cycles-backend:u  #   58.19% backend cycles idle      ( +-  0.02% )  (83.33%)
      293524672413      instructions:u            #    1.03  insn per cycle         
                                                  #    0.56  stalled cycles per insn  ( +-  0.00% )  (83.33%)
       21908693319      branches:u                #  314.930 M/sec                    ( +-  0.00% )  (83.34%)
          62806886      branch-misses:u           #    0.29% of all branches          ( +-  0.06% )  (83.34%)

           8.69683 +- 0.00199 seconds time elapsed  ( +-  0.02% )


 Performance counter stats for './mandelbrot_pth_noio -0.8 -0.7 0.05 0.15 8192 10' (10 runs):

          70043.59 msec task-clock:u              #    9.998 CPUs utilized            ( +-  0.01% )
                 0      context-switches:u        #    0.000 K/sec                  
                 0      cpu-migrations:u          #    0.000 K/sec                  
                95      page-faults:u             #    0.001 K/sec                    ( +-  0.54% )
      285565628241      cycles:u                  #    4.077 GHz                      ( +-  0.01% )  (83.32%)
          94911229      stalled-cycles-frontend:u #    0.03% frontend cycles idle     ( +-  0.04% )  (83.33%)
      108988009695      stalled-cycles-backend:u  #   38.17% backend cycles idle      ( +-  0.05% )  (83.34%)
      293527576933      instructions:u            #    1.03  insn per cycle         
                                                  #    0.37  stalled cycles per insn  ( +-  0.00% )  (83.34%)
       21908774558      branches:u                #  312.788 M/sec                    ( +-  0.00% )  (83.34%)
          59757750      branch-misses:u           #    0.27% of all branches          ( +-  0.03% )  (83.34%)

          7.005642 +- 0.000898 seconds time elapsed  ( +-  0.01% )


 Performance counter stats for './mandelbrot_pth_noio -0.8 -0.7 0.05 0.15 8192 12' (10 runs):

          70641.38 msec task-clock:u              #   11.971 CPUs utilized            ( +-  0.03% )
                 0      context-switches:u        #    0.000 K/sec                  
                 0      cpu-migrations:u          #    0.000 K/sec                  
               101      page-faults:u             #    0.001 K/sec                    ( +-  0.59% )
      286695394220      cycles:u                  #    4.058 GHz                      ( +-  0.00% )  (83.32%)
         102681759      stalled-cycles-frontend:u #    0.04% frontend cycles idle     ( +-  0.09% )  (83.32%)
       71619981654      stalled-cycles-backend:u  #   24.98% backend cycles idle      ( +-  0.03% )  (83.33%)
      293526809673      instructions:u            #    1.02  insn per cycle         
                                                  #    0.24  stalled cycles per insn  ( +-  0.00% )  (83.34%)
       21908733452      branches:u                #  310.140 M/sec                    ( +-  0.00% )  (83.35%)
          57902072      branch-misses:u           #    0.26% of all branches          ( +-  0.03% )  (83.33%)

           5.90100 +- 0.00305 seconds time elapsed  ( +-  0.05% )

