
 Performance counter stats for './mandelbrot_omp_noio 0.175 0.375 -0.1 0.1 16 1' (10 runs):

          0.906183      task-clock (msec)         #    0.826 CPUs utilized            ( +-  1.18% )
                 0      context-switches          #    0.000 K/sec                  
                 0      cpu-migrations            #    0.000 K/sec                  
                71      page-faults               #    0.078 M/sec                    ( +-  0.36% )
   <not supported>      cycles                                                      
   <not supported>      instructions                                                
   <not supported>      branches                                                    
   <not supported>      branch-misses                                               

       0.001097477 seconds time elapsed                                          ( +-  1.04% )


 Performance counter stats for './mandelbrot_omp_noio 0.175 0.375 -0.1 0.1 16 2' (10 runs):

          1.028949      task-clock (msec)         #    1.058 CPUs utilized            ( +-  1.78% )
                 0      context-switches          #    0.097 K/sec                    ( +-100.00% )
                 0      cpu-migrations            #    0.000 K/sec                  
                73      page-faults               #    0.071 M/sec                    ( +-  0.30% )
   <not supported>      cycles                                                      
   <not supported>      instructions                                                
   <not supported>      branches                                                    
   <not supported>      branch-misses                                               

       0.000972666 seconds time elapsed                                          ( +-  1.92% )


 Performance counter stats for './mandelbrot_omp_noio 0.175 0.375 -0.1 0.1 16 3' (10 runs):

          2.369682      task-clock (msec)         #    1.529 CPUs utilized            ( +- 37.55% )
                 0      context-switches          #    0.000 K/sec                  
                 0      cpu-migrations            #    0.084 K/sec                    ( +- 66.67% )
                75      page-faults               #    0.032 M/sec                    ( +-  0.60% )
   <not supported>      cycles                                                      
   <not supported>      instructions                                                
   <not supported>      branches                                                    
   <not supported>      branch-misses                                               

       0.001550006 seconds time elapsed                                          ( +- 28.60% )


 Performance counter stats for './mandelbrot_omp_noio 0.175 0.375 -0.1 0.1 16 4' (10 runs):

          3.822676      task-clock (msec)         #    2.144 CPUs utilized            ( +- 27.07% )
                 0      context-switches          #    0.000 K/sec                  
                 0      cpu-migrations            #    0.105 K/sec                    ( +- 40.82% )
                77      page-faults               #    0.020 M/sec                    ( +-  0.28% )
   <not supported>      cycles                                                      
   <not supported>      instructions                                                
   <not supported>      branches                                                    
   <not supported>      branch-misses                                               

       0.001782986 seconds time elapsed                                          ( +- 19.24% )


 Performance counter stats for './mandelbrot_omp_noio 0.175 0.375 -0.1 0.1 16 5' (10 runs):

          1.331058      task-clock (msec)         #    1.237 CPUs utilized            ( +-  1.44% )
                11      context-switches          #    0.008 M/sec                    ( +-  4.49% )
                 3      cpu-migrations            #    0.002 M/sec                    ( +- 21.08% )
                80      page-faults               #    0.060 M/sec                    ( +-  0.43% )
   <not supported>      cycles                                                      
   <not supported>      instructions                                                
   <not supported>      branches                                                    
   <not supported>      branch-misses                                               

       0.001075736 seconds time elapsed                                          ( +-  1.65% )


 Performance counter stats for './mandelbrot_omp_noio 0.175 0.375 -0.1 0.1 16 6' (10 runs):

          1.402196      task-clock (msec)         #    1.246 CPUs utilized            ( +-  1.33% )
                14      context-switches          #    0.010 M/sec                    ( +-  6.64% )
                 5      cpu-migrations            #    0.003 M/sec                    ( +-  8.67% )
                82      page-faults               #    0.058 M/sec                    ( +-  0.36% )
   <not supported>      cycles                                                      
   <not supported>      instructions                                                
   <not supported>      branches                                                    
   <not supported>      branch-misses                                               

       0.001125139 seconds time elapsed                                          ( +-  1.74% )


 Performance counter stats for './mandelbrot_omp_noio 0.175 0.375 -0.1 0.1 16 7' (10 runs):

          1.447497      task-clock (msec)         #    1.234 CPUs utilized            ( +-  0.45% )
                20      context-switches          #    0.014 M/sec                    ( +-  2.55% )
                 6      cpu-migrations            #    0.004 M/sec                    ( +-  4.17% )
                84      page-faults               #    0.058 M/sec                    ( +-  0.45% )
   <not supported>      cycles                                                      
   <not supported>      instructions                                                
   <not supported>      branches                                                    
   <not supported>      branch-misses                                               

       0.001172848 seconds time elapsed                                          ( +-  0.92% )


 Performance counter stats for './mandelbrot_omp_noio 0.175 0.375 -0.1 0.1 16 8' (10 runs):

          1.556731      task-clock (msec)         #    1.251 CPUs utilized            ( +-  1.24% )
                22      context-switches          #    0.014 M/sec                    ( +-  3.48% )
                 6      cpu-migrations            #    0.004 M/sec                    ( +- 10.80% )
                86      page-faults               #    0.056 M/sec                    ( +-  0.39% )
   <not supported>      cycles                                                      
   <not supported>      instructions                                                
   <not supported>      branches                                                    
   <not supported>      branch-misses                                               

       0.001244538 seconds time elapsed                                          ( +-  1.46% )


 Performance counter stats for './mandelbrot_omp_noio 0.175 0.375 -0.1 0.1 32 1' (10 runs):

          2.191708      task-clock (msec)         #    0.918 CPUs utilized            ( +-  0.32% )
                 0      context-switches          #    0.091 K/sec                    ( +- 66.67% )
                 0      cpu-migrations            #    0.000 K/sec                  
                71      page-faults               #    0.032 M/sec                    ( +-  0.61% )
   <not supported>      cycles                                                      
   <not supported>      instructions                                                
   <not supported>      branches                                                    
   <not supported>      branch-misses                                               

       0.002387206 seconds time elapsed                                          ( +-  0.43% )


 Performance counter stats for './mandelbrot_omp_noio 0.175 0.375 -0.1 0.1 32 2' (10 runs):

          2.331823      task-clock (msec)         #    1.445 CPUs utilized            ( +-  0.55% )
                 0      context-switches          #    0.000 K/sec                  
                 0      cpu-migrations            #    0.000 K/sec                  
                72      page-faults               #    0.031 M/sec                    ( +-  0.28% )
   <not supported>      cycles                                                      
   <not supported>      instructions                                                
   <not supported>      branches                                                    
   <not supported>      branch-misses                                               

       0.001613666 seconds time elapsed                                          ( +-  0.56% )


 Performance counter stats for './mandelbrot_omp_noio 0.175 0.375 -0.1 0.1 32 3' (10 runs):

          2.581785      task-clock (msec)         #    1.806 CPUs utilized            ( +-  3.56% )
                 0      context-switches          #    0.039 K/sec                    ( +-100.00% )
                 0      cpu-migrations            #    0.039 K/sec                    ( +-100.00% )
                75      page-faults               #    0.029 M/sec                    ( +-  0.30% )
   <not supported>      cycles                                                      
   <not supported>      instructions                                                
   <not supported>      branches                                                    
   <not supported>      branch-misses                                               

       0.001429688 seconds time elapsed                                          ( +-  3.33% )


 Performance counter stats for './mandelbrot_omp_noio 0.175 0.375 -0.1 0.1 32 4' (10 runs):

          5.747306      task-clock (msec)         #    2.474 CPUs utilized            ( +- 28.88% )
                 0      context-switches          #    0.017 K/sec                    ( +-100.00% )
                 0      cpu-migrations            #    0.052 K/sec                    ( +- 50.92% )
                77      page-faults               #    0.013 M/sec                    ( +-  0.52% )
   <not supported>      cycles                                                      
   <not supported>      instructions                                                
   <not supported>      branches                                                    
   <not supported>      branch-misses                                               

       0.002322756 seconds time elapsed                                          ( +- 23.94% )


 Performance counter stats for './mandelbrot_omp_noio 0.175 0.375 -0.1 0.1 32 5' (10 runs):

          2.654770      task-clock (msec)         #    1.877 CPUs utilized            ( +-  0.92% )
                12      context-switches          #    0.004 M/sec                    ( +-  6.03% )
                 3      cpu-migrations            #    0.001 M/sec                    ( +- 15.02% )
                80      page-faults               #    0.030 M/sec                    ( +-  0.46% )
   <not supported>      cycles                                                      
   <not supported>      instructions                                                
   <not supported>      branches                                                    
   <not supported>      branch-misses                                               

       0.001414404 seconds time elapsed                                          ( +-  1.04% )


 Performance counter stats for './mandelbrot_omp_noio 0.175 0.375 -0.1 0.1 32 6' (10 runs):

          2.701319      task-clock (msec)         #    1.864 CPUs utilized            ( +-  0.43% )
                15      context-switches          #    0.006 M/sec                    ( +-  3.51% )
                 4      cpu-migrations            #    0.002 M/sec                    ( +- 16.65% )
                82      page-faults               #    0.030 M/sec                    ( +-  0.55% )
   <not supported>      cycles                                                      
   <not supported>      instructions                                                
   <not supported>      branches                                                    
   <not supported>      branch-misses                                               

       0.001449203 seconds time elapsed                                          ( +-  0.48% )


 Performance counter stats for './mandelbrot_omp_noio 0.175 0.375 -0.1 0.1 32 7' (10 runs):

          2.813760      task-clock (msec)         #    1.853 CPUs utilized            ( +-  0.91% )
                20      context-switches          #    0.007 M/sec                    ( +-  2.47% )
                 6      cpu-migrations            #    0.002 M/sec                    ( +- 12.37% )
                84      page-faults               #    0.030 M/sec                    ( +-  0.39% )
   <not supported>      cycles                                                      
   <not supported>      instructions                                                
   <not supported>      branches                                                    
   <not supported>      branch-misses                                               

       0.001518216 seconds time elapsed                                          ( +-  1.01% )


 Performance counter stats for './mandelbrot_omp_noio 0.175 0.375 -0.1 0.1 32 8' (10 runs):

          2.884089      task-clock (msec)         #    1.846 CPUs utilized            ( +-  0.99% )
                22      context-switches          #    0.008 M/sec                    ( +-  5.16% )
                 6      cpu-migrations            #    0.002 M/sec                    ( +- 12.78% )
                86      page-faults               #    0.030 M/sec                    ( +-  0.47% )
   <not supported>      cycles                                                      
   <not supported>      instructions                                                
   <not supported>      branches                                                    
   <not supported>      branch-misses                                               

       0.001562122 seconds time elapsed                                          ( +-  0.96% )


 Performance counter stats for './mandelbrot_omp_noio 0.175 0.375 -0.1 0.1 64 1' (10 runs):

          7.390949      task-clock (msec)         #    0.972 CPUs utilized            ( +-  0.32% )
                 0      context-switches          #    0.000 K/sec                  
                 0      cpu-migrations            #    0.000 K/sec                  
                72      page-faults               #    0.010 M/sec                    ( +-  0.43% )
   <not supported>      cycles                                                      
   <not supported>      instructions                                                
   <not supported>      branches                                                    
   <not supported>      branch-misses                                               

       0.007600864 seconds time elapsed                                          ( +-  0.32% )


 Performance counter stats for './mandelbrot_omp_noio 0.175 0.375 -0.1 0.1 64 2' (10 runs):

          7.492615      task-clock (msec)         #    1.787 CPUs utilized            ( +-  0.26% )
                 0      context-switches          #    0.000 K/sec                  
                 0      cpu-migrations            #    0.000 K/sec                  
                72      page-faults               #    0.010 M/sec                    ( +-  0.37% )
   <not supported>      cycles                                                      
   <not supported>      instructions                                                
   <not supported>      branches                                                    
   <not supported>      branch-misses                                               

       0.004191752 seconds time elapsed                                          ( +-  0.35% )


 Performance counter stats for './mandelbrot_omp_noio 0.175 0.375 -0.1 0.1 64 3' (10 runs):

          7.924864      task-clock (msec)         #    2.459 CPUs utilized            ( +-  0.60% )
                 0      context-switches          #    0.013 K/sec                    ( +-100.00% )
                 0      cpu-migrations            #    0.013 K/sec                    ( +-100.00% )
                75      page-faults               #    0.009 M/sec                    ( +-  0.39% )
   <not supported>      cycles                                                      
   <not supported>      instructions                                                
   <not supported>      branches                                                    
   <not supported>      branch-misses                                               

       0.003222342 seconds time elapsed                                          ( +-  0.69% )


 Performance counter stats for './mandelbrot_omp_noio 0.175 0.375 -0.1 0.1 64 4' (10 runs):

          9.841493      task-clock (msec)         #    3.050 CPUs utilized            ( +- 11.09% )
                 0      context-switches          #    0.030 K/sec                    ( +- 50.92% )
                 0      cpu-migrations            #    0.030 K/sec                    ( +- 50.92% )
                76      page-faults               #    0.008 M/sec                    ( +-  0.45% )
   <not supported>      cycles                                                      
   <not supported>      instructions                                                
   <not supported>      branches                                                    
   <not supported>      branch-misses                                               

       0.003227130 seconds time elapsed                                          ( +- 11.31% )


 Performance counter stats for './mandelbrot_omp_noio 0.175 0.375 -0.1 0.1 64 5' (10 runs):

          7.985294      task-clock (msec)         #    2.874 CPUs utilized            ( +-  0.66% )
                12      context-switches          #    0.002 M/sec                    ( +-  3.93% )
                 5      cpu-migrations            #    0.576 K/sec                    ( +- 10.35% )
                80      page-faults               #    0.010 M/sec                    ( +-  0.39% )
   <not supported>      cycles                                                      
   <not supported>      instructions                                                
   <not supported>      branches                                                    
   <not supported>      branch-misses                                               

       0.002778756 seconds time elapsed                                          ( +-  0.60% )


 Performance counter stats for './mandelbrot_omp_noio 0.175 0.375 -0.1 0.1 64 6' (10 runs):

          8.014094      task-clock (msec)         #    2.852 CPUs utilized            ( +-  0.57% )
                16      context-switches          #    0.002 M/sec                    ( +-  1.86% )
                 5      cpu-migrations            #    0.636 K/sec                    ( +- 10.31% )
                82      page-faults               #    0.010 M/sec                    ( +-  0.30% )
   <not supported>      cycles                                                      
   <not supported>      instructions                                                
   <not supported>      branches                                                    
   <not supported>      branch-misses                                               

       0.002810213 seconds time elapsed                                          ( +-  0.62% )


 Performance counter stats for './mandelbrot_omp_noio 0.175 0.375 -0.1 0.1 64 7' (10 runs):

          8.121226      task-clock (msec)         #    2.830 CPUs utilized            ( +-  0.38% )
                20      context-switches          #    0.002 M/sec                    ( +-  2.40% )
                 6      cpu-migrations            #    0.702 K/sec                    ( +-  6.94% )
                83      page-faults               #    0.010 M/sec                    ( +-  0.32% )
   <not supported>      cycles                                                      
   <not supported>      instructions                                                
   <not supported>      branches                                                    
   <not supported>      branch-misses                                               

       0.002870051 seconds time elapsed                                          ( +-  0.53% )


 Performance counter stats for './mandelbrot_omp_noio 0.175 0.375 -0.1 0.1 64 8' (10 runs):

          8.164357      task-clock (msec)         #    2.819 CPUs utilized            ( +-  0.33% )
                23      context-switches          #    0.003 M/sec                    ( +-  3.13% )
                 5      cpu-migrations            #    0.612 K/sec                    ( +-  8.43% )
                86      page-faults               #    0.011 M/sec                    ( +-  0.39% )
   <not supported>      cycles                                                      
   <not supported>      instructions                                                
   <not supported>      branches                                                    
   <not supported>      branch-misses                                               

       0.002896391 seconds time elapsed                                          ( +-  0.44% )


 Performance counter stats for './mandelbrot_omp_noio 0.175 0.375 -0.1 0.1 128 1' (10 runs):

         27.885438      task-clock (msec)         #    0.990 CPUs utilized            ( +-  0.15% )
                 0      context-switches          #    0.014 K/sec                    ( +- 66.67% )
                 0      cpu-migrations            #    0.000 K/sec                  
                71      page-faults               #    0.003 M/sec                    ( +-  0.44% )
   <not supported>      cycles                                                      
   <not supported>      instructions                                                
   <not supported>      branches                                                    
   <not supported>      branch-misses                                               

       0.028157930 seconds time elapsed                                          ( +-  0.24% )


 Performance counter stats for './mandelbrot_omp_noio 0.175 0.375 -0.1 0.1 128 2' (10 runs):

         28.005502      task-clock (msec)         #    1.936 CPUs utilized            ( +-  0.17% )
                 0      context-switches          #    0.000 K/sec                  
                 0      cpu-migrations            #    0.000 K/sec                  
                73      page-faults               #    0.003 M/sec                    ( +-  0.50% )
   <not supported>      cycles                                                      
   <not supported>      instructions                                                
   <not supported>      branches                                                    
   <not supported>      branch-misses                                               

       0.014462113 seconds time elapsed                                          ( +-  0.17% )


 Performance counter stats for './mandelbrot_omp_noio 0.175 0.375 -0.1 0.1 128 3' (10 runs):

         28.914619      task-clock (msec)         #    2.834 CPUs utilized            ( +-  0.30% )
                 0      context-switches          #    0.010 K/sec                    ( +- 71.15% )
                 0      cpu-migrations            #    0.000 K/sec                  
                75      page-faults               #    0.003 M/sec                    ( +-  0.60% )
   <not supported>      cycles                                                      
   <not supported>      instructions                                                
   <not supported>      branches                                                    
   <not supported>      branch-misses                                               

       0.010202646 seconds time elapsed                                          ( +-  0.33% )


 Performance counter stats for './mandelbrot_omp_noio 0.175 0.375 -0.1 0.1 128 4' (10 runs):

         31.926689      task-clock (msec)         #    3.613 CPUs utilized            ( +-  4.37% )
                 1      context-switches          #    0.028 K/sec                    ( +- 19.95% )
                 0      cpu-migrations            #    0.013 K/sec                    ( +- 40.82% )
                77      page-faults               #    0.002 M/sec                    ( +-  0.43% )
   <not supported>      cycles                                                      
   <not supported>      instructions                                                
   <not supported>      branches                                                    
   <not supported>      branch-misses                                               

       0.008837230 seconds time elapsed                                          ( +-  5.20% )


 Performance counter stats for './mandelbrot_omp_noio 0.175 0.375 -0.1 0.1 128 5' (10 runs):

         28.877953      task-clock (msec)         #    3.601 CPUs utilized            ( +-  0.20% )
                12      context-switches          #    0.426 K/sec                    ( +-  3.84% )
                 4      cpu-migrations            #    0.139 K/sec                    ( +-  9.86% )
                80      page-faults               #    0.003 M/sec                    ( +-  0.38% )
   <not supported>      cycles                                                      
   <not supported>      instructions                                                
   <not supported>      branches                                                    
   <not supported>      branch-misses                                               

       0.008019161 seconds time elapsed                                          ( +-  0.18% )


 Performance counter stats for './mandelbrot_omp_noio 0.175 0.375 -0.1 0.1 128 6' (10 runs):

         29.150658      task-clock (msec)         #    3.591 CPUs utilized            ( +-  0.22% )
                16      context-switches          #    0.552 K/sec                    ( +-  3.98% )
                 6      cpu-migrations            #    0.202 K/sec                    ( +-  7.77% )
                82      page-faults               #    0.003 M/sec                    ( +-  0.40% )
   <not supported>      cycles                                                      
   <not supported>      instructions                                                
   <not supported>      branches                                                    
   <not supported>      branch-misses                                               

       0.008117795 seconds time elapsed                                          ( +-  0.24% )


 Performance counter stats for './mandelbrot_omp_noio 0.175 0.375 -0.1 0.1 128 7' (10 runs):

         29.069010      task-clock (msec)         #    3.575 CPUs utilized            ( +-  0.29% )
                22      context-switches          #    0.746 K/sec                    ( +-  3.57% )
                 6      cpu-migrations            #    0.206 K/sec                    ( +-  9.94% )
                84      page-faults               #    0.003 M/sec                    ( +-  0.33% )
   <not supported>      cycles                                                      
   <not supported>      instructions                                                
   <not supported>      branches                                                    
   <not supported>      branch-misses                                               

       0.008131068 seconds time elapsed                                          ( +-  0.33% )


 Performance counter stats for './mandelbrot_omp_noio 0.175 0.375 -0.1 0.1 128 8' (10 runs):

         29.088485      task-clock (msec)         #    3.543 CPUs utilized            ( +-  0.22% )
                25      context-switches          #    0.866 K/sec                    ( +-  2.50% )
                 6      cpu-migrations            #    0.220 K/sec                    ( +-  8.14% )
                86      page-faults               #    0.003 M/sec                    ( +-  0.44% )
   <not supported>      cycles                                                      
   <not supported>      instructions                                                
   <not supported>      branches                                                    
   <not supported>      branch-misses                                               

       0.008210065 seconds time elapsed                                          ( +-  0.41% )


 Performance counter stats for './mandelbrot_omp_noio 0.175 0.375 -0.1 0.1 256 1' (10 runs):

        108.949523      task-clock (msec)         #    0.998 CPUs utilized            ( +-  0.11% )
                 0      context-switches          #    0.004 K/sec                    ( +- 40.82% )
                 0      cpu-migrations            #    0.000 K/sec                  
                70      page-faults               #    0.647 K/sec                    ( +-  0.38% )
   <not supported>      cycles                                                      
   <not supported>      instructions                                                
   <not supported>      branches                                                    
   <not supported>      branch-misses                                               

       0.109174045 seconds time elapsed                                          ( +-  0.11% )


 Performance counter stats for './mandelbrot_omp_noio 0.175 0.375 -0.1 0.1 256 2' (10 runs):

        109.671608      task-clock (msec)         #    1.983 CPUs utilized            ( +-  0.15% )
                 0      context-switches          #    0.005 K/sec                    ( +- 33.33% )
                 0      cpu-migrations            #    0.000 K/sec                  
                73      page-faults               #    0.665 K/sec                    ( +-  0.32% )
   <not supported>      cycles                                                      
   <not supported>      instructions                                                
   <not supported>      branches                                                    
   <not supported>      branch-misses                                               

       0.055313220 seconds time elapsed                                          ( +-  0.15% )


 Performance counter stats for './mandelbrot_omp_noio 0.175 0.375 -0.1 0.1 256 3' (10 runs):

        112.416297      task-clock (msec)         #    2.951 CPUs utilized            ( +-  0.24% )
                 1      context-switches          #    0.007 K/sec                    ( +- 40.82% )
                 0      cpu-migrations            #    0.001 K/sec                    ( +-100.00% )
                75      page-faults               #    0.667 K/sec                    ( +-  0.44% )
   <not supported>      cycles                                                      
   <not supported>      instructions                                                
   <not supported>      branches                                                    
   <not supported>      branch-misses                                               

       0.038090817 seconds time elapsed                                          ( +-  0.34% )


 Performance counter stats for './mandelbrot_omp_noio 0.175 0.375 -0.1 0.1 256 4' (10 runs):

        118.478397      task-clock (msec)         #    3.862 CPUs utilized            ( +-  0.86% )
                 4      context-switches          #    0.036 K/sec                    ( +-  4.96% )
                 1      cpu-migrations            #    0.007 K/sec                    ( +- 16.67% )
                77      page-faults               #    0.647 K/sec                    ( +-  0.44% )
   <not supported>      cycles                                                      
   <not supported>      instructions                                                
   <not supported>      branches                                                    
   <not supported>      branch-misses                                               

       0.030677620 seconds time elapsed                                          ( +-  1.10% )


 Performance counter stats for './mandelbrot_omp_noio 0.175 0.375 -0.1 0.1 256 5' (10 runs):

        112.440699      task-clock (msec)         #    3.873 CPUs utilized            ( +-  0.16% )
                17      context-switches          #    0.150 K/sec                    ( +-  3.79% )
                 4      cpu-migrations            #    0.032 K/sec                    ( +- 15.04% )
                80      page-faults               #    0.711 K/sec                    ( +-  0.44% )
   <not supported>      cycles                                                      
   <not supported>      instructions                                                
   <not supported>      branches                                                    
   <not supported>      branch-misses                                               

       0.029029441 seconds time elapsed                                          ( +-  0.20% )


 Performance counter stats for './mandelbrot_omp_noio 0.175 0.375 -0.1 0.1 256 6' (10 runs):

        112.706315      task-clock (msec)         #    3.870 CPUs utilized            ( +-  0.17% )
                23      context-switches          #    0.204 K/sec                    ( +-  3.37% )
                 6      cpu-migrations            #    0.050 K/sec                    ( +- 10.71% )
                82      page-faults               #    0.730 K/sec                    ( +-  0.36% )
   <not supported>      cycles                                                      
   <not supported>      instructions                                                
   <not supported>      branches                                                    
   <not supported>      branch-misses                                               

       0.029125238 seconds time elapsed                                          ( +-  0.19% )


 Performance counter stats for './mandelbrot_omp_noio 0.175 0.375 -0.1 0.1 256 7' (10 runs):

        113.211042      task-clock (msec)         #    3.863 CPUs utilized            ( +-  0.21% )
                28      context-switches          #    0.246 K/sec                    ( +-  2.70% )
                 7      cpu-migrations            #    0.059 K/sec                    ( +-  8.63% )
                84      page-faults               #    0.743 K/sec                    ( +-  0.48% )
   <not supported>      cycles                                                      
   <not supported>      instructions                                                
   <not supported>      branches                                                    
   <not supported>      branch-misses                                               

       0.029307006 seconds time elapsed                                          ( +-  0.33% )


 Performance counter stats for './mandelbrot_omp_noio 0.175 0.375 -0.1 0.1 256 8' (10 runs):

        113.181481      task-clock (msec)         #    3.849 CPUs utilized            ( +-  0.20% )
                32      context-switches          #    0.284 K/sec                    ( +-  3.79% )
                 6      cpu-migrations            #    0.049 K/sec                    ( +- 12.26% )
                86      page-faults               #    0.759 K/sec                    ( +-  0.59% )
   <not supported>      cycles                                                      
   <not supported>      instructions                                                
   <not supported>      branches                                                    
   <not supported>      branch-misses                                               

       0.029405711 seconds time elapsed                                          ( +-  0.31% )


 Performance counter stats for './mandelbrot_omp_noio 0.175 0.375 -0.1 0.1 512 1' (10 runs):

        434.441522      task-clock (msec)         #    0.999 CPUs utilized            ( +-  0.04% )
                 1      context-switches          #    0.002 K/sec                    ( +- 25.00% )
                 0      cpu-migrations            #    0.000 K/sec                  
                70      page-faults               #    0.162 K/sec                    ( +-  0.32% )
   <not supported>      cycles                                                      
   <not supported>      instructions                                                
   <not supported>      branches                                                    
   <not supported>      branch-misses                                               

       0.434694996 seconds time elapsed                                          ( +-  0.04% )


 Performance counter stats for './mandelbrot_omp_noio 0.175 0.375 -0.1 0.1 512 2' (10 runs):

        435.478342      task-clock (msec)         #    1.995 CPUs utilized            ( +-  0.04% )
                 1      context-switches          #    0.003 K/sec                    ( +- 21.82% )
                 0      cpu-migrations            #    0.000 K/sec                  
                73      page-faults               #    0.168 K/sec                    ( +-  0.59% )
   <not supported>      cycles                                                      
   <not supported>      instructions                                                
   <not supported>      branches                                                    
   <not supported>      branch-misses                                               

       0.218237391 seconds time elapsed                                          ( +-  0.04% )


 Performance counter stats for './mandelbrot_omp_noio 0.175 0.375 -0.1 0.1 512 3' (10 runs):

        444.620476      task-clock (msec)         #    2.986 CPUs utilized            ( +-  0.12% )
                 1      context-switches          #    0.002 K/sec                    ( +- 45.21% )
                 0      cpu-migrations            #    0.001 K/sec                    ( +- 50.92% )
                75      page-faults               #    0.169 K/sec                    ( +-  0.49% )
   <not supported>      cycles                                                      
   <not supported>      instructions                                                
   <not supported>      branches                                                    
   <not supported>      branch-misses                                               

       0.148883303 seconds time elapsed                                          ( +-  0.14% )


 Performance counter stats for './mandelbrot_omp_noio 0.175 0.375 -0.1 0.1 512 4' (10 runs):

        456.177289      task-clock (msec)         #    3.955 CPUs utilized            ( +-  0.60% )
                 7      context-switches          #    0.016 K/sec                    ( +-  9.05% )
                 1      cpu-migrations            #    0.002 K/sec                    ( +- 21.82% )
                77      page-faults               #    0.168 K/sec                    ( +-  0.34% )
   <not supported>      cycles                                                      
   <not supported>      instructions                                                
   <not supported>      branches                                                    
   <not supported>      branch-misses                                               

       0.115332257 seconds time elapsed                                          ( +-  0.78% )


 Performance counter stats for './mandelbrot_omp_noio 0.175 0.375 -0.1 0.1 512 5' (10 runs):

        446.867955      task-clock (msec)         #    3.963 CPUs utilized            ( +-  0.09% )
                29      context-switches          #    0.065 K/sec                    ( +-  2.48% )
                 5      cpu-migrations            #    0.011 K/sec                    ( +-  8.84% )
                79      page-faults               #    0.178 K/sec                    ( +-  0.43% )
   <not supported>      cycles                                                      
   <not supported>      instructions                                                
   <not supported>      branches                                                    
   <not supported>      branch-misses                                               

       0.112766993 seconds time elapsed                                          ( +-  0.11% )


 Performance counter stats for './mandelbrot_omp_noio 0.175 0.375 -0.1 0.1 512 6' (10 runs):

        449.113800      task-clock (msec)         #    3.960 CPUs utilized            ( +-  0.09% )
                41      context-switches          #    0.092 K/sec                    ( +-  1.73% )
                 5      cpu-migrations            #    0.012 K/sec                    ( +-  8.01% )
                82      page-faults               #    0.181 K/sec                    ( +-  0.42% )
   <not supported>      cycles                                                      
   <not supported>      instructions                                                
   <not supported>      branches                                                    
   <not supported>      branch-misses                                               

       0.113399021 seconds time elapsed                                          ( +-  0.11% )


 Performance counter stats for './mandelbrot_omp_noio 0.175 0.375 -0.1 0.1 512 7' (10 runs):

        447.965420      task-clock (msec)         #    3.956 CPUs utilized            ( +-  0.12% )
                51      context-switches          #    0.113 K/sec                    ( +-  2.38% )
                 6      cpu-migrations            #    0.013 K/sec                    ( +-  9.45% )
                84      page-faults               #    0.187 K/sec                    ( +-  0.37% )
   <not supported>      cycles                                                      
   <not supported>      instructions                                                
   <not supported>      branches                                                    
   <not supported>      branch-misses                                               

       0.113226183 seconds time elapsed                                          ( +-  0.15% )


 Performance counter stats for './mandelbrot_omp_noio 0.175 0.375 -0.1 0.1 512 8' (10 runs):

        449.048647      task-clock (msec)         #    3.953 CPUs utilized            ( +-  0.08% )
                60      context-switches          #    0.134 K/sec                    ( +-  2.05% )
                 6      cpu-migrations            #    0.014 K/sec                    ( +-  8.93% )
                86      page-faults               #    0.190 K/sec                    ( +-  0.26% )
   <not supported>      cycles                                                      
   <not supported>      instructions                                                
   <not supported>      branches                                                    
   <not supported>      branch-misses                                               

       0.113591037 seconds time elapsed                                          ( +-  0.11% )


 Performance counter stats for './mandelbrot_omp_noio 0.175 0.375 -0.1 0.1 1024 1' (10 runs):

       1743.484869      task-clock (msec)         #    1.000 CPUs utilized            ( +-  0.20% )
                 2      context-switches          #    0.001 K/sec                    ( +- 13.21% )
                 0      cpu-migrations            #    0.000 K/sec                  
                70      page-faults               #    0.040 K/sec                    ( +-  0.14% )
   <not supported>      cycles                                                      
   <not supported>      instructions                                                
   <not supported>      branches                                                    
   <not supported>      branch-misses                                               

       1.743808308 seconds time elapsed                                          ( +-  0.21% )


 Performance counter stats for './mandelbrot_omp_noio 0.175 0.375 -0.1 0.1 1024 2' (10 runs):

       1739.746268      task-clock (msec)         #    1.999 CPUs utilized            ( +-  0.08% )
                 3      context-switches          #    0.002 K/sec                    ( +- 19.17% )
                 0      cpu-migrations            #    0.000 K/sec                  
                73      page-faults               #    0.042 K/sec                    ( +-  0.30% )
   <not supported>      cycles                                                      
   <not supported>      instructions                                                
   <not supported>      branches                                                    
   <not supported>      branch-misses                                               

       0.870507049 seconds time elapsed                                          ( +-  0.08% )


 Performance counter stats for './mandelbrot_omp_noio 0.175 0.375 -0.1 0.1 1024 3' (10 runs):

       1780.935220      task-clock (msec)         #    2.996 CPUs utilized            ( +-  0.13% )
                 3      context-switches          #    0.002 K/sec                    ( +- 16.93% )
                 0      cpu-migrations            #    0.000 K/sec                  
                75      page-faults               #    0.042 K/sec                    ( +-  0.35% )
   <not supported>      cycles                                                      
   <not supported>      instructions                                                
   <not supported>      branches                                                    
   <not supported>      branch-misses                                               

       0.594467409 seconds time elapsed                                          ( +-  0.14% )


 Performance counter stats for './mandelbrot_omp_noio 0.175 0.375 -0.1 0.1 1024 4' (10 runs):

       1815.454897      task-clock (msec)         #    3.987 CPUs utilized            ( +-  0.12% )
                10      context-switches          #    0.006 K/sec                    ( +- 11.25% )
                 1      cpu-migrations            #    0.000 K/sec                    ( +- 16.67% )
                77      page-faults               #    0.042 K/sec                    ( +-  0.41% )
   <not supported>      cycles                                                      
   <not supported>      instructions                                                
   <not supported>      branches                                                    
   <not supported>      branch-misses                                               

       0.455387028 seconds time elapsed                                          ( +-  0.16% )


 Performance counter stats for './mandelbrot_omp_noio 0.175 0.375 -0.1 0.1 1024 5' (10 runs):

       1807.216191      task-clock (msec)         #    3.985 CPUs utilized            ( +-  0.14% )
                60      context-switches          #    0.033 K/sec                    ( +-  1.42% )
                 9      cpu-migrations            #    0.005 K/sec                    ( +- 10.35% )
                79      page-faults               #    0.044 K/sec                    ( +-  0.38% )
   <not supported>      cycles                                                      
   <not supported>      instructions                                                
   <not supported>      branches                                                    
   <not supported>      branch-misses                                               

       0.453498547 seconds time elapsed                                          ( +-  0.14% )


 Performance counter stats for './mandelbrot_omp_noio 0.175 0.375 -0.1 0.1 1024 6' (10 runs):

       1802.601243      task-clock (msec)         #    3.983 CPUs utilized            ( +-  0.10% )
               101      context-switches          #    0.056 K/sec                    ( +-  1.17% )
                13      cpu-migrations            #    0.007 K/sec                    ( +-  4.75% )
                82      page-faults               #    0.045 K/sec                    ( +-  0.42% )
   <not supported>      cycles                                                      
   <not supported>      instructions                                                
   <not supported>      branches                                                    
   <not supported>      branch-misses                                               

       0.452533861 seconds time elapsed                                          ( +-  0.09% )


 Performance counter stats for './mandelbrot_omp_noio 0.175 0.375 -0.1 0.1 1024 7' (10 runs):

       1813.426849      task-clock (msec)         #    3.979 CPUs utilized            ( +-  0.15% )
               139      context-switches          #    0.076 K/sec                    ( +-  0.97% )
                10      cpu-migrations            #    0.006 K/sec                    ( +-  6.85% )
                84      page-faults               #    0.047 K/sec                    ( +-  0.44% )
   <not supported>      cycles                                                      
   <not supported>      instructions                                                
   <not supported>      branches                                                    
   <not supported>      branch-misses                                               

       0.455696174 seconds time elapsed                                          ( +-  0.14% )


 Performance counter stats for './mandelbrot_omp_noio 0.175 0.375 -0.1 0.1 1024 8' (10 runs):

       1805.946259      task-clock (msec)         #    3.982 CPUs utilized            ( +-  0.09% )
               166      context-switches          #    0.092 K/sec                    ( +-  1.39% )
                13      cpu-migrations            #    0.007 K/sec                    ( +-  9.96% )
                86      page-faults               #    0.048 K/sec                    ( +-  0.57% )
   <not supported>      cycles                                                      
   <not supported>      instructions                                                
   <not supported>      branches                                                    
   <not supported>      branch-misses                                               

       0.453552604 seconds time elapsed                                          ( +-  0.12% )


 Performance counter stats for './mandelbrot_omp_noio 0.175 0.375 -0.1 0.1 2048 1' (10 runs):

       6946.523786      task-clock (msec)         #    1.000 CPUs utilized            ( +-  0.08% )
                 6      context-switches          #    0.001 K/sec                    ( +- 10.71% )
                 0      cpu-migrations            #    0.000 K/sec                  
                71      page-faults               #    0.010 K/sec                    ( +-  0.48% )
   <not supported>      cycles                                                      
   <not supported>      instructions                                                
   <not supported>      branches                                                    
   <not supported>      branch-misses                                               

       6.946973967 seconds time elapsed                                          ( +-  0.08% )


 Performance counter stats for './mandelbrot_omp_noio 0.175 0.375 -0.1 0.1 2048 2' (10 runs):

       6935.196545      task-clock (msec)         #    2.000 CPUs utilized            ( +-  0.07% )
                 7      context-switches          #    0.001 K/sec                    ( +-  9.75% )
                 0      cpu-migrations            #    0.000 K/sec                  
                72      page-faults               #    0.010 K/sec                    ( +-  0.36% )
   <not supported>      cycles                                                      
   <not supported>      instructions                                                
   <not supported>      branches                                                    
   <not supported>      branch-misses                                               

       3.468216783 seconds time elapsed                                          ( +-  0.07% )


 Performance counter stats for './mandelbrot_omp_noio 0.175 0.375 -0.1 0.1 2048 3' (10 runs):

       7056.139293      task-clock (msec)         #    2.999 CPUs utilized            ( +-  0.05% )
                 9      context-switches          #    0.001 K/sec                    ( +-  9.22% )
                 0      cpu-migrations            #    0.000 K/sec                    ( +-100.00% )
                75      page-faults               #    0.011 K/sec                    ( +-  0.44% )
   <not supported>      cycles                                                      
   <not supported>      instructions                                                
   <not supported>      branches                                                    
   <not supported>      branch-misses                                               

       2.352788379 seconds time elapsed                                          ( +-  0.05% )


 Performance counter stats for './mandelbrot_omp_noio 0.175 0.375 -0.1 0.1 2048 4' (10 runs):

       7138.197954      task-clock (msec)         #    3.997 CPUs utilized            ( +-  0.06% )
                20      context-switches          #    0.003 K/sec                    ( +-  5.72% )
                 1      cpu-migrations            #    0.000 K/sec                    ( +- 36.85% )
                77      page-faults               #    0.011 K/sec                    ( +-  0.38% )
   <not supported>      cycles                                                      
   <not supported>      instructions                                                
   <not supported>      branches                                                    
   <not supported>      branch-misses                                               

       1.785948507 seconds time elapsed                                          ( +-  0.08% )


 Performance counter stats for './mandelbrot_omp_noio 0.175 0.375 -0.1 0.1 2048 5' (10 runs):

       7133.676145      task-clock (msec)         #    3.995 CPUs utilized            ( +-  0.07% )
               182      context-switches          #    0.026 K/sec                    ( +-  1.11% )
                28      cpu-migrations            #    0.004 K/sec                    ( +- 10.95% )
                80      page-faults               #    0.011 K/sec                    ( +-  0.54% )
   <not supported>      cycles                                                      
   <not supported>      instructions                                                
   <not supported>      branches                                                    
   <not supported>      branch-misses                                               

       1.785825928 seconds time elapsed                                          ( +-  0.07% )


 Performance counter stats for './mandelbrot_omp_noio 0.175 0.375 -0.1 0.1 2048 6' (10 runs):

       7127.000687      task-clock (msec)         #    3.995 CPUs utilized            ( +-  0.05% )
               332      context-switches          #    0.047 K/sec                    ( +-  0.74% )
                48      cpu-migrations            #    0.007 K/sec                    ( +-  8.30% )
                82      page-faults               #    0.012 K/sec                    ( +-  0.48% )
   <not supported>      cycles                                                      
   <not supported>      instructions                                                
   <not supported>      branches                                                    
   <not supported>      branch-misses                                               

       1.784151812 seconds time elapsed                                          ( +-  0.05% )


 Performance counter stats for './mandelbrot_omp_noio 0.175 0.375 -0.1 0.1 2048 7' (10 runs):

       7157.300755      task-clock (msec)         #    3.994 CPUs utilized            ( +-  0.07% )
               479      context-switches          #    0.067 K/sec                    ( +-  0.38% )
                25      cpu-migrations            #    0.003 K/sec                    ( +-  3.84% )
                83      page-faults               #    0.012 K/sec                    ( +-  0.56% )
   <not supported>      cycles                                                      
   <not supported>      instructions                                                
   <not supported>      branches                                                    
   <not supported>      branch-misses                                               

       1.791883313 seconds time elapsed                                          ( +-  0.06% )


 Performance counter stats for './mandelbrot_omp_noio 0.175 0.375 -0.1 0.1 2048 8' (10 runs):

       7153.669080      task-clock (msec)         #    3.993 CPUs utilized            ( +-  0.04% )
               618      context-switches          #    0.086 K/sec                    ( +-  0.46% )
                14      cpu-migrations            #    0.002 K/sec                    ( +- 12.16% )
                86      page-faults               #    0.012 K/sec                    ( +-  0.32% )
   <not supported>      cycles                                                      
   <not supported>      instructions                                                
   <not supported>      branches                                                    
   <not supported>      branch-misses                                               

       1.791353549 seconds time elapsed                                          ( +-  0.04% )


 Performance counter stats for './mandelbrot_omp_noio 0.175 0.375 -0.1 0.1 4096 1' (10 runs):

      27738.465376      task-clock (msec)         #    1.000 CPUs utilized            ( +-  0.05% )
                 9      context-switches          #    0.000 K/sec                    ( +-  1.10% )
                 0      cpu-migrations            #    0.000 K/sec                  
                71      page-faults               #    0.003 K/sec                    ( +-  0.57% )
   <not supported>      cycles                                                      
   <not supported>      instructions                                                
   <not supported>      branches                                                    
   <not supported>      branch-misses                                               

      27.739098310 seconds time elapsed                                          ( +-  0.05% )


 Performance counter stats for './mandelbrot_omp_noio 0.175 0.375 -0.1 0.1 4096 2' (10 runs):

      27774.476272      task-clock (msec)         #    2.000 CPUs utilized            ( +-  0.06% )
                18      context-switches          #    0.001 K/sec                    ( +- 12.45% )
                 0      cpu-migrations            #    0.000 K/sec                    ( +-100.00% )
                73      page-faults               #    0.003 K/sec                    ( +-  0.48% )
   <not supported>      cycles                                                      
   <not supported>      instructions                                                
   <not supported>      branches                                                    
   <not supported>      branch-misses                                               

      13.888023872 seconds time elapsed                                          ( +-  0.06% )


 Performance counter stats for './mandelbrot_omp_noio 0.175 0.375 -0.1 0.1 4096 3' (10 runs):

      28470.732087      task-clock (msec)         #    3.000 CPUs utilized            ( +-  0.08% )
                21      context-switches          #    0.001 K/sec                    ( +-  5.79% )
                 0      cpu-migrations            #    0.000 K/sec                    ( +- 66.67% )
                75      page-faults               #    0.003 K/sec                    ( +-  0.39% )
   <not supported>      cycles                                                      
   <not supported>      instructions                                                
   <not supported>      branches                                                    
   <not supported>      branch-misses                                               

       9.491320425 seconds time elapsed                                          ( +-  0.08% )


 Performance counter stats for './mandelbrot_omp_noio 0.175 0.375 -0.1 0.1 4096 4' (10 runs):

      28766.346845      task-clock (msec)         #    3.974 CPUs utilized            ( +-  0.15% )
               146      context-switches          #    0.005 K/sec                    ( +- 62.74% )
                 4      cpu-migrations            #    0.000 K/sec                    ( +- 76.65% )
                76      page-faults               #    0.003 K/sec                    ( +-  0.40% )
   <not supported>      cycles                                                      
   <not supported>      instructions                                                
   <not supported>      branches                                                    
   <not supported>      branch-misses                                               

       7.238122566 seconds time elapsed                                          ( +-  0.69% )


 Performance counter stats for './mandelbrot_omp_noio 0.175 0.375 -0.1 0.1 4096 5' (10 runs):

      28834.982726      task-clock (msec)         #    3.997 CPUs utilized            ( +-  0.05% )
               658      context-switches          #    0.023 K/sec                    ( +-  0.38% )
               102      cpu-migrations            #    0.004 K/sec                    ( +-  3.46% )
                80      page-faults               #    0.003 K/sec                    ( +-  0.42% )
   <not supported>      cycles                                                      
   <not supported>      instructions                                                
   <not supported>      branches                                                    
   <not supported>      branch-misses                                               

       7.213671932 seconds time elapsed                                          ( +-  0.05% )


 Performance counter stats for './mandelbrot_omp_noio 0.175 0.375 -0.1 0.1 4096 6' (10 runs):

      28797.368444      task-clock (msec)         #    3.998 CPUs utilized            ( +-  0.02% )
              1251      context-switches          #    0.043 K/sec                    ( +-  0.44% )
               163      cpu-migrations            #    0.006 K/sec                    ( +-  5.10% )
                82      page-faults               #    0.003 K/sec                    ( +-  0.45% )
   <not supported>      cycles                                                      
   <not supported>      instructions                                                
   <not supported>      branches                                                    
   <not supported>      branch-misses                                               

       7.203197842 seconds time elapsed                                          ( +-  0.02% )


 Performance counter stats for './mandelbrot_omp_noio 0.175 0.375 -0.1 0.1 4096 7' (10 runs):

      28829.483025      task-clock (msec)         #    3.998 CPUs utilized            ( +-  0.05% )
              1850      context-switches          #    0.064 K/sec                    ( +-  0.11% )
                86      cpu-migrations            #    0.003 K/sec                    ( +-  5.03% )
                84      page-faults               #    0.003 K/sec                    ( +-  0.41% )
   <not supported>      cycles                                                      
   <not supported>      instructions                                                
   <not supported>      branches                                                    
   <not supported>      branch-misses                                               

       7.211053243 seconds time elapsed                                          ( +-  0.05% )


 Performance counter stats for './mandelbrot_omp_noio 0.175 0.375 -0.1 0.1 4096 8' (10 runs):

      28810.538861      task-clock (msec)         #    3.998 CPUs utilized            ( +-  0.08% )
              2422      context-switches          #    0.084 K/sec                    ( +-  0.17% )
                18      cpu-migrations            #    0.001 K/sec                    ( +- 16.99% )
                86      page-faults               #    0.003 K/sec                    ( +-  0.38% )
   <not supported>      cycles                                                      
   <not supported>      instructions                                                
   <not supported>      branches                                                    
   <not supported>      branch-misses                                               

       7.206689064 seconds time elapsed                                          ( +-  0.08% )


 Performance counter stats for './mandelbrot_omp_noio 0.175 0.375 -0.1 0.1 8192 1' (10 runs):

     111963.743524      task-clock (msec)         #    1.000 CPUs utilized            ( +-  0.05% )
                32      context-switches          #    0.000 K/sec                    ( +-  5.38% )
                 0      cpu-migrations            #    0.000 K/sec                  
                70      page-faults               #    0.001 K/sec                    ( +-  0.48% )
   <not supported>      cycles                                                      
   <not supported>      instructions                                                
   <not supported>      branches                                                    
   <not supported>      branch-misses                                               

     111.965093279 seconds time elapsed                                          ( +-  0.05% )


 Performance counter stats for './mandelbrot_omp_noio 0.175 0.375 -0.1 0.1 8192 2' (10 runs):

     111754.035315      task-clock (msec)         #    2.000 CPUs utilized            ( +-  0.16% )
                57      context-switches          #    0.001 K/sec                    ( +- 14.49% )
                 0      cpu-migrations            #    0.000 K/sec                  
                73      page-faults               #    0.001 K/sec                    ( +-  0.50% )
   <not supported>      cycles                                                      
   <not supported>      instructions                                                
   <not supported>      branches                                                    
   <not supported>      branch-misses                                               

      55.878976295 seconds time elapsed                                          ( +-  0.16% )


 Performance counter stats for './mandelbrot_omp_noio 0.175 0.375 -0.1 0.1 8192 3' (10 runs):

     115685.548211      task-clock (msec)         #    3.000 CPUs utilized            ( +-  0.30% )
                77      context-switches          #    0.001 K/sec                    ( +-  7.18% )
                 0      cpu-migrations            #    0.000 K/sec                    ( +- 50.92% )
                75      page-faults               #    0.001 K/sec                    ( +-  0.45% )
   <not supported>      cycles                                                      
   <not supported>      instructions                                                
   <not supported>      branches                                                    
   <not supported>      branch-misses                                               

      38.564060114 seconds time elapsed                                          ( +-  0.30% )


 Performance counter stats for './mandelbrot_omp_noio 0.175 0.375 -0.1 0.1 8192 4' (10 runs):

     117037.312178      task-clock (msec)         #    3.999 CPUs utilized            ( +-  0.06% )
               223      context-switches          #    0.002 K/sec                    ( +-  9.11% )
                 1      cpu-migrations            #    0.000 K/sec                    ( +- 11.11% )
                77      page-faults               #    0.001 K/sec                    ( +-  0.43% )
   <not supported>      cycles                                                      
   <not supported>      instructions                                                
   <not supported>      branches                                                    
   <not supported>      branch-misses                                               

      29.269090114 seconds time elapsed                                          ( +-  0.06% )


 Performance counter stats for './mandelbrot_omp_noio 0.175 0.375 -0.1 0.1 8192 5' (10 runs):

     116748.817665      task-clock (msec)         #    3.999 CPUs utilized            ( +-  0.08% )
              2611      context-switches          #    0.022 K/sec                    ( +-  0.44% )
               445      cpu-migrations            #    0.004 K/sec                    ( +-  3.50% )
                80      page-faults               #    0.001 K/sec                    ( +-  0.45% )
   <not supported>      cycles                                                      
   <not supported>      instructions                                                
   <not supported>      branches                                                    
   <not supported>      branch-misses                                               

      29.194996098 seconds time elapsed                                          ( +-  0.08% )


 Performance counter stats for './mandelbrot_omp_noio 0.175 0.375 -0.1 0.1 8192 6' (10 runs):

     116716.639239      task-clock (msec)         #    3.999 CPUs utilized            ( +-  0.06% )
              5033      context-switches          #    0.043 K/sec                    ( +-  0.18% )
               644      cpu-migrations            #    0.006 K/sec                    ( +-  4.30% )
                82      page-faults               #    0.001 K/sec                    ( +-  0.42% )
   <not supported>      cycles                                                      
   <not supported>      instructions                                                
   <not supported>      branches                                                    
   <not supported>      branch-misses                                               

      29.186882093 seconds time elapsed                                          ( +-  0.06% )


 Performance counter stats for './mandelbrot_omp_noio 0.175 0.375 -0.1 0.1 8192 7' (10 runs):

     116935.079224      task-clock (msec)         #    3.999 CPUs utilized            ( +-  0.05% )
              7406      context-switches          #    0.063 K/sec                    ( +-  0.08% )
               326      cpu-migrations            #    0.003 K/sec                    ( +-  2.37% )
                83      page-faults               #    0.001 K/sec                    ( +-  0.31% )
   <not supported>      cycles                                                      
   <not supported>      instructions                                                
   <not supported>      branches                                                    
   <not supported>      branch-misses                                               

      29.241754726 seconds time elapsed                                          ( +-  0.05% )


 Performance counter stats for './mandelbrot_omp_noio 0.175 0.375 -0.1 0.1 8192 8' (10 runs):

     116914.032993      task-clock (msec)         #    3.999 CPUs utilized            ( +-  0.12% )
              9786      context-switches          #    0.084 K/sec                    ( +-  0.13% )
                24      cpu-migrations            #    0.000 K/sec                    ( +- 26.79% )
                86      page-faults               #    0.001 K/sec                    ( +-  0.43% )
   <not supported>      cycles                                                      
   <not supported>      instructions                                                
   <not supported>      branches                                                    
   <not supported>      branch-misses                                               

      29.236395865 seconds time elapsed                                          ( +-  0.12% )

