
 Performance counter stats for './mandelbrot_omp_noio -0.8 -0.7 0.05 0.15 16 1' (10 runs):

          0.897976      task-clock (msec)         #    0.822 CPUs utilized            ( +-  0.88% )
                 0      context-switches          #    0.000 K/sec                  
                 0      cpu-migrations            #    0.000 K/sec                  
                70      page-faults               #    0.078 M/sec                    ( +-  0.48% )
   <not supported>      cycles                                                      
   <not supported>      instructions                                                
   <not supported>      branches                                                    
   <not supported>      branch-misses                                               

       0.001092528 seconds time elapsed                                          ( +-  1.04% )


 Performance counter stats for './mandelbrot_omp_noio -0.8 -0.7 0.05 0.15 16 2' (10 runs):

          1.046632      task-clock (msec)         #    1.062 CPUs utilized            ( +-  0.88% )
                 0      context-switches          #    0.096 K/sec                    ( +-100.00% )
                 0      cpu-migrations            #    0.000 K/sec                  
                73      page-faults               #    0.069 M/sec                    ( +-  0.36% )
   <not supported>      cycles                                                      
   <not supported>      instructions                                                
   <not supported>      branches                                                    
   <not supported>      branch-misses                                               

       0.000985719 seconds time elapsed                                          ( +-  0.91% )


 Performance counter stats for './mandelbrot_omp_noio -0.8 -0.7 0.05 0.15 16 3' (10 runs):

          1.187072      task-clock (msec)         #    1.230 CPUs utilized            ( +-  1.53% )
                 0      context-switches          #    0.000 K/sec                  
                 0      cpu-migrations            #    0.000 K/sec                  
                75      page-faults               #    0.063 M/sec                    ( +-  0.63% )
   <not supported>      cycles                                                      
   <not supported>      instructions                                                
   <not supported>      branches                                                    
   <not supported>      branch-misses                                               

       0.000965145 seconds time elapsed                                          ( +-  1.46% )


 Performance counter stats for './mandelbrot_omp_noio -0.8 -0.7 0.05 0.15 16 4' (10 runs):

          4.720060      task-clock (msec)         #    2.268 CPUs utilized            ( +- 25.61% )
                 0      context-switches          #    0.021 K/sec                    ( +-100.00% )
                 0      cpu-migrations            #    0.106 K/sec                    ( +- 33.33% )
                77      page-faults               #    0.016 M/sec                    ( +-  0.49% )
   <not supported>      cycles                                                      
   <not supported>      instructions                                                
   <not supported>      branches                                                    
   <not supported>      branch-misses                                               

       0.002080950 seconds time elapsed                                          ( +- 19.34% )


 Performance counter stats for './mandelbrot_omp_noio -0.8 -0.7 0.05 0.15 16 5' (10 runs):

          1.377499      task-clock (msec)         #    1.251 CPUs utilized            ( +-  1.70% )
                12      context-switches          #    0.009 M/sec                    ( +-  2.73% )
                 4      cpu-migrations            #    0.003 M/sec                    ( +- 11.18% )
                80      page-faults               #    0.058 M/sec                    ( +-  0.39% )
   <not supported>      cycles                                                      
   <not supported>      instructions                                                
   <not supported>      branches                                                    
   <not supported>      branch-misses                                               

       0.001100872 seconds time elapsed                                          ( +-  1.37% )


 Performance counter stats for './mandelbrot_omp_noio -0.8 -0.7 0.05 0.15 16 6' (10 runs):

          1.382338      task-clock (msec)         #    1.242 CPUs utilized            ( +-  0.69% )
                15      context-switches          #    0.011 M/sec                    ( +-  5.02% )
                 4      cpu-migrations            #    0.003 M/sec                    ( +- 10.96% )
                82      page-faults               #    0.059 M/sec                    ( +-  0.38% )
   <not supported>      cycles                                                      
   <not supported>      instructions                                                
   <not supported>      branches                                                    
   <not supported>      branch-misses                                               

       0.001112709 seconds time elapsed                                          ( +-  0.98% )


 Performance counter stats for './mandelbrot_omp_noio -0.8 -0.7 0.05 0.15 16 7' (10 runs):

          1.487448      task-clock (msec)         #    1.264 CPUs utilized            ( +-  2.15% )
                19      context-switches          #    0.013 M/sec                    ( +-  4.26% )
                 4      cpu-migrations            #    0.003 M/sec                    ( +- 12.36% )
                84      page-faults               #    0.056 M/sec                    ( +-  0.26% )
   <not supported>      cycles                                                      
   <not supported>      instructions                                                
   <not supported>      branches                                                    
   <not supported>      branch-misses                                               

       0.001176780 seconds time elapsed                                          ( +-  1.86% )


 Performance counter stats for './mandelbrot_omp_noio -0.8 -0.7 0.05 0.15 16 8' (10 runs):

          1.535534      task-clock (msec)         #    1.248 CPUs utilized            ( +-  1.61% )
                22      context-switches          #    0.014 M/sec                    ( +-  4.87% )
                 6      cpu-migrations            #    0.004 M/sec                    ( +- 18.23% )
                86      page-faults               #    0.056 M/sec                    ( +-  0.44% )
   <not supported>      cycles                                                      
   <not supported>      instructions                                                
   <not supported>      branches                                                    
   <not supported>      branch-misses                                               

       0.001230019 seconds time elapsed                                          ( +-  1.74% )


 Performance counter stats for './mandelbrot_omp_noio -0.8 -0.7 0.05 0.15 32 1' (10 runs):

          2.267689      task-clock (msec)         #    0.920 CPUs utilized            ( +-  0.47% )
                 0      context-switches          #    0.000 K/sec                  
                 0      cpu-migrations            #    0.000 K/sec                  
                71      page-faults               #    0.031 M/sec                    ( +-  0.48% )
   <not supported>      cycles                                                      
   <not supported>      instructions                                                
   <not supported>      branches                                                    
   <not supported>      branch-misses                                               

       0.002464312 seconds time elapsed                                          ( +-  0.57% )


 Performance counter stats for './mandelbrot_omp_noio -0.8 -0.7 0.05 0.15 32 2' (10 runs):

          2.410416      task-clock (msec)         #    1.444 CPUs utilized            ( +-  0.90% )
                 0      context-switches          #    0.041 K/sec                    ( +-100.00% )
                 0      cpu-migrations            #    0.000 K/sec                  
                73      page-faults               #    0.030 M/sec                    ( +-  0.77% )
   <not supported>      cycles                                                      
   <not supported>      instructions                                                
   <not supported>      branches                                                    
   <not supported>      branch-misses                                               

       0.001668692 seconds time elapsed                                          ( +-  1.11% )


 Performance counter stats for './mandelbrot_omp_noio -0.8 -0.7 0.05 0.15 32 3' (10 runs):

          2.665478      task-clock (msec)         #    1.812 CPUs utilized            ( +-  3.72% )
                 0      context-switches          #    0.038 K/sec                    ( +-100.00% )
                 0      cpu-migrations            #    0.038 K/sec                    ( +-100.00% )
                75      page-faults               #    0.028 M/sec                    ( +-  0.46% )
   <not supported>      cycles                                                      
   <not supported>      instructions                                                
   <not supported>      branches                                                    
   <not supported>      branch-misses                                               

       0.001471141 seconds time elapsed                                          ( +-  3.53% )


 Performance counter stats for './mandelbrot_omp_noio -0.8 -0.7 0.05 0.15 32 4' (10 runs):

          5.339049      task-clock (msec)         #    2.431 CPUs utilized            ( +- 22.22% )
                 0      context-switches          #    0.056 K/sec                    ( +- 71.15% )
                 0      cpu-migrations            #    0.075 K/sec                    ( +- 40.82% )
                77      page-faults               #    0.014 M/sec                    ( +-  0.34% )
   <not supported>      cycles                                                      
   <not supported>      instructions                                                
   <not supported>      branches                                                    
   <not supported>      branch-misses                                               

       0.002195971 seconds time elapsed                                          ( +- 18.19% )


 Performance counter stats for './mandelbrot_omp_noio -0.8 -0.7 0.05 0.15 32 5' (10 runs):

          2.710091      task-clock (msec)         #    1.911 CPUs utilized            ( +-  0.75% )
                11      context-switches          #    0.004 M/sec                    ( +-  4.63% )
                 4      cpu-migrations            #    0.001 M/sec                    ( +- 16.67% )
                80      page-faults               #    0.030 M/sec                    ( +-  0.41% )
   <not supported>      cycles                                                      
   <not supported>      instructions                                                
   <not supported>      branches                                                    
   <not supported>      branch-misses                                               

       0.001418331 seconds time elapsed                                          ( +-  1.12% )


 Performance counter stats for './mandelbrot_omp_noio -0.8 -0.7 0.05 0.15 32 6' (10 runs):

          2.801906      task-clock (msec)         #    1.890 CPUs utilized            ( +-  1.21% )
                16      context-switches          #    0.006 M/sec                    ( +-  5.15% )
                 4      cpu-migrations            #    0.001 M/sec                    ( +- 14.02% )
                81      page-faults               #    0.029 M/sec                    ( +-  0.46% )
   <not supported>      cycles                                                      
   <not supported>      instructions                                                
   <not supported>      branches                                                    
   <not supported>      branch-misses                                               

       0.001482534 seconds time elapsed                                          ( +-  1.68% )


 Performance counter stats for './mandelbrot_omp_noio -0.8 -0.7 0.05 0.15 32 7' (10 runs):

          2.883266      task-clock (msec)         #    1.876 CPUs utilized            ( +-  0.93% )
                20      context-switches          #    0.007 M/sec                    ( +-  3.44% )
                 4      cpu-migrations            #    0.002 M/sec                    ( +- 12.51% )
                84      page-faults               #    0.029 M/sec                    ( +-  0.47% )
   <not supported>      cycles                                                      
   <not supported>      instructions                                                
   <not supported>      branches                                                    
   <not supported>      branch-misses                                               

       0.001537252 seconds time elapsed                                          ( +-  1.43% )


 Performance counter stats for './mandelbrot_omp_noio -0.8 -0.7 0.05 0.15 32 8' (10 runs):

          2.957222      task-clock (msec)         #    1.882 CPUs utilized            ( +-  1.02% )
                23      context-switches          #    0.008 M/sec                    ( +-  3.27% )
                 5      cpu-migrations            #    0.002 M/sec                    ( +- 10.73% )
                86      page-faults               #    0.029 M/sec                    ( +-  0.49% )
   <not supported>      cycles                                                      
   <not supported>      instructions                                                
   <not supported>      branches                                                    
   <not supported>      branch-misses                                               

       0.001571111 seconds time elapsed                                          ( +-  1.66% )


 Performance counter stats for './mandelbrot_omp_noio -0.8 -0.7 0.05 0.15 64 1' (10 runs):

          7.678571      task-clock (msec)         #    0.974 CPUs utilized            ( +-  0.26% )
                 0      context-switches          #    0.000 K/sec                  
                 0      cpu-migrations            #    0.000 K/sec                  
                71      page-faults               #    0.009 M/sec                    ( +-  0.35% )
   <not supported>      cycles                                                      
   <not supported>      instructions                                                
   <not supported>      branches                                                    
   <not supported>      branch-misses                                               

       0.007885790 seconds time elapsed                                          ( +-  0.27% )


 Performance counter stats for './mandelbrot_omp_noio -0.8 -0.7 0.05 0.15 64 2' (10 runs):

          7.812607      task-clock (msec)         #    1.790 CPUs utilized            ( +-  0.26% )
                 0      context-switches          #    0.026 K/sec                    ( +-100.00% )
                 0      cpu-migrations            #    0.000 K/sec                  
                73      page-faults               #    0.009 M/sec                    ( +-  0.41% )
   <not supported>      cycles                                                      
   <not supported>      instructions                                                
   <not supported>      branches                                                    
   <not supported>      branch-misses                                               

       0.004364982 seconds time elapsed                                          ( +-  0.38% )


 Performance counter stats for './mandelbrot_omp_noio -0.8 -0.7 0.05 0.15 64 3' (10 runs):

          8.230735      task-clock (msec)         #    2.462 CPUs utilized            ( +-  1.65% )
                 0      context-switches          #    0.012 K/sec                    ( +-100.00% )
                 0      cpu-migrations            #    0.012 K/sec                    ( +-100.00% )
                74      page-faults               #    0.009 M/sec                    ( +-  0.41% )
   <not supported>      cycles                                                      
   <not supported>      instructions                                                
   <not supported>      branches                                                    
   <not supported>      branch-misses                                               

       0.003342543 seconds time elapsed                                          ( +-  1.93% )


 Performance counter stats for './mandelbrot_omp_noio -0.8 -0.7 0.05 0.15 64 4' (10 runs):

         10.274187      task-clock (msec)         #    3.055 CPUs utilized            ( +- 11.08% )
                 0      context-switches          #    0.019 K/sec                    ( +- 66.67% )
                 0      cpu-migrations            #    0.039 K/sec                    ( +- 40.82% )
                78      page-faults               #    0.008 M/sec                    ( +-  0.55% )
   <not supported>      cycles                                                      
   <not supported>      instructions                                                
   <not supported>      branches                                                    
   <not supported>      branch-misses                                               

       0.003363295 seconds time elapsed                                          ( +- 11.40% )


 Performance counter stats for './mandelbrot_omp_noio -0.8 -0.7 0.05 0.15 64 5' (10 runs):

          8.307106      task-clock (msec)         #    2.931 CPUs utilized            ( +-  0.36% )
                12      context-switches          #    0.001 M/sec                    ( +-  3.44% )
                 5      cpu-migrations            #    0.554 K/sec                    ( +- 13.83% )
                80      page-faults               #    0.010 M/sec                    ( +-  0.42% )
   <not supported>      cycles                                                      
   <not supported>      instructions                                                
   <not supported>      branches                                                    
   <not supported>      branch-misses                                               

       0.002833879 seconds time elapsed                                          ( +-  0.33% )


 Performance counter stats for './mandelbrot_omp_noio -0.8 -0.7 0.05 0.15 64 6' (10 runs):

          8.353683      task-clock (msec)         #    2.897 CPUs utilized            ( +-  0.42% )
                16      context-switches          #    0.002 M/sec                    ( +-  3.73% )
                 5      cpu-migrations            #    0.587 K/sec                    ( +- 10.73% )
                82      page-faults               #    0.010 M/sec                    ( +-  0.36% )
   <not supported>      cycles                                                      
   <not supported>      instructions                                                
   <not supported>      branches                                                    
   <not supported>      branch-misses                                               

       0.002883315 seconds time elapsed                                          ( +-  0.65% )


 Performance counter stats for './mandelbrot_omp_noio -0.8 -0.7 0.05 0.15 64 7' (10 runs):

          8.532286      task-clock (msec)         #    2.892 CPUs utilized            ( +-  0.63% )
                20      context-switches          #    0.002 M/sec                    ( +-  4.89% )
                 5      cpu-migrations            #    0.598 K/sec                    ( +- 10.72% )
                83      page-faults               #    0.010 M/sec                    ( +-  0.31% )
   <not supported>      cycles                                                      
   <not supported>      instructions                                                
   <not supported>      branches                                                    
   <not supported>      branch-misses                                               

       0.002950186 seconds time elapsed                                          ( +-  0.75% )


 Performance counter stats for './mandelbrot_omp_noio -0.8 -0.7 0.05 0.15 64 8' (10 runs):

          8.582447      task-clock (msec)         #    2.875 CPUs utilized            ( +-  0.22% )
                24      context-switches          #    0.003 M/sec                    ( +-  2.78% )
                 5      cpu-migrations            #    0.606 K/sec                    ( +- 10.26% )
                87      page-faults               #    0.010 M/sec                    ( +-  0.52% )
   <not supported>      cycles                                                      
   <not supported>      instructions                                                
   <not supported>      branches                                                    
   <not supported>      branch-misses                                               

       0.002985571 seconds time elapsed                                          ( +-  0.28% )


 Performance counter stats for './mandelbrot_omp_noio -0.8 -0.7 0.05 0.15 128 1' (10 runs):

         29.351226      task-clock (msec)         #    0.993 CPUs utilized            ( +-  0.20% )
                 0      context-switches          #    0.000 K/sec                  
                 0      cpu-migrations            #    0.000 K/sec                  
                71      page-faults               #    0.002 M/sec                    ( +-  0.51% )
   <not supported>      cycles                                                      
   <not supported>      instructions                                                
   <not supported>      branches                                                    
   <not supported>      branch-misses                                               

       0.029568755 seconds time elapsed                                          ( +-  0.20% )


 Performance counter stats for './mandelbrot_omp_noio -0.8 -0.7 0.05 0.15 128 2' (10 runs):

         29.531029      task-clock (msec)         #    1.940 CPUs utilized            ( +-  0.22% )
                 1      context-switches          #    0.027 K/sec                    ( +- 31.18% )
                 0      cpu-migrations            #    0.000 K/sec                  
                72      page-faults               #    0.002 M/sec                    ( +-  0.31% )
   <not supported>      cycles                                                      
   <not supported>      instructions                                                
   <not supported>      branches                                                    
   <not supported>      branch-misses                                               

       0.015224578 seconds time elapsed                                          ( +-  0.22% )


 Performance counter stats for './mandelbrot_omp_noio -0.8 -0.7 0.05 0.15 128 3' (10 runs):

         30.253536      task-clock (msec)         #    2.841 CPUs utilized            ( +-  0.19% )
                 0      context-switches          #    0.007 K/sec                    ( +- 66.67% )
                 0      cpu-migrations            #    0.000 K/sec                  
                74      page-faults               #    0.002 M/sec                    ( +-  0.46% )
   <not supported>      cycles                                                      
   <not supported>      instructions                                                
   <not supported>      branches                                                    
   <not supported>      branch-misses                                               

       0.010648783 seconds time elapsed                                          ( +-  0.17% )


 Performance counter stats for './mandelbrot_omp_noio -0.8 -0.7 0.05 0.15 128 4' (10 runs):

         31.328862      task-clock (msec)         #    3.680 CPUs utilized            ( +-  2.07% )
                 1      context-switches          #    0.038 K/sec                    ( +- 20.79% )
                 0      cpu-migrations            #    0.003 K/sec                    ( +-100.00% )
                77      page-faults               #    0.002 M/sec                    ( +-  0.39% )
   <not supported>      cycles                                                      
   <not supported>      instructions                                                
   <not supported>      branches                                                    
   <not supported>      branch-misses                                               

       0.008513902 seconds time elapsed                                          ( +-  2.54% )


 Performance counter stats for './mandelbrot_omp_noio -0.8 -0.7 0.05 0.15 128 5' (10 runs):

         30.570632      task-clock (msec)         #    3.625 CPUs utilized            ( +-  0.36% )
                13      context-switches          #    0.422 K/sec                    ( +-  4.83% )
                 3      cpu-migrations            #    0.105 K/sec                    ( +- 16.67% )
                80      page-faults               #    0.003 M/sec                    ( +-  0.46% )
   <not supported>      cycles                                                      
   <not supported>      instructions                                                
   <not supported>      branches                                                    
   <not supported>      branch-misses                                               

       0.008432220 seconds time elapsed                                          ( +-  0.50% )


 Performance counter stats for './mandelbrot_omp_noio -0.8 -0.7 0.05 0.15 128 6' (10 runs):

         30.502434      task-clock (msec)         #    3.625 CPUs utilized            ( +-  0.19% )
                16      context-switches          #    0.511 K/sec                    ( +-  2.74% )
                 5      cpu-migrations            #    0.167 K/sec                    ( +- 10.72% )
                82      page-faults               #    0.003 M/sec                    ( +-  0.34% )
   <not supported>      cycles                                                      
   <not supported>      instructions                                                
   <not supported>      branches                                                    
   <not supported>      branch-misses                                               

       0.008415322 seconds time elapsed                                          ( +-  0.27% )


 Performance counter stats for './mandelbrot_omp_noio -0.8 -0.7 0.05 0.15 128 7' (10 runs):

         30.811466      task-clock (msec)         #    3.613 CPUs utilized            ( +-  0.35% )
                21      context-switches          #    0.669 K/sec                    ( +-  3.63% )
                 6      cpu-migrations            #    0.195 K/sec                    ( +-  5.56% )
                84      page-faults               #    0.003 M/sec                    ( +-  0.44% )
   <not supported>      cycles                                                      
   <not supported>      instructions                                                
   <not supported>      branches                                                    
   <not supported>      branch-misses                                               

       0.008527640 seconds time elapsed                                          ( +-  0.32% )


 Performance counter stats for './mandelbrot_omp_noio -0.8 -0.7 0.05 0.15 128 8' (10 runs):

         30.796961      task-clock (msec)         #    3.575 CPUs utilized            ( +-  0.32% )
                25      context-switches          #    0.805 K/sec                    ( +-  2.54% )
                 7      cpu-migrations            #    0.234 K/sec                    ( +-  8.49% )
                86      page-faults               #    0.003 M/sec                    ( +-  0.29% )
   <not supported>      cycles                                                      
   <not supported>      instructions                                                
   <not supported>      branches                                                    
   <not supported>      branch-misses                                               

       0.008614593 seconds time elapsed                                          ( +-  0.48% )


 Performance counter stats for './mandelbrot_omp_noio -0.8 -0.7 0.05 0.15 256 1' (10 runs):

        115.916818      task-clock (msec)         #    0.998 CPUs utilized            ( +-  0.11% )
                 0      context-switches          #    0.002 K/sec                    ( +- 66.67% )
                 0      cpu-migrations            #    0.000 K/sec                  
                70      page-faults               #    0.608 K/sec                    ( +-  0.38% )
   <not supported>      cycles                                                      
   <not supported>      instructions                                                
   <not supported>      branches                                                    
   <not supported>      branch-misses                                               

       0.116150139 seconds time elapsed                                          ( +-  0.11% )


 Performance counter stats for './mandelbrot_omp_noio -0.8 -0.7 0.05 0.15 256 2' (10 runs):

        116.363414      task-clock (msec)         #    1.983 CPUs utilized            ( +-  0.11% )
                 1      context-switches          #    0.006 K/sec                    ( +- 30.49% )
                 0      cpu-migrations            #    0.000 K/sec                  
                73      page-faults               #    0.629 K/sec                    ( +-  0.53% )
   <not supported>      cycles                                                      
   <not supported>      instructions                                                
   <not supported>      branches                                                    
   <not supported>      branch-misses                                               

       0.058666083 seconds time elapsed                                          ( +-  0.11% )


 Performance counter stats for './mandelbrot_omp_noio -0.8 -0.7 0.05 0.15 256 3' (10 runs):

        118.618743      task-clock (msec)         #    2.957 CPUs utilized            ( +-  0.14% )
                 0      context-switches          #    0.004 K/sec                    ( +- 61.46% )
                 0      cpu-migrations            #    0.000 K/sec                  
                75      page-faults               #    0.631 K/sec                    ( +-  0.52% )
   <not supported>      cycles                                                      
   <not supported>      instructions                                                
   <not supported>      branches                                                    
   <not supported>      branch-misses                                               

       0.040114770 seconds time elapsed                                          ( +-  0.15% )


 Performance counter stats for './mandelbrot_omp_noio -0.8 -0.7 0.05 0.15 256 4' (10 runs):

        121.692346      task-clock (msec)         #    3.899 CPUs utilized            ( +-  0.90% )
                 4      context-switches          #    0.035 K/sec                    ( +-  3.55% )
                 1      cpu-migrations            #    0.005 K/sec                    ( +- 27.22% )
                76      page-faults               #    0.629 K/sec                    ( +-  0.35% )
   <not supported>      cycles                                                      
   <not supported>      instructions                                                
   <not supported>      branches                                                    
   <not supported>      branch-misses                                               

       0.031213047 seconds time elapsed                                          ( +-  1.15% )


 Performance counter stats for './mandelbrot_omp_noio -0.8 -0.7 0.05 0.15 256 5' (10 runs):

        119.286644      task-clock (msec)         #    3.892 CPUs utilized            ( +-  0.15% )
                17      context-switches          #    0.143 K/sec                    ( +-  3.54% )
                 4      cpu-migrations            #    0.030 K/sec                    ( +- 10.31% )
                80      page-faults               #    0.674 K/sec                    ( +-  0.59% )
   <not supported>      cycles                                                      
   <not supported>      instructions                                                
   <not supported>      branches                                                    
   <not supported>      branch-misses                                               

       0.030650961 seconds time elapsed                                          ( +-  0.17% )


 Performance counter stats for './mandelbrot_omp_noio -0.8 -0.7 0.05 0.15 256 6' (10 runs):

        119.067223      task-clock (msec)         #    3.881 CPUs utilized            ( +-  0.12% )
                23      context-switches          #    0.197 K/sec                    ( +-  2.86% )
                 5      cpu-migrations            #    0.042 K/sec                    ( +- 11.55% )
                82      page-faults               #    0.691 K/sec                    ( +-  0.63% )
   <not supported>      cycles                                                      
   <not supported>      instructions                                                
   <not supported>      branches                                                    
   <not supported>      branch-misses                                               

       0.030679555 seconds time elapsed                                          ( +-  0.16% )


 Performance counter stats for './mandelbrot_omp_noio -0.8 -0.7 0.05 0.15 256 7' (10 runs):

        119.931081      task-clock (msec)         #    3.884 CPUs utilized            ( +-  0.21% )
                29      context-switches          #    0.243 K/sec                    ( +-  2.32% )
                 7      cpu-migrations            #    0.057 K/sec                    ( +-  7.20% )
                84      page-faults               #    0.703 K/sec                    ( +-  0.36% )
   <not supported>      cycles                                                      
   <not supported>      instructions                                                
   <not supported>      branches                                                    
   <not supported>      branch-misses                                               

       0.030874341 seconds time elapsed                                          ( +-  0.21% )


 Performance counter stats for './mandelbrot_omp_noio -0.8 -0.7 0.05 0.15 256 8' (10 runs):

        119.868810      task-clock (msec)         #    3.874 CPUs utilized            ( +-  0.24% )
                36      context-switches          #    0.299 K/sec                    ( +-  2.79% )
                 5      cpu-migrations            #    0.043 K/sec                    ( +- 10.31% )
                85      page-faults               #    0.710 K/sec                    ( +-  0.27% )
   <not supported>      cycles                                                      
   <not supported>      instructions                                                
   <not supported>      branches                                                    
   <not supported>      branch-misses                                               

       0.030945579 seconds time elapsed                                          ( +-  0.34% )


 Performance counter stats for './mandelbrot_omp_noio -0.8 -0.7 0.05 0.15 512 1' (10 runs):

        461.441772      task-clock (msec)         #    0.999 CPUs utilized            ( +-  0.05% )
                 1      context-switches          #    0.002 K/sec                    ( +- 25.93% )
                 0      cpu-migrations            #    0.000 K/sec                  
                71      page-faults               #    0.154 K/sec                    ( +-  0.58% )
   <not supported>      cycles                                                      
   <not supported>      instructions                                                
   <not supported>      branches                                                    
   <not supported>      branch-misses                                               

       0.461695225 seconds time elapsed                                          ( +-  0.05% )


 Performance counter stats for './mandelbrot_omp_noio -0.8 -0.7 0.05 0.15 512 2' (10 runs):

        462.063717      task-clock (msec)         #    1.996 CPUs utilized            ( +-  0.06% )
                 1      context-switches          #    0.002 K/sec                    ( +- 19.95% )
                 0      cpu-migrations            #    0.000 K/sec                  
                73      page-faults               #    0.157 K/sec                    ( +-  0.36% )
   <not supported>      cycles                                                      
   <not supported>      instructions                                                
   <not supported>      branches                                                    
   <not supported>      branch-misses                                               

       0.231537117 seconds time elapsed                                          ( +-  0.06% )


 Performance counter stats for './mandelbrot_omp_noio -0.8 -0.7 0.05 0.15 512 3' (10 runs):

        472.395306      task-clock (msec)         #    2.986 CPUs utilized            ( +-  0.14% )
                 1      context-switches          #    0.001 K/sec                    ( +- 52.38% )
                 0      cpu-migrations            #    0.000 K/sec                    ( +- 66.67% )
                75      page-faults               #    0.159 K/sec                    ( +-  0.35% )
   <not supported>      cycles                                                      
   <not supported>      instructions                                                
   <not supported>      branches                                                    
   <not supported>      branch-misses                                               

       0.158209051 seconds time elapsed                                          ( +-  0.18% )


 Performance counter stats for './mandelbrot_omp_noio -0.8 -0.7 0.05 0.15 512 4' (10 runs):

        484.644401      task-clock (msec)         #    3.953 CPUs utilized            ( +-  0.68% )
                 7      context-switches          #    0.014 K/sec                    ( +-  9.99% )
                 1      cpu-migrations            #    0.001 K/sec                    ( +- 21.82% )
                77      page-faults               #    0.159 K/sec                    ( +-  0.47% )
   <not supported>      cycles                                                      
   <not supported>      instructions                                                
   <not supported>      branches                                                    
   <not supported>      branch-misses                                               

       0.122603109 seconds time elapsed                                          ( +-  0.91% )


 Performance counter stats for './mandelbrot_omp_noio -0.8 -0.7 0.05 0.15 512 5' (10 runs):

        473.724588      task-clock (msec)         #    3.969 CPUs utilized            ( +-  0.13% )
                30      context-switches          #    0.062 K/sec                    ( +-  2.72% )
                 5      cpu-migrations            #    0.011 K/sec                    ( +-  7.47% )
                80      page-faults               #    0.169 K/sec                    ( +-  0.41% )
   <not supported>      cycles                                                      
   <not supported>      instructions                                                
   <not supported>      branches                                                    
   <not supported>      branch-misses                                               

       0.119349964 seconds time elapsed                                          ( +-  0.13% )


 Performance counter stats for './mandelbrot_omp_noio -0.8 -0.7 0.05 0.15 512 6' (10 runs):

        473.241732      task-clock (msec)         #    3.967 CPUs utilized            ( +-  0.14% )
                43      context-switches          #    0.091 K/sec                    ( +-  2.18% )
                 7      cpu-migrations            #    0.014 K/sec                    ( +- 15.26% )
                82      page-faults               #    0.173 K/sec                    ( +-  0.40% )
   <not supported>      cycles                                                      
   <not supported>      instructions                                                
   <not supported>      branches                                                    
   <not supported>      branch-misses                                               

       0.119304256 seconds time elapsed                                          ( +-  0.14% )


 Performance counter stats for './mandelbrot_omp_noio -0.8 -0.7 0.05 0.15 512 7' (10 runs):

        474.018990      task-clock (msec)         #    3.965 CPUs utilized            ( +-  0.09% )
                53      context-switches          #    0.112 K/sec                    ( +-  2.35% )
                 5      cpu-migrations            #    0.012 K/sec                    ( +-  8.68% )
                84      page-faults               #    0.178 K/sec                    ( +-  0.40% )
   <not supported>      cycles                                                      
   <not supported>      instructions                                                
   <not supported>      branches                                                    
   <not supported>      branch-misses                                               

       0.119542157 seconds time elapsed                                          ( +-  0.09% )


 Performance counter stats for './mandelbrot_omp_noio -0.8 -0.7 0.05 0.15 512 8' (10 runs):

        475.697636      task-clock (msec)         #    3.959 CPUs utilized            ( +-  0.11% )
                64      context-switches          #    0.134 K/sec                    ( +-  1.30% )
                 6      cpu-migrations            #    0.014 K/sec                    ( +-  7.69% )
                86      page-faults               #    0.180 K/sec                    ( +-  0.38% )
   <not supported>      cycles                                                      
   <not supported>      instructions                                                
   <not supported>      branches                                                    
   <not supported>      branch-misses                                               

       0.120141071 seconds time elapsed                                          ( +-  0.10% )


 Performance counter stats for './mandelbrot_omp_noio -0.8 -0.7 0.05 0.15 1024 1' (10 runs):

       1849.075599      task-clock (msec)         #    1.000 CPUs utilized            ( +-  0.08% )
                 3      context-switches          #    0.001 K/sec                    ( +-  5.66% )
                 0      cpu-migrations            #    0.000 K/sec                  
                71      page-faults               #    0.038 K/sec                    ( +-  0.51% )
   <not supported>      cycles                                                      
   <not supported>      instructions                                                
   <not supported>      branches                                                    
   <not supported>      branch-misses                                               

       1.849370319 seconds time elapsed                                          ( +-  0.08% )


 Performance counter stats for './mandelbrot_omp_noio -0.8 -0.7 0.05 0.15 1024 2' (10 runs):

       1850.152588      task-clock (msec)         #    1.999 CPUs utilized            ( +-  0.06% )
                 3      context-switches          #    0.002 K/sec                    ( +- 10.15% )
                 0      cpu-migrations            #    0.000 K/sec                    ( +-100.00% )
                72      page-faults               #    0.039 K/sec                    ( +-  0.23% )
   <not supported>      cycles                                                      
   <not supported>      instructions                                                
   <not supported>      branches                                                    
   <not supported>      branch-misses                                               

       0.925721714 seconds time elapsed                                          ( +-  0.06% )


 Performance counter stats for './mandelbrot_omp_noio -0.8 -0.7 0.05 0.15 1024 3' (10 runs):

       1890.197478      task-clock (msec)         #    2.996 CPUs utilized            ( +-  0.08% )
                 4      context-switches          #    0.002 K/sec                    ( +- 21.60% )
                 0      cpu-migrations            #    0.000 K/sec                    ( +- 66.67% )
                75      page-faults               #    0.040 K/sec                    ( +-  0.40% )
   <not supported>      cycles                                                      
   <not supported>      instructions                                                
   <not supported>      branches                                                    
   <not supported>      branch-misses                                               

       0.630862896 seconds time elapsed                                          ( +-  0.08% )


 Performance counter stats for './mandelbrot_omp_noio -0.8 -0.7 0.05 0.15 1024 4' (10 runs):

       1922.532279      task-clock (msec)         #    3.986 CPUs utilized            ( +-  0.21% )
                11      context-switches          #    0.005 K/sec                    ( +- 10.55% )
                 1      cpu-migrations            #    0.000 K/sec                    ( +- 16.67% )
                77      page-faults               #    0.040 K/sec                    ( +-  0.47% )
   <not supported>      cycles                                                      
   <not supported>      instructions                                                
   <not supported>      branches                                                    
   <not supported>      branch-misses                                               

       0.482323426 seconds time elapsed                                          ( +-  0.25% )


 Performance counter stats for './mandelbrot_omp_noio -0.8 -0.7 0.05 0.15 1024 5' (10 runs):

       1915.572724      task-clock (msec)         #    3.987 CPUs utilized            ( +-  0.17% )
                64      context-switches          #    0.033 K/sec                    ( +-  1.36% )
                10      cpu-migrations            #    0.005 K/sec                    ( +-  3.82% )
                80      page-faults               #    0.042 K/sec                    ( +-  0.47% )
   <not supported>      cycles                                                      
   <not supported>      instructions                                                
   <not supported>      branches                                                    
   <not supported>      branch-misses                                               

       0.480416620 seconds time elapsed                                          ( +-  0.16% )


 Performance counter stats for './mandelbrot_omp_noio -0.8 -0.7 0.05 0.15 1024 6' (10 runs):

       1914.812497      task-clock (msec)         #    3.985 CPUs utilized            ( +-  0.12% )
               105      context-switches          #    0.055 K/sec                    ( +-  0.60% )
                13      cpu-migrations            #    0.007 K/sec                    ( +-  6.65% )
                83      page-faults               #    0.043 K/sec                    ( +-  0.48% )
   <not supported>      cycles                                                      
   <not supported>      instructions                                                
   <not supported>      branches                                                    
   <not supported>      branch-misses                                               

       0.480478254 seconds time elapsed                                          ( +-  0.13% )


 Performance counter stats for './mandelbrot_omp_noio -0.8 -0.7 0.05 0.15 1024 7' (10 runs):

       1916.088696      task-clock (msec)         #    3.985 CPUs utilized            ( +-  0.15% )
               148      context-switches          #    0.077 K/sec                    ( +-  0.85% )
                11      cpu-migrations            #    0.006 K/sec                    ( +- 11.11% )
                83      page-faults               #    0.044 K/sec                    ( +-  0.45% )
   <not supported>      cycles                                                      
   <not supported>      instructions                                                
   <not supported>      branches                                                    
   <not supported>      branch-misses                                               

       0.480846985 seconds time elapsed                                          ( +-  0.16% )


 Performance counter stats for './mandelbrot_omp_noio -0.8 -0.7 0.05 0.15 1024 8' (10 runs):

       1918.208061      task-clock (msec)         #    3.986 CPUs utilized            ( +-  0.14% )
               176      context-switches          #    0.092 K/sec                    ( +-  1.41% )
                12      cpu-migrations            #    0.006 K/sec                    ( +- 11.14% )
                86      page-faults               #    0.045 K/sec                    ( +-  0.46% )
   <not supported>      cycles                                                      
   <not supported>      instructions                                                
   <not supported>      branches                                                    
   <not supported>      branch-misses                                               

       0.481243803 seconds time elapsed                                          ( +-  0.14% )


 Performance counter stats for './mandelbrot_omp_noio -0.8 -0.7 0.05 0.15 2048 1' (10 runs):

       7382.436006      task-clock (msec)         #    1.000 CPUs utilized            ( +-  0.07% )
                 5      context-switches          #    0.001 K/sec                    ( +-  9.89% )
                 0      cpu-migrations            #    0.000 K/sec                  
                71      page-faults               #    0.010 K/sec                    ( +-  0.35% )
   <not supported>      cycles                                                      
   <not supported>      instructions                                                
   <not supported>      branches                                                    
   <not supported>      branch-misses                                               

       7.382836782 seconds time elapsed                                          ( +-  0.07% )


 Performance counter stats for './mandelbrot_omp_noio -0.8 -0.7 0.05 0.15 2048 2' (10 runs):

       7379.854139      task-clock (msec)         #    2.000 CPUs utilized            ( +-  0.05% )
                 8      context-switches          #    0.001 K/sec                    ( +-  4.79% )
                 0      cpu-migrations            #    0.000 K/sec                  
                73      page-faults               #    0.010 K/sec                    ( +-  0.36% )
   <not supported>      cycles                                                      
   <not supported>      instructions                                                
   <not supported>      branches                                                    
   <not supported>      branch-misses                                               

       3.690555472 seconds time elapsed                                          ( +-  0.05% )


 Performance counter stats for './mandelbrot_omp_noio -0.8 -0.7 0.05 0.15 2048 3' (10 runs):

       7488.055355      task-clock (msec)         #    2.999 CPUs utilized            ( +-  0.06% )
                 9      context-switches          #    0.001 K/sec                    ( +-  8.11% )
                 0      cpu-migrations            #    0.000 K/sec                    ( +-100.00% )
                75      page-faults               #    0.010 K/sec                    ( +-  0.44% )
   <not supported>      cycles                                                      
   <not supported>      instructions                                                
   <not supported>      branches                                                    
   <not supported>      branch-misses                                               

       2.496808307 seconds time elapsed                                          ( +-  0.05% )


 Performance counter stats for './mandelbrot_omp_noio -0.8 -0.7 0.05 0.15 2048 4' (10 runs):

       7559.672441      task-clock (msec)         #    3.996 CPUs utilized            ( +-  0.06% )
                20      context-switches          #    0.003 K/sec                    ( +-  4.63% )
                 1      cpu-migrations            #    0.000 K/sec                    ( +- 16.67% )
                77      page-faults               #    0.010 K/sec                    ( +-  0.23% )
   <not supported>      cycles                                                      
   <not supported>      instructions                                                
   <not supported>      branches                                                    
   <not supported>      branch-misses                                               

       1.891625365 seconds time elapsed                                          ( +-  0.07% )


 Performance counter stats for './mandelbrot_omp_noio -0.8 -0.7 0.05 0.15 2048 5' (10 runs):

       7534.668038      task-clock (msec)         #    3.996 CPUs utilized            ( +-  0.06% )
               192      context-switches          #    0.025 K/sec                    ( +-  1.00% )
                31      cpu-migrations            #    0.004 K/sec                    ( +-  5.35% )
                80      page-faults               #    0.011 K/sec                    ( +-  0.39% )
   <not supported>      cycles                                                      
   <not supported>      instructions                                                
   <not supported>      branches                                                    
   <not supported>      branch-misses                                               

       1.885773160 seconds time elapsed                                          ( +-  0.06% )


 Performance counter stats for './mandelbrot_omp_noio -0.8 -0.7 0.05 0.15 2048 6' (10 runs):

       7569.777025      task-clock (msec)         #    3.996 CPUs utilized            ( +-  0.09% )
               350      context-switches          #    0.046 K/sec                    ( +-  0.30% )
                44      cpu-migrations            #    0.006 K/sec                    ( +-  5.06% )
                82      page-faults               #    0.011 K/sec                    ( +-  0.32% )
   <not supported>      cycles                                                      
   <not supported>      instructions                                                
   <not supported>      branches                                                    
   <not supported>      branch-misses                                               

       1.894222401 seconds time elapsed                                          ( +-  0.08% )


 Performance counter stats for './mandelbrot_omp_noio -0.8 -0.7 0.05 0.15 2048 7' (10 runs):

       7590.640321      task-clock (msec)         #    3.995 CPUs utilized            ( +-  0.11% )
               509      context-switches          #    0.067 K/sec                    ( +-  0.38% )
                28      cpu-migrations            #    0.004 K/sec                    ( +- 10.42% )
                83      page-faults               #    0.011 K/sec                    ( +-  0.27% )
   <not supported>      cycles                                                      
   <not supported>      instructions                                                
   <not supported>      branches                                                    
   <not supported>      branch-misses                                               

       1.900135751 seconds time elapsed                                          ( +-  0.11% )


 Performance counter stats for './mandelbrot_omp_noio -0.8 -0.7 0.05 0.15 2048 8' (10 runs):

       7584.692291      task-clock (msec)         #    3.995 CPUs utilized            ( +-  0.07% )
               657      context-switches          #    0.087 K/sec                    ( +-  0.44% )
                13      cpu-migrations            #    0.002 K/sec                    ( +- 21.00% )
                86      page-faults               #    0.011 K/sec                    ( +-  0.37% )
   <not supported>      cycles                                                      
   <not supported>      instructions                                                
   <not supported>      branches                                                    
   <not supported>      branch-misses                                               

       1.898393626 seconds time elapsed                                          ( +-  0.07% )


 Performance counter stats for './mandelbrot_omp_noio -0.8 -0.7 0.05 0.15 4096 1' (10 runs):

      29443.419420      task-clock (msec)         #    1.000 CPUs utilized            ( +-  0.05% )
                18      context-switches          #    0.001 K/sec                    ( +- 21.37% )
                 0      cpu-migrations            #    0.000 K/sec                  
                71      page-faults               #    0.002 K/sec                    ( +-  0.50% )
   <not supported>      cycles                                                      
   <not supported>      instructions                                                
   <not supported>      branches                                                    
   <not supported>      branch-misses                                               

      29.444064210 seconds time elapsed                                          ( +-  0.05% )


 Performance counter stats for './mandelbrot_omp_noio -0.8 -0.7 0.05 0.15 4096 2' (10 runs):

      29532.998902      task-clock (msec)         #    2.000 CPUs utilized            ( +-  0.02% )
                18      context-switches          #    0.001 K/sec                    ( +- 13.07% )
                 0      cpu-migrations            #    0.000 K/sec                  
                73      page-faults               #    0.002 K/sec                    ( +-  0.40% )
   <not supported>      cycles                                                      
   <not supported>      instructions                                                
   <not supported>      branches                                                    
   <not supported>      branch-misses                                               

      14.767266248 seconds time elapsed                                          ( +-  0.02% )


 Performance counter stats for './mandelbrot_omp_noio -0.8 -0.7 0.05 0.15 4096 3' (10 runs):

      30282.369201      task-clock (msec)         #    3.000 CPUs utilized            ( +-  0.08% )
                24      context-switches          #    0.001 K/sec                    ( +-  2.53% )
                 0      cpu-migrations            #    0.000 K/sec                    ( +- 50.92% )
                75      page-faults               #    0.002 K/sec                    ( +-  0.62% )
   <not supported>      cycles                                                      
   <not supported>      instructions                                                
   <not supported>      branches                                                    
   <not supported>      branch-misses                                               

      10.095002404 seconds time elapsed                                          ( +-  0.08% )


 Performance counter stats for './mandelbrot_omp_noio -0.8 -0.7 0.05 0.15 4096 4' (10 runs):

      30582.008205      task-clock (msec)         #    3.999 CPUs utilized            ( +-  0.04% )
                41      context-switches          #    0.001 K/sec                    ( +-  3.84% )
                 1      cpu-migrations            #    0.000 K/sec                    ( +- 21.82% )
                77      page-faults               #    0.003 K/sec                    ( +-  0.26% )
   <not supported>      cycles                                                      
   <not supported>      instructions                                                
   <not supported>      branches                                                    
   <not supported>      branch-misses                                               

       7.647122892 seconds time elapsed                                          ( +-  0.04% )


 Performance counter stats for './mandelbrot_omp_noio -0.8 -0.7 0.05 0.15 4096 5' (10 runs):

      30568.002237      task-clock (msec)         #    3.999 CPUs utilized            ( +-  0.06% )
               697      context-switches          #    0.023 K/sec                    ( +-  0.49% )
                99      cpu-migrations            #    0.003 K/sec                    ( +-  4.67% )
                80      page-faults               #    0.003 K/sec                    ( +-  0.47% )
   <not supported>      cycles                                                      
   <not supported>      instructions                                                
   <not supported>      branches                                                    
   <not supported>      branch-misses                                               

       7.644790412 seconds time elapsed                                          ( +-  0.06% )


 Performance counter stats for './mandelbrot_omp_noio -0.8 -0.7 0.05 0.15 4096 6' (10 runs):

      30523.477274      task-clock (msec)         #    3.998 CPUs utilized            ( +-  0.08% )
              1330      context-switches          #    0.044 K/sec                    ( +-  0.34% )
               168      cpu-migrations            #    0.005 K/sec                    ( +-  2.77% )
                82      page-faults               #    0.003 K/sec                    ( +-  0.40% )
   <not supported>      cycles                                                      
   <not supported>      instructions                                                
   <not supported>      branches                                                    
   <not supported>      branch-misses                                               

       7.634485468 seconds time elapsed                                          ( +-  0.08% )


 Performance counter stats for './mandelbrot_omp_noio -0.8 -0.7 0.05 0.15 4096 7' (10 runs):

      30584.005898      task-clock (msec)         #    3.998 CPUs utilized            ( +-  0.04% )
              1956      context-switches          #    0.064 K/sec                    ( +-  0.17% )
                97      cpu-migrations            #    0.003 K/sec                    ( +-  5.66% )
                84      page-faults               #    0.003 K/sec                    ( +-  0.26% )
   <not supported>      cycles                                                      
   <not supported>      instructions                                                
   <not supported>      branches                                                    
   <not supported>      branch-misses                                               

       7.649332755 seconds time elapsed                                          ( +-  0.04% )


 Performance counter stats for './mandelbrot_omp_noio -0.8 -0.7 0.05 0.15 4096 8' (10 runs):

      30559.760549      task-clock (msec)         #    3.998 CPUs utilized            ( +-  0.10% )
              2585      context-switches          #    0.085 K/sec                    ( +-  0.22% )
                15      cpu-migrations            #    0.000 K/sec                    ( +- 11.64% )
                86      page-faults               #    0.003 K/sec                    ( +-  0.34% )
   <not supported>      cycles                                                      
   <not supported>      instructions                                                
   <not supported>      branches                                                    
   <not supported>      branch-misses                                               

       7.644173289 seconds time elapsed                                          ( +-  0.09% )


 Performance counter stats for './mandelbrot_omp_noio -0.8 -0.7 0.05 0.15 8192 1' (10 runs):

     118875.583218      task-clock (msec)         #    1.000 CPUs utilized            ( +-  0.12% )
                47      context-switches          #    0.000 K/sec                    ( +- 25.23% )
                 0      cpu-migrations            #    0.000 K/sec                  
                71      page-faults               #    0.001 K/sec                    ( +-  0.49% )
   <not supported>      cycles                                                      
   <not supported>      instructions                                                
   <not supported>      branches                                                    
   <not supported>      branch-misses                                               

     118.877162602 seconds time elapsed                                          ( +-  0.12% )


 Performance counter stats for './mandelbrot_omp_noio -0.8 -0.7 0.05 0.15 8192 2' (10 runs):

     118818.238371      task-clock (msec)         #    2.000 CPUs utilized            ( +-  0.17% )
                66      context-switches          #    0.001 K/sec                    ( +- 14.35% )
                 0      cpu-migrations            #    0.000 K/sec                  
                73      page-faults               #    0.001 K/sec                    ( +-  0.30% )
   <not supported>      cycles                                                      
   <not supported>      instructions                                                
   <not supported>      branches                                                    
   <not supported>      branch-misses                                               

      59.410646123 seconds time elapsed                                          ( +-  0.17% )


 Performance counter stats for './mandelbrot_omp_noio -0.8 -0.7 0.05 0.15 8192 3' (10 runs):

     122899.096176      task-clock (msec)         #    3.000 CPUs utilized            ( +-  0.30% )
                70      context-switches          #    0.001 K/sec                    ( +-  8.12% )
                 0      cpu-migrations            #    0.000 K/sec                    ( +-100.00% )
                75      page-faults               #    0.001 K/sec                    ( +-  0.61% )
   <not supported>      cycles                                                      
   <not supported>      instructions                                                
   <not supported>      branches                                                    
   <not supported>      branch-misses                                               

      40.967734029 seconds time elapsed                                          ( +-  0.30% )


 Performance counter stats for './mandelbrot_omp_noio -0.8 -0.7 0.05 0.15 8192 4' (10 runs):

     124217.389200      task-clock (msec)         #    3.998 CPUs utilized            ( +-  0.04% )
               262      context-switches          #    0.002 K/sec                    ( +-  3.42% )
                 1      cpu-migrations            #    0.000 K/sec                    ( +- 16.67% )
                77      page-faults               #    0.001 K/sec                    ( +-  0.49% )
   <not supported>      cycles                                                      
   <not supported>      instructions                                                
   <not supported>      branches                                                    
   <not supported>      branch-misses                                               

      31.066231193 seconds time elapsed                                          ( +-  0.04% )


 Performance counter stats for './mandelbrot_omp_noio -0.8 -0.7 0.05 0.15 8192 5' (10 runs):

     123890.148318      task-clock (msec)         #    3.999 CPUs utilized            ( +-  0.03% )
              2768      context-switches          #    0.022 K/sec                    ( +-  0.49% )
               489      cpu-migrations            #    0.004 K/sec                    ( +-  5.36% )
                80      page-faults               #    0.001 K/sec                    ( +-  0.49% )
   <not supported>      cycles                                                      
   <not supported>      instructions                                                
   <not supported>      branches                                                    
   <not supported>      branch-misses                                               

      30.977801000 seconds time elapsed                                          ( +-  0.03% )


 Performance counter stats for './mandelbrot_omp_noio -0.8 -0.7 0.05 0.15 8192 6' (10 runs):

     123938.174146      task-clock (msec)         #    3.999 CPUs utilized            ( +-  0.06% )
              5351      context-switches          #    0.043 K/sec                    ( +-  0.49% )
               770      cpu-migrations            #    0.006 K/sec                    ( +-  8.01% )
                82      page-faults               #    0.001 K/sec                    ( +-  0.45% )
   <not supported>      cycles                                                      
   <not supported>      instructions                                                
   <not supported>      branches                                                    
   <not supported>      branch-misses                                               

      30.990156438 seconds time elapsed                                          ( +-  0.06% )


 Performance counter stats for './mandelbrot_omp_noio -0.8 -0.7 0.05 0.15 8192 7' (10 runs):

     124123.090306      task-clock (msec)         #    3.999 CPUs utilized            ( +-  0.03% )
              7898      context-switches          #    0.064 K/sec                    ( +-  0.25% )
               399      cpu-migrations            #    0.003 K/sec                    ( +- 11.13% )
                84      page-faults               #    0.001 K/sec                    ( +-  0.37% )
   <not supported>      cycles                                                      
   <not supported>      instructions                                                
   <not supported>      branches                                                    
   <not supported>      branch-misses                                               

      31.036596745 seconds time elapsed                                          ( +-  0.03% )


 Performance counter stats for './mandelbrot_omp_noio -0.8 -0.7 0.05 0.15 8192 8' (10 runs):

     124179.702158      task-clock (msec)         #    3.999 CPUs utilized            ( +-  0.06% )
             10410      context-switches          #    0.084 K/sec                    ( +-  0.06% )
                16      cpu-migrations            #    0.000 K/sec                    ( +- 21.48% )
                86      page-faults               #    0.001 K/sec                    ( +-  0.41% )
   <not supported>      cycles                                                      
   <not supported>      instructions                                                
   <not supported>      branches                                                    
   <not supported>      branch-misses                                               

      31.051508429 seconds time elapsed                                          ( +-  0.06% )

