
 Performance counter stats for '/mandelbrot_pth_noio -0188 -0012 0554 0754 4096 1' (15 runs):

         22191.32 msec task-clock                #    1.000 CPUs utilized            ( +-  0.07% )
               131      context-switches          #    0.006 K/sec                    ( +-  6.61% )
                 1      cpu-migrations            #    0.000 K/sec                    ( +- 33.84% )
                61      page-faults               #    0.003 K/sec                    ( +-  0.60% )
    70674437189      cycles                    #    3.185 GHz                      ( +-  0.02% )
    83416097790      instructions              #    1.18  insn per cycle           ( +-  0.00% )
     6204779839      branches                  #  279.604 M/sec                    ( +-  0.00% )
        16136229      branch-misses             #    0.26% of all branches          ( +-  0.03% )

           22.1928 +- 0.0152 seconds time elapsed  ( +-  0.07% )


 Performance counter stats for '/mandelbrot_pth_noio -0188 -0012 0554 0754 4096 2' (15 runs):

         22903.04 msec task-clock                #    2.000 CPUs utilized            ( +-  0.01% )
               102      context-switches          #    0.004 K/sec                    ( +-  5.71% )
                 5      cpu-migrations            #    0.000 K/sec                    ( +- 11.84% )
                80      page-faults               #    0.004 K/sec                    ( +-  0.36% )
    70837551919      cycles                    #    3.093 GHz                      ( +-  0.01% )
    83604647080      instructions              #    1.18  insn per cycle           ( +-  0.00% )
     6234581198      branches                  #  272.216 M/sec                    ( +-  0.00% )
        17291780      branch-misses             #    0.28% of all branches          ( +-  0.03% )

          11.45259 +- 0.00137 seconds time elapsed  ( +-  0.01% )


 Performance counter stats for '/mandelbrot_pth_noio -0188 -0012 0554 0754 4096 4' (15 runs):

         27550.79 msec task-clock                #    3.995 CPUs utilized            ( +-  0.05% )
               524      context-switches          #    0.019 K/sec                    ( +-  1.69% )
                 1      cpu-migrations            #    0.000 K/sec                    ( +-  6.25% )
                85      page-faults               #    0.003 K/sec                    ( +-  0.89% )
    85113849820      cycles                    #    3.089 GHz                      ( +-  0.00% )
    83618684476      instructions              #    0.98  insn per cycle           ( +-  0.00% )
     6237172444      branches                  #  226.388 M/sec                    ( +-  0.00% )
        17510491      branch-misses             #    0.28% of all branches          ( +-  0.08% )

           6.89695 +- 0.00319 seconds time elapsed  ( +-  0.05% )


 Performance counter stats for '/mandelbrot_pth_noio -0188 -0012 0554 0754 4096 8' (15 runs):

         27662.59 msec task-clock                #    3.992 CPUs utilized            ( +-  0.02% )
             2627      context-switches          #    0.095 K/sec                    ( +-  0.78% )
                15      cpu-migrations            #    0.001 K/sec                    ( +- 19.77% )
                94      page-faults               #    0.003 K/sec                    ( +-  0.52% )
    85115216219      cycles                    #    3.077 GHz                      ( +-  0.00% )
    83625151851      instructions              #    0.98  insn per cycle           ( +-  0.00% )
     6238583492      branches                  #  225.524 M/sec                    ( +-  0.00% )
        17532223      branch-misses             #    0.28% of all branches          ( +-  0.05% )

           6.92990 +- 0.00324 seconds time elapsed  ( +-  0.05% )


 Performance counter stats for '/mandelbrot_pth_noio -0188 -0012 0554 0754 4096 16' (15 runs):

         27708.94 msec task-clock                #    3.994 CPUs utilized            ( +-  0.02% )
             3953      context-switches          #    0.143 K/sec                    ( +-  1.58% )
                65      cpu-migrations            #    0.002 K/sec                    ( +- 28.48% )
               111      page-faults               #    0.004 K/sec                    ( +-  0.65% )
    85151357972      cycles                    #    3.073 GHz                      ( +-  0.02% )
    83629022224      instructions              #    0.98  insn per cycle           ( +-  0.00% )
     6239394636      branches                  #  225.176 M/sec                    ( +-  0.00% )
        17533349      branch-misses             #    0.28% of all branches          ( +-  0.04% )

           6.93689 +- 0.00165 seconds time elapsed  ( +-  0.02% )


 Performance counter stats for '/mandelbrot_pth_noio -0188 -0012 0554 0754 4096 32' (15 runs):

         27735.76 msec task-clock                #    3.993 CPUs utilized            ( +-  0.02% )
             7262      context-switches          #    0.262 K/sec                    ( +-  0.63% )
               141      cpu-migrations            #    0.005 K/sec                    ( +- 15.07% )
               144      page-faults               #    0.005 K/sec                    ( +-  0.44% )
    85178754312      cycles                    #    3.071 GHz                      ( +-  0.01% )
    83639309694      instructions              #    0.98  insn per cycle           ( +-  0.00% )
     6241627241      branches                  #  225.039 M/sec                    ( +-  0.00% )
        17570766      branch-misses             #    0.28% of all branches          ( +-  0.06% )

           6.94629 +- 0.00241 seconds time elapsed  ( +-  0.03% )


 Performance counter stats for '/mandelbrot_pth_noio -0188 -0012 0554 0754 4096 1' (15 runs):

         22193.34 msec task-clock                #    1.000 CPUs utilized            ( +-  0.02% )
               117      context-switches          #    0.005 K/sec                    ( +-  4.98% )
                 0      cpu-migrations            #    0.000 K/sec                    ( +- 47.81% )
                60      page-faults               #    0.003 K/sec                    ( +-  0.59% )
    70681958465      cycles                    #    3.185 GHz                      ( +-  0.01% )
    83418375885      instructions              #    1.18  insn per cycle           ( +-  0.00% )
     6205384936      branches                  #  279.606 M/sec                    ( +-  0.01% )
        16132643      branch-misses             #    0.26% of all branches          ( +-  0.01% )

          22.19452 +- 0.00386 seconds time elapsed  ( +-  0.02% )


 Performance counter stats for '/mandelbrot_pth_noio -0188 -0012 0554 0754 4096 2' (15 runs):

         22908.41 msec task-clock                #    2.000 CPUs utilized            ( +-  0.01% )
               102      context-switches          #    0.004 K/sec                    ( +-  4.33% )
                 3      cpu-migrations            #    0.000 K/sec                    ( +- 17.31% )
                80      page-faults               #    0.004 K/sec                    ( +-  0.50% )
    70854861485      cycles                    #    3.093 GHz                      ( +-  0.01% )
    83606058452      instructions              #    1.18  insn per cycle           ( +-  0.00% )
     6234866572      branches                  #  272.165 M/sec                    ( +-  0.00% )
        17295359      branch-misses             #    0.28% of all branches          ( +-  0.03% )

          11.45520 +- 0.00130 seconds time elapsed  ( +-  0.01% )


 Performance counter stats for '/mandelbrot_pth_noio -0188 -0012 0554 0754 4096 4' (15 runs):

         27579.28 msec task-clock                #    3.994 CPUs utilized            ( +-  0.08% )
               524      context-switches          #    0.019 K/sec                    ( +-  3.05% )
                 1      cpu-migrations            #    0.000 K/sec                    ( +- 16.79% )
                86      page-faults               #    0.003 K/sec                    ( +-  0.55% )
    85112310501      cycles                    #    3.086 GHz                      ( +-  0.00% )
    83618725667      instructions              #    0.98  insn per cycle           ( +-  0.00% )
     6237186986      branches                  #  226.155 M/sec                    ( +-  0.00% )
        17498216      branch-misses             #    0.28% of all branches          ( +-  0.07% )

           6.90455 +- 0.00516 seconds time elapsed  ( +-  0.07% )


 Performance counter stats for '/mandelbrot_pth_noio -0188 -0012 0554 0754 4096 8' (15 runs):

         27726.07 msec task-clock                #    3.994 CPUs utilized            ( +-  0.06% )
             2639      context-switches          #    0.095 K/sec                    ( +-  0.25% )
                10      cpu-migrations            #    0.000 K/sec                    ( +- 15.32% )
                94      page-faults               #    0.003 K/sec                    ( +-  0.35% )
    85182841449      cycles                    #    3.072 GHz                      ( +-  0.07% )
    83625201427      instructions              #    0.98  insn per cycle           ( +-  0.00% )
     6238535754      branches                  #  225.006 M/sec                    ( +-  0.00% )
        17532018      branch-misses             #    0.28% of all branches          ( +-  0.03% )

           6.94135 +- 0.00443 seconds time elapsed  ( +-  0.06% )


 Performance counter stats for '/mandelbrot_pth_noio -0188 -0012 0554 0754 4096 16' (15 runs):

         27769.04 msec task-clock                #    3.994 CPUs utilized            ( +-  0.01% )
             3863      context-switches          #    0.139 K/sec                    ( +-  0.51% )
                27      cpu-migrations            #    0.001 K/sec                    ( +- 11.50% )
               110      page-faults               #    0.004 K/sec                    ( +-  0.47% )
    85140913171      cycles                    #    3.066 GHz                      ( +-  0.01% )
    83628759727      instructions              #    0.98  insn per cycle           ( +-  0.00% )
     6239326649      branches                  #  224.686 M/sec                    ( +-  0.00% )
        17537446      branch-misses             #    0.28% of all branches          ( +-  0.03% )

           6.95275 +- 0.00186 seconds time elapsed  ( +-  0.03% )


 Performance counter stats for '/mandelbrot_pth_noio -0188 -0012 0554 0754 4096 32' (15 runs):

         27823.04 msec task-clock                #    3.992 CPUs utilized            ( +-  0.02% )
             7245      context-switches          #    0.260 K/sec                    ( +-  0.27% )
                99      cpu-migrations            #    0.004 K/sec                    ( +- 17.06% )
               144      page-faults               #    0.005 K/sec                    ( +-  0.51% )
    85173217053      cycles                    #    3.061 GHz                      ( +-  0.01% )
    83639364384      instructions              #    0.98  insn per cycle           ( +-  0.00% )
     6241606667      branches                  #  224.332 M/sec                    ( +-  0.00% )
        17574018      branch-misses             #    0.28% of all branches          ( +-  0.04% )

           6.96900 +- 0.00261 seconds time elapsed  ( +-  0.04% )


 Performance counter stats for '/mandelbrot_pth_noio -0188 -0012 0554 0754 4096 1' (15 runs):

         22181.03 msec task-clock                #    1.000 CPUs utilized            ( +-  0.01% )
               127      context-switches          #    0.006 K/sec                    ( +-  4.34% )
                 1      cpu-migrations            #    0.000 K/sec                    ( +- 32.17% )
                60      page-faults               #    0.003 K/sec                    ( +-  0.61% )
    70666900202      cycles                    #    3.186 GHz                      ( +-  0.01% )
    83416064586      instructions              #    1.18  insn per cycle           ( +-  0.00% )
     6204704949      branches                  #  279.730 M/sec                    ( +-  0.00% )
        16133260      branch-misses             #    0.26% of all branches          ( +-  0.01% )

          22.18231 +- 0.00313 seconds time elapsed  ( +-  0.01% )


 Performance counter stats for '/mandelbrot_pth_noio -0188 -0012 0554 0754 4096 2' (15 runs):

         22904.91 msec task-clock                #    2.000 CPUs utilized            ( +-  0.01% )
                95      context-switches          #    0.004 K/sec                    ( +-  3.04% )
                 4      cpu-migrations            #    0.000 K/sec                    ( +- 16.89% )
                80      page-faults               #    0.004 K/sec                    ( +-  0.29% )
    70843497863      cycles                    #    3.093 GHz                      ( +-  0.02% )
    83605210108      instructions              #    1.18  insn per cycle           ( +-  0.00% )
     6234679935      branches                  #  272.198 M/sec                    ( +-  0.00% )
        17286441      branch-misses             #    0.28% of all branches          ( +-  0.02% )

          11.45343 +- 0.00168 seconds time elapsed  ( +-  0.01% )


 Performance counter stats for '/mandelbrot_pth_noio -0188 -0012 0554 0754 4096 4' (15 runs):

         27619.08 msec task-clock                #    3.993 CPUs utilized            ( +-  0.10% )
               536      context-switches          #    0.019 K/sec                    ( +-  3.49% )
                 2      cpu-migrations            #    0.000 K/sec                    ( +- 28.87% )
                86      page-faults               #    0.003 K/sec                    ( +-  0.54% )
    85114422502      cycles                    #    3.082 GHz                      ( +-  0.00% )
    83619418091      instructions              #    0.98  insn per cycle           ( +-  0.00% )
     6237303599      branches                  #  225.833 M/sec                    ( +-  0.00% )
        17516153      branch-misses             #    0.28% of all branches          ( +-  0.08% )

           6.91654 +- 0.00681 seconds time elapsed  ( +-  0.10% )


 Performance counter stats for '/mandelbrot_pth_noio -0188 -0012 0554 0754 4096 8' (15 runs):

         27786.42 msec task-clock                #    3.994 CPUs utilized            ( +-  0.02% )
             2632      context-switches          #    0.095 K/sec                    ( +-  0.22% )
                12      cpu-migrations            #    0.000 K/sec                    ( +- 21.98% )
                95      page-faults               #    0.003 K/sec                    ( +-  0.45% )
    85124106927      cycles                    #    3.064 GHz                      ( +-  0.00% )
    83625376838      instructions              #    0.98  insn per cycle           ( +-  0.00% )
     6238570018      branches                  #  224.519 M/sec                    ( +-  0.00% )
        17523621      branch-misses             #    0.28% of all branches          ( +-  0.06% )

           6.95630 +- 0.00108 seconds time elapsed  ( +-  0.02% )


 Performance counter stats for '/mandelbrot_pth_noio -0188 -0012 0554 0754 4096 16' (15 runs):

         27824.86 msec task-clock                #    3.994 CPUs utilized            ( +-  0.03% )
             3876      context-switches          #    0.139 K/sec                    ( +-  0.54% )
                31      cpu-migrations            #    0.001 K/sec                    ( +- 14.26% )
               110      page-faults               #    0.004 K/sec                    ( +-  0.46% )
    85171810379      cycles                    #    3.061 GHz                      ( +-  0.03% )
    83628807072      instructions              #    0.98  insn per cycle           ( +-  0.00% )
     6239343083      branches                  #  224.236 M/sec                    ( +-  0.00% )
        17555601      branch-misses             #    0.28% of all branches          ( +-  0.18% )

           6.96600 +- 0.00210 seconds time elapsed  ( +-  0.03% )


 Performance counter stats for '/mandelbrot_pth_noio -0188 -0012 0554 0754 4096 32' (15 runs):

         27843.19 msec task-clock                #    3.993 CPUs utilized            ( +-  0.01% )
             7206      context-switches          #    0.259 K/sec                    ( +-  0.23% )
               150      cpu-migrations            #    0.005 K/sec                    ( +- 15.69% )
               145      page-faults               #    0.005 K/sec                    ( +-  0.38% )
    85168329795      cycles                    #    3.059 GHz                      ( +-  0.01% )
    83639243077      instructions              #    0.98  insn per cycle           ( +-  0.00% )
     6241582950      branches                  #  224.169 M/sec                    ( +-  0.00% )
        17575249      branch-misses             #    0.28% of all branches          ( +-  0.06% )

           6.97296 +- 0.00250 seconds time elapsed  ( +-  0.04% )


 Performance counter stats for '/mandelbrot_pth_noio -0188 -0012 0554 0754 4096 1' (15 runs):

         22184.20 msec task-clock                #    1.000 CPUs utilized            ( +-  0.02% )
               124      context-switches          #    0.006 K/sec                    ( +-  6.33% )
                 3      cpu-migrations            #    0.000 K/sec                    ( +- 26.81% )
                60      page-faults               #    0.003 K/sec                    ( +-  0.64% )
    70667815494      cycles                    #    3.186 GHz                      ( +-  0.02% )
    83415774219      instructions              #    1.18  insn per cycle           ( +-  0.00% )
     6204625697      branches                  #  279.687 M/sec                    ( +-  0.00% )
        16130338      branch-misses             #    0.26% of all branches          ( +-  0.01% )

          22.18536 +- 0.00518 seconds time elapsed  ( +-  0.02% )


 Performance counter stats for '/mandelbrot_pth_noio -0188 -0012 0554 0754 4096 2' (15 runs):

         22944.66 msec task-clock                #    1.999 CPUs utilized            ( +-  0.09% )
               162      context-switches          #    0.007 K/sec                    ( +- 27.88% )
                 5      cpu-migrations            #    0.000 K/sec                    ( +- 14.97% )
                80      page-faults               #    0.003 K/sec                    ( +-  0.42% )
    70966317063      cycles                    #    3.093 GHz                      ( +-  0.09% )
    83619785127      instructions              #    1.18  insn per cycle           ( +-  0.02% )
     6239231484      branches                  #  271.925 M/sec                    ( +-  0.07% )
        17305420      branch-misses             #    0.28% of all branches          ( +-  0.05% )

           11.4758 +- 0.0123 seconds time elapsed  ( +-  0.11% )


 Performance counter stats for '/mandelbrot_pth_noio -0188 -0012 0554 0754 4096 4' (15 runs):

         27651.19 msec task-clock                #    3.993 CPUs utilized            ( +-  0.13% )
               578      context-switches          #    0.021 K/sec                    ( +-  9.30% )
                 1      cpu-migrations            #    0.000 K/sec                    ( +- 23.95% )
                85      page-faults               #    0.003 K/sec                    ( +-  0.48% )
    85110888068      cycles                    #    3.078 GHz                      ( +-  0.00% )
    83619200322      instructions              #    0.98  insn per cycle           ( +-  0.00% )
     6237280477      branches                  #  225.570 M/sec                    ( +-  0.00% )
        17537699      branch-misses             #    0.28% of all branches          ( +-  0.10% )

           6.92477 +- 0.00857 seconds time elapsed  ( +-  0.12% )


 Performance counter stats for '/mandelbrot_pth_noio -0188 -0012 0554 0754 4096 8' (15 runs):

         27818.52 msec task-clock                #    3.994 CPUs utilized            ( +-  0.03% )
             2632      context-switches          #    0.095 K/sec                    ( +-  0.26% )
                14      cpu-migrations            #    0.001 K/sec                    ( +- 18.79% )
                94      page-faults               #    0.003 K/sec                    ( +-  0.63% )
    85150372760      cycles                    #    3.061 GHz                      ( +-  0.03% )
    83625206486      instructions              #    0.98  insn per cycle           ( +-  0.00% )
     6238552750      branches                  #  224.259 M/sec                    ( +-  0.00% )
        17532212      branch-misses             #    0.28% of all branches          ( +-  0.07% )

           6.96468 +- 0.00203 seconds time elapsed  ( +-  0.03% )


 Performance counter stats for '/mandelbrot_pth_noio -0188 -0012 0554 0754 4096 16' (15 runs):

         27841.95 msec task-clock                #    3.994 CPUs utilized            ( +-  0.04% )
             3898      context-switches          #    0.140 K/sec                    ( +-  1.24% )
                46      cpu-migrations            #    0.002 K/sec                    ( +- 34.20% )
               110      page-faults               #    0.004 K/sec                    ( +-  0.60% )
    85162451441      cycles                    #    3.059 GHz                      ( +-  0.04% )
    83629465077      instructions              #    0.98  insn per cycle           ( +-  0.00% )
     6239450179      branches                  #  224.103 M/sec                    ( +-  0.00% )
        17571853      branch-misses             #    0.28% of all branches          ( +-  0.04% )

           6.97062 +- 0.00290 seconds time elapsed  ( +-  0.04% )


 Performance counter stats for '/mandelbrot_pth_noio -0188 -0012 0554 0754 4096 32' (15 runs):

         27875.44 msec task-clock                #    3.991 CPUs utilized            ( +-  0.02% )
             7246      context-switches          #    0.260 K/sec                    ( +-  0.27% )
               159      cpu-migrations            #    0.006 K/sec                    ( +- 12.17% )
               145      page-faults               #    0.005 K/sec                    ( +-  0.34% )
    85178499541      cycles                    #    3.056 GHz                      ( +-  0.01% )
    83639821484      instructions              #    0.98  insn per cycle           ( +-  0.00% )
     6241698162      branches                  #  223.914 M/sec                    ( +-  0.00% )
        17600282      branch-misses             #    0.28% of all branches          ( +-  0.06% )

           6.98376 +- 0.00402 seconds time elapsed  ( +-  0.06% )


 Performance counter stats for '/mandelbrot_pth_noio -0188 -0012 0554 0754 4096 1' (15 runs):

         22182.48 msec task-clock                #    1.000 CPUs utilized            ( +-  0.01% )
               124      context-switches          #    0.006 K/sec                    ( +-  5.43% )
                 0      cpu-migrations            #    0.000 K/sec                    ( +- 32.73% )
                59      page-faults               #    0.003 K/sec                    ( +-  0.60% )
    70654002562      cycles                    #    3.185 GHz                      ( +-  0.01% )
    83415014309      instructions              #    1.18  insn per cycle           ( +-  0.00% )
     6204514765      branches                  #  279.703 M/sec                    ( +-  0.00% )
        16132049      branch-misses             #    0.26% of all branches          ( +-  0.01% )

          22.18413 +- 0.00321 seconds time elapsed  ( +-  0.01% )


 Performance counter stats for '/mandelbrot_pth_noio -0188 -0012 0554 0754 4096 2' (15 runs):

         22908.47 msec task-clock                #    2.000 CPUs utilized            ( +-  0.02% )
                94      context-switches          #    0.004 K/sec                    ( +-  5.38% )
                 4      cpu-migrations            #    0.000 K/sec                    ( +-  8.69% )
                80      page-faults               #    0.004 K/sec                    ( +-  0.48% )
    70852487984      cycles                    #    3.093 GHz                      ( +-  0.02% )
    83606301093      instructions              #    1.18  insn per cycle           ( +-  0.00% )
     6234878355      branches                  #  272.165 M/sec                    ( +-  0.00% )
        17294959      branch-misses             #    0.28% of all branches          ( +-  0.02% )

          11.45548 +- 0.00207 seconds time elapsed  ( +-  0.02% )


 Performance counter stats for '/mandelbrot_pth_noio -0188 -0012 0554 0754 4096 4' (15 runs):

         27658.17 msec task-clock                #    3.994 CPUs utilized            ( +-  0.13% )
               597      context-switches          #    0.022 K/sec                    ( +- 12.65% )
                 1      cpu-migrations            #    0.000 K/sec                  
                86      page-faults               #    0.003 K/sec                    ( +-  0.61% )
    85116862114      cycles                    #    3.077 GHz                      ( +-  0.00% )
    83619823991      instructions              #    0.98  insn per cycle           ( +-  0.00% )
     6237389755      branches                  #  225.517 M/sec                    ( +-  0.00% )
        17523883      branch-misses             #    0.28% of all branches          ( +-  0.09% )

           6.92445 +- 0.00881 seconds time elapsed  ( +-  0.13% )


 Performance counter stats for '/mandelbrot_pth_noio -0188 -0012 0554 0754 4096 8' (15 runs):

         27824.28 msec task-clock                #    3.994 CPUs utilized            ( +-  0.01% )
             2646      context-switches          #    0.095 K/sec                    ( +-  0.34% )
                11      cpu-migrations            #    0.000 K/sec                    ( +- 15.94% )
                94      page-faults               #    0.003 K/sec                    ( +-  0.49% )
    85127059120      cycles                    #    3.059 GHz                      ( +-  0.00% )
    83625732168      instructions              #    0.98  insn per cycle           ( +-  0.00% )
     6238626727      branches                  #  224.215 M/sec                    ( +-  0.00% )
        17538307      branch-misses             #    0.28% of all branches          ( +-  0.04% )

          6.966049 +- 0.000676 seconds time elapsed  ( +-  0.01% )


 Performance counter stats for '/mandelbrot_pth_noio -0188 -0012 0554 0754 4096 16' (15 runs):

         27859.97 msec task-clock                #    3.994 CPUs utilized            ( +-  0.02% )
             3862      context-switches          #    0.139 K/sec                    ( +-  0.28% )
                27      cpu-migrations            #    0.001 K/sec                    ( +- 11.38% )
               110      page-faults               #    0.004 K/sec                    ( +-  0.45% )
    85148370927      cycles                    #    3.056 GHz                      ( +-  0.02% )
    83629389946      instructions              #    0.98  insn per cycle           ( +-  0.00% )
     6239424927      branches                  #  223.957 M/sec                    ( +-  0.00% )
        17551482      branch-misses             #    0.28% of all branches          ( +-  0.05% )

           6.97487 +- 0.00111 seconds time elapsed  ( +-  0.02% )


 Performance counter stats for '/mandelbrot_pth_noio -0188 -0012 0554 0754 4096 32' (15 runs):

         27887.97 msec task-clock                #    3.991 CPUs utilized            ( +-  0.02% )
             7258      context-switches          #    0.260 K/sec                    ( +-  0.20% )
               137      cpu-migrations            #    0.005 K/sec                    ( +- 16.92% )
               145      page-faults               #    0.005 K/sec                    ( +-  0.38% )
    85177445166      cycles                    #    3.054 GHz                      ( +-  0.01% )
    83640289329      instructions              #    0.98  insn per cycle           ( +-  0.00% )
     6241772403      branches                  #  223.816 M/sec                    ( +-  0.00% )
        17613965      branch-misses             #    0.28% of all branches          ( +-  0.09% )

           6.98841 +- 0.00413 seconds time elapsed  ( +-  0.06% )


 Performance counter stats for '/mandelbrot_pth_noio -0188 -0012 0554 0754 4096 1' (15 runs):

         22200.64 msec task-clock                #    1.000 CPUs utilized            ( +-  0.03% )
               100      context-switches          #    0.005 K/sec                    ( +-  4.97% )
                 1      cpu-migrations            #    0.000 K/sec                    ( +- 42.41% )
                60      page-faults               #    0.003 K/sec                    ( +-  0.60% )
    70701653720      cycles                    #    3.185 GHz                      ( +-  0.03% )
    83417984369      instructions              #    1.18  insn per cycle           ( +-  0.00% )
     6205120898      branches                  #  279.502 M/sec                    ( +-  0.00% )
        16129206      branch-misses             #    0.26% of all branches          ( +-  0.01% )

          22.20177 +- 0.00696 seconds time elapsed  ( +-  0.03% )


 Performance counter stats for '/mandelbrot_pth_noio -0188 -0012 0554 0754 4096 2' (15 runs):

         22909.89 msec task-clock                #    2.000 CPUs utilized            ( +-  0.02% )
                95      context-switches          #    0.004 K/sec                    ( +-  4.99% )
                 4      cpu-migrations            #    0.000 K/sec                    ( +-  9.51% )
                80      page-faults               #    0.004 K/sec                    ( +-  0.50% )
    70858324580      cycles                    #    3.093 GHz                      ( +-  0.02% )
    83606102333      instructions              #    1.18  insn per cycle           ( +-  0.00% )
     6234827383      branches                  #  272.146 M/sec                    ( +-  0.00% )
        17289591      branch-misses             #    0.28% of all branches          ( +-  0.02% )

          11.45607 +- 0.00238 seconds time elapsed  ( +-  0.02% )


 Performance counter stats for '/mandelbrot_pth_noio -0188 -0012 0554 0754 4096 4' (15 runs):

         27651.89 msec task-clock                #    3.995 CPUs utilized            ( +-  0.13% )
               510      context-switches          #    0.018 K/sec                    ( +-  2.64% )
                 1      cpu-migrations            #    0.000 K/sec                    ( +-  8.02% )
                86      page-faults               #    0.003 K/sec                    ( +-  0.63% )
    85116677356      cycles                    #    3.078 GHz                      ( +-  0.00% )
    83619013527      instructions              #    0.98  insn per cycle           ( +-  0.00% )
     6237232241      branches                  #  225.563 M/sec                    ( +-  0.00% )
        17519535      branch-misses             #    0.28% of all branches          ( +-  0.06% )

           6.92224 +- 0.00908 seconds time elapsed  ( +-  0.13% )


 Performance counter stats for '/mandelbrot_pth_noio -0188 -0012 0554 0754 4096 8' (15 runs):

         27815.03 msec task-clock                #    3.994 CPUs utilized            ( +-  0.01% )
             2658      context-switches          #    0.096 K/sec                    ( +-  0.31% )
                10      cpu-migrations            #    0.000 K/sec                    ( +- 13.44% )
                94      page-faults               #    0.003 K/sec                    ( +-  0.47% )
    85123751977      cycles                    #    3.060 GHz                      ( +-  0.00% )
    83625264714      instructions              #    0.98  insn per cycle           ( +-  0.00% )
     6238557708      branches                  #  224.287 M/sec                    ( +-  0.00% )
        17524958      branch-misses             #    0.28% of all branches          ( +-  0.04% )

           6.96340 +- 0.00125 seconds time elapsed  ( +-  0.02% )


 Performance counter stats for '/mandelbrot_pth_noio -0188 -0012 0554 0754 4096 16' (15 runs):

         27881.53 msec task-clock                #    3.993 CPUs utilized            ( +-  0.03% )
             3909      context-switches          #    0.140 K/sec                    ( +-  0.63% )
                39      cpu-migrations            #    0.001 K/sec                    ( +- 13.84% )
               111      page-faults               #    0.004 K/sec                    ( +-  0.52% )
    85177825205      cycles                    #    3.055 GHz                      ( +-  0.04% )
    83629957556      instructions              #    0.98  insn per cycle           ( +-  0.00% )
     6239535140      branches                  #  223.787 M/sec                    ( +-  0.00% )
        17550341      branch-misses             #    0.28% of all branches          ( +-  0.08% )

           6.98265 +- 0.00321 seconds time elapsed  ( +-  0.05% )


 Performance counter stats for '/mandelbrot_pth_noio -0188 -0012 0554 0754 4096 32' (15 runs):

         27890.15 msec task-clock                #    3.994 CPUs utilized            ( +-  0.01% )
             7257      context-switches          #    0.260 K/sec                    ( +-  0.19% )
               104      cpu-migrations            #    0.004 K/sec                    ( +- 19.64% )
               144      page-faults               #    0.005 K/sec                    ( +-  0.59% )
    85173779724      cycles                    #    3.054 GHz                      ( +-  0.01% )
    83639010632      instructions              #    0.98  insn per cycle           ( +-  0.00% )
     6241550365      branches                  #  223.791 M/sec                    ( +-  0.00% )
        17600169      branch-misses             #    0.28% of all branches          ( +-  0.07% )

           6.98249 +- 0.00104 seconds time elapsed  ( +-  0.01% )


 Performance counter stats for '/mandelbrot_pth_noio -0188 -0012 0554 0754 4096 1' (15 runs):

         22185.59 msec task-clock                #    1.000 CPUs utilized            ( +-  0.02% )
               117      context-switches          #    0.005 K/sec                    ( +-  5.32% )
                 2      cpu-migrations            #    0.000 K/sec                    ( +- 28.09% )
                60      page-faults               #    0.003 K/sec                    ( +-  0.54% )
    70672874589      cycles                    #    3.186 GHz                      ( +-  0.01% )
    83415764711      instructions              #    1.18  insn per cycle           ( +-  0.00% )
     6204625064      branches                  #  279.669 M/sec                    ( +-  0.00% )
        16130313      branch-misses             #    0.26% of all branches          ( +-  0.01% )

          22.18643 +- 0.00351 seconds time elapsed  ( +-  0.02% )


 Performance counter stats for '/mandelbrot_pth_noio -0188 -0012 0554 0754 4096 2' (15 runs):

         22917.71 msec task-clock                #    2.000 CPUs utilized            ( +-  0.02% )
               102      context-switches          #    0.004 K/sec                    ( +-  2.70% )
                 3      cpu-migrations            #    0.000 K/sec                    ( +- 17.24% )
                81      page-faults               #    0.004 K/sec                    ( +-  0.41% )
    70883501704      cycles                    #    3.093 GHz                      ( +-  0.02% )
    83607750867      instructions              #    1.18  insn per cycle           ( +-  0.00% )
     6235159760      branches                  #  272.067 M/sec                    ( +-  0.00% )
        17294706      branch-misses             #    0.28% of all branches          ( +-  0.02% )

          11.45990 +- 0.00251 seconds time elapsed  ( +-  0.02% )


 Performance counter stats for '/mandelbrot_pth_noio -0188 -0012 0554 0754 4096 4' (15 runs):

         27664.56 msec task-clock                #    3.995 CPUs utilized            ( +-  0.13% )
               530      context-switches          #    0.019 K/sec                    ( +-  2.38% )
                 1      cpu-migrations            #    0.000 K/sec                    ( +-  8.02% )
                86      page-faults               #    0.003 K/sec                    ( +-  0.50% )
    85116647023      cycles                    #    3.077 GHz                      ( +-  0.00% )
    83619170715      instructions              #    0.98  insn per cycle           ( +-  0.00% )
     6237258127      branches                  #  225.460 M/sec                    ( +-  0.00% )
        17526112      branch-misses             #    0.28% of all branches          ( +-  0.08% )

           6.92552 +- 0.00908 seconds time elapsed  ( +-  0.13% )


 Performance counter stats for '/mandelbrot_pth_noio -0188 -0012 0554 0754 4096 8' (15 runs):

         27829.70 msec task-clock                #    3.995 CPUs utilized            ( +-  0.01% )
             2634      context-switches          #    0.095 K/sec                    ( +-  0.16% )
                10      cpu-migrations            #    0.000 K/sec                    ( +- 16.38% )
                93      page-faults               #    0.003 K/sec                    ( +-  0.71% )
    85127159372      cycles                    #    3.059 GHz                      ( +-  0.00% )
    83625278873      instructions              #    0.98  insn per cycle           ( +-  0.00% )
     6238550677      branches                  #  224.169 M/sec                    ( +-  0.00% )
        17531319      branch-misses             #    0.28% of all branches          ( +-  0.05% )

          6.966519 +- 0.000675 seconds time elapsed  ( +-  0.01% )


 Performance counter stats for '/mandelbrot_pth_noio -0188 -0012 0554 0754 4096 16' (15 runs):

         27879.09 msec task-clock                #    3.992 CPUs utilized            ( +-  0.03% )
             3979      context-switches          #    0.143 K/sec                    ( +-  1.27% )
                56      cpu-migrations            #    0.002 K/sec                    ( +- 27.13% )
               111      page-faults               #    0.004 K/sec                    ( +-  0.47% )
    85164466170      cycles                    #    3.055 GHz                      ( +-  0.02% )
    83630112733      instructions              #    0.98  insn per cycle           ( +-  0.00% )
     6239580034      branches                  #  223.809 M/sec                    ( +-  0.00% )
        17547320      branch-misses             #    0.28% of all branches          ( +-  0.05% )

           6.98306 +- 0.00447 seconds time elapsed  ( +-  0.06% )


 Performance counter stats for '/mandelbrot_pth_noio -0188 -0012 0554 0754 4096 32' (15 runs):

         27890.11 msec task-clock                #    3.994 CPUs utilized            ( +-  0.02% )
             7223      context-switches          #    0.259 K/sec                    ( +-  0.15% )
               118      cpu-migrations            #    0.004 K/sec                    ( +- 18.64% )
               145      page-faults               #    0.005 K/sec                    ( +-  0.47% )
    85177098729      cycles                    #    3.054 GHz                      ( +-  0.01% )
    83639531064      instructions              #    0.98  insn per cycle           ( +-  0.00% )
     6241625312      branches                  #  223.794 M/sec                    ( +-  0.00% )
        17578026      branch-misses             #    0.28% of all branches          ( +-  0.05% )

           6.98254 +- 0.00133 seconds time elapsed  ( +-  0.02% )


 Performance counter stats for '/mandelbrot_pth_noio -0188 -0012 0554 0754 4096 1' (15 runs):

         22191.93 msec task-clock                #    1.000 CPUs utilized            ( +-  0.02% )
               128      context-switches          #    0.006 K/sec                    ( +-  6.45% )
                 0      cpu-migrations            #    0.000 K/sec                    ( +- 40.82% )
                60      page-faults               #    0.003 K/sec                    ( +-  0.76% )
    70692253440      cycles                    #    3.185 GHz                      ( +-  0.02% )
    83417841228      instructions              #    1.18  insn per cycle           ( +-  0.00% )
     6205087314      branches                  #  279.610 M/sec                    ( +-  0.00% )
        16132210      branch-misses             #    0.26% of all branches          ( +-  0.01% )

          22.19334 +- 0.00519 seconds time elapsed  ( +-  0.02% )


 Performance counter stats for '/mandelbrot_pth_noio -0188 -0012 0554 0754 4096 2' (15 runs):

         22916.98 msec task-clock                #    2.000 CPUs utilized            ( +-  0.02% )
               100      context-switches          #    0.004 K/sec                    ( +-  4.11% )
                 3      cpu-migrations            #    0.000 K/sec                    ( +- 12.98% )
                80      page-faults               #    0.004 K/sec                    ( +-  0.63% )
    70880856612      cycles                    #    3.093 GHz                      ( +-  0.02% )
    83607492849      instructions              #    1.18  insn per cycle           ( +-  0.00% )
     6235065385      branches                  #  272.072 M/sec                    ( +-  0.00% )
        17301168      branch-misses             #    0.28% of all branches          ( +-  0.02% )

          11.45956 +- 0.00239 seconds time elapsed  ( +-  0.02% )


 Performance counter stats for '/mandelbrot_pth_noio -0188 -0012 0554 0754 4096 4' (15 runs):

         27660.51 msec task-clock                #    3.994 CPUs utilized            ( +-  0.13% )
               522      context-switches          #    0.019 K/sec                    ( +-  2.75% )
                 1      cpu-migrations            #    0.000 K/sec                    ( +-  6.25% )
                86      page-faults               #    0.003 K/sec                    ( +-  0.64% )
    85116072832      cycles                    #    3.077 GHz                      ( +-  0.00% )
    83619085048      instructions              #    0.98  insn per cycle           ( +-  0.00% )
     6237242608      branches                  #  225.493 M/sec                    ( +-  0.00% )
        17531798      branch-misses             #    0.28% of all branches          ( +-  0.08% )

           6.92466 +- 0.00917 seconds time elapsed  ( +-  0.13% )


 Performance counter stats for '/mandelbrot_pth_noio -0188 -0012 0554 0754 4096 8' (15 runs):

         27838.26 msec task-clock                #    3.992 CPUs utilized            ( +-  0.02% )
             2625      context-switches          #    0.094 K/sec                    ( +-  0.41% )
                13      cpu-migrations            #    0.000 K/sec                    ( +- 13.78% )
                93      page-faults               #    0.003 K/sec                    ( +-  0.49% )
    85121290796      cycles                    #    3.058 GHz                      ( +-  0.00% )
    83625478956      instructions              #    0.98  insn per cycle           ( +-  0.00% )
     6238590636      branches                  #  224.101 M/sec                    ( +-  0.00% )
        17543493      branch-misses             #    0.28% of all branches          ( +-  0.08% )

           6.97279 +- 0.00334 seconds time elapsed  ( +-  0.05% )


 Performance counter stats for '/mandelbrot_pth_noio -0188 -0012 0554 0754 4096 16' (15 runs):

         27871.52 msec task-clock                #    3.994 CPUs utilized            ( +-  0.02% )
             3975      context-switches          #    0.143 K/sec                    ( +-  1.31% )
                60      cpu-migrations            #    0.002 K/sec                    ( +- 25.97% )
               112      page-faults               #    0.004 K/sec                    ( +-  0.50% )
    85164116399      cycles                    #    3.056 GHz                      ( +-  0.02% )
    83629534608      instructions              #    0.98  insn per cycle           ( +-  0.00% )
     6239490728      branches                  #  223.866 M/sec                    ( +-  0.00% )
        17545374      branch-misses             #    0.28% of all branches          ( +-  0.04% )

           6.97812 +- 0.00139 seconds time elapsed  ( +-  0.02% )


 Performance counter stats for '/mandelbrot_pth_noio -0188 -0012 0554 0754 4096 32' (15 runs):

         27898.30 msec task-clock                #    3.994 CPUs utilized            ( +-  0.01% )
             7265      context-switches          #    0.260 K/sec                    ( +-  0.19% )
               178      cpu-migrations            #    0.006 K/sec                    ( +- 14.59% )
               145      page-faults               #    0.005 K/sec                    ( +-  0.35% )
    85174434378      cycles                    #    3.053 GHz                      ( +-  0.01% )
    83640425641      instructions              #    0.98  insn per cycle           ( +-  0.00% )
     6241809618      branches                  #  223.734 M/sec                    ( +-  0.00% )
        17599145      branch-misses             #    0.28% of all branches          ( +-  0.04% )

           6.98421 +- 0.00104 seconds time elapsed  ( +-  0.01% )

