
 Performance counter stats for '/mandelbrot_omp_noio -0188 -0012 0554 0754 4096 1' (15 runs):

         22545.80 msec task-clock                #    1.003 CPUs utilized            ( +-  0.24% )
               144      context-switches          #    0.006 K/sec                    ( +- 12.06% )
                 4      cpu-migrations            #    0.000 K/sec                    ( +- 19.89% )
                77      page-faults               #    0.003 K/sec                    ( +-  0.31% )
    71609581511      cycles                    #    3.176 GHz                      ( +-  0.08% )
    80361963020      instructions              #    1.12  insn per cycle           ( +-  0.00% )
     9278834286      branches                  #  411.555 M/sec                    ( +-  0.00% )
        16315036      branch-misses             #    0.18% of all branches          ( +-  0.08% )

           22.4822 +- 0.0540 seconds time elapsed  ( +-  0.24% )


 Performance counter stats for '/mandelbrot_omp_noio -0188 -0012 0554 0754 4096 2' (15 runs):

         23134.13 msec task-clock                #    1.999 CPUs utilized            ( +-  0.00% )
               103      context-switches          #    0.004 K/sec                    ( +-  4.42% )
                 1      cpu-migrations            #    0.000 K/sec                    ( +- 27.05% )
                80      page-faults               #    0.003 K/sec                    ( +-  0.32% )
    71548206436      cycles                    #    3.093 GHz                      ( +-  0.00% )
    80359567033      instructions              #    1.12  insn per cycle           ( +-  0.00% )
     9278709925      branches                  #  401.083 M/sec                    ( +-  0.00% )
        16279468      branch-misses             #    0.18% of all branches          ( +-  0.01% )

          11.57178 +- 0.00164 seconds time elapsed  ( +-  0.01% )


 Performance counter stats for '/mandelbrot_omp_noio -0188 -0012 0554 0754 4096 4' (15 runs):

         26664.55 msec task-clock                #    3.994 CPUs utilized            ( +-  0.12% )
               583      context-switches          #    0.022 K/sec                    ( +- 44.42% )
                 1      cpu-migrations            #    0.000 K/sec                    ( +- 10.48% )
                84      page-faults               #    0.003 K/sec                    ( +-  0.33% )
    82168673350      cycles                    #    3.082 GHz                      ( +-  0.01% )
    80373469183      instructions              #    0.98  insn per cycle           ( +-  0.00% )
     9281472682      branches                  #  348.083 M/sec                    ( +-  0.00% )
        16457493      branch-misses             #    0.18% of all branches          ( +-  0.10% )

           6.67570 +- 0.00739 seconds time elapsed  ( +-  0.11% )


 Performance counter stats for '/mandelbrot_omp_noio -0188 -0012 0554 0754 4096 8' (15 runs):

         27486.79 msec task-clock                #    3.994 CPUs utilized            ( +-  0.07% )
             2489      context-switches          #    0.091 K/sec                    ( +-  0.42% )
                12      cpu-migrations            #    0.000 K/sec                    ( +-  8.51% )
                93      page-faults               #    0.003 K/sec                    ( +-  0.21% )
    84468226422      cycles                    #    3.073 GHz                      ( +-  0.07% )
    80374918073      instructions              #    0.95  insn per cycle           ( +-  0.00% )
     9281675010      branches                  #  337.678 M/sec                    ( +-  0.00% )
        16480793      branch-misses             #    0.18% of all branches          ( +-  0.17% )

           6.88260 +- 0.00443 seconds time elapsed  ( +-  0.06% )


 Performance counter stats for '/mandelbrot_omp_noio -0188 -0012 0554 0754 4096 16' (15 runs):

         27850.84 msec task-clock                #    3.992 CPUs utilized            ( +-  0.04% )
             3777      context-switches          #    0.136 K/sec                    ( +-  0.66% )
                25      cpu-migrations            #    0.001 K/sec                    ( +- 15.38% )
               109      page-faults               #    0.004 K/sec                    ( +-  0.26% )
    85614844326      cycles                    #    3.074 GHz                      ( +-  0.04% )
    80383550350      instructions              #    0.94  insn per cycle           ( +-  0.00% )
     9283938287      branches                  #  333.345 M/sec                    ( +-  0.01% )
        16518377      branch-misses             #    0.18% of all branches          ( +-  0.17% )

           6.97713 +- 0.00412 seconds time elapsed  ( +-  0.06% )


 Performance counter stats for '/mandelbrot_omp_noio -0188 -0012 0554 0754 4096 32' (15 runs):

         28042.71 msec task-clock                #    3.994 CPUs utilized            ( +-  0.02% )
             7228      context-switches          #    0.258 K/sec                    ( +-  1.05% )
               241      cpu-migrations            #    0.009 K/sec                    ( +- 12.54% )
               144      page-faults               #    0.005 K/sec                    ( +-  0.13% )
    86133027920      cycles                    #    3.071 GHz                      ( +-  0.02% )
    80392495567      instructions              #    0.93  insn per cycle           ( +-  0.00% )
     9285374021      branches                  #  331.115 M/sec                    ( +-  0.00% )
        16525414      branch-misses             #    0.18% of all branches          ( +-  0.07% )

           7.02173 +- 0.00168 seconds time elapsed  ( +-  0.02% )


 Performance counter stats for '/mandelbrot_omp_noio -0188 -0012 0554 0754 4096 1' (15 runs):

         22439.04 msec task-clock                #    1.000 CPUs utilized            ( +-  0.01% )
               132      context-switches          #    0.006 K/sec                    ( +-  8.42% )
                 0      cpu-migrations            #    0.000 K/sec                    ( +- 68.14% )
                77      page-faults               #    0.003 K/sec                    ( +-  0.35% )
    71549597216      cycles                    #    3.189 GHz                      ( +-  0.01% )
    80361112004      instructions              #    1.12  insn per cycle           ( +-  0.00% )
     9278886238      branches                  #  413.515 M/sec                    ( +-  0.00% )
        16273744      branch-misses             #    0.18% of all branches          ( +-  0.01% )

          22.44234 +- 0.00247 seconds time elapsed  ( +-  0.01% )


 Performance counter stats for '/mandelbrot_omp_noio -0188 -0012 0554 0754 4096 2' (15 runs):

         23140.71 msec task-clock                #    2.000 CPUs utilized            ( +-  0.01% )
                91      context-switches          #    0.004 K/sec                    ( +-  4.64% )
                 1      cpu-migrations            #    0.000 K/sec                    ( +- 27.05% )
                80      page-faults               #    0.003 K/sec                    ( +-  0.27% )
    71568621791      cycles                    #    3.093 GHz                      ( +-  0.01% )
    80362921156      instructions              #    1.12  insn per cycle           ( +-  0.00% )
     9279291700      branches                  #  400.994 M/sec                    ( +-  0.00% )
        16297862      branch-misses             #    0.18% of all branches          ( +-  0.02% )

         11.569673 +- 0.000990 seconds time elapsed  ( +-  0.01% )


 Performance counter stats for '/mandelbrot_omp_noio -0188 -0012 0554 0754 4096 4' (15 runs):

         26832.72 msec task-clock                #    3.995 CPUs utilized            ( +-  0.43% )
               325      context-switches          #    0.012 K/sec                    ( +-  4.52% )
                 1      cpu-migrations            #    0.000 K/sec                    ( +- 18.09% )
                84      page-faults               #    0.003 K/sec                    ( +-  0.33% )
    82509289300      cycles                    #    3.075 GHz                      ( +-  0.41% )
    80371598684      instructions              #    0.97  insn per cycle           ( +-  0.00% )
     9281090731      branches                  #  345.887 M/sec                    ( +-  0.00% )
        16450611      branch-misses             #    0.18% of all branches          ( +-  0.08% )

            6.7162 +- 0.0286 seconds time elapsed  ( +-  0.43% )


 Performance counter stats for '/mandelbrot_omp_noio -0188 -0012 0554 0754 4096 8' (15 runs):

         27530.54 msec task-clock                #    3.994 CPUs utilized            ( +-  0.07% )
             2495      context-switches          #    0.091 K/sec                    ( +-  0.40% )
                12      cpu-migrations            #    0.000 K/sec                    ( +-  7.00% )
                92      page-faults               #    0.003 K/sec                    ( +-  0.32% )
    84487648954      cycles                    #    3.069 GHz                      ( +-  0.08% )
    80375108069      instructions              #    0.95  insn per cycle           ( +-  0.00% )
     9281711781      branches                  #  337.142 M/sec                    ( +-  0.00% )
        16451881      branch-misses             #    0.18% of all branches          ( +-  0.04% )

           6.89337 +- 0.00504 seconds time elapsed  ( +-  0.07% )


 Performance counter stats for '/mandelbrot_omp_noio -0188 -0012 0554 0754 4096 16' (15 runs):

         27879.12 msec task-clock                #    3.993 CPUs utilized            ( +-  0.04% )
             4015      context-switches          #    0.144 K/sec                    ( +-  6.64% )
                24      cpu-migrations            #    0.001 K/sec                    ( +- 12.87% )
               109      page-faults               #    0.004 K/sec                    ( +-  0.23% )
    85600303863      cycles                    #    3.070 GHz                      ( +-  0.03% )
    80381701698      instructions              #    0.94  insn per cycle           ( +-  0.00% )
     9283095081      branches                  #  332.977 M/sec                    ( +-  0.01% )
        16518219      branch-misses             #    0.18% of all branches          ( +-  0.21% )

           6.98209 +- 0.00309 seconds time elapsed  ( +-  0.04% )


 Performance counter stats for '/mandelbrot_omp_noio -0188 -0012 0554 0754 4096 32' (15 runs):

         28069.26 msec task-clock                #    3.993 CPUs utilized            ( +-  0.02% )
             7175      context-switches          #    0.256 K/sec                    ( +-  0.20% )
               104      cpu-migrations            #    0.004 K/sec                    ( +- 20.70% )
               144      page-faults               #    0.005 K/sec                    ( +-  0.23% )
    86201777211      cycles                    #    3.071 GHz                      ( +-  0.02% )
    80389182620      instructions              #    0.93  insn per cycle           ( +-  0.00% )
     9284748694      branches                  #  330.780 M/sec                    ( +-  0.00% )
        16494709      branch-misses             #    0.18% of all branches          ( +-  0.04% )

           7.02918 +- 0.00143 seconds time elapsed  ( +-  0.02% )


 Performance counter stats for '/mandelbrot_omp_noio -0188 -0012 0554 0754 4096 1' (15 runs):

         22448.14 msec task-clock                #    1.000 CPUs utilized            ( +-  0.04% )
               108      context-switches          #    0.005 K/sec                    ( +-  4.92% )
                 1      cpu-migrations            #    0.000 K/sec                    ( +- 39.92% )
                77      page-faults               #    0.003 K/sec                    ( +-  0.35% )
    71552068401      cycles                    #    3.187 GHz                      ( +-  0.01% )
    80361728050      instructions              #    1.12  insn per cycle           ( +-  0.00% )
     9278943102      branches                  #  413.350 M/sec                    ( +-  0.00% )
        16290606      branch-misses             #    0.18% of all branches          ( +-  0.08% )

           22.4467 +- 0.0104 seconds time elapsed  ( +-  0.05% )


 Performance counter stats for '/mandelbrot_omp_noio -0188 -0012 0554 0754 4096 2' (15 runs):

         23136.08 msec task-clock                #    2.000 CPUs utilized            ( +-  0.01% )
                98      context-switches          #    0.004 K/sec                    ( +-  5.29% )
                 2      cpu-migrations            #    0.000 K/sec                    ( +- 21.88% )
                79      page-faults               #    0.003 K/sec                    ( +-  0.34% )
    71554277149      cycles                    #    3.093 GHz                      ( +-  0.01% )
    80362166007      instructions              #    1.12  insn per cycle           ( +-  0.00% )
     9279178650      branches                  #  401.070 M/sec                    ( +-  0.00% )
        16296172      branch-misses             #    0.18% of all branches          ( +-  0.03% )

         11.567493 +- 0.000702 seconds time elapsed  ( +-  0.01% )


 Performance counter stats for '/mandelbrot_omp_noio -0188 -0012 0554 0754 4096 4' (15 runs):

         26855.66 msec task-clock                #    3.995 CPUs utilized            ( +-  0.45% )
               333      context-switches          #    0.012 K/sec                    ( +-  4.73% )
                 1      cpu-migrations            #    0.000 K/sec                    ( +- 18.90% )
                83      page-faults               #    0.003 K/sec                    ( +-  0.36% )
    82511484372      cycles                    #    3.072 GHz                      ( +-  0.42% )
    80369993896      instructions              #    0.97  insn per cycle           ( +-  0.00% )
     9280819255      branches                  #  345.582 M/sec                    ( +-  0.00% )
        16429450      branch-misses             #    0.18% of all branches          ( +-  0.05% )

            6.7229 +- 0.0296 seconds time elapsed  ( +-  0.44% )


 Performance counter stats for '/mandelbrot_omp_noio -0188 -0012 0554 0754 4096 8' (15 runs):

         27569.13 msec task-clock                #    3.994 CPUs utilized            ( +-  0.03% )
             2503      context-switches          #    0.091 K/sec                    ( +-  0.28% )
                12      cpu-migrations            #    0.000 K/sec                    ( +-  8.54% )
                93      page-faults               #    0.003 K/sec                    ( +-  0.29% )
    84430064444      cycles                    #    3.062 GHz                      ( +-  0.03% )
    80375105151      instructions              #    0.95  insn per cycle           ( +-  0.00% )
     9281709817      branches                  #  336.670 M/sec                    ( +-  0.00% )
        16486222      branch-misses             #    0.18% of all branches          ( +-  0.17% )

           6.90213 +- 0.00205 seconds time elapsed  ( +-  0.03% )


 Performance counter stats for '/mandelbrot_omp_noio -0188 -0012 0554 0754 4096 16' (15 runs):

         27931.25 msec task-clock                #    3.991 CPUs utilized            ( +-  0.04% )
             3783      context-switches          #    0.135 K/sec                    ( +-  0.45% )
                25      cpu-migrations            #    0.001 K/sec                    ( +-  8.99% )
               110      page-faults               #    0.004 K/sec                    ( +-  0.35% )
    85635615462      cycles                    #    3.066 GHz                      ( +-  0.05% )
    80383416682      instructions              #    0.94  insn per cycle           ( +-  0.00% )
     9283946285      branches                  #  332.386 M/sec                    ( +-  0.01% )
        16487807      branch-misses             #    0.18% of all branches          ( +-  0.16% )

           6.99818 +- 0.00311 seconds time elapsed  ( +-  0.04% )


 Performance counter stats for '/mandelbrot_omp_noio -0188 -0012 0554 0754 4096 32' (15 runs):

         28115.19 msec task-clock                #    3.994 CPUs utilized            ( +-  0.03% )
             7182      context-switches          #    0.255 K/sec                    ( +-  0.19% )
               161      cpu-migrations            #    0.006 K/sec                    ( +- 17.52% )
               143      page-faults               #    0.005 K/sec                    ( +-  0.18% )
    86220432791      cycles                    #    3.067 GHz                      ( +-  0.03% )
    80395718401      instructions              #    0.93  insn per cycle           ( +-  0.00% )
     9286466256      branches                  #  330.301 M/sec                    ( +-  0.01% )
        16524394      branch-misses             #    0.18% of all branches          ( +-  0.04% )

           7.03967 +- 0.00192 seconds time elapsed  ( +-  0.03% )


 Performance counter stats for '/mandelbrot_omp_noio -0188 -0012 0554 0754 4096 1' (15 runs):

         22431.25 msec task-clock                #    1.000 CPUs utilized            ( +-  0.01% )
               136      context-switches          #    0.006 K/sec                    ( +-  5.08% )
                 1      cpu-migrations            #    0.000 K/sec                    ( +- 37.40% )
                77      page-faults               #    0.003 K/sec                    ( +-  0.33% )
    71532521602      cycles                    #    3.189 GHz                      ( +-  0.01% )
    80359273981      instructions              #    1.12  insn per cycle           ( +-  0.00% )
     9278481467      branches                  #  413.641 M/sec                    ( +-  0.00% )
        16272310      branch-misses             #    0.18% of all branches          ( +-  0.01% )

          22.43399 +- 0.00316 seconds time elapsed  ( +-  0.01% )


 Performance counter stats for '/mandelbrot_omp_noio -0188 -0012 0554 0754 4096 2' (15 runs):

         23133.81 msec task-clock                #    2.000 CPUs utilized            ( +-  0.01% )
                94      context-switches          #    0.004 K/sec                    ( +-  6.76% )
                 2      cpu-migrations            #    0.000 K/sec                    ( +- 18.50% )
                80      page-faults               #    0.003 K/sec                    ( +-  0.35% )
    71547238230      cycles                    #    3.093 GHz                      ( +-  0.01% )
    80359609381      instructions              #    1.12  insn per cycle           ( +-  0.00% )
     9278719439      branches                  #  401.089 M/sec                    ( +-  0.00% )
        16279707      branch-misses             #    0.18% of all branches          ( +-  0.01% )

         11.567901 +- 0.000804 seconds time elapsed  ( +-  0.01% )


 Performance counter stats for '/mandelbrot_omp_noio -0188 -0012 0554 0754 4096 4' (15 runs):

         26930.74 msec task-clock                #    3.994 CPUs utilized            ( +-  0.49% )
               341      context-switches          #    0.013 K/sec                    ( +-  5.98% )
                 1      cpu-migrations            #    0.000 K/sec                    ( +- 13.36% )
                84      page-faults               #    0.003 K/sec                    ( +-  0.29% )
    82692746774      cycles                    #    3.071 GHz                      ( +-  0.45% )
    80370068239      instructions              #    0.97  insn per cycle           ( +-  0.00% )
     9280826583      branches                  #  344.618 M/sec                    ( +-  0.00% )
        16449643      branch-misses             #    0.18% of all branches          ( +-  0.15% )

            6.7427 +- 0.0328 seconds time elapsed  ( +-  0.49% )


 Performance counter stats for '/mandelbrot_omp_noio -0188 -0012 0554 0754 4096 8' (15 runs):

         27601.57 msec task-clock                #    3.994 CPUs utilized            ( +-  0.02% )
             2504      context-switches          #    0.091 K/sec                    ( +-  0.35% )
                13      cpu-migrations            #    0.000 K/sec                    ( +-  9.57% )
                92      page-faults               #    0.003 K/sec                    ( +-  0.28% )
    84399880263      cycles                    #    3.058 GHz                      ( +-  0.01% )
    80375063321      instructions              #    0.95  insn per cycle           ( +-  0.00% )
     9281700559      branches                  #  336.274 M/sec                    ( +-  0.00% )
        16527076      branch-misses             #    0.18% of all branches          ( +-  0.35% )

           6.91098 +- 0.00165 seconds time elapsed  ( +-  0.02% )


 Performance counter stats for '/mandelbrot_omp_noio -0188 -0012 0554 0754 4096 16' (15 runs):

         28030.38 msec task-clock                #    3.993 CPUs utilized            ( +-  0.04% )
             3947      context-switches          #    0.141 K/sec                    ( +-  2.14% )
                57      cpu-migrations            #    0.002 K/sec                    ( +- 32.10% )
               110      page-faults               #    0.004 K/sec                    ( +-  0.26% )
    85584702199      cycles                    #    3.053 GHz                      ( +-  0.01% )
    80380669212      instructions              #    0.94  insn per cycle           ( +-  0.00% )
     9282883682      branches                  #  331.172 M/sec                    ( +-  0.00% )
        16531198      branch-misses             #    0.18% of all branches          ( +-  0.29% )

           7.01930 +- 0.00251 seconds time elapsed  ( +-  0.04% )


 Performance counter stats for '/mandelbrot_omp_noio -0188 -0012 0554 0754 4096 32' (15 runs):

         28281.07 msec task-clock                #    3.994 CPUs utilized            ( +-  0.03% )
             7219      context-switches          #    0.255 K/sec                    ( +-  0.22% )
               217      cpu-migrations            #    0.008 K/sec                    ( +- 10.56% )
               144      page-faults               #    0.005 K/sec                    ( +-  0.26% )
    86158118776      cycles                    #    3.046 GHz                      ( +-  0.02% )
    80390746411      instructions              #    0.93  insn per cycle           ( +-  0.00% )
     9285092383      branches                  #  328.315 M/sec                    ( +-  0.00% )
        16505810      branch-misses             #    0.18% of all branches          ( +-  0.06% )

           7.08116 +- 0.00164 seconds time elapsed  ( +-  0.02% )


 Performance counter stats for '/mandelbrot_omp_noio -0188 -0012 0554 0754 4096 1' (15 runs):

         22460.36 msec task-clock                #    1.000 CPUs utilized            ( +-  0.10% )
               114      context-switches          #    0.005 K/sec                    ( +-  6.74% )
                 1      cpu-migrations            #    0.000 K/sec                    ( +- 23.27% )
                78      page-faults               #    0.003 K/sec                    ( +-  0.47% )
    71553936212      cycles                    #    3.186 GHz                      ( +-  0.02% )
    80359914638      instructions              #    1.12  insn per cycle           ( +-  0.00% )
     9278618839      branches                  #  413.111 M/sec                    ( +-  0.00% )
        16271079      branch-misses             #    0.18% of all branches          ( +-  0.01% )

           22.4614 +- 0.0217 seconds time elapsed  ( +-  0.10% )


 Performance counter stats for '/mandelbrot_omp_noio -0188 -0012 0554 0754 4096 2' (15 runs):

         23147.63 msec task-clock                #    2.000 CPUs utilized            ( +-  0.02% )
               102      context-switches          #    0.004 K/sec                    ( +-  6.55% )
                 1      cpu-migrations            #    0.000 K/sec                    ( +- 14.68% )
                80      page-faults               #    0.003 K/sec                    ( +-  0.34% )
    71589955942      cycles                    #    3.093 GHz                      ( +-  0.02% )
    80362393375      instructions              #    1.12  insn per cycle           ( +-  0.00% )
     9279225614      branches                  #  400.871 M/sec                    ( +-  0.00% )
        16283525      branch-misses             #    0.18% of all branches          ( +-  0.01% )

          11.57489 +- 0.00191 seconds time elapsed  ( +-  0.02% )


 Performance counter stats for '/mandelbrot_omp_noio -0188 -0012 0554 0754 4096 4' (15 runs):

         26934.24 msec task-clock                #    3.995 CPUs utilized            ( +-  0.26% )
               337      context-switches          #    0.013 K/sec                    ( +-  4.51% )
                 1      cpu-migrations            #    0.000 K/sec                    ( +- 21.82% )
                84      page-faults               #    0.003 K/sec                    ( +-  0.24% )
    82151634335      cycles                    #    3.050 GHz                      ( +-  0.01% )
    80369338123      instructions              #    0.98  insn per cycle           ( +-  0.00% )
     9280592225      branches                  #  344.565 M/sec                    ( +-  0.00% )
        16425852      branch-misses             #    0.18% of all branches          ( +-  0.04% )

            6.7424 +- 0.0173 seconds time elapsed  ( +-  0.26% )


 Performance counter stats for '/mandelbrot_omp_noio -0188 -0012 0554 0754 4096 8' (15 runs):

         27803.04 msec task-clock                #    3.994 CPUs utilized            ( +-  0.09% )
             2521      context-switches          #    0.091 K/sec                    ( +-  0.44% )
                16      cpu-migrations            #    0.001 K/sec                    ( +- 16.51% )
                93      page-faults               #    0.003 K/sec                    ( +-  0.26% )
    84493675977      cycles                    #    3.039 GHz                      ( +-  0.10% )
    80375870139      instructions              #    0.95  insn per cycle           ( +-  0.00% )
     9281889816      branches                  #  333.844 M/sec                    ( +-  0.00% )
        16453725      branch-misses             #    0.18% of all branches          ( +-  0.04% )

           6.96133 +- 0.00618 seconds time elapsed  ( +-  0.09% )


 Performance counter stats for '/mandelbrot_omp_noio -0188 -0012 0554 0754 4096 16' (15 runs):

         28170.28 msec task-clock                #    3.993 CPUs utilized            ( +-  0.09% )
             3838      context-switches          #    0.136 K/sec                    ( +-  1.24% )
                26      cpu-migrations            #    0.001 K/sec                    ( +- 13.27% )
               109      page-faults               #    0.004 K/sec                    ( +-  0.22% )
    85674286356      cycles                    #    3.041 GHz                      ( +-  0.11% )
    80383595149      instructions              #    0.94  insn per cycle           ( +-  0.00% )
     9283948650      branches                  #  329.565 M/sec                    ( +-  0.01% )
        16492805      branch-misses             #    0.18% of all branches          ( +-  0.15% )

           7.05461 +- 0.00648 seconds time elapsed  ( +-  0.09% )


 Performance counter stats for '/mandelbrot_omp_noio -0188 -0012 0554 0754 4096 32' (15 runs):

         28369.06 msec task-clock                #    3.993 CPUs utilized            ( +-  0.08% )
             7239      context-switches          #    0.255 K/sec                    ( +-  0.21% )
               160      cpu-migrations            #    0.006 K/sec                    ( +- 19.15% )
               144      page-faults               #    0.005 K/sec                    ( +-  0.09% )
    86270571414      cycles                    #    3.041 GHz                      ( +-  0.09% )
    80390216699      instructions              #    0.93  insn per cycle           ( +-  0.00% )
     9284956600      branches                  #  327.292 M/sec                    ( +-  0.00% )
        16499166      branch-misses             #    0.18% of all branches          ( +-  0.04% )

           7.10399 +- 0.00522 seconds time elapsed  ( +-  0.07% )


 Performance counter stats for '/mandelbrot_omp_noio -0188 -0012 0554 0754 4096 1' (15 runs):

         22425.02 msec task-clock                #    1.000 CPUs utilized            ( +-  0.01% )
               121      context-switches          #    0.005 K/sec                    ( +-  4.03% )
                 1      cpu-migrations            #    0.000 K/sec                    ( +- 33.84% )
                78      page-faults               #    0.003 K/sec                    ( +-  0.23% )
    71512175194      cycles                    #    3.189 GHz                      ( +-  0.00% )
    80358862937      instructions              #    1.12  insn per cycle           ( +-  0.00% )
     9278574934      branches                  #  413.760 M/sec                    ( +-  0.01% )
        16270609      branch-misses             #    0.18% of all branches          ( +-  0.01% )

          22.42651 +- 0.00226 seconds time elapsed  ( +-  0.01% )


 Performance counter stats for '/mandelbrot_omp_noio -0188 -0012 0554 0754 4096 2' (15 runs):

         23139.57 msec task-clock                #    2.000 CPUs utilized            ( +-  0.01% )
               105      context-switches          #    0.005 K/sec                    ( +-  4.46% )
                 4      cpu-migrations            #    0.000 K/sec                    ( +- 13.24% )
                79      page-faults               #    0.003 K/sec                    ( +-  0.27% )
    71565024156      cycles                    #    3.093 GHz                      ( +-  0.01% )
    80359731911      instructions              #    1.12  insn per cycle           ( +-  0.00% )
     9278703920      branches                  #  400.989 M/sec                    ( +-  0.00% )
        16282734      branch-misses             #    0.18% of all branches          ( +-  0.01% )

          11.57103 +- 0.00110 seconds time elapsed  ( +-  0.01% )


 Performance counter stats for '/mandelbrot_omp_noio -0188 -0012 0554 0754 4096 4' (15 runs):

         26971.46 msec task-clock                #    3.994 CPUs utilized            ( +-  0.28% )
               358      context-switches          #    0.013 K/sec                    ( +-  6.15% )
                 1      cpu-migrations            #    0.000 K/sec                    ( +- 12.66% )
                84      page-faults               #    0.003 K/sec                    ( +-  0.40% )
    82167737660      cycles                    #    3.046 GHz                      ( +-  0.01% )
    80374162227      instructions              #    0.98  insn per cycle           ( +-  0.00% )
     9282140048      branches                  #  344.147 M/sec                    ( +-  0.01% )
        16422944      branch-misses             #    0.18% of all branches          ( +-  0.07% )

            6.7529 +- 0.0182 seconds time elapsed  ( +-  0.27% )


 Performance counter stats for '/mandelbrot_omp_noio -0188 -0012 0554 0754 4096 8' (15 runs):

         27820.70 msec task-clock                #    3.993 CPUs utilized            ( +-  0.02% )
             2806      context-switches          #    0.101 K/sec                    ( +-  6.93% )
                14      cpu-migrations            #    0.000 K/sec                    ( +-  6.21% )
                92      page-faults               #    0.003 K/sec                    ( +-  0.33% )
    84390100262      cycles                    #    3.033 GHz                      ( +-  0.01% )
    80378124733      instructions              #    0.95  insn per cycle           ( +-  0.00% )
     9282317438      branches                  #  333.648 M/sec                    ( +-  0.00% )
        16478374      branch-misses             #    0.18% of all branches          ( +-  0.09% )

           6.96750 +- 0.00173 seconds time elapsed  ( +-  0.02% )


 Performance counter stats for '/mandelbrot_omp_noio -0188 -0012 0554 0754 4096 16' (15 runs):

         28218.08 msec task-clock                #    3.993 CPUs utilized            ( +-  0.08% )
             3849      context-switches          #    0.136 K/sec                    ( +-  1.30% )
                45      cpu-migrations            #    0.002 K/sec                    ( +- 31.01% )
               110      page-faults               #    0.004 K/sec                    ( +-  0.28% )
    85636678306      cycles                    #    3.035 GHz                      ( +-  0.09% )
    80380140871      instructions              #    0.94  insn per cycle           ( +-  0.00% )
     9282799111      branches                  #  328.966 M/sec                    ( +-  0.00% )
        16468185      branch-misses             #    0.18% of all branches          ( +-  0.04% )

           7.06602 +- 0.00567 seconds time elapsed  ( +-  0.08% )


 Performance counter stats for '/mandelbrot_omp_noio -0188 -0012 0554 0754 4096 32' (15 runs):

         28393.17 msec task-clock                #    3.994 CPUs utilized            ( +-  0.02% )
             7237      context-switches          #    0.255 K/sec                    ( +-  0.20% )
               209      cpu-migrations            #    0.007 K/sec                    ( +- 18.22% )
               144      page-faults               #    0.005 K/sec                    ( +-  0.13% )
    86178802986      cycles                    #    3.035 GHz                      ( +-  0.03% )
    80390333553      instructions              #    0.93  insn per cycle           ( +-  0.00% )
     9284980225      branches                  #  327.015 M/sec                    ( +-  0.00% )
        16524885      branch-misses             #    0.18% of all branches          ( +-  0.11% )

           7.10937 +- 0.00160 seconds time elapsed  ( +-  0.02% )


 Performance counter stats for '/mandelbrot_omp_noio -0188 -0012 0554 0754 4096 1' (15 runs):

         22447.07 msec task-clock                #    1.000 CPUs utilized            ( +-  0.03% )
                99      context-switches          #    0.004 K/sec                    ( +-  7.51% )
                 4      cpu-migrations            #    0.000 K/sec                    ( +- 15.58% )
                78      page-faults               #    0.003 K/sec                    ( +-  0.40% )
    71560542522      cycles                    #    3.188 GHz                      ( +-  0.02% )
    80360744588      instructions              #    1.12  insn per cycle           ( +-  0.00% )
     9278823948      branches                  #  413.365 M/sec                    ( +-  0.00% )
        16270105      branch-misses             #    0.18% of all branches          ( +-  0.01% )

          22.44746 +- 0.00622 seconds time elapsed  ( +-  0.03% )


 Performance counter stats for '/mandelbrot_omp_noio -0188 -0012 0554 0754 4096 2' (15 runs):

         23146.52 msec task-clock                #    2.000 CPUs utilized            ( +-  0.02% )
                98      context-switches          #    0.004 K/sec                    ( +-  7.37% )
                 3      cpu-migrations            #    0.000 K/sec                    ( +- 21.65% )
                79      page-faults               #    0.003 K/sec                    ( +-  0.32% )
    71586520231      cycles                    #    3.093 GHz                      ( +-  0.02% )
    80362102347      instructions              #    1.12  insn per cycle           ( +-  0.00% )
     9279238439      branches                  #  400.891 M/sec                    ( +-  0.00% )
        16283266      branch-misses             #    0.18% of all branches          ( +-  0.01% )

          11.57424 +- 0.00196 seconds time elapsed  ( +-  0.02% )


 Performance counter stats for '/mandelbrot_omp_noio -0188 -0012 0554 0754 4096 4' (15 runs):

         27015.60 msec task-clock                #    3.995 CPUs utilized            ( +-  0.29% )
               334      context-switches          #    0.012 K/sec                    ( +-  4.80% )
                 1      cpu-migrations            #    0.000 K/sec                    ( +- 16.12% )
                84      page-faults               #    0.003 K/sec                    ( +-  0.33% )
    82216435318      cycles                    #    3.043 GHz                      ( +-  0.07% )
    80370134626      instructions              #    0.98  insn per cycle           ( +-  0.00% )
     9280809670      branches                  #  343.535 M/sec                    ( +-  0.00% )
        16427014      branch-misses             #    0.18% of all branches          ( +-  0.06% )

            6.7627 +- 0.0196 seconds time elapsed  ( +-  0.29% )


 Performance counter stats for '/mandelbrot_omp_noio -0188 -0012 0554 0754 4096 8' (15 runs):

         27896.14 msec task-clock                #    3.994 CPUs utilized            ( +-  0.17% )
             2557      context-switches          #    0.092 K/sec                    ( +-  1.45% )
                12      cpu-migrations            #    0.000 K/sec                    ( +-  4.95% )
                93      page-faults               #    0.003 K/sec                    ( +-  0.22% )
    84542835207      cycles                    #    3.031 GHz                      ( +-  0.19% )
    80375621126      instructions              #    0.95  insn per cycle           ( +-  0.00% )
     9281806187      branches                  #  332.727 M/sec                    ( +-  0.00% )
        16476975      branch-misses             #    0.18% of all branches          ( +-  0.17% )

            6.9846 +- 0.0113 seconds time elapsed  ( +-  0.16% )


 Performance counter stats for '/mandelbrot_omp_noio -0188 -0012 0554 0754 4096 16' (15 runs):

         28221.14 msec task-clock                #    3.994 CPUs utilized            ( +-  0.01% )
             3808      context-switches          #    0.135 K/sec                    ( +-  0.64% )
                29      cpu-migrations            #    0.001 K/sec                    ( +- 21.53% )
               109      page-faults               #    0.004 K/sec                    ( +-  0.16% )
    85571225369      cycles                    #    3.032 GHz                      ( +-  0.02% )
    80379627127      instructions              #    0.94  insn per cycle           ( +-  0.00% )
     9282664667      branches                  #  328.926 M/sec                    ( +-  0.00% )
        16529718      branch-misses             #    0.18% of all branches          ( +-  0.22% )

           7.06668 +- 0.00166 seconds time elapsed  ( +-  0.02% )


 Performance counter stats for '/mandelbrot_omp_noio -0188 -0012 0554 0754 4096 32' (15 runs):

         28420.88 msec task-clock                #    3.993 CPUs utilized            ( +-  0.01% )
             7255      context-switches          #    0.255 K/sec                    ( +-  0.20% )
               184      cpu-migrations            #    0.006 K/sec                    ( +- 18.05% )
               144      page-faults               #    0.005 K/sec                    ( +-  0.16% )
    86179815457      cycles                    #    3.032 GHz                      ( +-  0.01% )
    80390269394      instructions              #    0.93  insn per cycle           ( +-  0.00% )
     9284966883      branches                  #  326.695 M/sec                    ( +-  0.00% )
        16527903      branch-misses             #    0.18% of all branches          ( +-  0.09% )

           7.11687 +- 0.00139 seconds time elapsed  ( +-  0.02% )


 Performance counter stats for '/mandelbrot_omp_noio -0188 -0012 0554 0754 4096 1' (15 runs):

         22437.57 msec task-clock                #    1.000 CPUs utilized            ( +-  0.03% )
               127      context-switches          #    0.006 K/sec                    ( +-  5.14% )
                 1      cpu-migrations            #    0.000 K/sec                    ( +- 52.10% )
                77      page-faults               #    0.003 K/sec                    ( +-  0.24% )
    71539049723      cycles                    #    3.188 GHz                      ( +-  0.01% )
    80360294704      instructions              #    1.12  insn per cycle           ( +-  0.00% )
     9278745952      branches                  #  413.536 M/sec                    ( +-  0.00% )
        16273525      branch-misses             #    0.18% of all branches          ( +-  0.01% )

          22.43975 +- 0.00561 seconds time elapsed  ( +-  0.02% )


 Performance counter stats for '/mandelbrot_omp_noio -0188 -0012 0554 0754 4096 2' (15 runs):

         23148.66 msec task-clock                #    2.000 CPUs utilized            ( +-  0.02% )
               101      context-switches          #    0.004 K/sec                    ( +-  8.65% )
                 2      cpu-migrations            #    0.000 K/sec                    ( +- 13.25% )
                79      page-faults               #    0.003 K/sec                    ( +-  0.29% )
    71593128366      cycles                    #    3.093 GHz                      ( +-  0.02% )
    80363130422      instructions              #    1.12  insn per cycle           ( +-  0.00% )
     9279304685      branches                  #  400.857 M/sec                    ( +-  0.00% )
        16293821      branch-misses             #    0.18% of all branches          ( +-  0.02% )

          11.57439 +- 0.00191 seconds time elapsed  ( +-  0.02% )


 Performance counter stats for '/mandelbrot_omp_noio -0188 -0012 0554 0754 4096 4' (15 runs):

         27017.72 msec task-clock                #    3.994 CPUs utilized            ( +-  0.28% )
               343      context-switches          #    0.013 K/sec                    ( +-  5.41% )
                 1      cpu-migrations            #    0.000 K/sec                    ( +- 21.82% )
                84      page-faults               #    0.003 K/sec                    ( +-  0.29% )
    82157711569      cycles                    #    3.041 GHz                      ( +-  0.01% )
    80370337817      instructions              #    0.98  insn per cycle           ( +-  0.00% )
     9280830714      branches                  #  343.509 M/sec                    ( +-  0.00% )
        16457988      branch-misses             #    0.18% of all branches          ( +-  0.10% )

            6.7651 +- 0.0189 seconds time elapsed  ( +-  0.28% )


 Performance counter stats for '/mandelbrot_omp_noio -0188 -0012 0554 0754 4096 8' (15 runs):

         27922.81 msec task-clock                #    3.991 CPUs utilized            ( +-  0.12% )
             2619      context-switches          #    0.094 K/sec                    ( +-  2.57% )
                16      cpu-migrations            #    0.001 K/sec                    ( +- 12.59% )
                92      page-faults               #    0.003 K/sec                    ( +-  0.29% )
    84519002753      cycles                    #    3.027 GHz                      ( +-  0.14% )
    80376313926      instructions              #    0.95  insn per cycle           ( +-  0.00% )
     9281948293      branches                  #  332.415 M/sec                    ( +-  0.00% )
        16544056      branch-misses             #    0.18% of all branches          ( +-  0.32% )

           6.99589 +- 0.00884 seconds time elapsed  ( +-  0.13% )


 Performance counter stats for '/mandelbrot_omp_noio -0188 -0012 0554 0754 4096 16' (15 runs):

         28253.82 msec task-clock                #    3.994 CPUs utilized            ( +-  0.02% )
             3877      context-switches          #    0.137 K/sec                    ( +-  1.31% )
                48      cpu-migrations            #    0.002 K/sec                    ( +- 30.27% )
               110      page-faults               #    0.004 K/sec                    ( +-  0.26% )
    85584587810      cycles                    #    3.029 GHz                      ( +-  0.02% )
    80380075962      instructions              #    0.94  insn per cycle           ( +-  0.00% )
     9282791519      branches                  #  328.550 M/sec                    ( +-  0.00% )
        16537406      branch-misses             #    0.18% of all branches          ( +-  0.24% )

           7.07444 +- 0.00125 seconds time elapsed  ( +-  0.02% )


 Performance counter stats for '/mandelbrot_omp_noio -0188 -0012 0554 0754 4096 32' (15 runs):

         28463.39 msec task-clock                #    3.994 CPUs utilized            ( +-  0.03% )
             7271      context-switches          #    0.255 K/sec                    ( +-  0.21% )
               151      cpu-migrations            #    0.005 K/sec                    ( +- 22.26% )
               144      page-faults               #    0.005 K/sec                    ( +-  0.15% )
    86222328793      cycles                    #    3.029 GHz                      ( +-  0.03% )
    80390129352      instructions              #    0.93  insn per cycle           ( +-  0.00% )
     9284939000      branches                  #  326.206 M/sec                    ( +-  0.00% )
        16508363      branch-misses             #    0.18% of all branches          ( +-  0.05% )

           7.12707 +- 0.00191 seconds time elapsed  ( +-  0.03% )

