
 Performance counter stats for './mandelbrot_seq -2.5 1.5 -2.0 2.0 16' (10 runs):

          0.466998      task-clock (msec)         #    0.658 CPUs utilized            ( +-  1.40% )
                 0      context-switches          #    0.000 K/sec                  
                 0      cpu-migrations            #    0.000 K/sec                  
                55      page-faults               #    0.117 M/sec                    ( +-  0.49% )
   <not supported>      cycles                                                      
   <not supported>      instructions                                                
   <not supported>      branches                                                    
   <not supported>      branch-misses                                               

       0.000709323 seconds time elapsed                                          ( +-  2.01% )


 Performance counter stats for './mandelbrot_seq -2.5 1.5 -2.0 2.0 32' (10 runs):

          0.709889      task-clock (msec)         #    0.760 CPUs utilized            ( +-  0.98% )
                 0      context-switches          #    0.000 K/sec                  
                 0      cpu-migrations            #    0.000 K/sec                  
                63      page-faults               #    0.088 M/sec                    ( +-  0.35% )
   <not supported>      cycles                                                      
   <not supported>      instructions                                                
   <not supported>      branches                                                    
   <not supported>      branch-misses                                               

       0.000934441 seconds time elapsed                                          ( +-  1.32% )


 Performance counter stats for './mandelbrot_seq -2.5 1.5 -2.0 2.0 64' (10 runs):

          1.742925      task-clock (msec)         #    0.893 CPUs utilized            ( +-  0.60% )
                 0      context-switches          #    0.115 K/sec                    ( +- 66.67% )
                 0      cpu-migrations            #    0.000 K/sec                  
                93      page-faults               #    0.053 M/sec                    ( +-  0.36% )
   <not supported>      cycles                                                      
   <not supported>      instructions                                                
   <not supported>      branches                                                    
   <not supported>      branch-misses                                               

       0.001951703 seconds time elapsed                                          ( +-  0.60% )


 Performance counter stats for './mandelbrot_seq -2.5 1.5 -2.0 2.0 128' (10 runs):

          6.025929      task-clock (msec)         #    0.962 CPUs utilized            ( +-  1.41% )
                 0      context-switches          #    0.017 K/sec                    ( +-100.00% )
                 0      cpu-migrations            #    0.000 K/sec                  
               212      page-faults               #    0.035 M/sec                    ( +-  0.16% )
   <not supported>      cycles                                                      
   <not supported>      instructions                                                
   <not supported>      branches                                                    
   <not supported>      branch-misses                                               

       0.006265833 seconds time elapsed                                          ( +-  1.39% )


 Performance counter stats for './mandelbrot_seq -2.5 1.5 -2.0 2.0 256' (10 runs):

         20.907663      task-clock (msec)         #    0.989 CPUs utilized            ( +-  0.44% )
                 0      context-switches          #    0.005 K/sec                    ( +-100.00% )
                 0      cpu-migrations            #    0.000 K/sec                  
               694      page-faults               #    0.033 M/sec                    ( +-  0.02% )
   <not supported>      cycles                                                      
   <not supported>      instructions                                                
   <not supported>      branches                                                    
   <not supported>      branch-misses                                               

       0.021137805 seconds time elapsed                                          ( +-  0.44% )


 Performance counter stats for './mandelbrot_seq -2.5 1.5 -2.0 2.0 512' (10 runs):

         80.503355      task-clock (msec)         #    0.997 CPUs utilized            ( +-  0.56% )
                 0      context-switches          #    0.002 K/sec                    ( +- 66.67% )
                 0      cpu-migrations            #    0.000 K/sec                  
              2614      page-faults               #    0.032 M/sec                    ( +-  0.01% )
   <not supported>      cycles                                                      
   <not supported>      instructions                                                
   <not supported>      branches                                                    
   <not supported>      branch-misses                                               

       0.080774850 seconds time elapsed                                          ( +-  0.56% )


 Performance counter stats for './mandelbrot_seq -2.5 1.5 -2.0 2.0 1024' (10 runs):

        326.530092      task-clock (msec)         #    0.988 CPUs utilized            ( +-  0.27% )
                 2      context-switches          #    0.007 K/sec                    ( +- 21.70% )
                 0      cpu-migrations            #    0.002 K/sec                    ( +- 33.33% )
             10294      page-faults               #    0.032 M/sec                    ( +-  0.00% )
   <not supported>      cycles                                                      
   <not supported>      instructions                                                
   <not supported>      branches                                                    
   <not supported>      branch-misses                                               

       0.330518664 seconds time elapsed                                          ( +-  0.25% )


 Performance counter stats for './mandelbrot_seq -2.5 1.5 -2.0 2.0 2048' (10 runs):

       1286.912864      task-clock (msec)         #    0.982 CPUs utilized            ( +-  0.66% )
                22      context-switches          #    0.017 K/sec                    ( +-  4.74% )
                 1      cpu-migrations            #    0.001 K/sec                    ( +- 42.07% )
             41014      page-faults               #    0.032 M/sec                    ( +-  0.00% )
   <not supported>      cycles                                                      
   <not supported>      instructions                                                
   <not supported>      branches                                                    
   <not supported>      branch-misses                                               

       1.311005320 seconds time elapsed                                          ( +-  0.65% )


 Performance counter stats for './mandelbrot_seq -2.5 1.5 -2.0 2.0 4096' (10 runs):

       5149.955575      task-clock (msec)         #    0.980 CPUs utilized            ( +-  0.37% )
                94      context-switches          #    0.018 K/sec                    ( +-  1.06% )
                 1      cpu-migrations            #    0.000 K/sec                    ( +- 34.69% )
            163894      page-faults               #    0.032 M/sec                    ( +-  0.00% )
   <not supported>      cycles                                                      
   <not supported>      instructions                                                
   <not supported>      branches                                                    
   <not supported>      branch-misses                                               

       5.256703066 seconds time elapsed                                          ( +-  0.33% )


 Performance counter stats for './mandelbrot_seq -2.5 1.5 -2.0 2.0 8192' (10 runs):

      20359.546480      task-clock (msec)         #    0.977 CPUs utilized            ( +-  0.28% )
               295      context-switches          #    0.014 K/sec                    ( +-  0.87% )
                 2      cpu-migrations            #    0.000 K/sec                    ( +- 33.33% )
            655414      page-faults               #    0.032 M/sec                    ( +-  0.00% )
   <not supported>      cycles                                                      
   <not supported>      instructions                                                
   <not supported>      branches                                                    
   <not supported>      branch-misses                                               

      20.832221839 seconds time elapsed                                          ( +-  0.29% )

