
 Performance counter stats for './mandelbrot_seq -0.8 -0.7 0.05 0.15 16' (10 runs):

          0.877011      task-clock (msec)         #    0.758 CPUs utilized            ( +-  1.69% )
                 0      context-switches          #    0.000 K/sec                  
                 0      cpu-migrations            #    0.000 K/sec                  
                55      page-faults               #    0.063 M/sec                    ( +-  0.33% )
   <not supported>      cycles                                                      
   <not supported>      instructions                                                
   <not supported>      branches                                                    
   <not supported>      branch-misses                                               

       0.001157381 seconds time elapsed                                          ( +-  2.69% )


 Performance counter stats for './mandelbrot_seq -0.8 -0.7 0.05 0.15 32' (10 runs):

          2.394132      task-clock (msec)         #    0.916 CPUs utilized            ( +-  0.97% )
                 0      context-switches          #    0.084 K/sec                    ( +- 66.67% )
                 0      cpu-migrations            #    0.000 K/sec                  
                63      page-faults               #    0.026 M/sec                    ( +-  0.37% )
   <not supported>      cycles                                                      
   <not supported>      instructions                                                
   <not supported>      branches                                                    
   <not supported>      branch-misses                                               

       0.002613286 seconds time elapsed                                          ( +-  1.22% )


 Performance counter stats for './mandelbrot_seq -0.8 -0.7 0.05 0.15 64' (10 runs):

          8.261397      task-clock (msec)         #    0.974 CPUs utilized            ( +-  0.78% )
                 0      context-switches          #    0.000 K/sec                  
                 0      cpu-migrations            #    0.000 K/sec                  
                92      page-faults               #    0.011 M/sec                    ( +-  0.24% )
   <not supported>      cycles                                                      
   <not supported>      instructions                                                
   <not supported>      branches                                                    
   <not supported>      branch-misses                                               

       0.008481795 seconds time elapsed                                          ( +-  0.81% )


 Performance counter stats for './mandelbrot_seq -0.8 -0.7 0.05 0.15 128' (10 runs):

         30.888166      task-clock (msec)         #    0.992 CPUs utilized            ( +-  0.86% )
                 0      context-switches          #    0.000 K/sec                  
                 0      cpu-migrations            #    0.000 K/sec                  
               213      page-faults               #    0.007 M/sec                    ( +-  0.12% )
   <not supported>      cycles                                                      
   <not supported>      instructions                                                
   <not supported>      branches                                                    
   <not supported>      branch-misses                                               

       0.031128853 seconds time elapsed                                          ( +-  0.87% )


 Performance counter stats for './mandelbrot_seq -0.8 -0.7 0.05 0.15 256' (10 runs):

        119.378374      task-clock (msec)         #    0.998 CPUs utilized            ( +-  0.10% )
                 0      context-switches          #    0.002 K/sec                    ( +- 66.67% )
                 0      cpu-migrations            #    0.000 K/sec                  
               694      page-faults               #    0.006 M/sec                    ( +-  0.03% )
   <not supported>      cycles                                                      
   <not supported>      instructions                                                
   <not supported>      branches                                                    
   <not supported>      branch-misses                                               

       0.119654003 seconds time elapsed                                          ( +-  0.10% )


 Performance counter stats for './mandelbrot_seq -0.8 -0.7 0.05 0.15 512' (10 runs):

        475.882018      task-clock (msec)         #    0.999 CPUs utilized            ( +-  0.05% )
                 1      context-switches          #    0.002 K/sec                    ( +- 11.11% )
                 0      cpu-migrations            #    0.000 K/sec                  
              2613      page-faults               #    0.005 M/sec                    ( +-  0.01% )
   <not supported>      cycles                                                      
   <not supported>      instructions                                                
   <not supported>      branches                                                    
   <not supported>      branch-misses                                               

       0.476163798 seconds time elapsed                                          ( +-  0.05% )


 Performance counter stats for './mandelbrot_seq -0.8 -0.7 0.05 0.15 1024' (10 runs):

       1935.485829      task-clock (msec)         #    0.997 CPUs utilized            ( +-  0.18% )
                 5      context-switches          #    0.003 K/sec                    ( +-  7.91% )
                 0      cpu-migrations            #    0.000 K/sec                    ( +- 33.33% )
             10294      page-faults               #    0.005 M/sec                    ( +-  0.00% )
   <not supported>      cycles                                                      
   <not supported>      instructions                                                
   <not supported>      branches                                                    
   <not supported>      branch-misses                                               

       1.940482366 seconds time elapsed                                          ( +-  0.17% )


 Performance counter stats for './mandelbrot_seq -0.8 -0.7 0.05 0.15 2048' (10 runs):

       7706.865034      task-clock (msec)         #    0.996 CPUs utilized            ( +-  0.11% )
                25      context-switches          #    0.003 K/sec                    ( +-  2.31% )
                 0      cpu-migrations            #    0.000 K/sec                    ( +- 71.15% )
             41013      page-faults               #    0.005 M/sec                    ( +-  0.00% )
   <not supported>      cycles                                                      
   <not supported>      instructions                                                
   <not supported>      branches                                                    
   <not supported>      branch-misses                                               

       7.734947386 seconds time elapsed                                          ( +-  0.11% )


 Performance counter stats for './mandelbrot_seq -0.8 -0.7 0.05 0.15 4096' (10 runs):

      30737.159744      task-clock (msec)         #    0.997 CPUs utilized            ( +-  0.05% )
                78      context-switches          #    0.003 K/sec                    ( +-  4.64% )
                 0      cpu-migrations            #    0.000 K/sec                    ( +- 33.33% )
            163894      page-faults               #    0.005 M/sec                    ( +-  0.00% )
   <not supported>      cycles                                                      
   <not supported>      instructions                                                
   <not supported>      branches                                                    
   <not supported>      branch-misses                                               

      30.843593532 seconds time elapsed                                          ( +-  0.06% )


 Performance counter stats for './mandelbrot_seq -0.8 -0.7 0.05 0.15 8192' (10 runs):

     122816.266122      task-clock (msec)         #    0.996 CPUs utilized            ( +-  0.04% )
               330      context-switches          #    0.003 K/sec                    ( +-  3.75% )
                 1      cpu-migrations            #    0.000 K/sec                    ( +- 36.35% )
            655414      page-faults               #    0.005 M/sec                    ( +-  0.00% )
   <not supported>      cycles                                                      
   <not supported>      instructions                                                
   <not supported>      branches                                                    
   <not supported>      branch-misses                                               

     123.279995438 seconds time elapsed                                          ( +-  0.04% )

