
 Performance counter stats for './mandelbrot_seq_noio 0.175 0.375 -0.1 0.1 16' (10 runs):

          0.735391      task-clock (msec)         #    0.722 CPUs utilized            ( +-  0.99% )
                 0      context-switches          #    0.000 K/sec                  
                 0      cpu-migrations            #    0.000 K/sec                  
                49      page-faults               #    0.067 M/sec                    ( +-  0.71% )
   <not supported>      cycles                                                      
   <not supported>      instructions                                                
   <not supported>      branches                                                    
   <not supported>      branch-misses                                               

       0.001018902 seconds time elapsed                                          ( +-  0.75% )


 Performance counter stats for './mandelbrot_seq_noio 0.175 0.375 -0.1 0.1 32' (10 runs):

          2.174204      task-clock (msec)         #    0.874 CPUs utilized            ( +-  1.02% )
                 0      context-switches          #    0.000 K/sec                  
                 0      cpu-migrations            #    0.000 K/sec                  
                49      page-faults               #    0.023 M/sec                    ( +-  0.56% )
   <not supported>      cycles                                                      
   <not supported>      instructions                                                
   <not supported>      branches                                                    
   <not supported>      branch-misses                                               

       0.002488584 seconds time elapsed                                          ( +-  1.14% )


 Performance counter stats for './mandelbrot_seq_noio 0.175 0.375 -0.1 0.1 64' (10 runs):

          7.432031      task-clock (msec)         #    0.965 CPUs utilized            ( +-  0.63% )
                 0      context-switches          #    0.000 K/sec                  
                 0      cpu-migrations            #    0.000 K/sec                  
                49      page-faults               #    0.007 M/sec                    ( +-  0.44% )
   <not supported>      cycles                                                      
   <not supported>      instructions                                                
   <not supported>      branches                                                    
   <not supported>      branch-misses                                               

       0.007704034 seconds time elapsed                                          ( +-  0.72% )


 Performance counter stats for './mandelbrot_seq_noio 0.175 0.375 -0.1 0.1 128' (10 runs):

         27.764270      task-clock (msec)         #    0.989 CPUs utilized            ( +-  0.13% )
                 0      context-switches          #    0.011 K/sec                    ( +- 50.92% )
                 0      cpu-migrations            #    0.000 K/sec                  
                49      page-faults               #    0.002 M/sec                    ( +-  0.51% )
   <not supported>      cycles                                                      
   <not supported>      instructions                                                
   <not supported>      branches                                                    
   <not supported>      branch-misses                                               

       0.028070619 seconds time elapsed                                          ( +-  0.17% )


 Performance counter stats for './mandelbrot_seq_noio 0.175 0.375 -0.1 0.1 256' (10 runs):

        109.184632      task-clock (msec)         #    0.997 CPUs utilized            ( +-  0.12% )
                 0      context-switches          #    0.003 K/sec                    ( +- 50.92% )
                 0      cpu-migrations            #    0.000 K/sec                  
                49      page-faults               #    0.448 K/sec                    ( +-  0.37% )
   <not supported>      cycles                                                      
   <not supported>      instructions                                                
   <not supported>      branches                                                    
   <not supported>      branch-misses                                               

       0.109525448 seconds time elapsed                                          ( +-  0.12% )


 Performance counter stats for './mandelbrot_seq_noio 0.175 0.375 -0.1 0.1 512' (10 runs):

        435.545578      task-clock (msec)         #    0.999 CPUs utilized            ( +-  0.05% )
                 1      context-switches          #    0.001 K/sec                    ( +- 36.85% )
                 0      cpu-migrations            #    0.000 K/sec                  
                49      page-faults               #    0.112 K/sec                    ( +-  0.60% )
   <not supported>      cycles                                                      
   <not supported>      instructions                                                
   <not supported>      branches                                                    
   <not supported>      branch-misses                                               

       0.435897207 seconds time elapsed                                          ( +-  0.05% )


 Performance counter stats for './mandelbrot_seq_noio 0.175 0.375 -0.1 0.1 1024' (10 runs):

       1744.896660      task-clock (msec)         #    1.000 CPUs utilized            ( +-  0.09% )
                 2      context-switches          #    0.001 K/sec                    ( +- 16.67% )
                 0      cpu-migrations            #    0.000 K/sec                  
                49      page-faults               #    0.028 K/sec                    ( +-  0.53% )
   <not supported>      cycles                                                      
   <not supported>      instructions                                                
   <not supported>      branches                                                    
   <not supported>      branch-misses                                               

       1.745219630 seconds time elapsed                                          ( +-  0.09% )


 Performance counter stats for './mandelbrot_seq_noio 0.175 0.375 -0.1 0.1 2048' (10 runs):

       6964.920699      task-clock (msec)         #    1.000 CPUs utilized            ( +-  0.08% )
                 6      context-switches          #    0.001 K/sec                    ( +- 20.16% )
                 0      cpu-migrations            #    0.000 K/sec                  
                49      page-faults               #    0.007 K/sec                    ( +-  0.60% )
   <not supported>      cycles                                                      
   <not supported>      instructions                                                
   <not supported>      branches                                                    
   <not supported>      branch-misses                                               

       6.965342724 seconds time elapsed                                          ( +-  0.08% )


 Performance counter stats for './mandelbrot_seq_noio 0.175 0.375 -0.1 0.1 4096' (10 runs):

      27777.518821      task-clock (msec)         #    1.000 CPUs utilized            ( +-  0.04% )
                14      context-switches          #    0.001 K/sec                    ( +- 24.14% )
                 0      cpu-migrations            #    0.000 K/sec                  
                48      page-faults               #    0.002 K/sec                    ( +-  0.46% )
   <not supported>      cycles                                                      
   <not supported>      instructions                                                
   <not supported>      branches                                                    
   <not supported>      branch-misses                                               

      27.778155381 seconds time elapsed                                          ( +-  0.04% )


 Performance counter stats for './mandelbrot_seq_noio 0.175 0.375 -0.1 0.1 8192' (10 runs):

     111115.382015      task-clock (msec)         #    1.000 CPUs utilized            ( +-  0.03% )
                42      context-switches          #    0.000 K/sec                    ( +- 25.90% )
                 0      cpu-migrations            #    0.000 K/sec                  
                49      page-faults               #    0.000 K/sec                    ( +-  0.48% )
   <not supported>      cycles                                                      
   <not supported>      instructions                                                
   <not supported>      branches                                                    
   <not supported>      branch-misses                                               

     111.117012204 seconds time elapsed                                          ( +-  0.03% )

