
 Performance counter stats for './mandelbrot_seq_noio -0.8 -0.7 0.05 0.15 16' (10 runs):

          0.780756      task-clock (msec)         #    0.726 CPUs utilized            ( +-  1.44% )
                 0      context-switches          #    0.128 K/sec                    ( +-100.00% )
                 0      cpu-migrations            #    0.000 K/sec                  
                49      page-faults               #    0.063 M/sec                    ( +-  0.59% )
   <not supported>      cycles                                                      
   <not supported>      instructions                                                
   <not supported>      branches                                                    
   <not supported>      branch-misses                                               

       0.001075185 seconds time elapsed                                          ( +-  1.87% )


 Performance counter stats for './mandelbrot_seq_noio -0.8 -0.7 0.05 0.15 32' (10 runs):

          2.245116      task-clock (msec)         #    0.878 CPUs utilized            ( +-  0.68% )
                 0      context-switches          #    0.000 K/sec                  
                 0      cpu-migrations            #    0.000 K/sec                  
                49      page-faults               #    0.022 M/sec                    ( +-  0.62% )
   <not supported>      cycles                                                      
   <not supported>      instructions                                                
   <not supported>      branches                                                    
   <not supported>      branch-misses                                               

       0.002556617 seconds time elapsed                                          ( +-  0.67% )


 Performance counter stats for './mandelbrot_seq_noio -0.8 -0.7 0.05 0.15 64' (10 runs):

          7.905702      task-clock (msec)         #    0.962 CPUs utilized            ( +-  0.74% )
                 0      context-switches          #    0.025 K/sec                    ( +- 66.67% )
                 0      cpu-migrations            #    0.000 K/sec                  
                49      page-faults               #    0.006 M/sec                    ( +-  0.64% )
   <not supported>      cycles                                                      
   <not supported>      instructions                                                
   <not supported>      branches                                                    
   <not supported>      branch-misses                                               

       0.008215149 seconds time elapsed                                          ( +-  0.87% )


 Performance counter stats for './mandelbrot_seq_noio -0.8 -0.7 0.05 0.15 128' (10 runs):

         29.441407      task-clock (msec)         #    0.990 CPUs utilized            ( +-  0.49% )
                 0      context-switches          #    0.003 K/sec                    ( +-100.00% )
                 0      cpu-migrations            #    0.000 K/sec                  
                49      page-faults               #    0.002 M/sec                    ( +-  0.59% )
   <not supported>      cycles                                                      
   <not supported>      instructions                                                
   <not supported>      branches                                                    
   <not supported>      branch-misses                                               

       0.029742753 seconds time elapsed                                          ( +-  0.47% )


 Performance counter stats for './mandelbrot_seq_noio -0.8 -0.7 0.05 0.15 256' (10 runs):

        115.913866      task-clock (msec)         #    0.997 CPUs utilized            ( +-  0.11% )
                 0      context-switches          #    0.002 K/sec                    ( +- 66.67% )
                 0      cpu-migrations            #    0.000 K/sec                  
                49      page-faults               #    0.422 K/sec                    ( +-  0.48% )
   <not supported>      cycles                                                      
   <not supported>      instructions                                                
   <not supported>      branches                                                    
   <not supported>      branch-misses                                               

       0.116242819 seconds time elapsed                                          ( +-  0.11% )


 Performance counter stats for './mandelbrot_seq_noio -0.8 -0.7 0.05 0.15 512' (10 runs):

        462.047386      task-clock (msec)         #    0.999 CPUs utilized            ( +-  0.04% )
                 1      context-switches          #    0.003 K/sec                    ( +- 24.22% )
                 0      cpu-migrations            #    0.000 K/sec                  
                49      page-faults               #    0.106 K/sec                    ( +-  0.71% )
   <not supported>      cycles                                                      
   <not supported>      instructions                                                
   <not supported>      branches                                                    
   <not supported>      branch-misses                                               

       0.462386342 seconds time elapsed                                          ( +-  0.04% )


 Performance counter stats for './mandelbrot_seq_noio -0.8 -0.7 0.05 0.15 1024' (10 runs):

       1850.083609      task-clock (msec)         #    1.000 CPUs utilized            ( +-  0.10% )
                 2      context-switches          #    0.001 K/sec                    ( +-  8.94% )
                 0      cpu-migrations            #    0.000 K/sec                  
                49      page-faults               #    0.026 K/sec                    ( +-  0.45% )
   <not supported>      cycles                                                      
   <not supported>      instructions                                                
   <not supported>      branches                                                    
   <not supported>      branch-misses                                               

       1.850395746 seconds time elapsed                                          ( +-  0.10% )


 Performance counter stats for './mandelbrot_seq_noio -0.8 -0.7 0.05 0.15 2048' (10 runs):

       7396.444499      task-clock (msec)         #    1.000 CPUs utilized            ( +-  0.33% )
                 6      context-switches          #    0.001 K/sec                    ( +- 14.91% )
                 0      cpu-migrations            #    0.000 K/sec                  
                49      page-faults               #    0.007 K/sec                    ( +-  0.71% )
   <not supported>      cycles                                                      
   <not supported>      instructions                                                
   <not supported>      branches                                                    
   <not supported>      branch-misses                                               

       7.396871173 seconds time elapsed                                          ( +-  0.33% )


 Performance counter stats for './mandelbrot_seq_noio -0.8 -0.7 0.05 0.15 4096' (10 runs):

      29498.812179      task-clock (msec)         #    1.000 CPUs utilized            ( +-  0.03% )
                18      context-switches          #    0.001 K/sec                    ( +- 23.58% )
                 0      cpu-migrations            #    0.000 K/sec                  
                49      page-faults               #    0.002 K/sec                    ( +-  0.61% )
   <not supported>      cycles                                                      
   <not supported>      instructions                                                
   <not supported>      branches                                                    
   <not supported>      branch-misses                                               

      29.499488141 seconds time elapsed                                          ( +-  0.03% )


 Performance counter stats for './mandelbrot_seq_noio -0.8 -0.7 0.05 0.15 8192' (10 runs):

     117979.005374      task-clock (msec)         #    1.000 CPUs utilized            ( +-  0.03% )
                56      context-switches          #    0.000 K/sec                    ( +- 27.59% )
                 0      cpu-migrations            #    0.000 K/sec                  
                49      page-faults               #    0.000 K/sec                    ( +-  0.51% )
   <not supported>      cycles                                                      
   <not supported>      instructions                                                
   <not supported>      branches                                                    
   <not supported>      branch-misses                                               

     117.980594450 seconds time elapsed                                          ( +-  0.03% )

