
 Performance counter stats for './mandelbrot_omp 0.175 0.375 -0.1 0.1 16 1' (10 runs):

          0.985058      task-clock (msec)         #    0.831 CPUs utilized            ( +-  0.81% )
                 0      context-switches          #    0.000 K/sec                  
                 0      cpu-migrations            #    0.000 K/sec                  
                74      page-faults               #    0.076 M/sec                    ( +-  0.30% )
   <not supported>      cycles                                                      
   <not supported>      instructions                                                
   <not supported>      branches                                                    
   <not supported>      branch-misses                                               

       0.001185250 seconds time elapsed                                          ( +-  0.79% )


 Performance counter stats for './mandelbrot_omp 0.175 0.375 -0.1 0.1 16 2' (10 runs):

          1.234142      task-clock (msec)         #    1.131 CPUs utilized            ( +-  1.58% )
                 0      context-switches          #    0.000 K/sec                  
                 0      cpu-migrations            #    0.000 K/sec                  
                78      page-faults               #    0.063 M/sec                    ( +-  0.33% )
   <not supported>      cycles                                                      
   <not supported>      instructions                                                
   <not supported>      branches                                                    
   <not supported>      branch-misses                                               

       0.001091076 seconds time elapsed                                          ( +-  1.65% )


 Performance counter stats for './mandelbrot_omp 0.175 0.375 -0.1 0.1 16 3' (10 runs):

          1.505661      task-clock (msec)         #    1.367 CPUs utilized            ( +-  1.56% )
                 0      context-switches          #    0.066 K/sec                    ( +-100.00% )
                 0      cpu-migrations            #    0.000 K/sec                  
                80      page-faults               #    0.053 M/sec                    ( +-  0.21% )
   <not supported>      cycles                                                      
   <not supported>      instructions                                                
   <not supported>      branches                                                    
   <not supported>      branch-misses                                               

       0.001101610 seconds time elapsed                                          ( +-  1.70% )


 Performance counter stats for './mandelbrot_omp 0.175 0.375 -0.1 0.1 16 4' (10 runs):

          3.417612      task-clock (msec)         #    2.079 CPUs utilized            ( +- 26.28% )
                 0      context-switches          #    0.059 K/sec                    ( +- 66.67% )
                 0      cpu-migrations            #    0.088 K/sec                    ( +- 50.92% )
                81      page-faults               #    0.024 M/sec                    ( +-  0.38% )
   <not supported>      cycles                                                      
   <not supported>      instructions                                                
   <not supported>      branches                                                    
   <not supported>      branch-misses                                               

       0.001644114 seconds time elapsed                                          ( +- 18.16% )


 Performance counter stats for './mandelbrot_omp 0.175 0.375 -0.1 0.1 16 5' (10 runs):

          1.459715      task-clock (msec)         #    1.216 CPUs utilized            ( +-  1.02% )
                12      context-switches          #    0.008 M/sec                    ( +-  2.78% )
                 3      cpu-migrations            #    0.002 M/sec                    ( +- 17.52% )
                83      page-faults               #    0.057 M/sec                    ( +-  0.35% )
   <not supported>      cycles                                                      
   <not supported>      instructions                                                
   <not supported>      branches                                                    
   <not supported>      branch-misses                                               

       0.001200630 seconds time elapsed                                          ( +-  1.05% )


 Performance counter stats for './mandelbrot_omp 0.175 0.375 -0.1 0.1 16 6' (10 runs):

          1.539267      task-clock (msec)         #    1.217 CPUs utilized            ( +-  1.24% )
                16      context-switches          #    0.010 M/sec                    ( +-  1.91% )
                 5      cpu-migrations            #    0.003 M/sec                    ( +-  7.10% )
                86      page-faults               #    0.056 M/sec                    ( +-  0.31% )
   <not supported>      cycles                                                      
   <not supported>      instructions                                                
   <not supported>      branches                                                    
   <not supported>      branch-misses                                               

       0.001265044 seconds time elapsed                                          ( +-  1.50% )


 Performance counter stats for './mandelbrot_omp 0.175 0.375 -0.1 0.1 16 7' (10 runs):

          1.584101      task-clock (msec)         #    1.243 CPUs utilized            ( +-  0.96% )
                21      context-switches          #    0.013 M/sec                    ( +-  1.73% )
                 6      cpu-migrations            #    0.004 M/sec                    ( +-  9.08% )
                88      page-faults               #    0.056 M/sec                    ( +-  0.20% )
   <not supported>      cycles                                                      
   <not supported>      instructions                                                
   <not supported>      branches                                                    
   <not supported>      branch-misses                                               

       0.001274231 seconds time elapsed                                          ( +-  0.70% )


 Performance counter stats for './mandelbrot_omp 0.175 0.375 -0.1 0.1 16 8' (10 runs):

          1.697782      task-clock (msec)         #    1.243 CPUs utilized            ( +-  1.07% )
                25      context-switches          #    0.015 M/sec                    ( +-  1.68% )
                 7      cpu-migrations            #    0.004 M/sec                    ( +- 12.09% )
                90      page-faults               #    0.053 M/sec                    ( +-  0.28% )
   <not supported>      cycles                                                      
   <not supported>      instructions                                                
   <not supported>      branches                                                    
   <not supported>      branch-misses                                               

       0.001366340 seconds time elapsed                                          ( +-  1.30% )


 Performance counter stats for './mandelbrot_omp 0.175 0.375 -0.1 0.1 32 1' (10 runs):

          2.329607      task-clock (msec)         #    0.919 CPUs utilized            ( +-  0.39% )
                 0      context-switches          #    0.043 K/sec                    ( +-100.00% )
                 0      cpu-migrations            #    0.000 K/sec                  
                81      page-faults               #    0.035 M/sec                    ( +-  0.27% )
   <not supported>      cycles                                                      
   <not supported>      instructions                                                
   <not supported>      branches                                                    
   <not supported>      branch-misses                                               

       0.002535888 seconds time elapsed                                          ( +-  0.50% )


 Performance counter stats for './mandelbrot_omp 0.175 0.375 -0.1 0.1 32 2' (10 runs):

          2.633867      task-clock (msec)         #    1.462 CPUs utilized            ( +-  0.70% )
                 0      context-switches          #    0.038 K/sec                    ( +-100.00% )
                 0      cpu-migrations            #    0.000 K/sec                  
                83      page-faults               #    0.032 M/sec                    ( +-  0.25% )
   <not supported>      cycles                                                      
   <not supported>      instructions                                                
   <not supported>      branches                                                    
   <not supported>      branch-misses                                               

       0.001801202 seconds time elapsed                                          ( +-  0.71% )


 Performance counter stats for './mandelbrot_omp 0.175 0.375 -0.1 0.1 32 3' (10 runs):

          3.902206      task-clock (msec)         #    1.889 CPUs utilized            ( +- 24.94% )
                 0      context-switches          #    0.077 K/sec                    ( +- 71.15% )
                 0      cpu-migrations            #    0.026 K/sec                    ( +-100.00% )
                85      page-faults               #    0.022 M/sec                    ( +-  0.18% )
   <not supported>      cycles                                                      
   <not supported>      instructions                                                
   <not supported>      branches                                                    
   <not supported>      branch-misses                                               

       0.002065876 seconds time elapsed                                          ( +- 23.72% )


 Performance counter stats for './mandelbrot_omp 0.175 0.375 -0.1 0.1 32 4' (10 runs):

          6.734707      task-clock (msec)         #    2.530 CPUs utilized            ( +- 25.21% )
                 0      context-switches          #    0.030 K/sec                    ( +- 66.67% )
                 0      cpu-migrations            #    0.059 K/sec                    ( +- 40.82% )
                88      page-faults               #    0.013 M/sec                    ( +-  0.24% )
   <not supported>      cycles                                                      
   <not supported>      instructions                                                
   <not supported>      branches                                                    
   <not supported>      branch-misses                                               

       0.002662057 seconds time elapsed                                          ( +- 21.25% )


 Performance counter stats for './mandelbrot_omp 0.175 0.375 -0.1 0.1 32 5' (10 runs):

          2.889370      task-clock (msec)         #    1.797 CPUs utilized            ( +-  0.89% )
                12      context-switches          #    0.004 M/sec                    ( +-  2.29% )
                 4      cpu-migrations            #    0.001 M/sec                    ( +- 16.55% )
                90      page-faults               #    0.031 M/sec                    ( +-  0.34% )
   <not supported>      cycles                                                      
   <not supported>      instructions                                                
   <not supported>      branches                                                    
   <not supported>      branch-misses                                               

       0.001608177 seconds time elapsed                                          ( +-  0.70% )


 Performance counter stats for './mandelbrot_omp 0.175 0.375 -0.1 0.1 32 6' (10 runs):

          2.902556      task-clock (msec)         #    1.772 CPUs utilized            ( +-  0.71% )
                16      context-switches          #    0.006 M/sec                    ( +-  1.63% )
                 5      cpu-migrations            #    0.002 M/sec                    ( +- 10.67% )
                92      page-faults               #    0.032 M/sec                    ( +-  0.29% )
   <not supported>      cycles                                                      
   <not supported>      instructions                                                
   <not supported>      branches                                                    
   <not supported>      branch-misses                                               

       0.001637837 seconds time elapsed                                          ( +-  1.01% )


 Performance counter stats for './mandelbrot_omp 0.175 0.375 -0.1 0.1 32 7' (10 runs):

          3.033501      task-clock (msec)         #    1.786 CPUs utilized            ( +-  0.69% )
                21      context-switches          #    0.007 M/sec                    ( +-  1.00% )
                 6      cpu-migrations            #    0.002 M/sec                    ( +-  6.07% )
                94      page-faults               #    0.031 M/sec                    ( +-  0.28% )
   <not supported>      cycles                                                      
   <not supported>      instructions                                                
   <not supported>      branches                                                    
   <not supported>      branch-misses                                               

       0.001698427 seconds time elapsed                                          ( +-  1.02% )


 Performance counter stats for './mandelbrot_omp 0.175 0.375 -0.1 0.1 32 8' (10 runs):

          3.207356      task-clock (msec)         #    1.732 CPUs utilized            ( +-  1.02% )
                25      context-switches          #    0.008 M/sec                    ( +-  1.73% )
                 7      cpu-migrations            #    0.002 M/sec                    ( +-  9.02% )
                97      page-faults               #    0.030 M/sec                    ( +-  0.27% )
   <not supported>      cycles                                                      
   <not supported>      instructions                                                
   <not supported>      branches                                                    
   <not supported>      branch-misses                                               

       0.001851507 seconds time elapsed                                          ( +-  0.89% )


 Performance counter stats for './mandelbrot_omp 0.175 0.375 -0.1 0.1 64 1' (10 runs):

          7.780107      task-clock (msec)         #    0.972 CPUs utilized            ( +-  0.44% )
                 0      context-switches          #    0.000 K/sec                  
                 0      cpu-migrations            #    0.000 K/sec                  
               111      page-faults               #    0.014 M/sec                    ( +-  0.18% )
   <not supported>      cycles                                                      
   <not supported>      instructions                                                
   <not supported>      branches                                                    
   <not supported>      branch-misses                                               

       0.008000927 seconds time elapsed                                          ( +-  0.44% )


 Performance counter stats for './mandelbrot_omp 0.175 0.375 -0.1 0.1 64 2' (10 runs):

          8.096165      task-clock (msec)         #    1.758 CPUs utilized            ( +-  0.32% )
                 0      context-switches          #    0.037 K/sec                    ( +- 50.92% )
                 0      cpu-migrations            #    0.000 K/sec                  
               114      page-faults               #    0.014 M/sec                    ( +-  0.19% )
   <not supported>      cycles                                                      
   <not supported>      instructions                                                
   <not supported>      branches                                                    
   <not supported>      branch-misses                                               

       0.004605323 seconds time elapsed                                          ( +-  0.31% )


 Performance counter stats for './mandelbrot_omp 0.175 0.375 -0.1 0.1 64 3' (10 runs):

          8.826412      task-clock (msec)         #    2.424 CPUs utilized            ( +-  0.36% )
                 0      context-switches          #    0.011 K/sec                    ( +-100.00% )
                 0      cpu-migrations            #    0.000 K/sec                  
               115      page-faults               #    0.013 M/sec                    ( +-  0.16% )
   <not supported>      cycles                                                      
   <not supported>      instructions                                                
   <not supported>      branches                                                    
   <not supported>      branch-misses                                               

       0.003640638 seconds time elapsed                                          ( +-  0.37% )


 Performance counter stats for './mandelbrot_omp 0.175 0.375 -0.1 0.1 64 4' (10 runs):

         15.658403      task-clock (msec)         #    3.002 CPUs utilized            ( +- 20.95% )
                 1      context-switches          #    0.064 K/sec                    ( +- 21.08% )
                 0      cpu-migrations            #    0.032 K/sec                    ( +- 44.72% )
               118      page-faults               #    0.008 M/sec                    ( +-  0.14% )
   <not supported>      cycles                                                      
   <not supported>      instructions                                                
   <not supported>      branches                                                    
   <not supported>      branch-misses                                               

       0.005215521 seconds time elapsed                                          ( +- 20.98% )


 Performance counter stats for './mandelbrot_omp 0.175 0.375 -0.1 0.1 64 5' (10 runs):

          8.380256      task-clock (msec)         #    2.668 CPUs utilized            ( +-  0.54% )
                12      context-switches          #    0.001 M/sec                    ( +-  1.33% )
                 5      cpu-migrations            #    0.585 K/sec                    ( +- 10.29% )
               121      page-faults               #    0.014 M/sec                    ( +-  0.25% )
   <not supported>      cycles                                                      
   <not supported>      instructions                                                
   <not supported>      branches                                                    
   <not supported>      branch-misses                                               

       0.003141106 seconds time elapsed                                          ( +-  0.69% )


 Performance counter stats for './mandelbrot_omp 0.175 0.375 -0.1 0.1 64 6' (10 runs):

          8.609352      task-clock (msec)         #    2.633 CPUs utilized            ( +-  0.52% )
                17      context-switches          #    0.002 M/sec                    ( +-  3.20% )
                 6      cpu-migrations            #    0.674 K/sec                    ( +-  5.63% )
               122      page-faults               #    0.014 M/sec                    ( +-  0.12% )
   <not supported>      cycles                                                      
   <not supported>      instructions                                                
   <not supported>      branches                                                    
   <not supported>      branch-misses                                               

       0.003269563 seconds time elapsed                                          ( +-  0.42% )


 Performance counter stats for './mandelbrot_omp 0.175 0.375 -0.1 0.1 64 7' (10 runs):

          8.628786      task-clock (msec)         #    2.621 CPUs utilized            ( +-  0.35% )
                21      context-switches          #    0.002 M/sec                    ( +-  1.42% )
                 6      cpu-migrations            #    0.753 K/sec                    ( +-  7.34% )
               124      page-faults               #    0.014 M/sec                    ( +-  0.12% )
   <not supported>      cycles                                                      
   <not supported>      instructions                                                
   <not supported>      branches                                                    
   <not supported>      branch-misses                                               

       0.003291936 seconds time elapsed                                          ( +-  0.97% )


 Performance counter stats for './mandelbrot_omp 0.175 0.375 -0.1 0.1 64 8' (10 runs):

          8.777961      task-clock (msec)         #    2.588 CPUs utilized            ( +-  0.23% )
                25      context-switches          #    0.003 M/sec                    ( +-  1.60% )
                 7      cpu-migrations            #    0.809 K/sec                    ( +-  9.95% )
               127      page-faults               #    0.014 M/sec                    ( +-  0.26% )
   <not supported>      cycles                                                      
   <not supported>      instructions                                                
   <not supported>      branches                                                    
   <not supported>      branch-misses                                               

       0.003392325 seconds time elapsed                                          ( +-  0.53% )


 Performance counter stats for './mandelbrot_omp 0.175 0.375 -0.1 0.1 128 1' (10 runs):

         29.240762      task-clock (msec)         #    0.992 CPUs utilized            ( +-  0.19% )
                 0      context-switches          #    0.007 K/sec                    ( +- 66.67% )
                 0      cpu-migrations            #    0.000 K/sec                  
               231      page-faults               #    0.008 M/sec                    ( +-  0.07% )
   <not supported>      cycles                                                      
   <not supported>      instructions                                                
   <not supported>      branches                                                    
   <not supported>      branch-misses                                               

       0.029474247 seconds time elapsed                                          ( +-  0.20% )


 Performance counter stats for './mandelbrot_omp 0.175 0.375 -0.1 0.1 128 2' (10 runs):

         29.879959      task-clock (msec)         #    1.899 CPUs utilized            ( +-  0.17% )
                 0      context-switches          #    0.000 K/sec                  
                 0      cpu-migrations            #    0.000 K/sec                  
               233      page-faults               #    0.008 M/sec                    ( +-  0.09% )
   <not supported>      cycles                                                      
   <not supported>      instructions                                                
   <not supported>      branches                                                    
   <not supported>      branch-misses                                               

       0.015730546 seconds time elapsed                                          ( +-  0.16% )


 Performance counter stats for './mandelbrot_omp 0.175 0.375 -0.1 0.1 128 3' (10 runs):

         31.690928      task-clock (msec)         #    2.733 CPUs utilized            ( +-  0.47% )
                 0      context-switches          #    0.003 K/sec                    ( +-100.00% )
                 0      cpu-migrations            #    0.003 K/sec                    ( +-100.00% )
               235      page-faults               #    0.007 M/sec                    ( +-  0.12% )
   <not supported>      cycles                                                      
   <not supported>      instructions                                                
   <not supported>      branches                                                    
   <not supported>      branch-misses                                               

       0.011594188 seconds time elapsed                                          ( +-  0.70% )


 Performance counter stats for './mandelbrot_omp 0.175 0.375 -0.1 0.1 128 4' (10 runs):

         35.317951      task-clock (msec)         #    3.467 CPUs utilized            ( +-  3.90% )
                 1      context-switches          #    0.031 K/sec                    ( +- 16.32% )
                 0      cpu-migrations            #    0.008 K/sec                    ( +- 50.92% )
               239      page-faults               #    0.007 M/sec                    ( +-  0.08% )
   <not supported>      cycles                                                      
   <not supported>      instructions                                                
   <not supported>      branches                                                    
   <not supported>      branch-misses                                               

       0.010188230 seconds time elapsed                                          ( +-  4.56% )


 Performance counter stats for './mandelbrot_omp 0.175 0.375 -0.1 0.1 128 5' (10 runs):

         30.884364      task-clock (msec)         #    3.243 CPUs utilized            ( +-  0.37% )
                14      context-switches          #    0.453 K/sec                    ( +-  1.51% )
                 5      cpu-migrations            #    0.165 K/sec                    ( +-  7.98% )
               240      page-faults               #    0.008 M/sec                    ( +-  0.07% )
   <not supported>      cycles                                                      
   <not supported>      instructions                                                
   <not supported>      branches                                                    
   <not supported>      branch-misses                                               

       0.009523839 seconds time elapsed                                          ( +-  0.43% )


 Performance counter stats for './mandelbrot_omp 0.175 0.375 -0.1 0.1 128 6' (10 runs):

         31.145956      task-clock (msec)         #    3.241 CPUs utilized            ( +-  0.23% )
                18      context-switches          #    0.565 K/sec                    ( +-  1.93% )
                 6      cpu-migrations            #    0.202 K/sec                    ( +-  7.12% )
               243      page-faults               #    0.008 M/sec                    ( +-  0.09% )
   <not supported>      cycles                                                      
   <not supported>      instructions                                                
   <not supported>      branches                                                    
   <not supported>      branch-misses                                               

       0.009610261 seconds time elapsed                                          ( +-  0.40% )


 Performance counter stats for './mandelbrot_omp 0.175 0.375 -0.1 0.1 128 7' (10 runs):

         31.257534      task-clock (msec)         #    3.223 CPUs utilized            ( +-  0.24% )
                22      context-switches          #    0.707 K/sec                    ( +-  1.06% )
                 8      cpu-migrations            #    0.243 K/sec                    ( +-  6.85% )
               245      page-faults               #    0.008 M/sec                    ( +-  0.10% )
   <not supported>      cycles                                                      
   <not supported>      instructions                                                
   <not supported>      branches                                                    
   <not supported>      branch-misses                                               

       0.009698636 seconds time elapsed                                          ( +-  0.46% )


 Performance counter stats for './mandelbrot_omp 0.175 0.375 -0.1 0.1 128 8' (10 runs):

         31.292996      task-clock (msec)         #    3.213 CPUs utilized            ( +-  0.32% )
                26      context-switches          #    0.844 K/sec                    ( +-  1.29% )
                 8      cpu-migrations            #    0.262 K/sec                    ( +-  6.24% )
               246      page-faults               #    0.008 M/sec                    ( +-  0.11% )
   <not supported>      cycles                                                      
   <not supported>      instructions                                                
   <not supported>      branches                                                    
   <not supported>      branch-misses                                               

       0.009737990 seconds time elapsed                                          ( +-  0.28% )


 Performance counter stats for './mandelbrot_omp 0.175 0.375 -0.1 0.1 256 1' (10 runs):

        115.682732      task-clock (msec)         #    0.998 CPUs utilized            ( +-  0.09% )
                 0      context-switches          #    0.003 K/sec                    ( +- 71.15% )
                 0      cpu-migrations            #    0.000 K/sec                  
               712      page-faults               #    0.006 M/sec                    ( +-  0.04% )
   <not supported>      cycles                                                      
   <not supported>      instructions                                                
   <not supported>      branches                                                    
   <not supported>      branch-misses                                               

       0.115947734 seconds time elapsed                                          ( +-  0.09% )


 Performance counter stats for './mandelbrot_omp 0.175 0.375 -0.1 0.1 256 2' (10 runs):

        118.660332      task-clock (msec)         #    1.938 CPUs utilized            ( +-  0.13% )
                 0      context-switches          #    0.004 K/sec                    ( +- 33.33% )
                 0      cpu-migrations            #    0.000 K/sec                  
               714      page-faults               #    0.006 M/sec                    ( +-  0.04% )
   <not supported>      cycles                                                      
   <not supported>      instructions                                                
   <not supported>      branches                                                    
   <not supported>      branch-misses                                               

       0.061220005 seconds time elapsed                                          ( +-  0.13% )


 Performance counter stats for './mandelbrot_omp 0.175 0.375 -0.1 0.1 256 3' (10 runs):

        123.892751      task-clock (msec)         #    2.828 CPUs utilized            ( +-  0.26% )
                 0      context-switches          #    0.002 K/sec                    ( +- 71.15% )
                 0      cpu-migrations            #    0.000 K/sec                  
               716      page-faults               #    0.006 M/sec                    ( +-  0.03% )
   <not supported>      cycles                                                      
   <not supported>      instructions                                                
   <not supported>      branches                                                    
   <not supported>      branch-misses                                               

       0.043809301 seconds time elapsed                                          ( +-  0.46% )


 Performance counter stats for './mandelbrot_omp 0.175 0.375 -0.1 0.1 256 4' (10 runs):

        129.863580      task-clock (msec)         #    3.676 CPUs utilized            ( +-  0.68% )
                 4      context-switches          #    0.033 K/sec                    ( +-  7.79% )
                 0      cpu-migrations            #    0.003 K/sec                    ( +- 40.82% )
               719      page-faults               #    0.006 M/sec                    ( +-  0.04% )
   <not supported>      cycles                                                      
   <not supported>      instructions                                                
   <not supported>      branches                                                    
   <not supported>      branch-misses                                               

       0.035328220 seconds time elapsed                                          ( +-  0.94% )


 Performance counter stats for './mandelbrot_omp 0.175 0.375 -0.1 0.1 256 5' (10 runs):

        120.527959      task-clock (msec)         #    3.463 CPUs utilized            ( +-  0.22% )
                18      context-switches          #    0.151 K/sec                    ( +-  2.56% )
                 4      cpu-migrations            #    0.036 K/sec                    ( +- 10.99% )
               722      page-faults               #    0.006 M/sec                    ( +-  0.03% )
   <not supported>      cycles                                                      
   <not supported>      instructions                                                
   <not supported>      branches                                                    
   <not supported>      branch-misses                                               

       0.034804197 seconds time elapsed                                          ( +-  0.25% )


 Performance counter stats for './mandelbrot_omp 0.175 0.375 -0.1 0.1 256 6' (10 runs):

        120.322683      task-clock (msec)         #    3.471 CPUs utilized            ( +-  0.24% )
                24      context-switches          #    0.204 K/sec                    ( +-  1.39% )
                 6      cpu-migrations            #    0.052 K/sec                    ( +-  8.60% )
               723      page-faults               #    0.006 M/sec                    ( +-  0.04% )
   <not supported>      cycles                                                      
   <not supported>      instructions                                                
   <not supported>      branches                                                    
   <not supported>      branch-misses                                               

       0.034668315 seconds time elapsed                                          ( +-  0.39% )


 Performance counter stats for './mandelbrot_omp 0.175 0.375 -0.1 0.1 256 7' (10 runs):

        120.674586      task-clock (msec)         #    3.459 CPUs utilized            ( +-  0.23% )
                30      context-switches          #    0.246 K/sec                    ( +-  1.88% )
                 6      cpu-migrations            #    0.050 K/sec                    ( +-  7.86% )
               725      page-faults               #    0.006 M/sec                    ( +-  0.02% )
   <not supported>      cycles                                                      
   <not supported>      instructions                                                
   <not supported>      branches                                                    
   <not supported>      branch-misses                                               

       0.034885789 seconds time elapsed                                          ( +-  0.44% )


 Performance counter stats for './mandelbrot_omp 0.175 0.375 -0.1 0.1 256 8' (10 runs):

        121.068367      task-clock (msec)         #    3.452 CPUs utilized            ( +-  0.21% )
                34      context-switches          #    0.281 K/sec                    ( +-  1.64% )
                 7      cpu-migrations            #    0.056 K/sec                    ( +- 11.14% )
               727      page-faults               #    0.006 M/sec                    ( +-  0.02% )
   <not supported>      cycles                                                      
   <not supported>      instructions                                                
   <not supported>      branches                                                    
   <not supported>      branch-misses                                               

       0.035067474 seconds time elapsed                                          ( +-  0.36% )


 Performance counter stats for './mandelbrot_omp 0.175 0.375 -0.1 0.1 512 1' (10 runs):

        460.250612      task-clock (msec)         #    0.999 CPUs utilized            ( +-  0.11% )
                 1      context-switches          #    0.003 K/sec                    ( +- 23.08% )
                 0      cpu-migrations            #    0.000 K/sec                    ( +- 66.67% )
              2633      page-faults               #    0.006 M/sec                    ( +-  0.01% )
   <not supported>      cycles                                                      
   <not supported>      instructions                                                
   <not supported>      branches                                                    
   <not supported>      branch-misses                                               

       0.460640310 seconds time elapsed                                          ( +-  0.10% )


 Performance counter stats for './mandelbrot_omp 0.175 0.375 -0.1 0.1 512 2' (10 runs):

        470.586100      task-clock (msec)         #    1.951 CPUs utilized            ( +-  0.10% )
                 1      context-switches          #    0.002 K/sec                    ( +- 31.64% )
                 0      cpu-migrations            #    0.000 K/sec                  
              2634      page-faults               #    0.006 M/sec                    ( +-  0.01% )
   <not supported>      cycles                                                      
   <not supported>      instructions                                                
   <not supported>      branches                                                    
   <not supported>      branch-misses                                               

       0.241144682 seconds time elapsed                                          ( +-  0.14% )


 Performance counter stats for './mandelbrot_omp 0.175 0.375 -0.1 0.1 512 3' (10 runs):

        486.115219      task-clock (msec)         #    2.863 CPUs utilized            ( +-  0.14% )
                 1      context-switches          #    0.003 K/sec                    ( +- 32.30% )
                 0      cpu-migrations            #    0.000 K/sec                  
              2637      page-faults               #    0.005 M/sec                    ( +-  0.01% )
   <not supported>      cycles                                                      
   <not supported>      instructions                                                
   <not supported>      branches                                                    
   <not supported>      branch-misses                                               

       0.169805724 seconds time elapsed                                          ( +-  0.20% )


 Performance counter stats for './mandelbrot_omp 0.175 0.375 -0.1 0.1 512 4' (10 runs):

        505.628558      task-clock (msec)         #    3.730 CPUs utilized            ( +-  0.37% )
                10      context-switches          #    0.020 K/sec                    ( +-  8.69% )
                 0      cpu-migrations            #    0.001 K/sec                    ( +- 50.92% )
              2640      page-faults               #    0.005 M/sec                    ( +-  0.01% )
   <not supported>      cycles                                                      
   <not supported>      instructions                                                
   <not supported>      branches                                                    
   <not supported>      branch-misses                                               

       0.135558862 seconds time elapsed                                          ( +-  0.44% )


 Performance counter stats for './mandelbrot_omp 0.175 0.375 -0.1 0.1 512 5' (10 runs):

        477.771434      task-clock (msec)         #    3.540 CPUs utilized            ( +-  0.13% )
                28      context-switches          #    0.059 K/sec                    ( +-  2.78% )
                 5      cpu-migrations            #    0.010 K/sec                    ( +-  3.66% )
              2642      page-faults               #    0.006 M/sec                    ( +-  0.01% )
   <not supported>      cycles                                                      
   <not supported>      instructions                                                
   <not supported>      branches                                                    
   <not supported>      branch-misses                                               

       0.134951696 seconds time elapsed                                          ( +-  0.32% )


 Performance counter stats for './mandelbrot_omp 0.175 0.375 -0.1 0.1 512 6' (10 runs):

        477.725515      task-clock (msec)         #    3.531 CPUs utilized            ( +-  0.14% )
                41      context-switches          #    0.086 K/sec                    ( +-  1.64% )
                 7      cpu-migrations            #    0.014 K/sec                    ( +-  5.47% )
              2643      page-faults               #    0.006 M/sec                    ( +-  0.01% )
   <not supported>      cycles                                                      
   <not supported>      instructions                                                
   <not supported>      branches                                                    
   <not supported>      branch-misses                                               

       0.135276476 seconds time elapsed                                          ( +-  0.36% )


 Performance counter stats for './mandelbrot_omp 0.175 0.375 -0.1 0.1 512 7' (10 runs):

        477.527488      task-clock (msec)         #    3.540 CPUs utilized            ( +-  0.13% )
                53      context-switches          #    0.111 K/sec                    ( +-  2.37% )
                 7      cpu-migrations            #    0.015 K/sec                    ( +-  8.35% )
              2645      page-faults               #    0.006 M/sec                    ( +-  0.01% )
   <not supported>      cycles                                                      
   <not supported>      instructions                                                
   <not supported>      branches                                                    
   <not supported>      branch-misses                                               

       0.134891199 seconds time elapsed                                          ( +-  0.35% )


 Performance counter stats for './mandelbrot_omp 0.175 0.375 -0.1 0.1 512 8' (10 runs):

        477.908597      task-clock (msec)         #    3.539 CPUs utilized            ( +-  0.11% )
                59      context-switches          #    0.124 K/sec                    ( +-  2.96% )
                 9      cpu-migrations            #    0.019 K/sec                    ( +-  6.84% )
              2648      page-faults               #    0.006 M/sec                    ( +-  0.01% )
   <not supported>      cycles                                                      
   <not supported>      instructions                                                
   <not supported>      branches                                                    
   <not supported>      branch-misses                                               

       0.135026324 seconds time elapsed                                          ( +-  0.29% )


 Performance counter stats for './mandelbrot_omp 0.175 0.375 -0.1 0.1 1024 1' (10 runs):

       1844.518687      task-clock (msec)         #    0.996 CPUs utilized            ( +-  0.09% )
                 6      context-switches          #    0.003 K/sec                    ( +-  9.30% )
                 1      cpu-migrations            #    0.000 K/sec                    ( +- 27.22% )
             10312      page-faults               #    0.006 M/sec                    ( +-  0.00% )
   <not supported>      cycles                                                      
   <not supported>      instructions                                                
   <not supported>      branches                                                    
   <not supported>      branch-misses                                               

       1.852657995 seconds time elapsed                                          ( +-  0.16% )


 Performance counter stats for './mandelbrot_omp 0.175 0.375 -0.1 0.1 1024 2' (10 runs):

       1859.139476      task-clock (msec)         #    1.924 CPUs utilized            ( +-  0.07% )
                 7      context-switches          #    0.003 K/sec                    ( +-  5.73% )
                 0      cpu-migrations            #    0.000 K/sec                    ( +- 33.33% )
             10314      page-faults               #    0.006 M/sec                    ( +-  0.00% )
   <not supported>      cycles                                                      
   <not supported>      instructions                                                
   <not supported>      branches                                                    
   <not supported>      branch-misses                                               

       0.966149866 seconds time elapsed                                          ( +-  0.13% )


 Performance counter stats for './mandelbrot_omp 0.175 0.375 -0.1 0.1 1024 3' (10 runs):

       1906.123192      task-clock (msec)         #    2.800 CPUs utilized            ( +-  0.15% )
                 8      context-switches          #    0.004 K/sec                    ( +-  5.95% )
                 0      cpu-migrations            #    0.000 K/sec                    ( +- 44.72% )
             10316      page-faults               #    0.005 M/sec                    ( +-  0.00% )
   <not supported>      cycles                                                      
   <not supported>      instructions                                                
   <not supported>      branches                                                    
   <not supported>      branch-misses                                               

       0.680763209 seconds time elapsed                                          ( +-  0.22% )


 Performance counter stats for './mandelbrot_omp 0.175 0.375 -0.1 0.1 1024 4' (10 runs):

       1938.440471      task-clock (msec)         #    3.627 CPUs utilized            ( +-  0.13% )
                12      context-switches          #    0.006 K/sec                    ( +- 10.17% )
                 1      cpu-migrations            #    0.001 K/sec                    ( +- 30.49% )
             10320      page-faults               #    0.005 M/sec                    ( +-  0.00% )
   <not supported>      cycles                                                      
   <not supported>      instructions                                                
   <not supported>      branches                                                    
   <not supported>      branch-misses                                               

       0.534450123 seconds time elapsed                                          ( +-  0.22% )


 Performance counter stats for './mandelbrot_omp 0.175 0.375 -0.1 0.1 1024 5' (10 runs):

       1899.921154      task-clock (msec)         #    3.563 CPUs utilized            ( +-  0.15% )
                59      context-switches          #    0.031 K/sec                    ( +-  2.19% )
                11      cpu-migrations            #    0.006 K/sec                    ( +-  6.69% )
             10321      page-faults               #    0.005 M/sec                    ( +-  0.00% )
   <not supported>      cycles                                                      
   <not supported>      instructions                                                
   <not supported>      branches                                                    
   <not supported>      branch-misses                                               

       0.533293111 seconds time elapsed                                          ( +-  0.34% )


 Performance counter stats for './mandelbrot_omp 0.175 0.375 -0.1 0.1 1024 6' (10 runs):

       1906.497741      task-clock (msec)         #    3.548 CPUs utilized            ( +-  0.16% )
               100      context-switches          #    0.052 K/sec                    ( +-  1.01% )
                17      cpu-migrations            #    0.009 K/sec                    ( +-  8.83% )
             10324      page-faults               #    0.005 M/sec                    ( +-  0.00% )
   <not supported>      cycles                                                      
   <not supported>      instructions                                                
   <not supported>      branches                                                    
   <not supported>      branch-misses                                               

       0.537280903 seconds time elapsed                                          ( +-  0.47% )


 Performance counter stats for './mandelbrot_omp 0.175 0.375 -0.1 0.1 1024 7' (10 runs):

       1887.215853      task-clock (msec)         #    3.540 CPUs utilized            ( +-  0.22% )
               139      context-switches          #    0.074 K/sec                    ( +-  0.68% )
                13      cpu-migrations            #    0.007 K/sec                    ( +-  6.78% )
             10325      page-faults               #    0.005 M/sec                    ( +-  0.00% )
   <not supported>      cycles                                                      
   <not supported>      instructions                                                
   <not supported>      branches                                                    
   <not supported>      branch-misses                                               

       0.533065956 seconds time elapsed                                          ( +-  0.47% )


 Performance counter stats for './mandelbrot_omp 0.175 0.375 -0.1 0.1 1024 8' (10 runs):

       1905.265735      task-clock (msec)         #    3.548 CPUs utilized            ( +-  0.11% )
               165      context-switches          #    0.086 K/sec                    ( +-  1.76% )
                14      cpu-migrations            #    0.008 K/sec                    ( +-  7.98% )
             10327      page-faults               #    0.005 M/sec                    ( +-  0.00% )
   <not supported>      cycles                                                      
   <not supported>      instructions                                                
   <not supported>      branches                                                    
   <not supported>      branch-misses                                               

       0.536924926 seconds time elapsed                                          ( +-  0.46% )


 Performance counter stats for './mandelbrot_omp 0.175 0.375 -0.1 0.1 2048 1' (10 runs):

       7367.947258      task-clock (msec)         #    0.996 CPUs utilized            ( +-  0.09% )
                25      context-switches          #    0.003 K/sec                    ( +-  1.36% )
                 1      cpu-migrations            #    0.000 K/sec                    ( +- 56.54% )
             41033      page-faults               #    0.006 M/sec                    ( +-  0.00% )
   <not supported>      cycles                                                      
   <not supported>      instructions                                                
   <not supported>      branches                                                    
   <not supported>      branch-misses                                               

       7.395079584 seconds time elapsed                                          ( +-  0.10% )


 Performance counter stats for './mandelbrot_omp 0.175 0.375 -0.1 0.1 2048 2' (10 runs):

       7380.183829      task-clock (msec)         #    1.921 CPUs utilized            ( +-  0.05% )
                29      context-switches          #    0.004 K/sec                    ( +-  2.78% )
                 1      cpu-migrations            #    0.000 K/sec                    ( +- 21.82% )
             41034      page-faults               #    0.006 M/sec                    ( +-  0.00% )
   <not supported>      cycles                                                      
   <not supported>      instructions                                                
   <not supported>      branches                                                    
   <not supported>      branch-misses                                               

       3.841026129 seconds time elapsed                                          ( +-  0.05% )


 Performance counter stats for './mandelbrot_omp 0.175 0.375 -0.1 0.1 2048 3' (10 runs):

       7529.179701      task-clock (msec)         #    2.785 CPUs utilized            ( +-  0.06% )
                30      context-switches          #    0.004 K/sec                    ( +-  5.30% )
                 1      cpu-migrations            #    0.000 K/sec                    ( +- 16.67% )
             41037      page-faults               #    0.005 M/sec                    ( +-  0.00% )
   <not supported>      cycles                                                      
   <not supported>      instructions                                                
   <not supported>      branches                                                    
   <not supported>      branch-misses                                               

       2.703372275 seconds time elapsed                                          ( +-  0.15% )


 Performance counter stats for './mandelbrot_omp 0.175 0.375 -0.1 0.1 2048 4' (10 runs):

       7641.364899      task-clock (msec)         #    3.581 CPUs utilized            ( +-  0.21% )
                40      context-switches          #    0.005 K/sec                    ( +-  4.99% )
                 2      cpu-migrations            #    0.000 K/sec                    ( +- 15.94% )
             41039      page-faults               #    0.005 M/sec                    ( +-  0.00% )
   <not supported>      cycles                                                      
   <not supported>      instructions                                                
   <not supported>      branches                                                    
   <not supported>      branch-misses                                               

       2.133879464 seconds time elapsed                                          ( +-  0.42% )


 Performance counter stats for './mandelbrot_omp 0.175 0.375 -0.1 0.1 2048 5' (10 runs):

       7555.358571      task-clock (msec)         #    3.581 CPUs utilized            ( +-  0.23% )
               197      context-switches          #    0.026 K/sec                    ( +-  0.68% )
                32      cpu-migrations            #    0.004 K/sec                    ( +-  5.42% )
             41042      page-faults               #    0.005 M/sec                    ( +-  0.00% )
   <not supported>      cycles                                                      
   <not supported>      instructions                                                
   <not supported>      branches                                                    
   <not supported>      branch-misses                                               

       2.109906374 seconds time elapsed                                          ( +-  0.28% )


 Performance counter stats for './mandelbrot_omp 0.175 0.375 -0.1 0.1 2048 6' (10 runs):

       7590.737521      task-clock (msec)         #    3.566 CPUs utilized            ( +-  0.09% )
               353      context-switches          #    0.046 K/sec                    ( +-  0.41% )
                43      cpu-migrations            #    0.006 K/sec                    ( +-  3.07% )
             41044      page-faults               #    0.005 M/sec                    ( +-  0.00% )
   <not supported>      cycles                                                      
   <not supported>      instructions                                                
   <not supported>      branches                                                    
   <not supported>      branch-misses                                               

       2.128345808 seconds time elapsed                                          ( +-  0.31% )


 Performance counter stats for './mandelbrot_omp 0.175 0.375 -0.1 0.1 2048 7' (10 runs):

       7584.954118      task-clock (msec)         #    3.568 CPUs utilized            ( +-  0.08% )
               501      context-switches          #    0.066 K/sec                    ( +-  0.27% )
                31      cpu-migrations            #    0.004 K/sec                    ( +-  4.03% )
             41046      page-faults               #    0.005 M/sec                    ( +-  0.00% )
   <not supported>      cycles                                                      
   <not supported>      instructions                                                
   <not supported>      branches                                                    
   <not supported>      branch-misses                                               

       2.125805810 seconds time elapsed                                          ( +-  0.29% )


 Performance counter stats for './mandelbrot_omp 0.175 0.375 -0.1 0.1 2048 8' (10 runs):

       7587.332534      task-clock (msec)         #    3.574 CPUs utilized            ( +-  0.07% )
               653      context-switches          #    0.086 K/sec                    ( +-  0.22% )
                13      cpu-migrations            #    0.002 K/sec                    ( +-  7.07% )
             41047      page-faults               #    0.005 M/sec                    ( +-  0.00% )
   <not supported>      cycles                                                      
   <not supported>      instructions                                                
   <not supported>      branches                                                    
   <not supported>      branch-misses                                               

       2.123044364 seconds time elapsed                                          ( +-  0.18% )


 Performance counter stats for './mandelbrot_omp 0.175 0.375 -0.1 0.1 4096 1' (10 runs):

      29364.622629      task-clock (msec)         #    0.997 CPUs utilized            ( +-  0.05% )
               106      context-switches          #    0.004 K/sec                    ( +-  3.63% )
                 1      cpu-migrations            #    0.000 K/sec                    ( +- 42.86% )
            163912      page-faults               #    0.006 M/sec                    ( +-  0.00% )
   <not supported>      cycles                                                      
   <not supported>      instructions                                                
   <not supported>      branches                                                    
   <not supported>      branch-misses                                               

      29.465220352 seconds time elapsed                                          ( +-  0.05% )


 Performance counter stats for './mandelbrot_omp 0.175 0.375 -0.1 0.1 4096 2' (10 runs):

      29447.469962      task-clock (msec)         #    1.924 CPUs utilized            ( +-  0.04% )
                92      context-switches          #    0.003 K/sec                    ( +-  3.92% )
                 1      cpu-migrations            #    0.000 K/sec                    ( +- 31.64% )
            163914      page-faults               #    0.006 M/sec                    ( +-  0.00% )
   <not supported>      cycles                                                      
   <not supported>      instructions                                                
   <not supported>      branches                                                    
   <not supported>      branch-misses                                               

      15.306280462 seconds time elapsed                                          ( +-  0.05% )


 Performance counter stats for './mandelbrot_omp 0.175 0.375 -0.1 0.1 4096 3' (10 runs):

      30019.082744      task-clock (msec)         #    2.790 CPUs utilized            ( +-  0.07% )
               112      context-switches          #    0.004 K/sec                    ( +-  2.74% )
                 1      cpu-migrations            #    0.000 K/sec                    ( +- 42.07% )
            163916      page-faults               #    0.005 M/sec                    ( +-  0.00% )
   <not supported>      cycles                                                      
   <not supported>      instructions                                                
   <not supported>      branches                                                    
   <not supported>      branch-misses                                               

      10.760574146 seconds time elapsed                                          ( +-  0.07% )


 Performance counter stats for './mandelbrot_omp 0.175 0.375 -0.1 0.1 4096 4' (10 runs):

      30299.008173      task-clock (msec)         #    3.601 CPUs utilized            ( +-  0.03% )
               126      context-switches          #    0.004 K/sec                    ( +-  3.25% )
                 2      cpu-migrations            #    0.000 K/sec                    ( +- 25.36% )
            163919      page-faults               #    0.005 M/sec                    ( +-  0.00% )
   <not supported>      cycles                                                      
   <not supported>      instructions                                                
   <not supported>      branches                                                    
   <not supported>      branch-misses                                               

       8.414332275 seconds time elapsed                                          ( +-  0.05% )


 Performance counter stats for './mandelbrot_omp 0.175 0.375 -0.1 0.1 4096 5' (10 runs):

      30266.419038      task-clock (msec)         #    3.592 CPUs utilized            ( +-  0.03% )
               779      context-switches          #    0.026 K/sec                    ( +-  3.17% )
               122      cpu-migrations            #    0.004 K/sec                    ( +-  5.03% )
            163921      page-faults               #    0.005 M/sec                    ( +-  0.00% )
   <not supported>      cycles                                                      
   <not supported>      instructions                                                
   <not supported>      branches                                                    
   <not supported>      branch-misses                                               

       8.425458803 seconds time elapsed                                          ( +-  0.09% )


 Performance counter stats for './mandelbrot_omp 0.175 0.375 -0.1 0.1 4096 6' (10 runs):

      30285.510916      task-clock (msec)         #    3.594 CPUs utilized            ( +-  0.05% )
              1366      context-switches          #    0.045 K/sec                    ( +-  0.35% )
               161      cpu-migrations            #    0.005 K/sec                    ( +-  6.00% )
            163924      page-faults               #    0.005 M/sec                    ( +-  0.00% )
   <not supported>      cycles                                                      
   <not supported>      instructions                                                
   <not supported>      branches                                                    
   <not supported>      branch-misses                                               

       8.425847532 seconds time elapsed                                          ( +-  0.15% )


 Performance counter stats for './mandelbrot_omp 0.175 0.375 -0.1 0.1 4096 7' (10 runs):

      30231.996247      task-clock (msec)         #    3.596 CPUs utilized            ( +-  0.02% )
              1966      context-switches          #    0.065 K/sec                    ( +-  0.19% )
               102      cpu-migrations            #    0.003 K/sec                    ( +-  8.64% )
            163925      page-faults               #    0.005 M/sec                    ( +-  0.00% )
   <not supported>      cycles                                                      
   <not supported>      instructions                                                
   <not supported>      branches                                                    
   <not supported>      branch-misses                                               

       8.406784946 seconds time elapsed                                          ( +-  0.04% )


 Performance counter stats for './mandelbrot_omp 0.175 0.375 -0.1 0.1 4096 8' (10 runs):

      30254.913428      task-clock (msec)         #    3.594 CPUs utilized            ( +-  0.03% )
              2549      context-switches          #    0.084 K/sec                    ( +-  0.23% )
                20      cpu-migrations            #    0.001 K/sec                    ( +- 24.50% )
            163927      page-faults               #    0.005 M/sec                    ( +-  0.00% )
   <not supported>      cycles                                                      
   <not supported>      instructions                                                
   <not supported>      branches                                                    
   <not supported>      branch-misses                                               

       8.418805626 seconds time elapsed                                          ( +-  0.09% )


 Performance counter stats for './mandelbrot_omp 0.175 0.375 -0.1 0.1 8192 1' (10 runs):

     117027.101528      task-clock (msec)         #    0.996 CPUs utilized            ( +-  0.03% )
               326      context-switches          #    0.003 K/sec                    ( +-  3.51% )
                 1      cpu-migrations            #    0.000 K/sec                    ( +- 50.92% )
            655432      page-faults               #    0.006 M/sec                    ( +-  0.00% )
   <not supported>      cycles                                                      
   <not supported>      instructions                                                
   <not supported>      branches                                                    
   <not supported>      branch-misses                                               

     117.486718413 seconds time elapsed                                          ( +-  0.03% )


 Performance counter stats for './mandelbrot_omp 0.175 0.375 -0.1 0.1 8192 2' (10 runs):

     117643.905033      task-clock (msec)         #    1.920 CPUs utilized            ( +-  0.06% )
               353      context-switches          #    0.003 K/sec                    ( +-  2.60% )
                 1      cpu-migrations            #    0.000 K/sec                    ( +- 67.51% )
            655434      page-faults               #    0.006 M/sec                    ( +-  0.00% )
   <not supported>      cycles                                                      
   <not supported>      instructions                                                
   <not supported>      branches                                                    
   <not supported>      branch-misses                                               

      61.277625896 seconds time elapsed                                          ( +-  0.10% )


 Performance counter stats for './mandelbrot_omp 0.175 0.375 -0.1 0.1 8192 3' (10 runs):

     120104.104592      task-clock (msec)         #    2.780 CPUs utilized            ( +-  0.06% )
               372      context-switches          #    0.003 K/sec                    ( +-  5.93% )
                 1      cpu-migrations            #    0.000 K/sec                    ( +-100.00% )
            655436      page-faults               #    0.005 M/sec                    ( +-  0.00% )
   <not supported>      cycles                                                      
   <not supported>      instructions                                                
   <not supported>      branches                                                    
   <not supported>      branch-misses                                               

      43.206057441 seconds time elapsed                                          ( +-  0.14% )


 Performance counter stats for './mandelbrot_omp 0.175 0.375 -0.1 0.1 8192 4' (10 runs):

     120948.740063      task-clock (msec)         #    3.602 CPUs utilized            ( +-  0.03% )
               409      context-switches          #    0.003 K/sec                    ( +-  6.29% )
                15      cpu-migrations            #    0.000 K/sec                    ( +- 59.97% )
            655439      page-faults               #    0.005 M/sec                    ( +-  0.00% )
   <not supported>      cycles                                                      
   <not supported>      instructions                                                
   <not supported>      branches                                                    
   <not supported>      branch-misses                                               

      33.582440995 seconds time elapsed                                          ( +-  0.16% )


 Performance counter stats for './mandelbrot_omp 0.175 0.375 -0.1 0.1 8192 5' (10 runs):

     120722.156980      task-clock (msec)         #    3.598 CPUs utilized            ( +-  0.06% )
              2870      context-switches          #    0.024 K/sec                    ( +-  0.55% )
               461      cpu-migrations            #    0.004 K/sec                    ( +-  5.14% )
            655441      page-faults               #    0.005 M/sec                    ( +-  0.00% )
   <not supported>      cycles                                                      
   <not supported>      instructions                                                
   <not supported>      branches                                                    
   <not supported>      branch-misses                                               

      33.555507301 seconds time elapsed                                          ( +-  0.13% )


 Performance counter stats for './mandelbrot_omp 0.175 0.375 -0.1 0.1 8192 6' (10 runs):

     119905.374144      task-clock (msec)         #    3.593 CPUs utilized            ( +-  0.15% )
              5232      context-switches          #    0.044 K/sec                    ( +-  0.42% )
               628      cpu-migrations            #    0.005 K/sec                    ( +-  4.26% )
            655443      page-faults               #    0.005 M/sec                  
   <not supported>      cycles                                                      
   <not supported>      instructions                                                
   <not supported>      branches                                                    
   <not supported>      branch-misses                                               

      33.369789547 seconds time elapsed                                          ( +-  0.19% )


 Performance counter stats for './mandelbrot_omp 0.175 0.375 -0.1 0.1 8192 7' (10 runs):

     119899.658786      task-clock (msec)         #    3.595 CPUs utilized            ( +-  0.03% )
              7738      context-switches          #    0.065 K/sec                    ( +-  1.17% )
               362      cpu-migrations            #    0.003 K/sec                    ( +- 11.54% )
            655446      page-faults               #    0.005 M/sec                    ( +-  0.00% )
   <not supported>      cycles                                                      
   <not supported>      instructions                                                
   <not supported>      branches                                                    
   <not supported>      branch-misses                                               

      33.349029735 seconds time elapsed                                          ( +-  0.10% )


 Performance counter stats for './mandelbrot_omp 0.175 0.375 -0.1 0.1 8192 8' (10 runs):

     119966.877221      task-clock (msec)         #    3.589 CPUs utilized            ( +-  0.04% )
             10004      context-switches          #    0.083 K/sec                    ( +-  0.10% )
                15      cpu-migrations            #    0.000 K/sec                    ( +-  9.91% )
            655447      page-faults               #    0.005 M/sec                    ( +-  0.00% )
   <not supported>      cycles                                                      
   <not supported>      instructions                                                
   <not supported>      branches                                                    
   <not supported>      branch-misses                                               

      33.421903346 seconds time elapsed                                          ( +-  0.17% )

