
 Performance counter stats for './mandelbrot_cuda -2.5 1.5 -2.0 2.0 4096' (15 runs):

           1011.51 msec task-clock:u              #    0.856 CPUs utilized            ( +-  0.62% )
                 0      context-switches:u        #    0.000 K/sec                  
                 0      cpu-migrations:u          #    0.000 K/sec                  
             29682      page-faults:u             #    0.029 M/sec                    ( +-  0.00% )
        2826165363      cycles:u                  #    2.794 GHz                      ( +-  0.72% )  (83.15%)
           5649768      stalled-cycles-frontend:u #    0.20% frontend cycles idle     ( +-  4.56% )  (83.31%)
         870915682      stalled-cycles-backend:u  #   30.82% backend cycles idle      ( +-  8.22% )  (83.40%)
        8703337809      instructions:u            #    3.08  insn per cycle         
                                                  #    0.10  stalled cycles per insn  ( +-  0.18% )  (83.42%)
        1865710654      branches:u                # 1844.487 M/sec                    ( +-  0.17% )  (83.57%)
            283482      branch-misses:u           #    0.02% of all branches          ( +-  2.94% )  (83.15%)

            1.1823 +- 0.0205 seconds time elapsed  ( +-  1.73% )

./mandelbrot_cuda: Interrupt
./mandelbrot_cuda: Interrupt
./mandelbrot_cuda: Interrupt
./mandelbrot_cuda: Interrupt
./mandelbrot_cuda: Interrupt
./mandelbrot_cuda: Interrupt

 Performance counter stats for './mandelbrot_cuda -2.5 1.5 -2.0 2.0 16' (10 runs):

            301.01 msec task-clock:u              #    0.832 CPUs utilized            ( +-  1.25% )
                 0      context-switches:u        #    0.000 K/sec                  
                 0      cpu-migrations:u          #    0.000 K/sec                  
              5108      page-faults:u             #    0.017 M/sec                    ( +-  0.02% )
          53312441      cycles:u                  #    0.177 GHz                      ( +-  4.09% )  (83.20%)
           2689837      stalled-cycles-frontend:u #    5.05% frontend cycles idle     ( +-  3.25% )  (83.08%)
          15674566      stalled-cycles-backend:u  #   29.40% backend cycles idle      ( +-  5.41% )  (83.24%)
          68468077      instructions:u            #    1.28  insn per cycle         
                                                  #    0.23  stalled cycles per insn  ( +-  8.20% )  (83.94%)
          15944675      branches:u                #   52.971 M/sec                    ( +-  7.65% )  (83.43%)
            181143      branch-misses:u           #    1.14% of all branches          ( +-  4.99% )  (83.11%)

           0.36164 +- 0.00725 seconds time elapsed  ( +-  2.00% )


 Performance counter stats for './mandelbrot_cuda -2.5 1.5 -2.0 2.0 32' (10 runs):

            285.74 msec task-clock:u              #    0.833 CPUs utilized            ( +-  1.10% )
                 0      context-switches:u        #    0.000 K/sec                  
                 0      cpu-migrations:u          #    0.000 K/sec                  
              5105      page-faults:u             #    0.018 M/sec                    ( +-  0.01% )
          49975423      cycles:u                  #    0.175 GHz                      ( +-  8.18% )  (83.03%)
           2937962      stalled-cycles-frontend:u #    5.88% frontend cycles idle     ( +-  2.23% )  (83.18%)
          14623403      stalled-cycles-backend:u  #   29.26% backend cycles idle      ( +-  7.35% )  (83.39%)
          74878700      instructions:u            #    1.50  insn per cycle         
                                                  #    0.20  stalled cycles per insn  ( +-  8.63% )  (83.40%)
          16513813      branches:u                #   57.793 M/sec                    ( +-  5.85% )  (83.75%)
            183892      branch-misses:u           #    1.11% of all branches          ( +-  4.24% )  (83.25%)

           0.34313 +- 0.00455 seconds time elapsed  ( +-  1.33% )


 Performance counter stats for './mandelbrot_cuda -2.5 1.5 -2.0 2.0 64' (10 runs):

            282.36 msec task-clock:u              #    0.808 CPUs utilized            ( +-  1.03% )
                 0      context-switches:u        #    0.000 K/sec                  
                 0      cpu-migrations:u          #    0.000 K/sec                  
              5110      page-faults:u             #    0.018 M/sec                    ( +-  0.02% )
          57344812      cycles:u                  #    0.203 GHz                      ( +-  4.74% )  (82.71%)
           2811954      stalled-cycles-frontend:u #    4.90% frontend cycles idle     ( +-  6.64% )  (82.97%)
          16681514      stalled-cycles-backend:u  #   29.09% backend cycles idle      ( +-  4.60% )  (83.36%)
          82894961      instructions:u            #    1.45  insn per cycle         
                                                  #    0.20  stalled cycles per insn  ( +-  4.64% )  (83.78%)
          17800802      branches:u                #   63.043 M/sec                    ( +-  5.58% )  (83.93%)
            188399      branch-misses:u           #    1.06% of all branches          ( +-  6.18% )  (83.24%)

           0.34925 +- 0.00639 seconds time elapsed  ( +-  1.83% )


 Performance counter stats for './mandelbrot_cuda -2.5 1.5 -2.0 2.0 128' (10 runs):

            285.03 msec task-clock:u              #    0.802 CPUs utilized            ( +-  0.72% )
                 0      context-switches:u        #    0.000 K/sec                  
                 0      cpu-migrations:u          #    0.000 K/sec                  
              5127      page-faults:u             #    0.018 M/sec                    ( +-  0.02% )
          53552377      cycles:u                  #    0.188 GHz                      ( +-  3.55% )  (82.97%)
           2541181      stalled-cycles-frontend:u #    4.75% frontend cycles idle     ( +-  5.39% )  (83.26%)
          16331431      stalled-cycles-backend:u  #   30.50% backend cycles idle      ( +-  4.63% )  (83.12%)
          81573282      instructions:u            #    1.52  insn per cycle         
                                                  #    0.20  stalled cycles per insn  ( +-  4.88% )  (83.53%)
          16435352      branches:u                #   57.661 M/sec                    ( +-  6.52% )  (83.81%)
            185799      branch-misses:u           #    1.13% of all branches          ( +-  7.12% )  (83.31%)

           0.35535 +- 0.00898 seconds time elapsed  ( +-  2.53% )


 Performance counter stats for './mandelbrot_cuda -2.5 1.5 -2.0 2.0 256' (10 runs):

            292.28 msec task-clock:u              #    0.822 CPUs utilized            ( +-  0.87% )
                 0      context-switches:u        #    0.000 K/sec                  
                 0      cpu-migrations:u          #    0.000 K/sec                  
              5202      page-faults:u             #    0.018 M/sec                    ( +-  0.01% )
          64027814      cycles:u                  #    0.219 GHz                      ( +-  6.32% )  (82.77%)
           2956470      stalled-cycles-frontend:u #    4.62% frontend cycles idle     ( +-  5.58% )  (83.36%)
          18716760      stalled-cycles-backend:u  #   29.23% backend cycles idle      ( +-  5.17% )  (83.10%)
         120003884      instructions:u            #    1.87  insn per cycle         
                                                  #    0.16  stalled cycles per insn  ( +-  4.05% )  (83.63%)
          25950032      branches:u                #   88.785 M/sec                    ( +-  3.55% )  (83.77%)
            191700      branch-misses:u           #    0.74% of all branches          ( +-  3.54% )  (83.37%)

           0.35556 +- 0.00578 seconds time elapsed  ( +-  1.63% )


 Performance counter stats for './mandelbrot_cuda -2.5 1.5 -2.0 2.0 512' (10 runs):

            303.69 msec task-clock:u              #    0.818 CPUs utilized            ( +-  0.90% )
                 0      context-switches:u        #    0.000 K/sec                  
                 0      cpu-migrations:u          #    0.000 K/sec                  
              5490      page-faults:u             #    0.018 M/sec                    ( +-  0.01% )
          96857580      cycles:u                  #    0.319 GHz                      ( +-  2.07% )  (82.94%)
           2848332      stalled-cycles-frontend:u #    2.94% frontend cycles idle     ( +-  4.58% )  (83.40%)
          29332742      stalled-cycles-backend:u  #   30.28% backend cycles idle      ( +-  8.46% )  (83.39%)
         216678082      instructions:u            #    2.24  insn per cycle         
                                                  #    0.14  stalled cycles per insn  ( +-  3.51% )  (83.32%)
          46221320      branches:u                #  152.199 M/sec                    ( +-  4.98% )  (83.51%)
            200790      branch-misses:u           #    0.43% of all branches          ( +-  2.62% )  (83.44%)

           0.37114 +- 0.00747 seconds time elapsed  ( +-  2.01% )


 Performance counter stats for './mandelbrot_cuda -2.5 1.5 -2.0 2.0 1024' (10 runs):

            329.85 msec task-clock:u              #    0.834 CPUs utilized            ( +-  0.74% )
                 0      context-switches:u        #    0.000 K/sec                  
                 0      cpu-migrations:u          #    0.000 K/sec                  
              6642      page-faults:u             #    0.020 M/sec                    ( +-  0.01% )
         238081228      cycles:u                  #    0.722 GHz                      ( +-  1.29% )  (82.94%)
           3230626      stalled-cycles-frontend:u #    1.36% frontend cycles idle     ( +-  5.46% )  (83.26%)
          57722900      stalled-cycles-backend:u  #   24.25% backend cycles idle      ( +- 10.80% )  (83.35%)
         612647890      instructions:u            #    2.57  insn per cycle         
                                                  #    0.09  stalled cycles per insn  ( +-  1.65% )  (83.46%)
         131854383      branches:u                #  399.735 M/sec                    ( +-  1.16% )  (83.71%)
            207230      branch-misses:u           #    0.16% of all branches          ( +-  3.79% )  (83.27%)

           0.39567 +- 0.00771 seconds time elapsed  ( +-  1.95% )


 Performance counter stats for './mandelbrot_cuda -2.5 1.5 -2.0 2.0 2048' (10 runs):

            483.00 msec task-clock:u              #    0.832 CPUs utilized            ( +-  0.71% )
                 0      context-switches:u        #    0.000 K/sec                  
                 0      cpu-migrations:u          #    0.000 K/sec                  
             11249      page-faults:u             #    0.023 M/sec                    ( +-  0.01% )
         758619879      cycles:u                  #    1.571 GHz                      ( +-  0.61% )  (83.15%)
           4055813      stalled-cycles-frontend:u #    0.53% frontend cycles idle     ( +-  3.76% )  (83.37%)
         240531142      stalled-cycles-backend:u  #   31.71% backend cycles idle      ( +-  6.73% )  (83.08%)
        2241113538      instructions:u            #    2.95  insn per cycle         
                                                  #    0.11  stalled cycles per insn  ( +-  0.61% )  (83.39%)
         480089144      branches:u                #  993.967 M/sec                    ( +-  0.44% )  (83.63%)
            212915      branch-misses:u           #    0.04% of all branches          ( +-  3.20% )  (83.38%)

            0.5806 +- 0.0111 seconds time elapsed  ( +-  1.92% )


 Performance counter stats for './mandelbrot_cuda -2.5 1.5 -2.0 2.0 4096' (10 runs):

           1021.81 msec task-clock:u              #    0.877 CPUs utilized            ( +-  0.79% )
                 0      context-switches:u        #    0.000 K/sec                  
                 0      cpu-migrations:u          #    0.000 K/sec                  
             29682      page-faults:u             #    0.029 M/sec                    ( +-  0.00% )
        2847765391      cycles:u                  #    2.787 GHz                      ( +-  0.73% )  (83.12%)
           6841140      stalled-cycles-frontend:u #    0.24% frontend cycles idle     ( +-  5.86% )  (83.22%)
         950426163      stalled-cycles-backend:u  #   33.37% backend cycles idle      ( +-  6.38% )  (83.34%)
        8717155437      instructions:u            #    3.06  insn per cycle         
                                                  #    0.11  stalled cycles per insn  ( +-  0.14% )  (83.31%)
        1867795984      branches:u                # 1827.921 M/sec                    ( +-  0.17% )  (83.49%)
            311467      branch-misses:u           #    0.02% of all branches          ( +-  2.89% )  (83.52%)

            1.1649 +- 0.0196 seconds time elapsed  ( +-  1.68% )


 Performance counter stats for './mandelbrot_cuda -2.5 1.5 -2.0 2.0 8192' (10 runs):

           3176.95 msec task-clock:u              #    0.940 CPUs utilized            ( +-  0.64% )
                 0      context-switches:u        #    0.000 K/sec                  
                 0      cpu-migrations:u          #    0.000 K/sec                  
            103409      page-faults:u             #    0.033 M/sec                    ( +-  0.00% )
       11147069275      cycles:u                  #    3.509 GHz                      ( +-  0.86% )  (83.25%)
          15772043      stalled-cycles-frontend:u #    0.14% frontend cycles idle     ( +-  8.75% )  (83.32%)
        4130878348      stalled-cycles-backend:u  #   37.06% backend cycles idle      ( +-  3.31% )  (83.34%)
       34608055893      instructions:u            #    3.10  insn per cycle         
                                                  #    0.12  stalled cycles per insn  ( +-  0.07% )  (83.38%)
        7431762775      branches:u                # 2339.280 M/sec                    ( +-  0.08% )  (83.37%)
            603409      branch-misses:u           #    0.01% of all branches          ( +-  3.20% )  (83.35%)

            3.3793 +- 0.0718 seconds time elapsed  ( +-  2.13% )

