
 Performance counter stats for './mandelbrot_cuda -0.8 -0.7 0.05 0.15 4096' (15 runs):

           1172.00 msec task-clock:u              #    0.906 CPUs utilized            ( +-  0.42% )
                 0      context-switches:u        #    0.000 K/sec                  
                 0      cpu-migrations:u          #    0.000 K/sec                  
             29682      page-faults:u             #    0.025 M/sec                    ( +-  0.00% )
        3542752626      cycles:u                  #    3.023 GHz                      ( +-  0.47% )  (83.26%)
           8645965      stalled-cycles-frontend:u #    0.24% frontend cycles idle     ( +-  7.37% )  (83.35%)
         943485953      stalled-cycles-backend:u  #   26.63% backend cycles idle      ( +-  7.60% )  (83.33%)
       10209237614      instructions:u            #    2.88  insn per cycle         
                                                  #    0.09  stalled cycles per insn  ( +-  0.22% )  (83.33%)
        2238889760      branches:u                # 1910.315 M/sec                    ( +-  0.25% )  (83.42%)
            314861      branch-misses:u           #    0.01% of all branches          ( +-  2.74% )  (83.32%)

            1.2941 +- 0.0176 seconds time elapsed  ( +-  1.36% )


 Performance counter stats for './mandelbrot_cuda -0.8 -0.7 0.05 0.15 16' (10 runs):

            290.66 msec task-clock:u              #    0.819 CPUs utilized            ( +-  1.03% )
                 0      context-switches:u        #    0.000 K/sec                  
                 0      cpu-migrations:u          #    0.000 K/sec                  
              5107      page-faults:u             #    0.018 M/sec                    ( +-  0.02% )
          47186420      cycles:u                  #    0.162 GHz                      ( +-  2.34% )  (82.60%)
           2671833      stalled-cycles-frontend:u #    5.66% frontend cycles idle     ( +-  4.56% )  (83.29%)
          15685386      stalled-cycles-backend:u  #   33.24% backend cycles idle      ( +-  4.11% )  (83.30%)
          70789547      instructions:u            #    1.50  insn per cycle         
                                                  #    0.22  stalled cycles per insn  ( +-  5.87% )  (83.60%)
          14938393      branches:u                #   51.395 M/sec                    ( +-  4.68% )  (83.79%)
            183465      branch-misses:u           #    1.23% of all branches          ( +-  6.15% )  (83.42%)

           0.35503 +- 0.00531 seconds time elapsed  ( +-  1.49% )


 Performance counter stats for './mandelbrot_cuda -0.8 -0.7 0.05 0.15 32' (10 runs):

            291.76 msec task-clock:u              #    0.811 CPUs utilized            ( +-  1.14% )
                 0      context-switches:u        #    0.000 K/sec                  
                 0      cpu-migrations:u          #    0.000 K/sec                  
              5106      page-faults:u             #    0.017 M/sec                    ( +-  0.02% )
          57992141      cycles:u                  #    0.199 GHz                      ( +-  4.87% )  (83.14%)
           3169637      stalled-cycles-frontend:u #    5.47% frontend cycles idle     ( +-  8.33% )  (83.13%)
          15041745      stalled-cycles-backend:u  #   25.94% backend cycles idle      ( +-  8.81% )  (83.39%)
          85234559      instructions:u            #    1.47  insn per cycle         
                                                  #    0.18  stalled cycles per insn  ( +-  5.01% )  (83.34%)
          18734937      branches:u                #   64.213 M/sec                    ( +-  7.10% )  (83.75%)
            193676      branch-misses:u           #    1.03% of all branches          ( +-  4.58% )  (83.25%)

           0.35985 +- 0.00462 seconds time elapsed  ( +-  1.28% )


 Performance counter stats for './mandelbrot_cuda -0.8 -0.7 0.05 0.15 64' (10 runs):

            286.40 msec task-clock:u              #    0.814 CPUs utilized            ( +-  1.59% )
                 0      context-switches:u        #    0.000 K/sec                  
                 0      cpu-migrations:u          #    0.000 K/sec                  
              5108      page-faults:u             #    0.018 M/sec                    ( +-  0.02% )
          57910759      cycles:u                  #    0.202 GHz                      ( +-  4.85% )  (83.01%)
           3117875      stalled-cycles-frontend:u #    5.38% frontend cycles idle     ( +-  5.75% )  (83.16%)
          16686604      stalled-cycles-backend:u  #   28.81% backend cycles idle      ( +-  4.42% )  (83.35%)
          81762700      instructions:u            #    1.41  insn per cycle         
                                                  #    0.20  stalled cycles per insn  ( +-  5.92% )  (83.54%)
          16833702      branches:u                #   58.778 M/sec                    ( +-  5.87% )  (83.55%)
            187002      branch-misses:u           #    1.11% of all branches          ( +-  3.98% )  (83.38%)

           0.35163 +- 0.00434 seconds time elapsed  ( +-  1.24% )


 Performance counter stats for './mandelbrot_cuda -0.8 -0.7 0.05 0.15 128' (10 runs):

            295.27 msec task-clock:u              #    0.807 CPUs utilized            ( +-  1.04% )
                 0      context-switches:u        #    0.000 K/sec                  
                 0      cpu-migrations:u          #    0.000 K/sec                  
              5128      page-faults:u             #    0.017 M/sec                    ( +-  0.02% )
          48624957      cycles:u                  #    0.165 GHz                      ( +-  6.15% )  (82.97%)
           2677766      stalled-cycles-frontend:u #    5.51% frontend cycles idle     ( +-  4.26% )  (83.38%)
          14881560      stalled-cycles-backend:u  #   30.60% backend cycles idle      ( +-  4.43% )  (83.14%)
          86732318      instructions:u            #    1.78  insn per cycle         
                                                  #    0.17  stalled cycles per insn  ( +-  4.91% )  (83.18%)
          18819809      branches:u                #   63.738 M/sec                    ( +-  6.89% )  (83.91%)
            192774      branch-misses:u           #    1.02% of all branches          ( +-  3.43% )  (83.42%)

           0.36591 +- 0.00838 seconds time elapsed  ( +-  2.29% )


 Performance counter stats for './mandelbrot_cuda -0.8 -0.7 0.05 0.15 256' (10 runs):

            283.88 msec task-clock:u              #    0.830 CPUs utilized            ( +-  1.03% )
                 0      context-switches:u        #    0.000 K/sec                  
                 0      cpu-migrations:u          #    0.000 K/sec                  
              5202      page-faults:u             #    0.018 M/sec                    ( +-  0.01% )
          70080700      cycles:u                  #    0.247 GHz                      ( +-  4.02% )  (82.92%)
           2878908      stalled-cycles-frontend:u #    4.11% frontend cycles idle     ( +-  4.51% )  (83.53%)
          18120190      stalled-cycles-backend:u  #   25.86% backend cycles idle      ( +-  3.51% )  (83.52%)
         107339068      instructions:u            #    1.53  insn per cycle         
                                                  #    0.17  stalled cycles per insn  ( +-  3.84% )  (82.73%)
          25650643      branches:u                #   90.358 M/sec                    ( +-  6.23% )  (84.08%)
            186752      branch-misses:u           #    0.73% of all branches          ( +-  2.71% )  (83.23%)

           0.34214 +- 0.00356 seconds time elapsed  ( +-  1.04% )


 Performance counter stats for './mandelbrot_cuda -0.8 -0.7 0.05 0.15 512' (10 runs):

            298.85 msec task-clock:u              #    0.846 CPUs utilized            ( +-  0.43% )
                 0      context-switches:u        #    0.000 K/sec                  
                 0      cpu-migrations:u          #    0.000 K/sec                  
              5490      page-faults:u             #    0.018 M/sec                    ( +-  0.02% )
         109319960      cycles:u                  #    0.366 GHz                      ( +-  3.65% )  (83.12%)
           2898390      stalled-cycles-frontend:u #    2.65% frontend cycles idle     ( +-  3.49% )  (82.96%)
          33084040      stalled-cycles-backend:u  #   30.26% backend cycles idle      ( +-  3.45% )  (83.58%)
         223625926      instructions:u            #    2.05  insn per cycle         
                                                  #    0.15  stalled cycles per insn  ( +-  4.06% )  (83.37%)
          50883215      branches:u                #  170.261 M/sec                    ( +-  4.96% )  (83.79%)
            189380      branch-misses:u           #    0.37% of all branches          ( +-  3.06% )  (83.19%)

           0.35323 +- 0.00345 seconds time elapsed  ( +-  0.98% )


 Performance counter stats for './mandelbrot_cuda -0.8 -0.7 0.05 0.15 1024' (10 runs):

            345.17 msec task-clock:u              #    0.859 CPUs utilized            ( +-  0.64% )
                 0      context-switches:u        #    0.000 K/sec                  
                 0      cpu-migrations:u          #    0.000 K/sec                  
              6642      page-faults:u             #    0.019 M/sec                    ( +-  0.02% )
         290455505      cycles:u                  #    0.841 GHz                      ( +-  1.01% )  (83.52%)
           3789412      stalled-cycles-frontend:u #    1.30% frontend cycles idle     ( +-  2.52% )  (83.26%)
          73636840      stalled-cycles-backend:u  #   25.35% backend cycles idle      ( +-  5.35% )  (82.92%)
         748586641      instructions:u            #    2.58  insn per cycle         
                                                  #    0.10  stalled cycles per insn  ( +-  0.56% )  (83.35%)
         165817792      branches:u                #  480.388 M/sec                    ( +-  0.47% )  (83.70%)
            196338      branch-misses:u           #    0.12% of all branches          ( +-  3.21% )  (83.25%)

           0.40196 +- 0.00311 seconds time elapsed  ( +-  0.77% )


 Performance counter stats for './mandelbrot_cuda -0.8 -0.7 0.05 0.15 2048' (10 runs):

            535.89 msec task-clock:u              #    0.861 CPUs utilized            ( +-  1.01% )
                 0      context-switches:u        #    0.000 K/sec                  
                 0      cpu-migrations:u          #    0.000 K/sec                  
             11249      page-faults:u             #    0.021 M/sec                    ( +-  0.01% )
         993540886      cycles:u                  #    1.854 GHz                      ( +-  2.89% )  (83.24%)
           5904740      stalled-cycles-frontend:u #    0.59% frontend cycles idle     ( +-  9.20% )  (83.17%)
         298044128      stalled-cycles-backend:u  #   30.00% backend cycles idle      ( +- 11.14% )  (83.48%)
        2674718934      instructions:u            #    2.69  insn per cycle         
                                                  #    0.11  stalled cycles per insn  ( +-  0.81% )  (83.45%)
         590248509      branches:u                # 1101.440 M/sec                    ( +-  0.78% )  (83.42%)
            211432      branch-misses:u           #    0.04% of all branches          ( +-  3.82% )  (83.24%)

           0.62216 +- 0.00816 seconds time elapsed  ( +-  1.31% )


 Performance counter stats for './mandelbrot_cuda -0.8 -0.7 0.05 0.15 4096' (10 runs):

           1234.88 msec task-clock:u              #    0.872 CPUs utilized            ( +-  0.60% )
                 0      context-switches:u        #    0.000 K/sec                  
                 0      cpu-migrations:u          #    0.000 K/sec                  
             29682      page-faults:u             #    0.024 M/sec                    ( +-  0.00% )
        3718294984      cycles:u                  #    3.011 GHz                      ( +-  0.61% )  (83.30%)
           8860985      stalled-cycles-frontend:u #    0.24% frontend cycles idle     ( +-  5.19% )  (83.27%)
        1067470135      stalled-cycles-backend:u  #   28.71% backend cycles idle      ( +-  6.35% )  (83.43%)
       10500624018      instructions:u            #    2.82  insn per cycle         
                                                  #    0.10  stalled cycles per insn  ( +-  0.33% )  (83.38%)
        2316344983      branches:u                # 1875.762 M/sec                    ( +-  0.39% )  (83.39%)
            331920      branch-misses:u           #    0.01% of all branches          ( +-  1.94% )  (83.23%)

            1.4156 +- 0.0210 seconds time elapsed  ( +-  1.49% )


 Performance counter stats for './mandelbrot_cuda -0.8 -0.7 0.05 0.15 8192' (10 runs):

           3924.80 msec task-clock:u              #    0.982 CPUs utilized            ( +-  0.55% )
                 0      context-switches:u        #    0.000 K/sec                  
                 0      cpu-migrations:u          #    0.000 K/sec                  
            103409      page-faults:u             #    0.026 M/sec                    ( +-  0.00% )
       14297124078      cycles:u                  #    3.643 GHz                      ( +-  0.59% )  (83.32%)
          32267809      stalled-cycles-frontend:u #    0.23% frontend cycles idle     ( +- 10.00% )  (83.31%)
        3484190854      stalled-cycles-backend:u  #   24.37% backend cycles idle      ( +- 13.03% )  (83.32%)
       40847991440      instructions:u            #    2.86  insn per cycle         
                                                  #    0.09  stalled cycles per insn  ( +-  0.18% )  (83.36%)
        8977741567      branches:u                # 2287.440 M/sec                    ( +-  0.19% )  (83.37%)
            649682      branch-misses:u           #    0.01% of all branches          ( +-  2.52% )  (83.32%)

            3.9967 +- 0.0258 seconds time elapsed  ( +-  0.64% )

