
 Performance counter stats for './mandelbrot_cuda -0.188 -0.012 0.554 0.754 4096' (15 runs):

           1219.16 msec task-clock:u              #    0.878 CPUs utilized            ( +-  1.12% )
                 0      context-switches:u        #    0.000 K/sec                  
                 0      cpu-migrations:u          #    0.000 K/sec                  
             29682      page-faults:u             #    0.024 M/sec                    ( +-  0.00% )
        3719807230      cycles:u                  #    3.051 GHz                      ( +-  1.71% )  (83.18%)
           8638858      stalled-cycles-frontend:u #    0.23% frontend cycles idle     ( +-  5.98% )  (83.32%)
        1028682074      stalled-cycles-backend:u  #   27.65% backend cycles idle      ( +-  7.79% )  (83.30%)
       10466598648      instructions:u            #    2.81  insn per cycle         
                                                  #    0.10  stalled cycles per insn  ( +-  0.53% )  (83.41%)
        2305363107      branches:u                # 1890.944 M/sec                    ( +-  0.59% )  (83.50%)
            307107      branch-misses:u           #    0.01% of all branches          ( +-  2.38% )  (83.30%)

            1.3885 +- 0.0180 seconds time elapsed  ( +-  1.30% )


 Performance counter stats for './mandelbrot_cuda -0.188 -0.012 0.554 0.754 16' (10 runs):

            306.00 msec task-clock:u              #    0.815 CPUs utilized            ( +-  0.96% )
                 0      context-switches:u        #    0.000 K/sec                  
                 0      cpu-migrations:u          #    0.000 K/sec                  
              5107      page-faults:u             #    0.017 M/sec                    ( +-  0.02% )
          54975319      cycles:u                  #    0.180 GHz                      ( +-  5.10% )  (83.09%)
           2863570      stalled-cycles-frontend:u #    5.21% frontend cycles idle     ( +-  1.72% )  (82.67%)
          15648516      stalled-cycles-backend:u  #   28.46% backend cycles idle      ( +-  4.64% )  (83.74%)
          84327056      instructions:u            #    1.53  insn per cycle         
                                                  #    0.19  stalled cycles per insn  ( +-  3.67% )  (83.94%)
          18237083      branches:u                #   59.599 M/sec                    ( +-  8.16% )  (83.51%)
            180160      branch-misses:u           #    0.99% of all branches          ( +-  2.24% )  (83.05%)

           0.37565 +- 0.00546 seconds time elapsed  ( +-  1.45% )


 Performance counter stats for './mandelbrot_cuda -0.188 -0.012 0.554 0.754 32' (10 runs):

            278.03 msec task-clock:u              #    0.736 CPUs utilized            ( +-  1.14% )
                 0      context-switches:u        #    0.000 K/sec                  
                 0      cpu-migrations:u          #    0.000 K/sec                  
              5104      page-faults:u             #    0.018 M/sec                    ( +-  0.02% )
          56037626      cycles:u                  #    0.202 GHz                      ( +-  5.33% )  (82.28%)
           3317035      stalled-cycles-frontend:u #    5.92% frontend cycles idle     ( +-  7.24% )  (83.16%)
          15558023      stalled-cycles-backend:u  #   27.76% backend cycles idle      ( +-  9.46% )  (83.50%)
          81386091      instructions:u            #    1.45  insn per cycle         
                                                  #    0.19  stalled cycles per insn  ( +-  4.47% )  (83.49%)
          16288331      branches:u                #   58.586 M/sec                    ( +-  7.39% )  (84.11%)
            184964      branch-misses:u           #    1.14% of all branches          ( +-  4.48% )  (83.47%)

            0.3778 +- 0.0120 seconds time elapsed  ( +-  3.19% )


 Performance counter stats for './mandelbrot_cuda -0.188 -0.012 0.554 0.754 64' (10 runs):

            290.55 msec task-clock:u              #    0.829 CPUs utilized            ( +-  0.87% )
                 0      context-switches:u        #    0.000 K/sec                  
                 0      cpu-migrations:u          #    0.000 K/sec                  
              5110      page-faults:u             #    0.018 M/sec                    ( +-  0.02% )
          54148392      cycles:u                  #    0.186 GHz                      ( +-  3.72% )  (83.11%)
           2761686      stalled-cycles-frontend:u #    5.10% frontend cycles idle     ( +-  4.47% )  (83.17%)
          15675897      stalled-cycles-backend:u  #   28.95% backend cycles idle      ( +-  3.68% )  (83.33%)
          71766688      instructions:u            #    1.33  insn per cycle         
                                                  #    0.22  stalled cycles per insn  ( +-  5.72% )  (83.73%)
          17582777      branches:u                #   60.516 M/sec                    ( +-  3.44% )  (83.29%)
            195544      branch-misses:u           #    1.11% of all branches          ( +-  4.78% )  (83.37%)

           0.35056 +- 0.00625 seconds time elapsed  ( +-  1.78% )


 Performance counter stats for './mandelbrot_cuda -0.188 -0.012 0.554 0.754 128' (10 runs):

            288.49 msec task-clock:u              #    0.805 CPUs utilized            ( +-  1.08% )
                 0      context-switches:u        #    0.000 K/sec                  
                 0      cpu-migrations:u          #    0.000 K/sec                  
              5128      page-faults:u             #    0.018 M/sec                    ( +-  0.02% )
          52084589      cycles:u                  #    0.181 GHz                      ( +-  5.06% )  (82.77%)
           2748371      stalled-cycles-frontend:u #    5.28% frontend cycles idle     ( +-  3.21% )  (83.08%)
          15636200      stalled-cycles-backend:u  #   30.02% backend cycles idle      ( +-  3.63% )  (83.61%)
          83909270      instructions:u            #    1.61  insn per cycle         
                                                  #    0.19  stalled cycles per insn  ( +-  4.75% )  (83.33%)
          18706750      branches:u                #   64.843 M/sec                    ( +-  4.52% )  (83.84%)
            182129      branch-misses:u           #    0.97% of all branches          ( +-  5.07% )  (83.37%)

           0.35857 +- 0.00769 seconds time elapsed  ( +-  2.14% )


 Performance counter stats for './mandelbrot_cuda -0.188 -0.012 0.554 0.754 256' (10 runs):

            291.46 msec task-clock:u              #    0.824 CPUs utilized            ( +-  1.11% )
                 0      context-switches:u        #    0.000 K/sec                  
                 0      cpu-migrations:u          #    0.000 K/sec                  
              5202      page-faults:u             #    0.018 M/sec                    ( +-  0.01% )
          69291108      cycles:u                  #    0.238 GHz                      ( +-  3.96% )  (82.47%)
           2684798      stalled-cycles-frontend:u #    3.87% frontend cycles idle     ( +-  7.41% )  (83.44%)
          18747342      stalled-cycles-backend:u  #   27.06% backend cycles idle      ( +-  3.11% )  (83.28%)
         114107383      instructions:u            #    1.65  insn per cycle         
                                                  #    0.16  stalled cycles per insn  ( +-  7.68% )  (83.43%)
          25839176      branches:u                #   88.655 M/sec                    ( +-  4.27% )  (84.11%)
            187140      branch-misses:u           #    0.72% of all branches          ( +-  3.79% )  (83.27%)

           0.35372 +- 0.00564 seconds time elapsed  ( +-  1.60% )


 Performance counter stats for './mandelbrot_cuda -0.188 -0.012 0.554 0.754 512' (10 runs):

            296.49 msec task-clock:u              #    0.826 CPUs utilized            ( +-  0.99% )
                 0      context-switches:u        #    0.000 K/sec                  
                 0      cpu-migrations:u          #    0.000 K/sec                  
              5490      page-faults:u             #    0.019 M/sec                    ( +-  0.02% )
         112003131      cycles:u                  #    0.378 GHz                      ( +-  3.84% )  (83.07%)
           2909725      stalled-cycles-frontend:u #    2.60% frontend cycles idle     ( +-  5.37% )  (83.35%)
          30637345      stalled-cycles-backend:u  #   27.35% backend cycles idle      ( +-  7.47% )  (83.40%)
         236503574      instructions:u            #    2.11  insn per cycle         
                                                  #    0.13  stalled cycles per insn  ( +-  3.59% )  (83.35%)
          53571270      branches:u                #  180.688 M/sec                    ( +-  3.16% )  (83.63%)
            194988      branch-misses:u           #    0.36% of all branches          ( +-  3.06% )  (83.21%)

           0.35914 +- 0.00420 seconds time elapsed  ( +-  1.17% )


 Performance counter stats for './mandelbrot_cuda -0.188 -0.012 0.554 0.754 1024' (10 runs):

            350.19 msec task-clock:u              #    0.826 CPUs utilized            ( +-  0.90% )
                 0      context-switches:u        #    0.000 K/sec                  
                 0      cpu-migrations:u          #    0.000 K/sec                  
              6643      page-faults:u             #    0.019 M/sec                    ( +-  0.02% )
         294131018      cycles:u                  #    0.840 GHz                      ( +-  1.87% )  (83.02%)
           3493188      stalled-cycles-frontend:u #    1.19% frontend cycles idle     ( +-  4.71% )  (83.00%)
          84091643      stalled-cycles-backend:u  #   28.59% backend cycles idle      ( +-  6.39% )  (83.12%)
         744069068      instructions:u            #    2.53  insn per cycle         
                                                  #    0.11  stalled cycles per insn  ( +-  0.84% )  (83.69%)
         162929735      branches:u                #  465.267 M/sec                    ( +-  1.13% )  (83.94%)
            201248      branch-misses:u           #    0.12% of all branches          ( +-  4.00% )  (83.23%)

           0.42407 +- 0.00832 seconds time elapsed  ( +-  1.96% )


 Performance counter stats for './mandelbrot_cuda -0.188 -0.012 0.554 0.754 2048' (10 runs):

            533.81 msec task-clock:u              #    0.862 CPUs utilized            ( +-  0.91% )
                 0      context-switches:u        #    0.000 K/sec                  
                 0      cpu-migrations:u          #    0.000 K/sec                  
             11249      page-faults:u             #    0.021 M/sec                    ( +-  0.01% )
         981852964      cycles:u                  #    1.839 GHz                      ( +-  0.54% )  (83.19%)
           5442709      stalled-cycles-frontend:u #    0.55% frontend cycles idle     ( +-  5.24% )  (82.89%)
         310809068      stalled-cycles-backend:u  #   31.66% backend cycles idle      ( +-  2.47% )  (83.46%)
        2716135551      instructions:u            #    2.77  insn per cycle         
                                                  #    0.11  stalled cycles per insn  ( +-  0.35% )  (83.64%)
         603347280      branches:u                # 1130.258 M/sec                    ( +-  0.63% )  (83.56%)
            220767      branch-misses:u           #    0.04% of all branches          ( +-  4.50% )  (83.25%)

           0.61935 +- 0.00753 seconds time elapsed  ( +-  1.22% )


 Performance counter stats for './mandelbrot_cuda -0.188 -0.012 0.554 0.754 4096' (10 runs):

           1205.17 msec task-clock:u              #    0.916 CPUs utilized            ( +-  0.60% )
                 0      context-switches:u        #    0.000 K/sec                  
                 0      cpu-migrations:u          #    0.000 K/sec                  
             29684      page-faults:u             #    0.025 M/sec                    ( +-  0.00% )
        3655576135      cycles:u                  #    3.033 GHz                      ( +-  0.60% )  (83.25%)
           8346646      stalled-cycles-frontend:u #    0.23% frontend cycles idle     ( +-  6.82% )  (83.27%)
         999877142      stalled-cycles-backend:u  #   27.35% backend cycles idle      ( +-  7.84% )  (83.30%)
       10379642826      instructions:u            #    2.84  insn per cycle         
                                                  #    0.10  stalled cycles per insn  ( +-  0.21% )  (83.47%)
        2287350494      branches:u                # 1897.954 M/sec                    ( +-  0.18% )  (83.35%)
            306633      branch-misses:u           #    0.01% of all branches          ( +-  3.77% )  (83.36%)

            1.3156 +- 0.0199 seconds time elapsed  ( +-  1.51% )


 Performance counter stats for './mandelbrot_cuda -0.188 -0.012 0.554 0.754 8192' (10 runs):

           3962.86 msec task-clock:u              #    0.984 CPUs utilized            ( +-  0.50% )
                 0      context-switches:u        #    0.000 K/sec                  
                 0      cpu-migrations:u          #    0.000 K/sec                  
            103409      page-faults:u             #    0.026 M/sec                    ( +-  0.00% )
       14415698900      cycles:u                  #    3.638 GHz                      ( +-  0.62% )  (83.31%)
          25009713      stalled-cycles-frontend:u #    0.17% frontend cycles idle     ( +- 10.70% )  (83.32%)
        4202233622      stalled-cycles-backend:u  #   29.15% backend cycles idle      ( +-  8.55% )  (83.34%)
       41529143638      instructions:u            #    2.88  insn per cycle         
                                                  #    0.10  stalled cycles per insn  ( +-  0.11% )  (83.35%)
        9147592630      branches:u                # 2308.331 M/sec                    ( +-  0.12% )  (83.36%)
            633605      branch-misses:u           #    0.01% of all branches          ( +-  2.50% )  (83.33%)

            4.0277 +- 0.0217 seconds time elapsed  ( +-  0.54% )

